**********************
Windows PowerShell transcript start
Start time: 20250825150914
Username: ASCENDI-5KUKA0U\Ascendion
RunAs User: ASCENDI-5KUKA0U\Ascendion
Configuration Name: 
Machine: ASCENDI-5KUKA0U (Microsoft Windows NT 10.0.26100.0)
Host Application: C:\Windows\System32\WindowsPowerShell\v1.0\powershell.exe
Process ID: 8152
PSVersion: 5.1.26100.4768
PSEdition: Desktop
PSCompatibleVersions: 1.0, 2.0, 3.0, 4.0, 5.0, 5.1.26100.4768
BuildVersion: 10.0.26100.4768
CLRVersion: 4.0.30319.42000
WSManStackVersion: 3.0
PSRemotingProtocolVersion: 2.3
SerializationVersion: 1.1.0.1
**********************
Transcript started, output file is C:\Users\Ascendion\Desktop\TRAINING\PRACTICE\Windows_Server_Performance.txt
PS C:\WINDOWS\system32> perfmon
PS C:\WINDOWS\system32> New-Item -ItemType Directory -Force -Path "C:\Logs"


    Directory: C:\


Mode                 LastWriteTime         Length Name
----                 -------------         ------ ----
d-----        25-08-2025     15:02                Logs


PS C:\WINDOWS\system32> typeperf "\Processor(_Total)\% Processor Time" -o C:\Logs\cpu_usage.csv -f CSV -si 5 -sc 12

PS C:\WINDOWS\system32> typeperf "\Processor(_Total)\% Processor Time" -o C:\Logs\cp
u_usage.csv -f CSV -si 5 -sc 12

The file "C:\Logs\cpu_usage.csv" already exists, overwrite? [y/n] y

The command completed successfully.
PS C:\WINDOWS\system32> logman create counter "WebServerMonitoring" -c "\Web Service(_Total)\Bytes Total/sec" "\Web Service(_Total)\Current Connections"
The command completed successfully.
PS C:\WINDOWS\system32> logman start "WebServerMonitoring"
The command completed successfully.
PS C:\WINDOWS\system32> logman stop "WebServerMonitoring"
The command completed successfully.
PS C:\WINDOWS\system32> Write-Host "=== CPU Monitoring ==="
Get-Counter '\Processor(_Total)\% Processor Time'
=== CPU Monitoring ===

Timestamp                  CounterSamples
---------                  --------------
25-08-2025 15:21:30        \\ascendi-5kuka0u\processor(_total)\% processor time :
                           22.1426424523059




PS C:\WINDOWS\system32> Get-Counter '\System\Processor Queue Length'

Timestamp                  CounterSamples
---------                  --------------
25-08-2025 15:21:49        \\ascendi-5kuka0u\system\processor queue length :
                           4




PS C:\WINDOWS\system32> Get-Counter '\Processor Information(_Total)\% Privileged Time'

Timestamp                  CounterSamples
---------                  --------------
25-08-2025 15:22:06        \\ascendi-5kuka0u\processor information(_total)\%
                           privileged time :
                           20.8645982899017




PS C:\WINDOWS\system32> Write-Host "=== Memory Monitoring ==="
Get-Counter '\Memory\Available MBytes'
=== Memory Monitoring ===

Timestamp                  CounterSamples
---------                  --------------
25-08-2025 15:22:36        \\ascendi-5kuka0u\memory\available mbytes :
                           4361




PS C:\WINDOWS\system32> Get-Counter '\Memory\Pages/sec'

Timestamp                  CounterSamples
---------                  --------------
25-08-2025 15:22:49        \\ascendi-5kuka0u\memory\pages/sec :
                           0




PS C:\WINDOWS\system32> Get-Counter '\Memory\Pool Nonpaged Bytes'

Timestamp                  CounterSamples
---------                  --------------
25-08-2025 15:28:22        \\ascendi-5kuka0u\memory\pool nonpaged bytes :
                           155652096




PS C:\WINDOWS\system32> Get-Counter '\Process(_Total)\Working Set'

Timestamp                  CounterSamples
---------                  --------------
25-08-2025 15:28:36        \\ascendi-5kuka0u\process(_total)\working set :
                           6512254976




PS C:\WINDOWS\system32> 
Write-Host "=== Disk I/O Monitoring ==="
Get-Counter '\PhysicalDisk(_Total)\Disk Reads/sec'
=== Disk I/O Monitoring ===

Timestamp                  CounterSamples
---------                  --------------
25-08-2025 15:28:49        \\ascendi-5kuka0u\physicaldisk(_total)\disk reads/sec :
                           0




PS C:\WINDOWS\system32> Get-Counter '\PhysicalDisk(_Total)\Disk Writes/sec'

Timestamp                  CounterSamples
---------                  --------------
25-08-2025 15:29:03        \\ascendi-5kuka0u\physicaldisk(_total)\disk writes/sec :
                           29.7554843077015




PS C:\WINDOWS\system32> Get-Counter '\PhysicalDisk(_Total)\Avg. Disk sec/Read'

Timestamp                  CounterSamples
---------                  --------------
25-08-2025 15:29:20        \\ascendi-5kuka0u\physicaldisk(_total)\avg. disk
                           sec/read :
                           0




PS C:\WINDOWS\system32> Get-Counter '\PhysicalDisk(_Total)\Avg. Disk sec/Write'

Timestamp                  CounterSamples
---------                  --------------
25-08-2025 15:29:36        \\ascendi-5kuka0u\physicaldisk(_total)\avg. disk
                           sec/write :
                           0.00132924




PS C:\WINDOWS\system32> Get-Counter '\PhysicalDisk(_Total)\Current Disk Queue Length'

Timestamp                  CounterSamples
---------                  --------------
25-08-2025 15:29:50        \\ascendi-5kuka0u\physicaldisk(_total)\current disk
                           queue length :
                           0




PS C:\WINDOWS\system32> Write-Host "=== Network Monitoring ==="
Get-Counter '\Network Interface(*)\Bytes Total/sec'
=== Network Monitoring ===

Timestamp                  CounterSamples
---------                  --------------
25-08-2025 15:31:38        \\ascendi-5kuka0u\network interface(intel[r] pro_1000
                           mt desktop adapter)\bytes total/sec :
                           0




PS C:\WINDOWS\system32> Get-Counter '\Network Interface(*)\Packets/sec'

Timestamp                  CounterSamples
---------                  --------------
25-08-2025 15:31:54        \\ascendi-5kuka0u\network interface(intel[r] pro_1000
                           mt desktop adapter)\packets/sec :
                           2.97544159768519




PS C:\WINDOWS\system32> Get-Counter '\Network Interface(*)\Output Queue Length'

Timestamp                  CounterSamples
---------                  --------------
25-08-2025 15:32:09        \\ascendi-5kuka0u\network interface(intel[r] pro_1000
                           mt desktop adapter)\output queue length :
                           0




PS C:\WINDOWS\system32> resmon
PS C:\WINDOWS\system32> Get-Process | Sort-Object CPU -Descending | Select-Object -First 10

Handles  NPM(K)    PM(K)      WS(K)     CPU(s)     Id  SI ProcessName
-------  ------    -----      -----     ------     --  -- -----------
   3580       0       40        168   1,096.33      4   0 System
   1370     130   161652     277088     316.31    860   1 dwm
    400      43   157660     242404     311.17  10484   1 chrome
    247      14   108812     115088     214.41   2128   0 svchost
    918     229   278320     201408     196.11   3596   0 MsMpEng
   4577     131   126876     319568     163.14   2080   1 explorer
    419      32    22488      75492     115.27   7388   1 chrome
   1532      58    55772     171456     113.39    688   1 chrome
    352      24    15676      47004     105.95   7400   1 chrome
    506     279   573576     103660      64.36   3564   0 mysqld


PS C:\WINDOWS\system32> Get-Counter "\Process(*)\% Processor Time" |
    Select-Object -ExpandProperty CounterSamples |
    Sort-Object CookedValue -Descending |
    Select-Object -First 10

Path                                                   InstanceName     CookedValue
----                                                   ------------     -----------
\\ascendi-5kuka0u\process(_total)\% processor time     _total       ...196116670913
\\ascendi-5kuka0u\process(idle)\% processor time       idle         ...643632356688
\\ascendi-5kuka0u\process(system)\% processor time     system       ...731582650896
\\ascendi-5kuka0u\process(chrome#5)\% processor time   chrome       ...892633060358
\\ascendi-5kuka0u\process(mysqld#1)\% processor time   mysqld       ...892633060358
\\ascendi-5kuka0u\process(perfmon)\% processor time    perfmon      ...892633060358
\\ascendi-5kuka0u\process(powershell)\% processor time powershell   ...946316530179
\\ascendi-5kuka0u\process(mmc#2)\% processor time      mmc          ...946316530179
\\ascendi-5kuka0u\process(chrome)\% processor time     chrome       ...946316530179
\\ascendi-5kuka0u\process(svchost#6)\% processor time  svchost                    0


PS C:\WINDOWS\system32> Get-EventLog -LogName System -EntryType Error -Newest 50

   Index Time          EntryType   Source                 InstanceID Message
   ----- ----          ---------   ------                 ---------- -------
    8124 Aug 25 17:00  Error       DCOM                        10010 The descrip...
    8123 Aug 25 17:00  Error       DCOM                        10010 The descrip...
    8093 Aug 25 13:58  Error       DCOM                        10010 The descrip...
    8087 Aug 25 13:56  Error       Microsoft-Windows...         1795 The system ...
    8065 Aug 25 13:52  Error       DCOM                        10010 The descrip...
    8064 Aug 25 13:52  Error       DCOM                        10010 The descrip...
    7947 Aug 24 22:39  Error       Microsoft-Windows...         1795 The system ...
    7943 Aug 24 21:06  Error       Service Control M...   3221232503 The Connect...
    7942 Aug 24 21:06  Error       Service Control M...   3221232472 The Group P...
    7941 Aug 24 21:06  Error       Service Control M...   3221232481 A timeout w...
    7940 Aug 24 21:06  Error       Service Control M...   3221232472 The AppX De...
    7939 Aug 24 21:06  Error       Service Control M...   3221232481 A timeout w...
    7934 Aug 24 20:05  Error       Service Control M...   3221232472 The AppX De...
    7933 Aug 24 20:05  Error       Service Control M...   3221232483 A timeout (...
    7932 Aug 24 20:05  Error       Service Control M...   3221232481 A timeout w...
    7931 Aug 24 20:05  Error       Service Control M...   3221232483 A timeout (...
    7930 Aug 24 20:05  Error       Service Control M...   3221232472 The Softwar...
    7929 Aug 24 20:05  Error       Service Control M...   3221232472 The Group P...
    7928 Aug 24 20:05  Error       Service Control M...   3221232483 A timeout (...
    7927 Aug 24 20:05  Error       Service Control M...   3221232483 A timeout (...
    7870 Aug 24 10:37  Error       Microsoft-Windows...         1795 The system ...
    7774 Aug 24 10:31  Error       Service Control M...   3221232495 The SysMain...
    7700 Aug 24 10:30  Error       EventLog               2147489656 The previou...
    7678 Aug 23 20:55  Error       Service Control M...   3221232483 A timeout (...
    7669 Aug 22 21:23  Error       DCOM                        10010 The descrip...
    7608 Aug 22 10:16  Error       Microsoft-Windows...           20 Installatio...
    7602 Aug 22 10:10  Error       Microsoft-Windows...         1795 The system ...
    7598 Aug 21 23:25  Error       DCOM                        10010 The descrip...
    7573 Aug 21 21:59  Error       Microsoft-Windows...         1795 The system ...
    7562 Aug 21 17:17  Error       Service Control M...   3221232472 The Softwar...
    7561 Aug 21 17:17  Error       Service Control M...   3221232481 A timeout w...
    7557 Aug 21 16:27  Error       Service Control M...   3221232472 The AppX De...
    7556 Aug 21 16:27  Error       Service Control M...   3221232481 A timeout w...
    7555 Aug 21 16:27  Error       Service Control M...   3221232472 The Softwar...
    7554 Aug 21 16:27  Error       Service Control M...   3221232481 A timeout w...
    7516 Aug 21 13:54  Error       Service Control M...   3221232472 The Softwar...
    7515 Aug 21 13:54  Error       Service Control M...   3221232481 A timeout w...
    7509 Aug 21 12:43  Error       Service Control M...   3221232483 A timeout (...
    7508 Aug 21 12:43  Error       Service Control M...   3221232472 The Softwar...
    7507 Aug 21 12:43  Error       Service Control M...   3221232483 A timeout (...
    7506 Aug 21 12:43  Error       Service Control M...   3221232483 A timeout (...
    7476 Aug 21 09:59  Error       Microsoft-Windows...         1795 The system ...
    7463 Aug 20 22:45  Error       Microsoft-Windows...         1795 The system ...
    7445 Aug 20 13:10  Error       DCOM                        10010 The descrip...
    7443 Aug 20 13:10  Error       Service Control M...   3221232472 The Windows...
    7442 Aug 20 13:10  Error       Service Control M...   3221232481 A timeout w...
    7441 Aug 20 13:10  Error       Service Control M...   3221232472 The AppX De...
    7440 Aug 20 13:10  Error       Service Control M...   3221232481 A timeout w...
    7397 Aug 20 09:59  Error       Microsoft-Windows...         1795 The system ...
    7387 Aug 19 22:57  Error       DCOM                        10010 The descrip...


PS C:\WINDOWS\system32> Get-EventLog -LogName Application -EntryType Warning -After (Get-Date).AddHours(-24)

   Index Time          EntryType   Source                 InstanceID Message
   ----- ----          ---------   ------                 ---------- -------
    4930 Aug 25 13:52  Warning     ESENT                         507 wuaueng.dll...
    4929 Aug 25 13:52  Warning     Wlclntfy               2147489654 The winlogo...
    4926 Aug 25 13:51  Warning     Wlclntfy               2147489653 The winlogo...


PS C:\WINDOWS\system32> wevtutil qe System /c:50 /f:text /q:"*[System[(Level=1 or Level=2)]]"
Event[0]
  Log Name: System
  Source: Service Control Manager
  Date: 2025-07-08T22:37:15.6740000Z
  Event ID: 7023
  Task: N/A
  Level: Error
  Opcode: N/A
  Keyword: Classic,
  User: N/A
  User Name: N/A
  Computer: ASCENDI-5KUKA0U
  Description:
The netprofm service terminated with the following error:
The device is not ready.

Event[1]
  Log Name: System
  Source: Microsoft-Windows-DistributedCOM
  Date: 2025-07-08T22:39:15.6870000Z
  Event ID: 10010
  Task: N/A
  Level: Error
  Opcode: Info
  Keyword: Classic,
  User: S-1-5-18
  User Name: NT AUTHORITY\SYSTEM
  Computer: ASCENDI-5KUKA0U
  Description:
The server {A47979D2-C419-11D9-A5B4-001185AD2B89} did not register with DCOM within
the required timeout.

Event[2]
  Log Name: System
  Source: Service Control Manager
  Date: 2025-07-08T10:09:24.3410000Z
  Event ID: 7030
  Task: N/A
  Level: Error
  Opcode: N/A
  Keyword: Classic,
  User: N/A
  User Name: N/A
  Computer: ASCENDI-5KUKA0U
  Description:
The Printer Extensions and Notifications service is marked as an interactive service
.  However, the system is configured to not allow interactive services.  This servic
e may not function properly.

Event[3]
  Log Name: System
  Source: Microsoft-Windows-TPM-WMI
  Date: 2025-07-08T10:11:02.3650000Z
  Event ID: 1795
  Task: N/A
  Level: Error
  Opcode: Info
  Keyword: N/A
  User: S-1-5-18
  User Name: NT AUTHORITY\SYSTEM
  Computer: ASCENDI-5KUKA0U
  Description:
The system firmware returned an error Access is denied. when attempting to update a
Secure Boot variable. For more information, please see https://go.microsoft.com/fwli
nk/?linkid=2169931

Event[4]
  Log Name: System
  Source: Microsoft-Windows-DistributedCOM
  Date: 2025-07-08T10:19:47.1260000Z
  Event ID: 10010
  Task: N/A
  Level: Error
  Opcode: Info
  Keyword: Classic,
  User: S-1-5-21-693582964-3246078928-4005434760-1000
  User Name: ASCENDI-5KUKA0U\Ascendion
  Computer: ASCENDI-5KUKA0U
  Description:
The server {C53A4F16-787E-42A4-B304-29EFFB4BF597} did not register with DCOM within
the required timeout.

Event[5]
  Log Name: System
  Source: Microsoft-Windows-TPM-WMI
  Date: 2025-07-08T10:24:20.0020000Z
  Event ID: 1795
  Task: N/A
  Level: Error
  Opcode: Info
  Keyword: N/A
  User: S-1-5-18
  User Name: NT AUTHORITY\SYSTEM
  Computer: ASCENDI-5KUKA0U
  Description:
The system firmware returned an error Access is denied. when attempting to update a
Secure Boot variable. For more information, please see https://go.microsoft.com/fwli
nk/?linkid=2169931

Event[6]
  Log Name: System
  Source: Microsoft-Windows-TPM-WMI
  Date: 2025-07-08T10:28:29.2360000Z
  Event ID: 1795
  Task: N/A
  Level: Error
  Opcode: Info
  Keyword: N/A
  User: S-1-5-18
  User Name: NT AUTHORITY\SYSTEM
  Computer: ASCENDI-5KUKA0U
  Description:
The system firmware returned an error Access is denied. when attempting to update a
Secure Boot variable. For more information, please see https://go.microsoft.com/fwli
nk/?linkid=2169931

Event[7]
  Log Name: System
  Source: Microsoft-Windows-TPM-WMI
  Date: 2025-07-08T10:34:13.9990000Z
  Event ID: 1795
  Task: N/A
  Level: Error
  Opcode: Info
  Keyword: N/A
  User: S-1-5-18
  User Name: NT AUTHORITY\SYSTEM
  Computer: ASCENDI-5KUKA0U
  Description:
The system firmware returned an error Access is denied. when attempting to update a
Secure Boot variable. For more information, please see https://go.microsoft.com/fwli
nk/?linkid=2169931

Event[8]
  Log Name: System
  Source: Microsoft-Windows-WindowsUpdateClient
  Date: 2025-07-08T22:54:47.5850000Z
  Event ID: 20
  Task: Windows Update Agent
  Level: Error
  Opcode: Installation
  Keyword: Installation,Failure,
  User: S-1-5-18
  User Name: NT AUTHORITY\SYSTEM
  Computer: ASCENDI-5KUKA0U
  Description:
Installation Failure: Windows failed to install the following update with error 0x80
073D02: 9NBLGGH4NNS1-Microsoft.DesktopAppInstaller.

Event[9]
  Log Name: System
  Source: Microsoft-Windows-WindowsUpdateClient
  Date: 2025-07-08T23:00:59.7650000Z
  Event ID: 20
  Task: Windows Update Agent
  Level: Error
  Opcode: Installation
  Keyword: Installation,Failure,
  User: S-1-5-18
  User Name: NT AUTHORITY\SYSTEM
  Computer: ASCENDI-5KUKA0U
  Description:
Installation Failure: Windows failed to install the following update with error 0x80
073D02: 9WZDNCRFJBMP-MICROSOFT.WINDOWSSTORE.

Event[10]
  Log Name: System
  Source: Microsoft-Windows-WindowsUpdateClient
  Date: 2025-07-08T23:05:24.0640000Z
  Event ID: 20
  Task: Windows Update Agent
  Level: Error
  Opcode: Installation
  Keyword: Installation,Failure,
  User: S-1-5-18
  User Name: NT AUTHORITY\SYSTEM
  Computer: ASCENDI-5KUKA0U
  Description:
Installation Failure: Windows failed to install the following update with error 0x80
073D02: 9MSSGKG348SP-MicrosoftWindows.Client.WebExperience.

Event[11]
  Log Name: System
  Source: EventLog
  Date: 2025-07-09T09:28:03.1530000Z
  Event ID: 6008
  Task: None
  Level: Error
  Opcode: N/A
  Keyword: Classic,
  User: N/A
  User Name: N/A
  Computer: ASCENDI-5KUKA0U
  Description:
The previous system shutdown at 11:33:46 PM on ‎7/‎8/‎2025 was unexpected.

Event[12]
  Log Name: System
  Source: Microsoft-Windows-Kernel-Power
  Date: 2025-07-09T09:27:40.6370000Z
  Event ID: 41
  Task: N/A
  Level: Critical
  Opcode: Info
  Keyword: N/A
  User: S-1-5-18
  User Name: NT AUTHORITY\SYSTEM
  Computer: ASCENDI-5KUKA0U
  Description:
The system has rebooted without cleanly shutting down first. This error could be cau
sed if the system stopped responding, crashed, or lost power unexpectedly.

Event[13]
  Log Name: System
  Source: Microsoft-Windows-TPM-WMI
  Date: 2025-07-09T09:28:23.5680000Z
  Event ID: 1795
  Task: N/A
  Level: Error
  Opcode: Info
  Keyword: N/A
  User: S-1-5-18
  User Name: NT AUTHORITY\SYSTEM
  Computer: ASCENDI-5KUKA0U
  Description:
The system firmware returned an error Access is denied. when attempting to update a
Secure Boot variable. For more information, please see https://go.microsoft.com/fwli
nk/?linkid=2169931

Event[14]
  Log Name: System
  Source: Service Control Manager
  Date: 2025-07-09T14:47:58.2390000Z
  Event ID: 7011
  Task: N/A
  Level: Error
  Opcode: N/A
  Keyword: Classic,
  User: N/A
  User Name: N/A
  Computer: ASCENDI-5KUKA0U
  Description:
A timeout (30000 milliseconds) was reached while waiting for a transaction response
from the AppXSvc service.

Event[15]
  Log Name: System
  Source: Service Control Manager
  Date: 2025-07-09T14:47:58.2390000Z
  Event ID: 7000
  Task: N/A
  Level: Error
  Opcode: N/A
  Keyword: Classic,
  User: N/A
  User Name: N/A
  Computer: ASCENDI-5KUKA0U
  Description:
The AppX Deployment Service (AppXSVC) service failed to start due to the following e
rror:
The service did not respond to the start or control request in a timely fashion.

Event[16]
  Log Name: System
  Source: Service Control Manager
  Date: 2025-07-09T15:12:02.9660000Z
  Event ID: 7009
  Task: N/A
  Level: Error
  Opcode: N/A
  Keyword: Classic,
  User: N/A
  User Name: N/A
  Computer: ASCENDI-5KUKA0U
  Description:
A timeout was reached (30000 milliseconds) while waiting for the AppX Deployment Ser
vice (AppXSVC) service to connect.

Event[17]
  Log Name: System
  Source: Service Control Manager
  Date: 2025-07-09T15:12:02.9720000Z
  Event ID: 7000
  Task: N/A
  Level: Error
  Opcode: N/A
  Keyword: Classic,
  User: N/A
  User Name: N/A
  Computer: ASCENDI-5KUKA0U
  Description:
The AppX Deployment Service (AppXSVC) service failed to start due to the following e
rror:
The service did not respond to the start or control request in a timely fashion.

Event[18]
  Log Name: System
  Source: Service Control Manager
  Date: 2025-07-09T15:12:35.5140000Z
  Event ID: 7031
  Task: N/A
  Level: Error
  Opcode: N/A
  Keyword: Classic,
  User: N/A
  User Name: N/A
  Computer: ASCENDI-5KUKA0U
  Description:
The Connected User Experiences and Telemetry service terminated unexpectedly.  It ha
s done this 1 time(s).  The following corrective action will be taken in 30000 milli
seconds: Restart the service.

Event[19]
  Log Name: System
  Source: Microsoft-Windows-DistributedCOM
  Date: 2025-07-09T15:13:30.4180000Z
  Event ID: 10010
  Task: N/A
  Level: Error
  Opcode: Info
  Keyword: Classic,
  User: S-1-5-21-693582964-3246078928-4005434760-1000
  User Name: ASCENDI-5KUKA0U\Ascendion
  Computer: ASCENDI-5KUKA0U
  Description:
The server MicrosoftWindows.Client.CBS_1000.26100.18.0_x64__cw5n1h2txyewy!Global.Acc
ounts.AppX8yrfnvrjgqksgeea7rrq1yev91j1g7b8.mca did not register with DCOM within the
 required timeout.

Event[20]
  Log Name: System
  Source: Service Control Manager
  Date: 2025-07-10T10:04:48.8900000Z
  Event ID: 7031
  Task: N/A
  Level: Error
  Opcode: N/A
  Keyword: Classic,
  User: N/A
  User Name: N/A
  Computer: ASCENDI-5KUKA0U
  Description:
The Connected User Experiences and Telemetry service terminated unexpectedly.  It ha
s done this 2 time(s).  The following corrective action will be taken in 30000 milli
seconds: Restart the service.

Event[21]
  Log Name: System
  Source: EventLog
  Date: 2025-07-14T10:15:56.4290000Z
  Event ID: 6008
  Task: None
  Level: Error
  Opcode: N/A
  Keyword: Classic,
  User: N/A
  User Name: N/A
  Computer: ASCENDI-5KUKA0U
  Description:
The previous system shutdown at 5:59:57 PM on ‎7/‎9/‎2025 was unexpected.

Event[22]
  Log Name: System
  Source: Microsoft-Windows-Kernel-Power
  Date: 2025-07-13T19:14:48.5850000Z
  Event ID: 41
  Task: N/A
  Level: Critical
  Opcode: Info
  Keyword: N/A
  User: S-1-5-18
  User Name: NT AUTHORITY\SYSTEM
  Computer: ASCENDI-5KUKA0U
  Description:
The system has rebooted without cleanly shutting down first. This error could be cau
sed if the system stopped responding, crashed, or lost power unexpectedly.

Event[23]
  Log Name: System
  Source: Service Control Manager
  Date: 2025-07-13T19:59:51.4270000Z
  Event ID: 7038
  Task: N/A
  Level: Error
  Opcode: N/A
  Keyword: Classic,
  User: N/A
  User Name: N/A
  Computer: ASCENDI-5KUKA0U
  Description:
The ProfSvc service was unable to log on as NT AUTHORITY\SYSTEM with the currently c
onfigured password due to the following error:
The request is not supported.

To ensure that the service is configured properly, use the Services snap-in in Micro
soft Management Console (MMC).

Event[24]
  Log Name: System
  Source: Service Control Manager
  Date: 2025-07-13T19:59:51.4310000Z
  Event ID: 7000
  Task: N/A
  Level: Error
  Opcode: N/A
  Keyword: Classic,
  User: N/A
  User Name: N/A
  Computer: ASCENDI-5KUKA0U
  Description:
The ProfSvc service failed to start due to the following error:
The service did not start due to a logon failure.

Event[25]
  Log Name: System
  Source: Service Control Manager
  Date: 2025-07-13T19:59:51.4310000Z
  Event ID: 7001
  Task: N/A
  Level: Error
  Opcode: N/A
  Keyword: Classic,
  User: N/A
  User Name: N/A
  Computer: ASCENDI-5KUKA0U
  Description:
The UserManager service depends on the ProfSvc service which failed to start because
 of the following error:
The service did not start due to a logon failure.

Event[26]
  Log Name: System
  Source: Service Control Manager
  Date: 2025-07-13T19:59:51.4330000Z
  Event ID: 7038
  Task: N/A
  Level: Error
  Opcode: N/A
  Keyword: Classic,
  User: N/A
  User Name: N/A
  Computer: ASCENDI-5KUKA0U
  Description:
The BITS service was unable to log on as NT AUTHORITY\SYSTEM with the currently conf
igured password due to the following error:
The request is not supported.

To ensure that the service is configured properly, use the Services snap-in in Micro
soft Management Console (MMC).

Event[27]
  Log Name: System
  Source: Service Control Manager
  Date: 2025-07-13T19:59:51.4330000Z
  Event ID: 7000
  Task: N/A
  Level: Error
  Opcode: N/A
  Keyword: Classic,
  User: N/A
  User Name: N/A
  Computer: ASCENDI-5KUKA0U
  Description:
The BITS service failed to start due to the following error:
The service did not start due to a logon failure.

Event[28]
  Log Name: System
  Source: Microsoft-Windows-DistributedCOM
  Date: 2025-07-13T19:59:51.4510000Z
  Event ID: 10005
  Task: N/A
  Level: Error
  Opcode: Info
  Keyword: Classic,
  User: S-1-5-90-0-1
  User Name: Window Manager\DWM-1
  Computer: ASCENDI-5KUKA0U
  Description:
DCOM got error "1068" attempting to start the service UserManager with arguments "Un
available" in order to run the server:
Windows.System.Internal.UserManager

Event[29]
  Log Name: System
  Source: Microsoft-Windows-DistributedCOM
  Date: 2025-07-13T19:59:51.4530000Z
  Event ID: 10005
  Task: N/A
  Level: Error
  Opcode: Info
  Keyword: Classic,
  User: S-1-5-19
  User Name: NT AUTHORITY\LOCAL SERVICE
  Computer: ASCENDI-5KUKA0U
  Description:
DCOM got error "1069" attempting to start the service BITS with arguments "Unavailab
le" in order to run the server:
{4991D34B-80A1-4291-83B6-3328366B9097}

Event[30]
  Log Name: System
  Source: Service Control Manager
  Date: 2025-07-13T19:23:30.6800000Z
  Event ID: 7000
  Task: N/A
  Level: Error
  Opcode: N/A
  Keyword: Classic,
  User: N/A
  User Name: N/A
  Computer: ASCENDI-5KUKA0U
  Description:
The CldFlt service failed to start due to the following error:
The media is write protected.

Event[31]
  Log Name: System
  Source: Service Control Manager
  Date: 2025-07-13T19:23:30.6800000Z
  Event ID: 7000
  Task: N/A
  Level: Error
  Opcode: N/A
  Keyword: Classic,
  User: N/A
  User Name: N/A
  Computer: ASCENDI-5KUKA0U
  Description:
The UnionFS service failed to start due to the following error:
The media is write protected.

Event[32]
  Log Name: System
  Source: Service Control Manager
  Date: 2025-07-13T19:23:30.6820000Z
  Event ID: 7000
  Task: N/A
  Level: Error
  Opcode: N/A
  Keyword: Classic,
  User: N/A
  User Name: N/A
  Computer: ASCENDI-5KUKA0U
  Description:
The storqosflt service failed to start due to the following error:
The media is write protected.

Event[33]
  Log Name: System
  Source: Service Control Manager
  Date: 2025-07-13T19:23:30.6830000Z
  Event ID: 7000
  Task: N/A
  Level: Error
  Opcode: N/A
  Keyword: Classic,
  User: N/A
  User Name: N/A
  Computer: ASCENDI-5KUKA0U
  Description:
The bindflt service failed to start due to the following error:
The media is write protected.

Event[34]
  Log Name: System
  Source: Service Control Manager
  Date: 2025-07-13T19:23:30.6830000Z
  Event ID: 7000
  Task: N/A
  Level: Error
  Opcode: N/A
  Keyword: Classic,
  User: N/A
  User Name: N/A
  Computer: ASCENDI-5KUKA0U
  Description:
The VBoxService service failed to start due to the following error:
The media is write protected.

Event[35]
  Log Name: System
  Source: Service Control Manager
  Date: 2025-07-13T19:23:30.6830000Z
  Event ID: 7000
  Task: N/A
  Level: Error
  Opcode: N/A
  Keyword: Classic,
  User: N/A
  User Name: N/A
  Computer: ASCENDI-5KUKA0U
  Description:
The EventLog service failed to start due to the following error:
The media is write protected.

Event[36]
  Log Name: System
  Source: Service Control Manager
  Date: 2025-07-13T19:23:30.6830000Z
  Event ID: 7000
  Task: N/A
  Level: Error
  Opcode: N/A
  Keyword: Classic,
  User: N/A
  User Name: N/A
  Computer: ASCENDI-5KUKA0U
  Description:
The gpsvc service failed to start due to the following error:
The media is write protected.

Event[37]
  Log Name: System
  Source: Service Control Manager
  Date: 2025-07-13T19:23:30.6830000Z
  Event ID: 7000
  Task: N/A
  Level: Error
  Opcode: N/A
  Keyword: Classic,
  User: N/A
  User Name: N/A
  Computer: ASCENDI-5KUKA0U
  Description:
The EventSystem service failed to start due to the following error:
The media is write protected.

Event[38]
  Log Name: System
  Source: Service Control Manager
  Date: 2025-07-13T19:23:30.6830000Z
  Event ID: 7001
  Task: N/A
  Level: Error
  Opcode: N/A
  Keyword: Classic,
  User: N/A
  User Name: N/A
  Computer: ASCENDI-5KUKA0U
  Description:
The SENS service depends on the EventSystem service which failed to start because of
 the following error:
The media is write protected.

Event[39]
  Log Name: System
  Source: Service Control Manager
  Date: 2025-07-13T19:23:30.6830000Z
  Event ID: 7000
  Task: N/A
  Level: Error
  Opcode: N/A
  Keyword: Classic,
  User: N/A
  User Name: N/A
  Computer: ASCENDI-5KUKA0U
  Description:
The Themes service failed to start due to the following error:
The media is write protected.

Event[40]
  Log Name: System
  Source: Service Control Manager
  Date: 2025-07-13T19:23:30.6830000Z
  Event ID: 7000
  Task: N/A
  Level: Error
  Opcode: N/A
  Keyword: Classic,
  User: N/A
  User Name: N/A
  Computer: ASCENDI-5KUKA0U
  Description:
The AudioEndpointBuilder service failed to start due to the following error:
The media is write protected.

Event[41]
  Log Name: System
  Source: Service Control Manager
  Date: 2025-07-13T19:23:30.6830000Z
  Event ID: 7001
  Task: N/A
  Level: Error
  Opcode: N/A
  Keyword: Classic,
  User: N/A
  User Name: N/A
  Computer: ASCENDI-5KUKA0U
  Description:
The Audiosrv service depends on the AudioEndpointBuilder service which failed to sta
rt because of the following error:
The media is write protected.

Event[42]
  Log Name: System
  Source: Service Control Manager
  Date: 2025-07-13T19:23:30.6830000Z
  Event ID: 7000
  Task: N/A
  Level: Error
  Opcode: N/A
  Keyword: Classic,
  User: N/A
  User Name: N/A
  Computer: ASCENDI-5KUKA0U
  Description:
The SamSs service failed to start due to the following error:
The media is write protected.

Event[43]
  Log Name: System
  Source: Service Control Manager
  Date: 2025-07-13T19:23:30.6830000Z
  Event ID: 7000
  Task: N/A
  Level: Error
  Opcode: N/A
  Keyword: Classic,
  User: N/A
  User Name: N/A
  Computer: ASCENDI-5KUKA0U
  Description:
The TextInputManagementService service failed to start due to the following error:
The media is write protected.

Event[44]
  Log Name: System
  Source: Service Control Manager
  Date: 2025-07-13T19:23:30.6850000Z
  Event ID: 7000
  Task: N/A
  Level: Error
  Opcode: N/A
  Keyword: Classic,
  User: N/A
  User Name: N/A
  Computer: ASCENDI-5KUKA0U
  Description:
The lltdio service failed to start due to the following error:
The media is write protected.

Event[45]
  Log Name: System
  Source: Service Control Manager
  Date: 2025-07-13T19:23:30.6900000Z
  Event ID: 7000
  Task: N/A
  Level: Error
  Opcode: N/A
  Keyword: Classic,
  User: N/A
  User Name: N/A
  Computer: ASCENDI-5KUKA0U
  Description:
The rspndr service failed to start due to the following error:
The media is write protected.

Event[46]
  Log Name: System
  Source: Service Control Manager
  Date: 2025-07-13T19:23:30.6900000Z
  Event ID: 7000
  Task: N/A
  Level: Error
  Opcode: N/A
  Keyword: Classic,
  User: N/A
  User Name: N/A
  Computer: ASCENDI-5KUKA0U
  Description:
The MsLldp service failed to start due to the following error:
The media is write protected.

Event[47]
  Log Name: System
  Source: Service Control Manager
  Date: 2025-07-13T19:23:30.6900000Z
  Event ID: 7000
  Task: N/A
  Level: Error
  Opcode: N/A
  Keyword: Classic,
  User: N/A
  User Name: N/A
  Computer: ASCENDI-5KUKA0U
  Description:
The nsi service failed to start due to the following error:
The media is write protected.

Event[48]
  Log Name: System
  Source: Service Control Manager
  Date: 2025-07-13T19:23:30.6900000Z
  Event ID: 7001
  Task: N/A
  Level: Error
  Opcode: N/A
  Keyword: Classic,
  User: N/A
  User Name: N/A
  Computer: ASCENDI-5KUKA0U
  Description:
The Dhcp service depends on the nsi service which failed to start because of the fol
lowing error:
The media is write protected.

