"The system firmware returned an error Unspecified error when attempting to update a Secure Boot variable. For more information, please see https://go.microsoft.com/fwlink/?linkid=2169931","1795","0",,"2","0","0","-9223372036854775808","3902","Microsoft-Windows-TPM-WMI","7d5387b0-cbe0-11da-a94d-0800200c9a66","System","2056","3504","ASCENDI-TO54V57","S-1-5-18","7/28/2025 5:50:53 PM",,,"System","System.UInt32[]","System.Diagnostics.Eventing.Reader.EventBookmark","Error","Info",,"System.Collections.ObjectModel.ReadOnlyCollection`1[System.String]","System.Collections.Generic.List`1[System.Diagnostics.Eventing.Reader.EventProperty]"
"The time service has detected that the system time needs to be  changed by 1 seconds. The time service will not change the system time by more than 54000 seconds. Verify that your time and time zone are correct, and that the time source time.windows.com,0x9 (ntp.m|0x9|0.0.0.0:123->40.81.94.65:123) is working properly.","34","0",,"2","0","0","-9223372036854775808","3898","Microsoft-Windows-Time-Service","06edcfeb-0fd0-4e53-acca-a6f8bbf81bcb","System","7588","5792","ASCENDI-TO54V57","S-1-5-19","7/25/2025 6:34:26 PM",,,"System","System.UInt32[]","System.Diagnostics.Eventing.Reader.EventBookmark","Error","Info",,"System.Collections.ObjectModel.ReadOnlyCollection`1[System.String]","System.Collections.Generic.List`1[System.Diagnostics.Eventing.Reader.EventProperty]"
"A timeout (30000 milliseconds) was reached while waiting for a transaction response from the Audiosrv service.","7011","0","49152","2","0","0","-9187343239835811840","3889","Service Control Manager","555908d1-a6d7-4695-8e1e-26931d2012f4","System","836","11860","ASCENDI-TO54V57",,"7/25/2025 6:37:10 PM",,,"System","System.UInt32[]","System.Diagnostics.Eventing.Reader.EventBookmark","Error",,,"System.Collections.ObjectModel.ReadOnlyCollection`1[System.String]","System.Collections.Generic.List`1[System.Diagnostics.Eventing.Reader.EventProperty]"
"A timeout (30000 milliseconds) was reached while waiting for a transaction response from the SecurityHealthService service.","7011","0","49152","2","0","0","-9187343239835811840","3888","Service Control Manager","555908d1-a6d7-4695-8e1e-26931d2012f4","System","836","3672","ASCENDI-TO54V57",,"7/25/2025 6:37:10 PM",,,"System","System.UInt32[]","System.Diagnostics.Eventing.Reader.EventBookmark","Error",,,"System.Collections.ObjectModel.ReadOnlyCollection`1[System.String]","System.Collections.Generic.List`1[System.Diagnostics.Eventing.Reader.EventProperty]"
"A timeout (30000 milliseconds) was reached while waiting for a transaction response from the SysMain service.","7011","0","49152","2","0","0","-9187343239835811840","3887","Service Control Manager","555908d1-a6d7-4695-8e1e-26931d2012f4","System","836","6732","ASCENDI-TO54V57",,"7/25/2025 6:37:09 PM",,,"System","System.UInt32[]","System.Diagnostics.Eventing.Reader.EventBookmark","Error",,,"System.Collections.ObjectModel.ReadOnlyCollection`1[System.String]","System.Collections.Generic.List`1[System.Diagnostics.Eventing.Reader.EventProperty]"
"The server MicrosoftWindows.Client.CBS_1000.26100.128.0_x64__cw5n1h2txyewy!Global.Accounts.AppXczw5m0gs1v24mkf1zqkkpebvayhcn73d.mca did not register with DCOM within the required timeout.","10010","0","0","2","0","0","-9187343239835811840","3882","Microsoft-Windows-DistributedCOM","1b562e86-b7aa-4131-badc-b6f3a001407e","System","552","9984","ASCENDI-TO54V57","S-1-5-21-2030683021-3698505619-1924254093-1000","7/25/2025 4:31:41 PM","3290748d-faca-0001-857d-9032cafadb01",,"System","System.UInt32[]","System.Diagnostics.Eventing.Reader.EventBookmark","Error","Info",,"System.Collections.ObjectModel.ReadOnlyCollection`1[System.String]","System.Collections.Generic.List`1[System.Diagnostics.Eventing.Reader.EventProperty]"
"The server MicrosoftWindows.Client.OOBE_1000.26100.12.0_x64__cw5n1h2txyewy!OobeHost.AppX57bnpdhb2y2keeh7gnjg18wys2747njp.mca did not register with DCOM within the required timeout.","10010","0","0","2","0","0","-9187343239835811840","3881","Microsoft-Windows-DistributedCOM","1b562e86-b7aa-4131-badc-b6f3a001407e","System","552","11104","ASCENDI-TO54V57","S-1-5-21-2030683021-3698505619-1924254093-1000","7/25/2025 4:30:56 PM","3290748d-faca-0001-12c1-9532cafadb01",,"System","System.UInt32[]","System.Diagnostics.Eventing.Reader.EventBookmark","Error","Info",,"System.Collections.ObjectModel.ReadOnlyCollection`1[System.String]","System.Collections.Generic.List`1[System.Diagnostics.Eventing.Reader.EventProperty]"
"The AppX Deployment Service (AppXSVC) service failed to start due to the following error: 
The service did not respond to the start or control request in a timely fashion.","7000","0","49152","2","0","0","-9187343239835811840","3870","Service Control Manager","555908d1-a6d7-4695-8e1e-26931d2012f4","System","836","2156","ASCENDI-TO54V57",,"7/25/2025 3:41:36 PM",,,"System","System.UInt32[]","System.Diagnostics.Eventing.Reader.EventBookmark","Error",,,"System.Collections.ObjectModel.ReadOnlyCollection`1[System.String]","System.Collections.Generic.List`1[System.Diagnostics.Eventing.Reader.EventProperty]"
"A timeout was reached (30000 milliseconds) while waiting for the AppX Deployment Service (AppXSVC) service to connect.","7009","0","49152","2","0","0","-9187343239835811840","3869","Service Control Manager","555908d1-a6d7-4695-8e1e-26931d2012f4","System","836","2156","ASCENDI-TO54V57",,"7/25/2025 3:41:36 PM",,,"System","System.UInt32[]","System.Diagnostics.Eventing.Reader.EventBookmark","Error",,,"System.Collections.ObjectModel.ReadOnlyCollection`1[System.String]","System.Collections.Generic.List`1[System.Diagnostics.Eventing.Reader.EventProperty]"
"Installation Failure: Windows failed to install the following update with error 0x80073D02: 9NMPJ99VJBWV-Microsoft.YourPhone.","20","1",,"2","1","13","-9223372036854775768","3864","Microsoft-Windows-WindowsUpdateClient","945a8954-c147-4acd-923f-40c45405a658","System","12112","1140","ASCENDI-TO54V57","S-1-5-18","7/25/2025 12:30:52 PM","3290748d-faca-0000-bce6-9d32cafadb01",,"System","System.UInt32[]","System.Diagnostics.Eventing.Reader.EventBookmark","Error","Installation","Windows Update Agent","System.Collections.ObjectModel.ReadOnlyCollection`1[System.String]","System.Collections.Generic.List`1[System.Diagnostics.Eventing.Reader.EventProperty]"
"Installation Failure: Windows failed to install the following update with error 0x80073D02: 9NTXGKQ8P7N0-MicrosoftWindows.CrossDevice.","20","1",,"2","1","13","-9223372036854775768","3862","Microsoft-Windows-WindowsUpdateClient","945a8954-c147-4acd-923f-40c45405a658","System","12112","740","ASCENDI-TO54V57","S-1-5-18","7/25/2025 12:30:45 PM","3290748d-faca-0000-38e4-9d32cafadb01",,"System","System.UInt32[]","System.Diagnostics.Eventing.Reader.EventBookmark","Error","Installation","Windows Update Agent","System.Collections.ObjectModel.ReadOnlyCollection`1[System.String]","System.Collections.Generic.List`1[System.Diagnostics.Eventing.Reader.EventProperty]"
"Installation Failure: Windows failed to install the following update with error 0x80073D02: 9NMPJ99VJBWV-Microsoft.YourPhone.","20","1",,"2","1","13","-9223372036854775768","3855","Microsoft-Windows-WindowsUpdateClient","945a8954-c147-4acd-923f-40c45405a658","System","12112","12972","ASCENDI-TO54V57","S-1-5-18","7/25/2025 12:29:53 PM","3290748d-faca-0000-4dba-9d32cafadb01",,"System","System.UInt32[]","System.Diagnostics.Eventing.Reader.EventBookmark","Error","Installation","Windows Update Agent","System.Collections.ObjectModel.ReadOnlyCollection`1[System.String]","System.Collections.Generic.List`1[System.Diagnostics.Eventing.Reader.EventProperty]"
"Installation Failure: Windows failed to install the following update with error 0x80073D02: 9NTXGKQ8P7N0-MicrosoftWindows.CrossDevice.","20","1",,"2","1","13","-9223372036854775768","3854","Microsoft-Windows-WindowsUpdateClient","945a8954-c147-4acd-923f-40c45405a658","System","12112","3864","ASCENDI-TO54V57","S-1-5-18","7/25/2025 12:29:53 PM","3290748d-faca-0000-fab9-9d32cafadb01",,"System","System.UInt32[]","System.Diagnostics.Eventing.Reader.EventBookmark","Error","Installation","Windows Update Agent","System.Collections.ObjectModel.ReadOnlyCollection`1[System.String]","System.Collections.Generic.List`1[System.Diagnostics.Eventing.Reader.EventProperty]"
"Installation Failure: Windows failed to install the following update with error 0x80073D02: 9NMPJ99VJBWV-Microsoft.YourPhone.","20","1",,"2","1","13","-9223372036854775768","3840","Microsoft-Windows-WindowsUpdateClient","945a8954-c147-4acd-923f-40c45405a658","System","4360","7540","ASCENDI-TO54V57","S-1-5-18","7/24/2025 9:40:27 PM","3290748d-faca-0000-13fc-9c32cafadb01",,"System","System.UInt32[]","System.Diagnostics.Eventing.Reader.EventBookmark","Error","Installation","Windows Update Agent","System.Collections.ObjectModel.ReadOnlyCollection`1[System.String]","System.Collections.Generic.List`1[System.Diagnostics.Eventing.Reader.EventProperty]"
"Installation Failure: Windows failed to install the following update with error 0x80073D02: 9NTXGKQ8P7N0-MicrosoftWindows.CrossDevice.","20","1",,"2","1","13","-9223372036854775768","3838","Microsoft-Windows-WindowsUpdateClient","945a8954-c147-4acd-923f-40c45405a658","System","4360","4068","ASCENDI-TO54V57","S-1-5-18","7/24/2025 9:39:50 PM","3290748d-faca-0000-e6f7-9c32cafadb01",,"System","System.UInt32[]","System.Diagnostics.Eventing.Reader.EventBookmark","Error","Installation","Windows Update Agent","System.Collections.ObjectModel.ReadOnlyCollection`1[System.String]","System.Collections.Generic.List`1[System.Diagnostics.Eventing.Reader.EventProperty]"
"Installation Failure: Windows failed to install the following update with error 0x80073D02: 9NMPJ99VJBWV-Microsoft.YourPhone.","20","1",,"2","1","13","-9223372036854775768","3829","Microsoft-Windows-WindowsUpdateClient","945a8954-c147-4acd-923f-40c45405a658","System","4360","13272","ASCENDI-TO54V57","S-1-5-18","7/24/2025 9:38:49 PM","3290748d-faca-0000-5fe4-9c32cafadb01",,"System","System.UInt32[]","System.Diagnostics.Eventing.Reader.EventBookmark","Error","Installation","Windows Update Agent","System.Collections.ObjectModel.ReadOnlyCollection`1[System.String]","System.Collections.Generic.List`1[System.Diagnostics.Eventing.Reader.EventProperty]"
"Installation Failure: Windows failed to install the following update with error 0x80073D02: 9NTXGKQ8P7N0-MicrosoftWindows.CrossDevice.","20","1",,"2","1","13","-9223372036854775768","3828","Microsoft-Windows-WindowsUpdateClient","945a8954-c147-4acd-923f-40c45405a658","System","4360","1376","ASCENDI-TO54V57","S-1-5-18","7/24/2025 9:38:48 PM","3290748d-faca-0000-69e0-9c32cafadb01",,"System","System.UInt32[]","System.Diagnostics.Eventing.Reader.EventBookmark","Error","Installation","Windows Update Agent","System.Collections.ObjectModel.ReadOnlyCollection`1[System.String]","System.Collections.Generic.List`1[System.Diagnostics.Eventing.Reader.EventProperty]"
"The server MicrosoftWindows.Client.CBS_1000.26100.128.0_x64__cw5n1h2txyewy!Global.IrisService.AppXwwah2tbqj7j749pkqvs0hna8en4npvp8.mca did not register with DCOM within the required timeout.","10010","0","0","2","0","0","-9187343239835811840","3802","Microsoft-Windows-DistributedCOM","1b562e86-b7aa-4131-badc-b6f3a001407e","System","552","3728","ASCENDI-TO54V57","S-1-5-21-2030683021-3698505619-1924254093-1000","7/24/2025 3:05:56 PM","3290748d-faca-0000-5609-9c32cafadb01",,"System","System.UInt32[]","System.Diagnostics.Eventing.Reader.EventBookmark","Error","Info",,"System.Collections.ObjectModel.ReadOnlyCollection`1[System.String]","System.Collections.Generic.List`1[System.Diagnostics.Eventing.Reader.EventProperty]"
"The server Microsoft.YourPhone_1.25061.44.0_x64__8wekyb3d8bbwe!App.AppX3vhsrrrr4az9vb3h5mjdzkhtshkg5v0x.mca did not register with DCOM within the required timeout.","10010","0","0","2","0","0","-9187343239835811840","3801","Microsoft-Windows-DistributedCOM","1b562e86-b7aa-4131-badc-b6f3a001407e","System","552","3380","ASCENDI-TO54V57","S-1-5-21-2030683021-3698505619-1924254093-1000","7/24/2025 3:05:56 PM","3290748d-faca-0001-857d-9032cafadb01",,"System","System.UInt32[]","System.Diagnostics.Eventing.Reader.EventBookmark","Error","Info",,"System.Collections.ObjectModel.ReadOnlyCollection`1[System.String]","System.Collections.Generic.List`1[System.Diagnostics.Eventing.Reader.EventProperty]"
"Installation Failure: Windows failed to install the following update with error 0x80073D02: 9NMPJ99VJBWV-Microsoft.YourPhone.","20","1",,"2","1","13","-9223372036854775768","3771","Microsoft-Windows-WindowsUpdateClient","945a8954-c147-4acd-923f-40c45405a658","System","2016","4220","ASCENDI-TO54V57","S-1-5-18","7/24/2025 9:41:37 AM","3290748d-faca-0000-8968-9b32cafadb01",,"System","System.UInt32[]","System.Diagnostics.Eventing.Reader.EventBookmark","Error","Installation","Windows Update Agent","System.Collections.ObjectModel.ReadOnlyCollection`1[System.String]","System.Collections.Generic.List`1[System.Diagnostics.Eventing.Reader.EventProperty]"
"Installation Failure: Windows failed to install the following update with error 0x80073D02: 9NTXGKQ8P7N0-MicrosoftWindows.CrossDevice.","20","1",,"2","1","13","-9223372036854775768","3766","Microsoft-Windows-WindowsUpdateClient","945a8954-c147-4acd-923f-40c45405a658","System","2016","7792","ASCENDI-TO54V57","S-1-5-18","7/24/2025 9:40:43 AM","3290748d-faca-0000-1a28-9b32cafadb01",,"System","System.UInt32[]","System.Diagnostics.Eventing.Reader.EventBookmark","Error","Installation","Windows Update Agent","System.Collections.ObjectModel.ReadOnlyCollection`1[System.String]","System.Collections.Generic.List`1[System.Diagnostics.Eventing.Reader.EventProperty]"
"The system firmware returned an error Unspecified error when attempting to update a Secure Boot variable. For more information, please see https://go.microsoft.com/fwlink/?linkid=2169931","1795","0",,"2","0","0","-9223372036854775808","3754","Microsoft-Windows-TPM-WMI","7d5387b0-cbe0-11da-a94d-0800200c9a66","System","2812","5552","ASCENDI-TO54V57","S-1-5-18","7/24/2025 9:14:40 AM",,,"System","System.UInt32[]","System.Diagnostics.Eventing.Reader.EventBookmark","Error","Info",,"System.Collections.ObjectModel.ReadOnlyCollection`1[System.String]","System.Collections.Generic.List`1[System.Diagnostics.Eventing.Reader.EventProperty]"
"The system firmware returned an error Unspecified error when attempting to update a Secure Boot variable. For more information, please see https://go.microsoft.com/fwlink/?linkid=2169931","1795","0",,"2","0","0","-9223372036854775808","3715","Microsoft-Windows-TPM-WMI","7d5387b0-cbe0-11da-a94d-0800200c9a66","System","776","10872","ASCENDI-TO54V57","S-1-5-18","7/23/2025 11:09:19 AM",,,"System","System.UInt32[]","System.Diagnostics.Eventing.Reader.EventBookmark","Error","Info",,"System.Collections.ObjectModel.ReadOnlyCollection`1[System.String]","System.Collections.Generic.List`1[System.Diagnostics.Eventing.Reader.EventProperty]"
"Installation Failure: Windows failed to install the following update with error 0x80073D02: 9NTXGKQ8P7N0-MicrosoftWindows.CrossDevice.","20","1",,"2","1","13","-9223372036854775768","3691","Microsoft-Windows-WindowsUpdateClient","945a8954-c147-4acd-923f-40c45405a658","System","13944","12812","ASCENDI-TO54V57","S-1-5-18","7/23/2025 9:13:34 AM","3290748d-faca-0000-37c5-9532cafadb01",,"System","System.UInt32[]","System.Diagnostics.Eventing.Reader.EventBookmark","Error","Installation","Windows Update Agent","System.Collections.ObjectModel.ReadOnlyCollection`1[System.String]","System.Collections.Generic.List`1[System.Diagnostics.Eventing.Reader.EventProperty]"
"The system firmware returned an error Unspecified error when attempting to update a Secure Boot variable. For more information, please see https://go.microsoft.com/fwlink/?linkid=2169931","1795","0",,"2","0","0","-9223372036854775808","3678","Microsoft-Windows-TPM-WMI","7d5387b0-cbe0-11da-a94d-0800200c9a66","System","13232","11400","ASCENDI-TO54V57","S-1-5-18","7/23/2025 9:11:50 AM",,,"System","System.UInt32[]","System.Diagnostics.Eventing.Reader.EventBookmark","Error","Info",,"System.Collections.ObjectModel.ReadOnlyCollection`1[System.String]","System.Collections.Generic.List`1[System.Diagnostics.Eventing.Reader.EventProperty]"
"The Software Protection service failed to start due to the following error: 
The service did not respond to the start or control request in a timely fashion.","7000","0","49152","2","0","0","-9187343239835811840","3672","Service Control Manager","555908d1-a6d7-4695-8e1e-26931d2012f4","System","836","12912","ASCENDI-TO54V57",,"7/22/2025 7:04:21 PM",,,"System","System.UInt32[]","System.Diagnostics.Eventing.Reader.EventBookmark","Error",,,"System.Collections.ObjectModel.ReadOnlyCollection`1[System.String]","System.Collections.Generic.List`1[System.Diagnostics.Eventing.Reader.EventProperty]"
"A timeout was reached (30000 milliseconds) while waiting for the Software Protection service to connect.","7009","0","49152","2","0","0","-9187343239835811840","3671","Service Control Manager","555908d1-a6d7-4695-8e1e-26931d2012f4","System","836","12912","ASCENDI-TO54V57",,"7/22/2025 7:04:21 PM",,,"System","System.UInt32[]","System.Diagnostics.Eventing.Reader.EventBookmark","Error",,,"System.Collections.ObjectModel.ReadOnlyCollection`1[System.String]","System.Collections.Generic.List`1[System.Diagnostics.Eventing.Reader.EventProperty]"
"The AppX Deployment Service (AppXSVC) service failed to start due to the following error: 
The service did not respond to the start or control request in a timely fashion.","7000","0","49152","2","0","0","-9187343239835811840","3670","Service Control Manager","555908d1-a6d7-4695-8e1e-26931d2012f4","System","836","7816","ASCENDI-TO54V57",,"7/22/2025 7:04:21 PM",,,"System","System.UInt32[]","System.Diagnostics.Eventing.Reader.EventBookmark","Error",,,"System.Collections.ObjectModel.ReadOnlyCollection`1[System.String]","System.Collections.Generic.List`1[System.Diagnostics.Eventing.Reader.EventProperty]"
"A timeout was reached (30000 milliseconds) while waiting for the AppX Deployment Service (AppXSVC) service to connect.","7009","0","49152","2","0","0","-9187343239835811840","3669","Service Control Manager","555908d1-a6d7-4695-8e1e-26931d2012f4","System","836","7816","ASCENDI-TO54V57",,"7/22/2025 7:04:21 PM",,,"System","System.UInt32[]","System.Diagnostics.Eventing.Reader.EventBookmark","Error",,,"System.Collections.ObjectModel.ReadOnlyCollection`1[System.String]","System.Collections.Generic.List`1[System.Diagnostics.Eventing.Reader.EventProperty]"
"The server {A463FCB9-6B1C-4E0D-A80B-A2CA7999E25D} did not register with DCOM within the required timeout.","10010","0","0","2","0","0","-9187343239835811840","3668","Microsoft-Windows-DistributedCOM","1b562e86-b7aa-4131-badc-b6f3a001407e","System","552","12852","ASCENDI-TO54V57","S-1-5-21-2030683021-3698505619-1924254093-1000","7/22/2025 7:04:21 PM","3290748d-faca-0000-f09e-9432cafadb01",,"System","System.UInt32[]","System.Diagnostics.Eventing.Reader.EventBookmark","Error","Info",,"System.Collections.ObjectModel.ReadOnlyCollection`1[System.String]","System.Collections.Generic.List`1[System.Diagnostics.Eventing.Reader.EventProperty]"
"The server Microsoft.AAD.BrokerPlugin_1000.19580.1000.2_neutral_neutral_cw5n1h2txyewy!Windows.Security.Authentication.Web.Core.BackgroundGetTokenTask.ClassId.WebAccountProvider did not register with DCOM within the required timeout.","10010","0","0","2","0","0","-9187343239835811840","3648","Microsoft-Windows-DistributedCOM","1b562e86-b7aa-4131-badc-b6f3a001407e","System","552","11576","ASCENDI-TO54V57","S-1-5-21-2030683021-3698505619-1924254093-1000","7/22/2025 2:19:57 PM","3290748d-faca-0001-fa41-9332cafadb01",,"System","System.UInt32[]","System.Diagnostics.Eventing.Reader.EventBookmark","Error","Info",,"System.Collections.ObjectModel.ReadOnlyCollection`1[System.String]","System.Collections.Generic.List`1[System.Diagnostics.Eventing.Reader.EventProperty]"
"The system firmware returned an error Unspecified error when attempting to update a Secure Boot variable. For more information, please see https://go.microsoft.com/fwlink/?linkid=2169931","1795","0",,"2","0","0","-9223372036854775808","3629","Microsoft-Windows-TPM-WMI","7d5387b0-cbe0-11da-a94d-0800200c9a66","System","8828","1756","ASCENDI-TO54V57","S-1-5-18","7/22/2025 11:09:03 AM",,,"System","System.UInt32[]","System.Diagnostics.Eventing.Reader.EventBookmark","Error","Info",,"System.Collections.ObjectModel.ReadOnlyCollection`1[System.String]","System.Collections.Generic.List`1[System.Diagnostics.Eventing.Reader.EventProperty]"
"Config Read Failed

Config:	18
Error:	More data is available.","2042","0",,"2","0","0","144115188075855872","3618","Microsoft-Windows-Windows Firewall With Advanced Security","d1bc9aff-2abf-4d71-9146-ecb2a986eb85","System","2940","3104","ASCENDI-TO54V57","S-1-5-19","7/22/2025 11:04:06 AM",,,"System","System.UInt32[]","System.Diagnostics.Eventing.Reader.EventBookmark","Error","Info",,"System.Collections.ObjectModel.ReadOnlyCollection`1[System.String]","System.Collections.Generic.List`1[System.Diagnostics.Eventing.Reader.EventProperty]"
"The previous system shutdown at 10:31:38 AM on ?7/?22/?2025 was unexpected.","6008","0","32768","2","0","0","36028797018963968","3549","EventLog",,"System","1428","2068","ASCENDI-TO54V57",,"7/22/2025 11:04:03 AM",,,"System","System.UInt32[]","System.Diagnostics.Eventing.Reader.EventBookmark","Error",,"None","System.Collections.ObjectModel.ReadOnlyCollection`1[System.String]","System.Collections.Generic.List`1[System.Diagnostics.Eventing.Reader.EventProperty]"
"The system firmware returned an error Unspecified error when attempting to update a Secure Boot variable. For more information, please see https://go.microsoft.com/fwlink/?linkid=2169931","1795","0",,"2","0","0","-9223372036854775808","3522","Microsoft-Windows-TPM-WMI","7d5387b0-cbe0-11da-a94d-0800200c9a66","System","17272","17104","ASCENDI-TO54V57","S-1-5-18","7/22/2025 9:29:12 AM",,,"System","System.UInt32[]","System.Diagnostics.Eventing.Reader.EventBookmark","Error","Info",,"System.Collections.ObjectModel.ReadOnlyCollection`1[System.String]","System.Collections.Generic.List`1[System.Diagnostics.Eventing.Reader.EventProperty]"
"Installation Failure: Windows failed to install the following update with error 0x80073D02: 9NTXGKQ8P7N0-MicrosoftWindows.CrossDevice.","20","1",,"2","1","13","-9223372036854775768","3516","Microsoft-Windows-WindowsUpdateClient","945a8954-c147-4acd-923f-40c45405a658","System","17692","11008","ASCENDI-TO54V57","S-1-5-18","7/22/2025 9:18:47 AM","85015610-f9f2-0000-7093-0985f2f9db01",,"System","System.UInt32[]","System.Diagnostics.Eventing.Reader.EventBookmark","Error","Installation","Windows Update Agent","System.Collections.ObjectModel.ReadOnlyCollection`1[System.String]","System.Collections.Generic.List`1[System.Diagnostics.Eventing.Reader.EventProperty]"
"The system firmware returned an error Unspecified error when attempting to update a Secure Boot variable. For more information, please see https://go.microsoft.com/fwlink/?linkid=2169931","1795","0",,"2","0","0","-9223372036854775808","3489","Microsoft-Windows-TPM-WMI","7d5387b0-cbe0-11da-a94d-0800200c9a66","System","11780","12708","ASCENDI-TO54V57","S-1-5-18","7/21/2025 9:27:29 PM",,,"System","System.UInt32[]","System.Diagnostics.Eventing.Reader.EventBookmark","Error","Info",,"System.Collections.ObjectModel.ReadOnlyCollection`1[System.String]","System.Collections.Generic.List`1[System.Diagnostics.Eventing.Reader.EventProperty]"
"DCOM got error ""1053"" attempting to start the service WaaSMedicSvc with arguments ""Unavailable"" in order to run the server:
{72566E27-1ABB-4EB3-B4F0-EB431CB1CB32}","10005","0","0","2","0","0","-9187343239835811840","3446","Microsoft-Windows-DistributedCOM","1b562e86-b7aa-4131-badc-b6f3a001407e","System","980","12856","ASCENDI-TO54V57","S-1-5-18","7/21/2025 2:01:34 PM","85015610-f9f2-0000-1389-0685f2f9db01",,"System","System.UInt32[]","System.Diagnostics.Eventing.Reader.EventBookmark","Error","Info",,"System.Collections.ObjectModel.ReadOnlyCollection`1[System.String]","System.Collections.Generic.List`1[System.Diagnostics.Eventing.Reader.EventProperty]"
"The WaaSMedicSvc service failed to start due to the following error: 
The service did not respond to the start or control request in a timely fashion.","7000","0","49152","2","0","0","-9187343239835811840","3445","Service Control Manager","555908d1-a6d7-4695-8e1e-26931d2012f4","System","832","4384","ASCENDI-TO54V57",,"7/21/2025 2:01:34 PM",,,"System","System.UInt32[]","System.Diagnostics.Eventing.Reader.EventBookmark","Error",,,"System.Collections.ObjectModel.ReadOnlyCollection`1[System.String]","System.Collections.Generic.List`1[System.Diagnostics.Eventing.Reader.EventProperty]"
"A timeout was reached (30000 milliseconds) while waiting for the WaaSMedicSvc service to connect.","7009","0","49152","2","0","0","-9187343239835811840","3444","Service Control Manager","555908d1-a6d7-4695-8e1e-26931d2012f4","System","832","4384","ASCENDI-TO54V57",,"7/21/2025 2:01:34 PM",,,"System","System.UInt32[]","System.Diagnostics.Eventing.Reader.EventBookmark","Error",,,"System.Collections.ObjectModel.ReadOnlyCollection`1[System.String]","System.Collections.Generic.List`1[System.Diagnostics.Eventing.Reader.EventProperty]"
"The certificate received from the remote server was issued by an untrusted certificate authority. Because of this, none of the data contained in the certificate can be validated. The TLS connection request has failed. The attached data contains the server certificate.
 The SSPI client process is svchost[WpnService] (PID: 3308).","36882","0",,"2","0","0","-9223372036854775808","3420","Schannel","1f678132-5938-4686-9fdc-c8ff68f15c85","System","840","10852","ASCENDI-TO54V57","S-1-5-18","7/21/2025 10:17:16 AM","85015610-f9f2-0000-5057-0185f2f9db01",,"System","System.UInt32[]","System.Diagnostics.Eventing.Reader.EventBookmark","Error","Info",,"System.Collections.ObjectModel.ReadOnlyCollection`1[System.String]","System.Collections.Generic.List`1[System.Diagnostics.Eventing.Reader.EventProperty]"
"The certificate received from the remote server was issued by an untrusted certificate authority. Because of this, none of the data contained in the certificate can be validated. The TLS connection request has failed. The attached data contains the server certificate.
 The SSPI client process is svchost[WpnService] (PID: 3308).","36882","0",,"2","0","0","-9223372036854775808","3419","Schannel","1f678132-5938-4686-9fdc-c8ff68f15c85","System","840","10852","ASCENDI-TO54V57","S-1-5-18","7/21/2025 10:17:16 AM","85015610-f9f2-0000-5057-0185f2f9db01",,"System","System.UInt32[]","System.Diagnostics.Eventing.Reader.EventBookmark","Error","Info",,"System.Collections.ObjectModel.ReadOnlyCollection`1[System.String]","System.Collections.Generic.List`1[System.Diagnostics.Eventing.Reader.EventProperty]"
"The system firmware returned an error Unspecified error when attempting to update a Secure Boot variable. For more information, please see https://go.microsoft.com/fwlink/?linkid=2169931","1795","0",,"2","0","0","-9223372036854775808","3408","Microsoft-Windows-TPM-WMI","7d5387b0-cbe0-11da-a94d-0800200c9a66","System","9900","3764","ASCENDI-TO54V57","S-1-5-18","7/21/2025 9:26:19 AM",,,"System","System.UInt32[]","System.Diagnostics.Eventing.Reader.EventBookmark","Error","Info",,"System.Collections.ObjectModel.ReadOnlyCollection`1[System.String]","System.Collections.Generic.List`1[System.Diagnostics.Eventing.Reader.EventProperty]"
"Config Read Failed

Config:	18
Error:	More data is available.","2042","0",,"2","0","0","144115188075855872","3398","Microsoft-Windows-Windows Firewall With Advanced Security","d1bc9aff-2abf-4d71-9146-ecb2a986eb85","System","2944","3144","ASCENDI-TO54V57","S-1-5-19","7/21/2025 9:20:23 AM",,,"System","System.UInt32[]","System.Diagnostics.Eventing.Reader.EventBookmark","Error","Info",,"System.Collections.ObjectModel.ReadOnlyCollection`1[System.String]","System.Collections.Generic.List`1[System.Diagnostics.Eventing.Reader.EventProperty]"
"The previous system shutdown at 12:35:41 AM on ?7/?21/?2025 was unexpected.","6008","0","32768","2","0","0","36028797018963968","3328","EventLog",,"System","1944","2076","ASCENDI-TO54V57",,"7/21/2025 9:20:17 AM",,,"System","System.UInt32[]","System.Diagnostics.Eventing.Reader.EventBookmark","Error",,"None","System.Collections.ObjectModel.ReadOnlyCollection`1[System.String]","System.Collections.Generic.List`1[System.Diagnostics.Eventing.Reader.EventProperty]"
"Config Read Failed

Config:	18
Error:	More data is available.","2042","0",,"2","0","0","144115188075855872","3308","Microsoft-Windows-Windows Firewall With Advanced Security","d1bc9aff-2abf-4d71-9146-ecb2a986eb85","System","2748","3496","ASCENDI-TO54V57","S-1-5-19","7/21/2025 12:09:02 AM",,,"System","System.UInt32[]","System.Diagnostics.Eventing.Reader.EventBookmark","Error","Info",,"System.Collections.ObjectModel.ReadOnlyCollection`1[System.String]","System.Collections.Generic.List`1[System.Diagnostics.Eventing.Reader.EventProperty]"
"The server {283EDD52-69B2-473D-BEB6-2C0B4C01FD73} did not register with DCOM within the required timeout.","10010","0","0","2","0","0","-9187343239835811840","3175","Microsoft-Windows-DistributedCOM","1b562e86-b7aa-4131-badc-b6f3a001407e","System","548","5788","ASCENDI-TO54V57","S-1-5-21-2030683021-3698505619-1924254093-1000","7/20/2025 10:12:24 PM","b7dc64e0-f993-0000-c2d3-dcb793f9db01",,"System","System.UInt32[]","System.Diagnostics.Eventing.Reader.EventBookmark","Error","Info",,"System.Collections.ObjectModel.ReadOnlyCollection`1[System.String]","System.Collections.Generic.List`1[System.Diagnostics.Eventing.Reader.EventProperty]"
"The server {283EDD52-69B2-473D-BEB6-2C0B4C01FD73} did not register with DCOM within the required timeout.","10010","0","0","2","0","0","-9187343239835811840","3174","Microsoft-Windows-DistributedCOM","1b562e86-b7aa-4131-badc-b6f3a001407e","System","548","948","ASCENDI-TO54V57","S-1-5-21-2030683021-3698505619-1924254093-1000","7/20/2025 10:11:56 PM","b7dc64e0-f993-0000-bdd3-dcb793f9db01",,"System","System.UInt32[]","System.Diagnostics.Eventing.Reader.EventBookmark","Error","Info",,"System.Collections.ObjectModel.ReadOnlyCollection`1[System.String]","System.Collections.Generic.List`1[System.Diagnostics.Eventing.Reader.EventProperty]"
"The server {283EDD52-69B2-473D-BEB6-2C0B4C01FD73} did not register with DCOM within the required timeout.","10010","0","0","2","0","0","-9187343239835811840","3172","Microsoft-Windows-DistributedCOM","1b562e86-b7aa-4131-badc-b6f3a001407e","System","548","1568","ASCENDI-TO54V57","S-1-5-21-2030683021-3698505619-1924254093-1000","7/20/2025 10:11:17 PM","b7dc64e0-f993-0000-bcd3-dcb793f9db01",,"System","System.UInt32[]","System.Diagnostics.Eventing.Reader.EventBookmark","Error","Info",,"System.Collections.ObjectModel.ReadOnlyCollection`1[System.String]","System.Collections.Generic.List`1[System.Diagnostics.Eventing.Reader.EventProperty]"
"The server {8CFC164F-4BE5-4FDD-94E9-E2AF73ED4A19} did not register with DCOM within the required timeout.","10010","0","0","2","0","0","-9187343239835811840","3169","Microsoft-Windows-DistributedCOM","1b562e86-b7aa-4131-badc-b6f3a001407e","System","548","400","ASCENDI-TO54V57","S-1-5-21-2030683021-3698505619-1924254093-1000","7/20/2025 10:10:23 PM","b7dc64e0-f993-0000-e5cf-dcb793f9db01",,"System","System.UInt32[]","System.Diagnostics.Eventing.Reader.EventBookmark","Error","Info",,"System.Collections.ObjectModel.ReadOnlyCollection`1[System.String]","System.Collections.Generic.List`1[System.Diagnostics.Eventing.Reader.EventProperty]"
"The system firmware returned an error Unspecified error when attempting to update a Secure Boot variable. For more information, please see https://go.microsoft.com/fwlink/?linkid=2169931","1795","0",,"2","0","0","-9223372036854775808","3162","Microsoft-Windows-TPM-WMI","7d5387b0-cbe0-11da-a94d-0800200c9a66","System","2676","5944","ASCENDI-TO54V57","S-1-5-18","7/20/2025 10:07:12 PM",,,"System","System.UInt32[]","System.Diagnostics.Eventing.Reader.EventBookmark","Error","Info",,"System.Collections.ObjectModel.ReadOnlyCollection`1[System.String]","System.Collections.Generic.List`1[System.Diagnostics.Eventing.Reader.EventProperty]"
"Config Read Failed

Config:	18
Error:	More data is available.","2042","0",,"2","0","0","144115188075855872","3147","Microsoft-Windows-Windows Firewall With Advanced Security","d1bc9aff-2abf-4d71-9146-ecb2a986eb85","System","3004","3372","ASCENDI-TO54V57","S-1-5-19","7/20/2025 10:03:42 PM",,,"System","System.UInt32[]","System.Diagnostics.Eventing.Reader.EventBookmark","Error","Info",,"System.Collections.ObjectModel.ReadOnlyCollection`1[System.String]","System.Collections.Generic.List`1[System.Diagnostics.Eventing.Reader.EventProperty]"
"The server {B91D5831-B1BD-4608-8198-D72E155020F7} did not register with DCOM within the required timeout.","10010","0","0","2","0","0","-9187343239835811840","3050","Microsoft-Windows-DistributedCOM","1b562e86-b7aa-4131-badc-b6f3a001407e","System","424","1232","ASCENDI-TO54V57","S-1-5-18","7/20/2025 9:58:33 PM","176cdf2d-f992-0001-a550-6d1792f9db01",,"System","System.UInt32[]","System.Diagnostics.Eventing.Reader.EventBookmark","Error","Info",,"System.Collections.ObjectModel.ReadOnlyCollection`1[System.String]","System.Collections.Generic.List`1[System.Diagnostics.Eventing.Reader.EventProperty]"
"The Update Orchestrator Service service terminated with the following error: 
%%2149884192","7023","0","49152","2","0","0","-9187343239835811840","3025","Service Control Manager","555908d1-a6d7-4695-8e1e-26931d2012f4","System","836","3348","ASCENDI-TO54V57",,"7/20/2025 9:56:35 PM",,,"System","System.UInt32[]","System.Diagnostics.Eventing.Reader.EventBookmark","Error",,,"System.Collections.ObjectModel.ReadOnlyCollection`1[System.String]","System.Collections.Generic.List`1[System.Diagnostics.Eventing.Reader.EventProperty]"
"The server {B91D5831-B1BD-4608-8198-D72E155020F7} did not register with DCOM within the required timeout.","10010","0","0","2","0","0","-9187343239835811840","3024","Microsoft-Windows-DistributedCOM","1b562e86-b7aa-4131-badc-b6f3a001407e","System","424","1232","ASCENDI-TO54V57","S-1-5-18","7/20/2025 9:55:37 PM","176cdf2d-f992-0001-bded-6c1792f9db01",,"System","System.UInt32[]","System.Diagnostics.Eventing.Reader.EventBookmark","Error","Info",,"System.Collections.ObjectModel.ReadOnlyCollection`1[System.String]","System.Collections.Generic.List`1[System.Diagnostics.Eventing.Reader.EventProperty]"
"The Update Orchestrator Service service terminated with the following error: 
%%2149884192","7023","0","49152","2","0","0","-9187343239835811840","3023","Service Control Manager","555908d1-a6d7-4695-8e1e-26931d2012f4","System","836","2708","ASCENDI-TO54V57",,"7/20/2025 9:55:20 PM",,,"System","System.UInt32[]","System.Diagnostics.Eventing.Reader.EventBookmark","Error",,,"System.Collections.ObjectModel.ReadOnlyCollection`1[System.String]","System.Collections.Generic.List`1[System.Diagnostics.Eventing.Reader.EventProperty]"
"The system firmware returned an error Unspecified error when attempting to update a Secure Boot variable. For more information, please see https://go.microsoft.com/fwlink/?linkid=2169931","1795","0",,"2","0","0","-9223372036854775808","2998","Microsoft-Windows-TPM-WMI","7d5387b0-cbe0-11da-a94d-0800200c9a66","System","2356","3636","ASCENDI-TO54V57","S-1-5-18","7/20/2025 9:53:41 PM",,,"System","System.UInt32[]","System.Diagnostics.Eventing.Reader.EventBookmark","Error","Info",,"System.Collections.ObjectModel.ReadOnlyCollection`1[System.String]","System.Collections.Generic.List`1[System.Diagnostics.Eventing.Reader.EventProperty]"
"The Update Orchestrator Service service terminated with the following error: 
%%2149884192","7023","0","49152","2","0","0","-9187343239835811840","2997","Service Control Manager","555908d1-a6d7-4695-8e1e-26931d2012f4","System","836","2708","ASCENDI-TO54V57",,"7/20/2025 9:53:38 PM",,,"System","System.UInt32[]","System.Diagnostics.Eventing.Reader.EventBookmark","Error",,,"System.Collections.ObjectModel.ReadOnlyCollection`1[System.String]","System.Collections.Generic.List`1[System.Diagnostics.Eventing.Reader.EventProperty]"
"Config Read Failed

Config:	18
Error:	More data is available.","2042","0",,"2","0","0","144115188075855872","2983","Microsoft-Windows-Windows Firewall With Advanced Security","d1bc9aff-2abf-4d71-9146-ecb2a986eb85","System","3112","3948","ASCENDI-TO54V57","S-1-5-19","7/20/2025 9:52:43 PM",,,"System","System.UInt32[]","System.Diagnostics.Eventing.Reader.EventBookmark","Error","Info",,"System.Collections.ObjectModel.ReadOnlyCollection`1[System.String]","System.Collections.Generic.List`1[System.Diagnostics.Eventing.Reader.EventProperty]"
"The SysMain service terminated with the following error: 
The authentication service is unknown.","7023","0","49152","2","0","0","-9187343239835811840","2904","Service Control Manager","555908d1-a6d7-4695-8e1e-26931d2012f4","System","816","3780","ASCENDI-TO54V57",,"7/20/2025 9:49:08 PM",,,"System","System.UInt32[]","System.Diagnostics.Eventing.Reader.EventBookmark","Error",,,"System.Collections.ObjectModel.ReadOnlyCollection`1[System.String]","System.Collections.Generic.List`1[System.Diagnostics.Eventing.Reader.EventProperty]"
"The TrkWks service failed to start due to the following error: 
The service did not start due to a logon failure.","7000","0","49152","2","0","0","-9187343239835811840","2896","Service Control Manager","555908d1-a6d7-4695-8e1e-26931d2012f4","System","816","3672","ASCENDI-TO54V57",,"7/20/2025 9:48:59 PM",,,"System","System.UInt32[]","System.Diagnostics.Eventing.Reader.EventBookmark","Error",,,"System.Collections.ObjectModel.ReadOnlyCollection`1[System.String]","System.Collections.Generic.List`1[System.Diagnostics.Eventing.Reader.EventProperty]"
"The WLMS service failed to start due to the following error: 
The service did not start due to a logon failure.","7000","0","49152","2","0","0","-9187343239835811840","2895","Service Control Manager","555908d1-a6d7-4695-8e1e-26931d2012f4","System","816","1152","ASCENDI-TO54V57",,"7/20/2025 9:48:59 PM",,,"System","System.UInt32[]","System.Diagnostics.Eventing.Reader.EventBookmark","Error",,,"System.Collections.ObjectModel.ReadOnlyCollection`1[System.String]","System.Collections.Generic.List`1[System.Diagnostics.Eventing.Reader.EventProperty]"
"The WpnService service failed to start due to the following error: 
The service did not start due to a logon failure.","7000","0","49152","2","0","0","-9187343239835811840","2894","Service Control Manager","555908d1-a6d7-4695-8e1e-26931d2012f4","System","816","872","ASCENDI-TO54V57",,"7/20/2025 9:48:59 PM",,,"System","System.UInt32[]","System.Diagnostics.Eventing.Reader.EventBookmark","Error",,,"System.Collections.ObjectModel.ReadOnlyCollection`1[System.String]","System.Collections.Generic.List`1[System.Diagnostics.Eventing.Reader.EventProperty]"
"The WpnService service was unable to log on as NT AUTHORITY\SYSTEM with the currently configured password due to the following error: 
The request is not supported.

To ensure that the service is configured properly, use the Services snap-in in Microsoft Management Console (MMC).","7038","0","49152","2","0","0","-9187343239835811840","2893","Service Control Manager","555908d1-a6d7-4695-8e1e-26931d2012f4","System","816","872","ASCENDI-TO54V57",,"7/20/2025 9:48:59 PM",,,"System","System.UInt32[]","System.Diagnostics.Eventing.Reader.EventBookmark","Error",,,"System.Collections.ObjectModel.ReadOnlyCollection`1[System.String]","System.Collections.Generic.List`1[System.Diagnostics.Eventing.Reader.EventProperty]"
"The wtd service depends on the BFE service which failed to start because of the following error: 
A system shutdown is in progress.","7001","0","49152","2","0","0","-9187343239835811840","2892","Service Control Manager","555908d1-a6d7-4695-8e1e-26931d2012f4","System","816","3636","ASCENDI-TO54V57",,"7/20/2025 9:48:59 PM",,,"System","System.UInt32[]","System.Diagnostics.Eventing.Reader.EventBookmark","Error",,,"System.Collections.ObjectModel.ReadOnlyCollection`1[System.String]","System.Collections.Generic.List`1[System.Diagnostics.Eventing.Reader.EventProperty]"
"The WLMS service was unable to log on as NT AUTHORITY\SYSTEM with the currently configured password due to the following error: 
The request is not supported.

To ensure that the service is configured properly, use the Services snap-in in Microsoft Management Console (MMC).","7038","0","49152","2","0","0","-9187343239835811840","2891","Service Control Manager","555908d1-a6d7-4695-8e1e-26931d2012f4","System","816","1152","ASCENDI-TO54V57",,"7/20/2025 9:48:59 PM",,,"System","System.UInt32[]","System.Diagnostics.Eventing.Reader.EventBookmark","Error",,,"System.Collections.ObjectModel.ReadOnlyCollection`1[System.String]","System.Collections.Generic.List`1[System.Diagnostics.Eventing.Reader.EventProperty]"
"The TrkWks service was unable to log on as NT AUTHORITY\SYSTEM with the currently configured password due to the following error: 
The request is not supported.

To ensure that the service is configured properly, use the Services snap-in in Microsoft Management Console (MMC).","7038","0","49152","2","0","0","-9187343239835811840","2889","Service Control Manager","555908d1-a6d7-4695-8e1e-26931d2012f4","System","816","3672","ASCENDI-TO54V57",,"7/20/2025 9:48:59 PM",,,"System","System.UInt32[]","System.Diagnostics.Eventing.Reader.EventBookmark","Error",,,"System.Collections.ObjectModel.ReadOnlyCollection`1[System.String]","System.Collections.Generic.List`1[System.Diagnostics.Eventing.Reader.EventProperty]"
"The Winmgmt service was unable to log on as NT AUTHORITY\SYSTEM with the currently configured password due to the following error: 
The request is not supported.

To ensure that the service is configured properly, use the Services snap-in in Microsoft Management Console (MMC).","7038","0","49152","2","0","0","-9187343239835811840","2888","Service Control Manager","555908d1-a6d7-4695-8e1e-26931d2012f4","System","816","3636","ASCENDI-TO54V57",,"7/20/2025 9:48:59 PM",,,"System","System.UInt32[]","System.Diagnostics.Eventing.Reader.EventBookmark","Error",,,"System.Collections.ObjectModel.ReadOnlyCollection`1[System.String]","System.Collections.Generic.List`1[System.Diagnostics.Eventing.Reader.EventProperty]"
"The WinDefend service failed to start due to the following error: 
The service did not start due to a logon failure.","7000","0","49152","2","0","0","-9187343239835811840","2887","Service Control Manager","555908d1-a6d7-4695-8e1e-26931d2012f4","System","816","872","ASCENDI-TO54V57",,"7/20/2025 9:48:59 PM",,,"System","System.UInt32[]","System.Diagnostics.Eventing.Reader.EventBookmark","Error",,,"System.Collections.ObjectModel.ReadOnlyCollection`1[System.String]","System.Collections.Generic.List`1[System.Diagnostics.Eventing.Reader.EventProperty]"
"The WinDefend service was unable to log on as NT AUTHORITY\SYSTEM with the currently configured password due to the following error: 
The request is not supported.

To ensure that the service is configured properly, use the Services snap-in in Microsoft Management Console (MMC).","7038","0","49152","2","0","0","-9187343239835811840","2886","Service Control Manager","555908d1-a6d7-4695-8e1e-26931d2012f4","System","816","872","ASCENDI-TO54V57",,"7/20/2025 9:48:59 PM",,,"System","System.UInt32[]","System.Diagnostics.Eventing.Reader.EventBookmark","Error",,,"System.Collections.ObjectModel.ReadOnlyCollection`1[System.String]","System.Collections.Generic.List`1[System.Diagnostics.Eventing.Reader.EventProperty]"
"The LanmanServer service failed to start due to the following error: 
The service did not start due to a logon failure.","7000","0","49152","2","0","0","-9187343239835811840","2885","Service Control Manager","555908d1-a6d7-4695-8e1e-26931d2012f4","System","816","1152","ASCENDI-TO54V57",,"7/20/2025 9:48:59 PM",,,"System","System.UInt32[]","System.Diagnostics.Eventing.Reader.EventBookmark","Error",,,"System.Collections.ObjectModel.ReadOnlyCollection`1[System.String]","System.Collections.Generic.List`1[System.Diagnostics.Eventing.Reader.EventProperty]"
"The LanmanServer service was unable to log on as NT AUTHORITY\SYSTEM with the currently configured password due to the following error: 
The request is not supported.

To ensure that the service is configured properly, use the Services snap-in in Microsoft Management Console (MMC).","7038","0","49152","2","0","0","-9187343239835811840","2884","Service Control Manager","555908d1-a6d7-4695-8e1e-26931d2012f4","System","816","1152","ASCENDI-TO54V57",,"7/20/2025 9:48:59 PM",,,"System","System.UInt32[]","System.Diagnostics.Eventing.Reader.EventBookmark","Error",,,"System.Collections.ObjectModel.ReadOnlyCollection`1[System.String]","System.Collections.Generic.List`1[System.Diagnostics.Eventing.Reader.EventProperty]"
"The MDCoreSvc service failed to start due to the following error: 
The service did not start due to a logon failure.","7000","0","49152","2","0","0","-9187343239835811840","2883","Service Control Manager","555908d1-a6d7-4695-8e1e-26931d2012f4","System","816","3660","ASCENDI-TO54V57",,"7/20/2025 9:48:59 PM",,,"System","System.UInt32[]","System.Diagnostics.Eventing.Reader.EventBookmark","Error",,,"System.Collections.ObjectModel.ReadOnlyCollection`1[System.String]","System.Collections.Generic.List`1[System.Diagnostics.Eventing.Reader.EventProperty]"
"The MDCoreSvc service was unable to log on as NT AUTHORITY\SYSTEM with the currently configured password due to the following error: 
The request is not supported.

To ensure that the service is configured properly, use the Services snap-in in Microsoft Management Console (MMC).","7038","0","49152","2","0","0","-9187343239835811840","2882","Service Control Manager","555908d1-a6d7-4695-8e1e-26931d2012f4","System","816","3660","ASCENDI-TO54V57",,"7/20/2025 9:48:59 PM",,,"System","System.UInt32[]","System.Diagnostics.Eventing.Reader.EventBookmark","Error",,,"System.Collections.ObjectModel.ReadOnlyCollection`1[System.String]","System.Collections.Generic.List`1[System.Diagnostics.Eventing.Reader.EventProperty]"
"The DPS service failed to start due to the following error: 
The service did not start due to a logon failure.","7000","0","49152","2","0","0","-9187343239835811840","2880","Service Control Manager","555908d1-a6d7-4695-8e1e-26931d2012f4","System","816","3660","ASCENDI-TO54V57",,"7/20/2025 9:48:59 PM",,,"System","System.UInt32[]","System.Diagnostics.Eventing.Reader.EventBookmark","Error",,,"System.Collections.ObjectModel.ReadOnlyCollection`1[System.String]","System.Collections.Generic.List`1[System.Diagnostics.Eventing.Reader.EventProperty]"
"The DPS service was unable to log on as NT AUTHORITY\LocalService with the currently configured password due to the following error: 
The request is not supported.

To ensure that the service is configured properly, use the Services snap-in in Microsoft Management Console (MMC).","7038","0","49152","2","0","0","-9187343239835811840","2879","Service Control Manager","555908d1-a6d7-4695-8e1e-26931d2012f4","System","816","3660","ASCENDI-TO54V57",,"7/20/2025 9:48:59 PM",,,"System","System.UInt32[]","System.Diagnostics.Eventing.Reader.EventBookmark","Error",,,"System.Collections.ObjectModel.ReadOnlyCollection`1[System.String]","System.Collections.Generic.List`1[System.Diagnostics.Eventing.Reader.EventProperty]"
"The iphlpsvc service depends on the WinHttpAutoProxySvc service which failed to start because of the following error: 
The service has not been started.","7001","0","49152","2","0","0","-9187343239835811840","2878","Service Control Manager","555908d1-a6d7-4695-8e1e-26931d2012f4","System","816","1152","ASCENDI-TO54V57",,"7/20/2025 9:48:59 PM",,,"System","System.UInt32[]","System.Diagnostics.Eventing.Reader.EventBookmark","Error",,,"System.Collections.ObjectModel.ReadOnlyCollection`1[System.String]","System.Collections.Generic.List`1[System.Diagnostics.Eventing.Reader.EventProperty]"
"The DiagTrack service failed to start due to the following error: 
The service did not start due to a logon failure.","7000","0","49152","2","0","0","-9187343239835811840","2877","Service Control Manager","555908d1-a6d7-4695-8e1e-26931d2012f4","System","816","3660","ASCENDI-TO54V57",,"7/20/2025 9:48:59 PM",,,"System","System.UInt32[]","System.Diagnostics.Eventing.Reader.EventBookmark","Error",,,"System.Collections.ObjectModel.ReadOnlyCollection`1[System.String]","System.Collections.Generic.List`1[System.Diagnostics.Eventing.Reader.EventProperty]"
"The DiagTrack service was unable to log on as NT AUTHORITY\SYSTEM with the currently configured password due to the following error: 
The request is not supported.

