**********************
Windows PowerShell transcript start
Start time: 20250826122536
Username: ASCENDI-TO54V57\Ascendion
RunAs User: ASCENDI-TO54V57\Ascendion
Configuration Name: 
Machine: ASCENDI-TO54V57 (Microsoft Windows NT 10.0.26100.0)
Host Application: C:\Windows\System32\WindowsPowerShell\v1.0\powershell.exe
Process ID: 14968
PSVersion: 5.1.26100.4768
PSEdition: Desktop
PSCompatibleVersions: 1.0, 2.0, 3.0, 4.0, 5.0, 5.1.26100.4768
BuildVersion: 10.0.26100.4768
CLRVersion: 4.0.30319.42000
WSManStackVersion: 3.0
PSRemotingProtocolVersion: 2.3
SerializationVersion: 1.1.0.1
**********************
Transcript started, output file is C:\Users\Ascendion\Downloads\windowsperf_1.txt
PS C:\WINDOWS\system32> Write-Host "=================================================="
Write-Host "Executing Commands from Pages 1 & 2: PerfMon/Logman"
Write-Host "=================================================="

# Note: 'perfmon' opens a GUI and will not produce text output here.
Write-Host "Opening Performance Monitor (perfmon)..."
Start-Process perfmon
Start-Sleep -Seconds 2 # Give it a moment to open

Write-Host "`n--- Running typeperf to collect CPU usage for 1 minute ---"
typeperf "\Processor(_Total)\% Processor Time" -o "C:\Monitoring\cpu_usage.csv" -f CSV -si 5 -sc 12

Write-Host "`n--- Creating, running, and stopping a Logman Data Collector Set ---"
# Remove the counter set if it already exists to prevent errors
logman delete "WebServer Monitoring" -y | Out-Null
logman create counter "WebServer Monitoring" -c "\Web Service(_Total)\Bytes Total/sec" "\Web Service Cache\File Cache Hits %" -o "C:\Monitoring\web_monitoring.csv" -f csv
logman start "WebServer Monitoring"
Write-Host "Data collection started... waiting 15 seconds."
Start-Sleep -Seconds 15
logman stop "WebServer Monitoring"
Write-Host "Data collection stopped."

Write-Host "`n=================================================="
Write-Host "Executing Commands from Page 3: Resmon & Event Viewer"
Write-Host "=================================================="

# Note: 'resmon' opens a GUI and will not produce text output here.
Write-Host "Opening Resource Monitor (resmon)..."
Start-Process resmon
Start-Sleep -Seconds 2

Write-Host "`n--- Top 10 processes by CPU (PowerShell) ---"
Get-Process | Sort-Object CPU -Descending | Select-Object -First 10

Write-Host "`n--- Getting 50 most recent System Error logs (PowerShell) ---"
Get-EventLog -LogName System -EntryType Error -Newest 50

Write-Host "`n--- Getting 50 most recent Critical/Error logs (wevtutil) ---"
wevtutil qe System /c:50 /f:text /q:"*[System[(Level=1 or Level=2)]]"

Write-Host "`n--- Exporting all System Error logs to CSV ---"
Get-WinEvent -LogName System | Where-Object {$_.LevelDisplayName -eq "Error"} | Export-Csv -Path "C:\Monitoring\system_errors.csv" -NoTypeInformation
Write-Host "Exported to C:\Monitoring\system_errors.csv"

Write-Host "`n=================================================="
Write-Host "Executing Commands from Pages 4 & 5: IIS & .NET"
Write-Host "=================================================="

Write-Host "`n--- Listing all stopped services ---"
Get-Service | Where-Object {$_.Status -eq "Stopped"}

Write-Host "`n--- Listing all established network connections ---"
netstat -an | findstr ESTABLISHED

# IIS commands can fail if IIS is not installed.
if (Get-Module -ListAvailable -Name WebAdministration) {
    Write-Host "`n--- Importing IIS WebAdministration Module ---"
    Import-Module WebAdministration

    Write-Host "`n--- Enabling IIS Logging ---"
    # This command enables logging at the server level for default sites.
    Set-WebConfigurationProperty -Filter "system.applicationHost/sites/siteDefaults/logFile" -Name enabled -Value $true

    Write-Host "`n--- Monitoring Key IIS Performance Counters for 1 minute ---"
    $IISCounters = @(
        "\Web Service(_Total)\Bytes Sent/sec",
        "\Web Service(_Total)\Current Connections",
        "\ASP.NET\Requests Queued"
    )
    Get-Counter -Counter $IISCounters -SampleInterval 5 -MaxSamples 12

    Write-Host "`n--- Listing IIS Application Pools ---"
    Get-IISAppPool | Select-Object Name, State

    Write-Host "`n--- Monitoring .NET CLR Performance Counters ---"
    $DotNetCounters = @(
        "\.NET CLR Memory(_Global_)\% Time in GC",
        "\.NET CLR Exceptions(_Global_)\# of Exceps Thrown / sec"
    )
    Get-Counter -Counter $DotNetCounters -MaxSamples 3
} else {
    Write-Warning "IIS (WebAdministration Module) not found. Skipping IIS-specific commands."
}

Write-Host "`n=================================================="
Write-Host "Executing Script from Page 6: Custom Monitoring"
Write-Host "=================================================="

# Create the PowerShell script file from the document content
$MonitoringScript = @'
param(
    [int]$IntervalSeconds = 5,
    [int]$DurationMinutes = 1,
    [string]$OutputPath = "C:\Monitoring"
)
# Ensure output directory exists
if (!(Test-Path $OutputPath)) {
    New-Item -ItemType Directory -Path $OutputPath -Force
}
$EndTime = (Get-Date).AddMinutes($DurationMinutes)
$LogFile = Join-Path $OutputPath "performance_$(Get-Date -Format 'yyyyMMdd_HHmmss').log"
Write-Host "Starting monitoring... Output: $LogFile"
Write-Host "Duration: $DurationMinutes minutes, Interval: $IntervalSeconds seconds"
while ((Get-Date) -lt $EndTime) {
    $timestamp = Get-Date -Format "yyyy-MM-dd HH:mm:ss"
    # System metrics
    $cpu = (Get-Counter "\Processor(_Total)\% Processor Time").CounterSamples.CookedValue
    $memory = (Get-Counter "\Memory\Available MBytes").CounterSamples.CookedValue
    $diskQueue = (Get-Counter "\PhysicalDisk(_Total)\Current Disk Queue Length").CounterSamples.CookedValue
    
    $logEntry = "$timestamp, CPU:$([math]::Round($cpu, 2))%, Memory:$([math]::Round($memory, 2)) MB, DiskQueue:$([math]::Round($diskQueue, 2))"
    Add-Content -Path $LogFile -Value $logEntry
    Write-Host $logEntry
    Start-Sleep -Seconds $IntervalSeconds
}
Write-Host "Monitoring completed. Log saved to: $LogFile"
'@

$MonitoringScript | Out-File -FilePath "C:\Monitoring\CustomMonitoring.ps1" -Encoding UTF8 -Force

Write-Host "`n--- Running the custom monitoring script for 1 minute ---"
# Execute the newly created script
& "C:\Monitoring\CustomMonitoring.ps1" -DurationMinutes 1 -IntervalSeconds 5

Write-Host "`n=================================================="
Write-Host "All commands have been executed."
Write-Host "=================================================="

# Stop the transcript
Stop-Transcript

Write-Host "`nTranscript file saved to: C:\Monitoring\Monitoring_Session_Transcript.txt"
Write-Host "Additional output files (CSV, LOG) are also in C:\Monitoring"
==================================================
Executing Commands from Pages 1 & 2: PerfMon/Logman
==================================================
Opening Performance Monitor (perfmon)...

--- Running typeperf to collect CPU usage for 1 minute ---


The command completed successfully.

--- Creating, running, and stopping a Logman Data Collector Set ---
The command completed successfully.
The command completed successfully.
Data collection started... waiting 15 seconds.
The command completed successfully.
Data collection stopped.

==================================================
Executing Commands from Page 3: Resmon & Event Viewer
==================================================
Opening Resource Monitor (resmon)...

--- Top 10 processes by CPU (PowerShell) ---

Handles  NPM(K)    PM(K)      WS(K)     CPU(s)     Id  SI ProcessName
-------  ------    -----      -----     ------     --  -- -----------
   3665       0       40        168  18,017.97      4   0 System
   5362     154   142820     300808  10,355.25   1116   1 explorer
    249      14   105352     113808   3,857.27   2032   0 svchost
    739      26     2316       4280   2,362.22    704   1 csrss
    367      30   414452      35620   1,233.13   3756   0 mongod
    375      16    21500      27492   1,103.30   3064   0 svchost
    938     230   282728     217920   1,003.41   3168   0 MsMpEng
    458      21     5376      20028     905.22   3240   0 svchost
   1159     113   124500     164120     769.86   1056   1 dwm
    167      11     3400       5340     535.66   1776   0 VBoxService

--- Getting 50 most recent System Error logs (PowerShell) ---

MachineName        : ASCENDI-TO54V57
Data               : {}
Index              : 6181
Category           : (0)
CategoryNumber     : 0
EventID            : 10005
EntryType          : Error
Message            : The description for Event ID '10005' in Source 'DCOM' cannot be found.  The local computer may
                     not have the necessary registry information or message DLL files to display the message, or you
                     may not have permission to access them.  The following information is part of the event:'1053',
                     'GoogleUpdaterService141.0.7352.0', '--com-service', '{8018F647-BF07-55BB-82BE-A2D7049F7CE4}'
Source             : DCOM
ReplacementStrings : {1053, GoogleUpdaterService141.0.7352.0, --com-service, {8018F647-BF07-55BB-82BE-A2D7049F7CE4}}
InstanceId         : 10005
TimeGenerated      : 8/26/2025 12:15:49 PM
TimeWritten        : 8/26/2025 12:15:49 PM
UserName           : NT AUTHORITY\SYSTEM
Site               :
Container          :


MachineName        : ASCENDI-TO54V57
Data               : {71, 0, 111, 0...}
Index              : 6180
Category           : (0)
CategoryNumber     : 0
EventID            : 7000
EntryType          : Error
Message            : The Google Updater Service (GoogleUpdaterService141.0.7352.0) service failed to start due to the
                     following error:
                     %%1053
Source             : Service Control Manager
ReplacementStrings : {Google Updater Service (GoogleUpdaterService141.0.7352.0), %%1053}
InstanceId         : 3221232472
TimeGenerated      : 8/26/2025 12:15:49 PM
TimeWritten        : 8/26/2025 12:15:49 PM
UserName           :
Site               :
Container          :


MachineName        : ASCENDI-TO54V57
Data               : {71, 0, 111, 0...}
Index              : 6179
Category           : (0)
CategoryNumber     : 0
EventID            : 7009
EntryType          : Error
Message            : A timeout was reached (30000 milliseconds) while waiting for the Google Updater Service
                     (GoogleUpdaterService141.0.7352.0) service to connect.
Source             : Service Control Manager
ReplacementStrings : {30000, Google Updater Service (GoogleUpdaterService141.0.7352.0)}
InstanceId         : 3221232481
TimeGenerated      : 8/26/2025 12:15:49 PM
TimeWritten        : 8/26/2025 12:15:49 PM
UserName           :
Site               :
Container          :


MachineName        : ASCENDI-TO54V57
Data               : {}
Index              : 6171
Category           : (0)
CategoryNumber     : 0
EventID            : 7011
EntryType          : Error
Message            : A timeout (30000 milliseconds) was reached while waiting for a transaction response from the
                     SysMain service.
Source             : Service Control Manager
ReplacementStrings : {30000, SysMain}
InstanceId         : 3221232483
TimeGenerated      : 8/26/2025 11:08:33 AM
TimeWritten        : 8/26/2025 11:08:33 AM
UserName           :
Site               :
Container          :


MachineName        : ASCENDI-TO54V57
Data               : {}
Index              : 6156
Category           : (0)
CategoryNumber     : 0
EventID            : 1795
EntryType          : Error
Message            : The system firmware returned an error -2147467259 when attempting to update a Secure Boot
                     variable. For more information, please see https://go.microsoft.com/fwlink/?linkid=2169931
Source             : Microsoft-Windows-TPM-WMI
ReplacementStrings : {-2147467259}
InstanceId         : 1795
TimeGenerated      : 8/26/2025 9:18:49 AM
TimeWritten        : 8/26/2025 9:18:49 AM
UserName           : NT AUTHORITY\SYSTEM
Site               :
Container          :


MachineName        : ASCENDI-TO54V57
Data               : {}
Index              : 6153
Category           : (0)
CategoryNumber     : 0
EventID            : 10005
EntryType          : Error
Message            : The description for Event ID '10005' in Source 'DCOM' cannot be found.  The local computer may
                     not have the necessary registry information or message DLL files to display the message, or you
                     may not have permission to access them.  The following information is part of the event:'1053',
                     'WaaSMedicSvc', 'Unavailable', '{72566E27-1ABB-4EB3-B4F0-EB431CB1CB32}'
Source             : DCOM
ReplacementStrings : {1053, WaaSMedicSvc, Unavailable, {72566E27-1ABB-4EB3-B4F0-EB431CB1CB32}}
InstanceId         : 10005
TimeGenerated      : 8/26/2025 12:51:09 AM
TimeWritten        : 8/26/2025 12:51:09 AM
UserName           : NT AUTHORITY\SYSTEM
Site               :
Container          :


MachineName        : ASCENDI-TO54V57
Data               : {}
Index              : 6152
Category           : (0)
CategoryNumber     : 0
EventID            : 10010
EntryType          : Error
Message            : The description for Event ID '10010' in Source 'DCOM' cannot be found.  The local computer may
                     not have the necessary registry information or message DLL files to display the message, or you
                     may not have permission to access them.  The following information is part of the event:'Microsoft
                     .YourPhone_1.25072.63.0_x64__8wekyb3d8bbwe!App.AppXn958k7nsj8mxxmsepqdam8xk948t30sc.mca'
Source             : DCOM
ReplacementStrings : {Microsoft.YourPhone_1.25072.63.0_x64__8wekyb3d8bbwe!App.AppXn958k7nsj8mxxmsepqdam8xk948t30sc.mca}
InstanceId         : 10010
TimeGenerated      : 8/26/2025 12:51:09 AM
TimeWritten        : 8/26/2025 12:51:09 AM
UserName           : ASCENDI-TO54V57\Ascendion
Site               :
Container          :


MachineName        : ASCENDI-TO54V57
Data               : {87, 0, 97, 0...}
Index              : 6151
Category           : (0)
CategoryNumber     : 0
EventID            : 7000
EntryType          : Error
Message            : The WaaSMedicSvc service failed to start due to the following error:
                     %%1053
Source             : Service Control Manager
ReplacementStrings : {WaaSMedicSvc, %%1053}
InstanceId         : 3221232472
TimeGenerated      : 8/26/2025 12:51:09 AM
TimeWritten        : 8/26/2025 12:51:09 AM
UserName           :
Site               :
Container          :


MachineName        : ASCENDI-TO54V57
Data               : {87, 0, 97, 0...}
Index              : 6150
Category           : (0)
CategoryNumber     : 0
EventID            : 7009
EntryType          : Error
Message            : A timeout was reached (30000 milliseconds) while waiting for the WaaSMedicSvc service to connect.
Source             : Service Control Manager
ReplacementStrings : {30000, WaaSMedicSvc}
InstanceId         : 3221232481
TimeGenerated      : 8/26/2025 12:51:09 AM
TimeWritten        : 8/26/2025 12:51:09 AM
UserName           :
Site               :
Container          :


MachineName        : ASCENDI-TO54V57
Data               : {}
Index              : 6138
Category           : (0)
CategoryNumber     : 0
EventID            : 7011
EntryType          : Error
Message            : A timeout (30000 milliseconds) was reached while waiting for a transaction response from the
                     SysMain service.
Source             : Service Control Manager
ReplacementStrings : {30000, SysMain}
InstanceId         : 3221232483
TimeGenerated      : 8/25/2025 8:50:43 PM
TimeWritten        : 8/25/2025 8:50:43 PM
UserName           :
Site               :
Container          :


MachineName        : ASCENDI-TO54V57
Data               : {}
Index              : 6131
Category           : (0)
CategoryNumber     : 0
EventID            : 1795
EntryType          : Error
Message            : The system firmware returned an error -2147467259 when attempting to update a Secure Boot
                     variable. For more information, please see https://go.microsoft.com/fwlink/?linkid=2169931
Source             : Microsoft-Windows-TPM-WMI
ReplacementStrings : {-2147467259}
InstanceId         : 1795
TimeGenerated      : 8/25/2025 7:57:54 PM
TimeWritten        : 8/25/2025 7:57:54 PM
UserName           : NT AUTHORITY\SYSTEM
Site               :
Container          :


MachineName        : ASCENDI-TO54V57
Data               : {}
Index              : 6126
Category           : (0)
CategoryNumber     : 0
EventID            : 10005
EntryType          : Error
Message            : The description for Event ID '10005' in Source 'DCOM' cannot be found.  The local computer may
                     not have the necessary registry information or message DLL files to display the message, or you
                     may not have permission to access them.  The following information is part of the event:'1053',
                     'BITS', 'Unavailable', '{4991D34B-80A1-4291-83B6-3328366B9097}'
Source             : DCOM
ReplacementStrings : {1053, BITS, Unavailable, {4991D34B-80A1-4291-83B6-3328366B9097}}
InstanceId         : 10005
TimeGenerated      : 8/25/2025 6:57:19 PM
TimeWritten        : 8/25/2025 6:57:19 PM
UserName           : NT AUTHORITY\LOCAL SERVICE
Site               :
Container          :


MachineName        : ASCENDI-TO54V57
Data               : {}
Index              : 6125
Category           : (0)
CategoryNumber     : 0
EventID            : 10005
EntryType          : Error
Message            : The description for Event ID '10005' in Source 'DCOM' cannot be found.  The local computer may
                     not have the necessary registry information or message DLL files to display the message, or you
                     may not have permission to access them.  The following information is part of the event:'1053',
                     'WaaSMedicSvc', 'Unavailable', '{72566E27-1ABB-4EB3-B4F0-EB431CB1CB32}'
Source             : DCOM
ReplacementStrings : {1053, WaaSMedicSvc, Unavailable, {72566E27-1ABB-4EB3-B4F0-EB431CB1CB32}}
InstanceId         : 10005
TimeGenerated      : 8/25/2025 6:57:19 PM
TimeWritten        : 8/25/2025 6:57:19 PM
UserName           : NT AUTHORITY\SYSTEM
Site               :
Container          :


MachineName        : ASCENDI-TO54V57
Data               : {66, 0, 73, 0...}
Index              : 6124
Category           : (0)
CategoryNumber     : 0
EventID            : 7000
EntryType          : Error
Message            : The Background Intelligent Transfer Service service failed to start due to the following error:
                     %%1053
Source             : Service Control Manager
ReplacementStrings : {Background Intelligent Transfer Service, %%1053}
InstanceId         : 3221232472
TimeGenerated      : 8/25/2025 6:57:19 PM
TimeWritten        : 8/25/2025 6:57:19 PM
UserName           :
Site               :
Container          :


MachineName        : ASCENDI-TO54V57
Data               : {66, 0, 73, 0...}
Index              : 6123
Category           : (0)
CategoryNumber     : 0
EventID            : 7009
EntryType          : Error
Message            : A timeout was reached (30000 milliseconds) while waiting for the Background Intelligent Transfer
                     Service service to connect.
Source             : Service Control Manager
ReplacementStrings : {30000, Background Intelligent Transfer Service}
InstanceId         : 3221232481
TimeGenerated      : 8/25/2025 6:57:19 PM
TimeWritten        : 8/25/2025 6:57:19 PM
UserName           :
Site               :
Container          :


MachineName        : ASCENDI-TO54V57
Data               : {87, 0, 97, 0...}
Index              : 6122
Category           : (0)
CategoryNumber     : 0
EventID            : 7000
EntryType          : Error
Message            : The WaaSMedicSvc service failed to start due to the following error:
                     %%1053
Source             : Service Control Manager
ReplacementStrings : {WaaSMedicSvc, %%1053}
InstanceId         : 3221232472
TimeGenerated      : 8/25/2025 6:57:19 PM
TimeWritten        : 8/25/2025 6:57:19 PM
UserName           :
Site               :
Container          :


MachineName        : ASCENDI-TO54V57
Data               : {87, 0, 97, 0...}
Index              : 6121
Category           : (0)
CategoryNumber     : 0
EventID            : 7009
EntryType          : Error
Message            : A timeout was reached (30000 milliseconds) while waiting for the WaaSMedicSvc service to connect.
Source             : Service Control Manager
ReplacementStrings : {30000, WaaSMedicSvc}
InstanceId         : 3221232481
TimeGenerated      : 8/25/2025 6:57:19 PM
TimeWritten        : 8/25/2025 6:57:19 PM
UserName           :
Site               :
Container          :


MachineName        : ASCENDI-TO54V57
Data               : {}
Index              : 6054
Category           : (0)
CategoryNumber     : 0
EventID            : 1795
EntryType          : Error
Message            : The system firmware returned an error -2147467259 when attempting to update a Secure Boot
                     variable. For more information, please see https://go.microsoft.com/fwlink/?linkid=2169931
Source             : Microsoft-Windows-TPM-WMI
ReplacementStrings : {-2147467259}
InstanceId         : 1795
TimeGenerated      : 8/25/2025 12:32:26 PM
TimeWritten        : 8/25/2025 12:32:26 PM
UserName           : NT AUTHORITY\SYSTEM
Site               :
Container          :


MachineName        : ASCENDI-TO54V57
Data               : {115, 0, 112, 0...}
Index              : 6049
Category           : (0)
CategoryNumber     : 0
EventID            : 7000
EntryType          : Error
Message            : The Software Protection service failed to start due to the following error:
                     %%1053
Source             : Service Control Manager
ReplacementStrings : {Software Protection, %%1053}
InstanceId         : 3221232472
TimeGenerated      : 8/24/2025 3:41:03 AM
TimeWritten        : 8/24/2025 3:41:03 AM
UserName           :
Site               :
Container          :


MachineName        : ASCENDI-TO54V57
Data               : {115, 0, 112, 0...}
Index              : 6048
Category           : (0)
CategoryNumber     : 0
EventID            : 7009
EntryType          : Error
Message            : A timeout was reached (30000 milliseconds) while waiting for the Software Protection service to
                     connect.
Source             : Service Control Manager
ReplacementStrings : {30000, Software Protection}
InstanceId         : 3221232481
TimeGenerated      : 8/24/2025 3:41:03 AM
TimeWritten        : 8/24/2025 3:41:03 AM
UserName           :
Site               :
Container          :


MachineName        : ASCENDI-TO54V57
Data               : {87, 0, 101, 0...}
Index              : 6047
Category           : (0)
CategoryNumber     : 0
EventID            : 7009
EntryType          : Error
Message            : A timeout was reached (30000 milliseconds) while waiting for the Windows Error Reporting Service
                     service to connect.
Source             : Service Control Manager
ReplacementStrings : {30000, Windows Error Reporting Service}
InstanceId         : 3221232481
TimeGenerated      : 8/24/2025 3:41:02 AM
TimeWritten        : 8/24/2025 3:41:02 AM
UserName           :
Site               :
Container          :


MachineName        : ASCENDI-TO54V57
Data               : {}
Index              : 6046
Category           : (0)
CategoryNumber     : 0
EventID            : 7011
EntryType          : Error
Message            : A timeout (30000 milliseconds) was reached while waiting for a transaction response from the
                     iphlpsvc service.
Source             : Service Control Manager
ReplacementStrings : {30000, iphlpsvc}
InstanceId         : 3221232483
TimeGenerated      : 8/24/2025 3:41:02 AM
TimeWritten        : 8/24/2025 3:41:02 AM
UserName           :
Site               :
Container          :


MachineName        : ASCENDI-TO54V57
Data               : {}
Index              : 6045
Category           : (0)
CategoryNumber     : 0
EventID            : 7011
EntryType          : Error
Message            : A timeout (30000 milliseconds) was reached while waiting for a transaction response from the
                     DiagTrack service.
Source             : Service Control Manager
ReplacementStrings : {30000, DiagTrack}
InstanceId         : 3221232483
TimeGenerated      : 8/24/2025 3:41:02 AM
TimeWritten        : 8/24/2025 3:41:02 AM
UserName           :
Site               :
Container          :


MachineName        : ASCENDI-TO54V57
Data               : {87, 0, 101, 0...}
Index              : 6042
Category           : (0)
CategoryNumber     : 0
EventID            : 7009
EntryType          : Error
Message            : A timeout was reached (30000 milliseconds) while waiting for the Windows Error Reporting Service
                     service to connect.
Source             : Service Control Manager
ReplacementStrings : {30000, Windows Error Reporting Service}
InstanceId         : 3221232481
TimeGenerated      : 8/24/2025 1:40:16 AM
TimeWritten        : 8/24/2025 1:40:16 AM
UserName           :
Site               :
Container          :


MachineName        : ASCENDI-TO54V57
Data               : {}
Index              : 6039
Category           : (0)
CategoryNumber     : 0
EventID            : 7011
EntryType          : Error
Message            : A timeout (30000 milliseconds) was reached while waiting for a transaction response from the
                     RasMan service.
Source             : Service Control Manager
ReplacementStrings : {30000, RasMan}
InstanceId         : 3221232483
TimeGenerated      : 8/24/2025 1:40:16 AM
TimeWritten        : 8/24/2025 1:40:16 AM
UserName           :
Site               :
Container          :


MachineName        : ASCENDI-TO54V57
Data               : {}
Index              : 6001
Category           : (0)
CategoryNumber     : 0
EventID            : 1795
EntryType          : Error
Message            : The system firmware returned an error -2147467259 when attempting to update a Secure Boot
                     variable. For more information, please see https://go.microsoft.com/fwlink/?linkid=2169931
Source             : Microsoft-Windows-TPM-WMI
ReplacementStrings : {-2147467259}
InstanceId         : 1795
TimeGenerated      : 8/23/2025 7:18:15 PM
TimeWritten        : 8/23/2025 7:18:15 PM
UserName           : NT AUTHORITY\SYSTEM
Site               :
Container          :


MachineName        : ASCENDI-TO54V57
Data               : {233, 7, 8, 0...}
Index              : 5909
Category           : (0)
CategoryNumber     : 0
EventID            : 6008
EntryType          : Error
Message            : The previous system shutdown at 6:43:19 PM on ‎8/‎23/‎2025 was unexpected.
Source             : EventLog
ReplacementStrings : {6:43:19 PM, ‎8/‎23/‎2025, , ...}
InstanceId         : 2147489656
TimeGenerated      : 8/23/2025 7:13:14 PM
TimeWritten        : 8/23/2025 7:13:14 PM
UserName           :
Site               :
Container          :


MachineName        : ASCENDI-TO54V57
Data               : {}
Index              : 5892
Category           : (0)
CategoryNumber     : 0
EventID            : 10010
EntryType          : Error
Message            : The description for Event ID '10010' in Source 'DCOM' cannot be found.  The local computer may
                     not have the necessary registry information or message DLL files to display the message, or you
                     may not have permission to access them.  The following information is part of the event:'Microsoft
                     Windows.Client.CBS_1000.26100.197.0_x64__cw5n1h2txyewy!Global.RulesEngine.AppX5z5kfs8055rf6ttb3wq8
                     ztd1bbgncvdy.mca'
Source             : DCOM
ReplacementStrings : {MicrosoftWindows.Client.CBS_1000.26100.197.0_x64__cw5n1h2txyewy!Global.RulesEngine.AppX5z5kfs8055
                     rf6ttb3wq8ztd1bbgncvdy.mca}
InstanceId         : 10010
TimeGenerated      : 8/22/2025 11:43:44 PM
TimeWritten        : 8/22/2025 11:43:44 PM
UserName           : ASCENDI-TO54V57\Ascendion
Site               :
Container          :


MachineName        : ASCENDI-TO54V57
Data               : {}
Index              : 5891
Category           : (0)
CategoryNumber     : 0
EventID            : 10010
EntryType          : Error
Message            : The description for Event ID '10010' in Source 'DCOM' cannot be found.  The local computer may
                     not have the necessary registry information or message DLL files to display the message, or you
                     may not have permission to access them.  The following information is part of the event:'Microsoft
                     .YourPhone_1.25072.63.0_x64__8wekyb3d8bbwe!App.AppXn958k7nsj8mxxmsepqdam8xk948t30sc.mca'
Source             : DCOM
ReplacementStrings : {Microsoft.YourPhone_1.25072.63.0_x64__8wekyb3d8bbwe!App.AppXn958k7nsj8mxxmsepqdam8xk948t30sc.mca}
InstanceId         : 10010
TimeGenerated      : 8/22/2025 11:43:43 PM
TimeWritten        : 8/22/2025 11:43:43 PM
UserName           : ASCENDI-TO54V57\Ascendion
Site               :
Container          :


MachineName        : ASCENDI-TO54V57
Data               : {}
Index              : 5885
Category           : (0)
CategoryNumber     : 0
EventID            : 10005
EntryType          : Error
Message            : The description for Event ID '10005' in Source 'DCOM' cannot be found.  The local computer may
                     not have the necessary registry information or message DLL files to display the message, or you
                     may not have permission to access them.  The following information is part of the event:'1053',
                     'WaaSMedicSvc', 'Unavailable', '{72566E27-1ABB-4EB3-B4F0-EB431CB1CB32}'
Source             : DCOM
ReplacementStrings : {1053, WaaSMedicSvc, Unavailable, {72566E27-1ABB-4EB3-B4F0-EB431CB1CB32}}
InstanceId         : 10005
TimeGenerated      : 8/22/2025 6:48:30 PM
TimeWritten        : 8/22/2025 6:48:30 PM
UserName           : NT AUTHORITY\SYSTEM
Site               :
Container          :


MachineName        : ASCENDI-TO54V57
Data               : {87, 0, 97, 0...}
Index              : 5884
Category           : (0)
CategoryNumber     : 0
EventID            : 7000
EntryType          : Error
Message            : The WaaSMedicSvc service failed to start due to the following error:
                     %%1053
Source             : Service Control Manager
ReplacementStrings : {WaaSMedicSvc, %%1053}
InstanceId         : 3221232472
TimeGenerated      : 8/22/2025 6:48:29 PM
TimeWritten        : 8/22/2025 6:48:29 PM
UserName           :
Site               :
Container          :


MachineName        : ASCENDI-TO54V57
Data               : {87, 0, 97, 0...}
Index              : 5883
Category           : (0)
CategoryNumber     : 0
EventID            : 7009
EntryType          : Error
Message            : A timeout was reached (30000 milliseconds) while waiting for the WaaSMedicSvc service to connect.
Source             : Service Control Manager
ReplacementStrings : {30000, WaaSMedicSvc}
InstanceId         : 3221232481
TimeGenerated      : 8/22/2025 6:48:29 PM
TimeWritten        : 8/22/2025 6:48:29 PM
UserName           :
Site               :
Container          :


MachineName        : ASCENDI-TO54V57
Data               : {}
Index              : 5814
Category           : (0)
CategoryNumber     : 0
EventID            : 1795
EntryType          : Error
Message            : The system firmware returned an error -2147467259 when attempting to update a Secure Boot
                     variable. For more information, please see https://go.microsoft.com/fwlink/?linkid=2169931
Source             : Microsoft-Windows-TPM-WMI
ReplacementStrings : {-2147467259}
InstanceId         : 1795
TimeGenerated      : 8/22/2025 9:53:30 AM
TimeWritten        : 8/22/2025 9:53:30 AM
UserName           : NT AUTHORITY\SYSTEM
Site               :
Container          :


MachineName        : ASCENDI-TO54V57
Data               : {}
Index              : 5810
Category           : (0)
CategoryNumber     : 0
EventID            : 10010
EntryType          : Error
Message            : The description for Event ID '10010' in Source 'DCOM' cannot be found.  The local computer may
                     not have the necessary registry information or message DLL files to display the message, or you
                     may not have permission to access them.  The following information is part of the event:'Microsoft
                     .WindowsStore_22506.1401.10.0_x64__8wekyb3d8bbwe!App.AppXmr37eay91n1zzgqzqj9y7h4f8rjs7zyz.mca'
Source             : DCOM
ReplacementStrings : {Microsoft.WindowsStore_22506.1401.10.0_x64__8wekyb3d8bbwe!App.AppXmr37eay91n1zzgqzqj9y7h4f8rjs7zy
                     z.mca}
InstanceId         : 10010
TimeGenerated      : 8/21/2025 5:06:39 PM
TimeWritten        : 8/21/2025 5:06:39 PM
UserName           : ASCENDI-TO54V57\Ascendion
Site               :
Container          :


MachineName        : ASCENDI-TO54V57
Data               : {}
Index              : 5805
Category           : (0)
CategoryNumber     : 0
EventID            : 1795
EntryType          : Error
Message            : The system firmware returned an error -2147467259 when attempting to update a Secure Boot
                     variable. For more information, please see https://go.microsoft.com/fwlink/?linkid=2169931
Source             : Microsoft-Windows-TPM-WMI
ReplacementStrings : {-2147467259}
InstanceId         : 1795
TimeGenerated      : 8/21/2025 3:46:35 PM
TimeWritten        : 8/21/2025 3:46:35 PM
UserName           : NT AUTHORITY\SYSTEM
Site               :
Container          :


MachineName        : ASCENDI-TO54V57
Data               : {68, 0, 105, 0...}
Index              : 5787
Category           : (0)
CategoryNumber     : 0
EventID            : 7031
EntryType          : Error
Message            : The Connected User Experiences and Telemetry service terminated unexpectedly.  It has done this 1
                     time(s).  The following corrective action will be taken in 30000 milliseconds: Restart the
                     service.
Source             : Service Control Manager
ReplacementStrings : {Connected User Experiences and Telemetry, 1, 30000, 1...}
InstanceId         : 3221232503
TimeGenerated      : 8/21/2025 2:13:04 PM
TimeWritten        : 8/21/2025 2:13:04 PM
UserName           :
Site               :
Container          :


MachineName        : ASCENDI-TO54V57
Data               : {}
Index              : 5758
Category           : (0)
CategoryNumber     : 0
EventID            : 10005
EntryType          : Error
Message            : The description for Event ID '10005' in Source 'DCOM' cannot be found.  The local computer may
                     not have the necessary registry information or message DLL files to display the message, or you
                     may not have permission to access them.  The following information is part of the event:'1053',
                     'GoogleUpdaterInternalService141.0.7352.0', '--com-service',
                     '{B0207685-C04C-5AD1-92F1-F7C9B4931FB1}'
Source             : DCOM
ReplacementStrings : {1053, GoogleUpdaterInternalService141.0.7352.0, --com-service,
                     {B0207685-C04C-5AD1-92F1-F7C9B4931FB1}}
InstanceId         : 10005
TimeGenerated      : 8/21/2025 10:32:59 AM
TimeWritten        : 8/21/2025 10:32:59 AM
UserName           : NT AUTHORITY\SYSTEM
Site               :
Container          :


MachineName        : ASCENDI-TO54V57
Data               : {71, 0, 111, 0...}
Index              : 5757
Category           : (0)
CategoryNumber     : 0
EventID            : 7000
EntryType          : Error
Message            : The Google Updater Internal Service (GoogleUpdaterInternalService141.0.7352.0) service failed to
                     start due to the following error:
                     %%1053
Source             : Service Control Manager
ReplacementStrings : {Google Updater Internal Service (GoogleUpdaterInternalService141.0.7352.0), %%1053}
InstanceId         : 3221232472
TimeGenerated      : 8/21/2025 10:32:59 AM
TimeWritten        : 8/21/2025 10:32:59 AM
UserName           :
Site               :
Container          :


MachineName        : ASCENDI-TO54V57
Data               : {71, 0, 111, 0...}
Index              : 5756
Category           : (0)
CategoryNumber     : 0
EventID            : 7009
EntryType          : Error
Message            : A timeout was reached (30000 milliseconds) while waiting for the Google Updater Internal Service
                     (GoogleUpdaterInternalService141.0.7352.0) service to connect.
Source             : Service Control Manager
ReplacementStrings : {30000, Google Updater Internal Service (GoogleUpdaterInternalService141.0.7352.0)}
InstanceId         : 3221232481
TimeGenerated      : 8/21/2025 10:32:59 AM
TimeWritten        : 8/21/2025 10:32:59 AM
UserName           :
Site               :
Container          :


MachineName        : ASCENDI-TO54V57
Data               : {}
Index              : 5741
Category           : (0)
CategoryNumber     : 0
EventID            : 1795
EntryType          : Error
Message            : The system firmware returned an error -2147467259 when attempting to update a Secure Boot
                     variable. For more information, please see https://go.microsoft.com/fwlink/?linkid=2169931
Source             : Microsoft-Windows-TPM-WMI
ReplacementStrings : {-2147467259}
InstanceId         : 1795
TimeGenerated      : 8/21/2025 9:17:27 AM
TimeWritten        : 8/21/2025 9:17:27 AM
UserName           : NT AUTHORITY\SYSTEM
Site               :
Container          :


MachineName        : ASCENDI-TO54V57
Data               : {}
Index              : 5720
Category           : (0)
CategoryNumber     : 0
EventID            : 10010
EntryType          : Error
Message            : The description for Event ID '10010' in Source 'DCOM' cannot be found.  The local computer may
                     not have the necessary registry information or message DLL files to display the message, or you
                     may not have permission to access them.  The following information is part of the
                     event:'{8CFC164F-4BE5-4FDD-94E9-E2AF73ED4A19}'
Source             : DCOM
ReplacementStrings : {{8CFC164F-4BE5-4FDD-94E9-E2AF73ED4A19}}
InstanceId         : 10010
TimeGenerated      : 8/20/2025 3:48:47 PM
TimeWritten        : 8/20/2025 3:48:47 PM
UserName           : ASCENDI-TO54V57\Ascendion
Site               :
Container          :


MachineName        : ASCENDI-TO54V57
Data               : {}
Index              : 5709
Category           : (0)
CategoryNumber     : 0
EventID            : 1795
EntryType          : Error
Message            : The system firmware returned an error -2147467259 when attempting to update a Secure Boot
                     variable. For more information, please see https://go.microsoft.com/fwlink/?linkid=2169931
Source             : Microsoft-Windows-TPM-WMI
ReplacementStrings : {-2147467259}
InstanceId         : 1795
TimeGenerated      : 8/20/2025 3:42:15 PM
TimeWritten        : 8/20/2025 3:42:15 PM
UserName           : NT AUTHORITY\SYSTEM
Site               :
Container          :


MachineName        : ASCENDI-TO54V57
Data               : {233, 7, 8, 0...}
Index              : 5614
Category           : (0)
CategoryNumber     : 0
EventID            : 6008
EntryType          : Error
Message            : The previous system shutdown at 3:25:35 PM on ‎8/‎20/‎2025 was unexpected.
Source             : EventLog
ReplacementStrings : {3:25:35 PM, ‎8/‎20/‎2025, , ...}
InstanceId         : 2147489656
TimeGenerated      : 8/20/2025 3:37:07 PM
TimeWritten        : 8/20/2025 3:37:07 PM
UserName           :
Site               :
Container          :


MachineName        : ASCENDI-TO54V57
Data               : {}
Index              : 5455
Category           : (0)
CategoryNumber     : 0
EventID            : 10010
EntryType          : Error
Message            : The description for Event ID '10010' in Source 'DCOM' cannot be found.  The local computer may
                     not have the necessary registry information or message DLL files to display the message, or you
                     may not have permission to access them.  The following information is part of the
                     event:'{AB8902B4-09CA-4BB6-B78D-A8F59079A8D5}'
Source             : DCOM
ReplacementStrings : {{AB8902B4-09CA-4BB6-B78D-A8F59079A8D5}}
InstanceId         : 10010
TimeGenerated      : 8/20/2025 3:15:45 PM
TimeWritten        : 8/20/2025 3:15:45 PM
UserName           : ASCENDI-TO54V57\Ascendion
Site               :
Container          :


MachineName        : ASCENDI-TO54V57
Data               : {}
Index              : 5454
Category           : (0)
CategoryNumber     : 0
EventID            : 10010
EntryType          : Error
Message            : The description for Event ID '10010' in Source 'DCOM' cannot be found.  The local computer may
                     not have the necessary registry information or message DLL files to display the message, or you
                     may not have permission to access them.  The following information is part of the
                     event:'{AB8902B4-09CA-4BB6-B78D-A8F59079A8D5}'
Source             : DCOM
ReplacementStrings : {{AB8902B4-09CA-4BB6-B78D-A8F59079A8D5}}
InstanceId         : 10010
TimeGenerated      : 8/20/2025 3:15:45 PM
TimeWritten        : 8/20/2025 3:15:45 PM
UserName           : ASCENDI-TO54V57\Ascendion
Site               :
Container          :


MachineName        : ASCENDI-TO54V57
Data               : {}
Index              : 5453
Category           : (0)
CategoryNumber     : 0
EventID            : 10010
EntryType          : Error
Message            : The description for Event ID '10010' in Source 'DCOM' cannot be found.  The local computer may
                     not have the necessary registry information or message DLL files to display the message, or you
                     may not have permission to access them.  The following information is part of the
                     event:'{AB8902B4-09CA-4BB6-B78D-A8F59079A8D5}'
Source             : DCOM
ReplacementStrings : {{AB8902B4-09CA-4BB6-B78D-A8F59079A8D5}}
InstanceId         : 10010
TimeGenerated      : 8/20/2025 3:15:45 PM
TimeWritten        : 8/20/2025 3:15:45 PM
UserName           : ASCENDI-TO54V57\Ascendion
Site               :
Container          :


MachineName        : ASCENDI-TO54V57
Data               : {}
Index              : 5452
Category           : (0)
CategoryNumber     : 0
EventID            : 10010
EntryType          : Error
Message            : The description for Event ID '10010' in Source 'DCOM' cannot be found.  The local computer may
                     not have the necessary registry information or message DLL files to display the message, or you
                     may not have permission to access them.  The following information is part of the
                     event:'{AB8902B4-09CA-4BB6-B78D-A8F59079A8D5}'
Source             : DCOM
ReplacementStrings : {{AB8902B4-09CA-4BB6-B78D-A8F59079A8D5}}
InstanceId         : 10010
TimeGenerated      : 8/20/2025 3:15:45 PM
TimeWritten        : 8/20/2025 3:15:45 PM
UserName           : ASCENDI-TO54V57\Ascendion
Site               :
Container          :


MachineName        : ASCENDI-TO54V57
Data               : {}
Index              : 5451
Category           : (0)
CategoryNumber     : 0
EventID            : 10010
EntryType          : Error
Message            : The description for Event ID '10010' in Source 'DCOM' cannot be found.  The local computer may
                     not have the necessary registry information or message DLL files to display the message, or you
                     may not have permission to access them.  The following information is part of the
                     event:'{AB8902B4-09CA-4BB6-B78D-A8F59079A8D5}'
Source             : DCOM
ReplacementStrings : {{AB8902B4-09CA-4BB6-B78D-A8F59079A8D5}}
InstanceId         : 10010
TimeGenerated      : 8/20/2025 3:15:45 PM
TimeWritten        : 8/20/2025 3:15:45 PM
UserName           : ASCENDI-TO54V57\Ascendion
Site               :
Container          :


MachineName        : ASCENDI-TO54V57
Data               : {}
Index              : 5450
Category           : (0)
CategoryNumber     : 0
EventID            : 10010
EntryType          : Error
Message            : The description for Event ID '10010' in Source 'DCOM' cannot be found.  The local computer may
                     not have the necessary registry information or message DLL files to display the message, or you
                     may not have permission to access them.  The following information is part of the
                     event:'{AB8902B4-09CA-4BB6-B78D-A8F59079A8D5}'
Source             : DCOM
ReplacementStrings : {{AB8902B4-09CA-4BB6-B78D-A8F59079A8D5}}
InstanceId         : 10010
TimeGenerated      : 8/20/2025 3:15:44 PM
TimeWritten        : 8/20/2025 3:15:44 PM
UserName           : ASCENDI-TO54V57\Ascendion
Site               :
Container          :


MachineName        : ASCENDI-TO54V57
Data               : {}
Index              : 5449
Category           : (0)
CategoryNumber     : 0
EventID            : 10010
EntryType          : Error
Message            : The description for Event ID '10010' in Source 'DCOM' cannot be found.  The local computer may
                     not have the necessary registry information or message DLL files to display the message, or you
                     may not have permission to access them.  The following information is part of the
                     event:'{AB8902B4-09CA-4BB6-B78D-A8F59079A8D5}'
Source             : DCOM
ReplacementStrings : {{AB8902B4-09CA-4BB6-B78D-A8F59079A8D5}}
InstanceId         : 10010
TimeGenerated      : 8/20/2025 3:15:44 PM
TimeWritten        : 8/20/2025 3:15:44 PM
UserName           : ASCENDI-TO54V57\Ascendion
Site               :
Container          :


--- Getting 50 most recent Critical/Error logs (wevtutil) ---
Event[0]
  Log Name: System
  Source: Service Control Manager
  Date: 2025-07-09T01:44:08.1280000Z
  Event ID: 7023
  Task: N/A
  Level: Error
  Opcode: N/A
  Keyword: Classic,
  User: N/A
  User Name: N/A
  Computer: ASCENDI-TO54V57
  Description:
The netprofm service terminated with the following error:
The device is not ready.

Event[1]
  Log Name: System
  Source: Microsoft-Windows-DistributedCOM
  Date: 2025-07-09T01:46:08.1490000Z
  Event ID: 10010
  Task: N/A
  Level: Error
  Opcode: Info
  Keyword: Classic,
  User: S-1-5-18
  User Name: NT AUTHORITY\SYSTEM
  Computer: ASCENDI-TO54V57
  Description:
The server {A47979D2-C419-11D9-A5B4-001185AD2B89} did not register with DCOM within the required timeout.

Event[2]
  Log Name: System
  Source: Service Control Manager
  Date: 2025-07-09T01:46:08.2920000Z
  Event ID: 7023
  Task: N/A
  Level: Error
  Opcode: N/A
  Keyword: Classic,
  User: N/A
  User Name: N/A
  Computer: ASCENDI-TO54V57
  Description:
The Network List Service service terminated with the following error:
The device is not ready.

Event[3]
  Log Name: System
  Source: Service Control Manager
  Date: 2025-07-09T01:46:14.1900000Z
  Event ID: 7030
  Task: N/A
  Level: Error
  Opcode: N/A
  Keyword: Classic,
  User: N/A
  User Name: N/A
  Computer: ASCENDI-TO54V57
  Description:
The Printer Extensions and Notifications service is marked as an interactive service.  However, the system is configured
 to not allow interactive services.  This service may not function properly.

Event[4]
  Log Name: System
  Source: Microsoft-Windows-TPM-WMI
  Date: 2025-07-08T13:19:37.3070000Z
  Event ID: 1795
  Task: N/A
  Level: Error
  Opcode: Info
  Keyword: N/A
  User: S-1-5-18
  User Name: NT AUTHORITY\SYSTEM
  Computer: ASCENDI-TO54V57
  Description:
The system firmware returned an error Access is denied. when attempting to update a Secure Boot variable. For more infor
mation, please see https://go.microsoft.com/fwlink/?linkid=2169931

Event[5]
  Log Name: System
  Source: EventLog
  Date: 2025-07-08T15:01:30.2560000Z
  Event ID: 6008
  Task: None
  Level: Error
  Opcode: N/A
  Keyword: Classic,
  User: N/A
  User Name: N/A
  Computer: ASCENDI-TO54V57
  Description:
The previous system shutdown at 2:13:00 PM on ‎7/‎8/‎2025 was unexpected.

