Event[6]
  Log Name: System
  Source: Microsoft-Windows-Kernel-Power
  Date: 2025-07-08T15:01:06.8880000Z
  Event ID: 41
  Task: N/A
  Level: Critical
  Opcode: Info
  Keyword: N/A
  User: S-1-5-18
  User Name: NT AUTHORITY\SYSTEM
  Computer: ASCENDI-TO54V57
  Description:
The system has rebooted without cleanly shutting down first. This error could be caused if the system stopped responding
, crashed, or lost power unexpectedly.

Event[7]
  Log Name: System
  Source: Microsoft-Windows-TPM-WMI
  Date: 2025-07-08T15:02:48.4250000Z
  Event ID: 1795
  Task: N/A
  Level: Error
  Opcode: Info
  Keyword: N/A
  User: S-1-5-18
  User Name: NT AUTHORITY\SYSTEM
  Computer: ASCENDI-TO54V57
  Description:
The system firmware returned an error Access is denied. when attempting to update a Secure Boot variable. For more infor
mation, please see https://go.microsoft.com/fwlink/?linkid=2169931

Event[8]
  Log Name: System
  Source: Microsoft-Windows-TPM-WMI
  Date: 2025-07-08T15:11:03.6370000Z
  Event ID: 1795
  Task: N/A
  Level: Error
  Opcode: Info
  Keyword: N/A
  User: S-1-5-18
  User Name: NT AUTHORITY\SYSTEM
  Computer: ASCENDI-TO54V57
  Description:
The system firmware returned an error Access is denied. when attempting to update a Secure Boot variable. For more infor
mation, please see https://go.microsoft.com/fwlink/?linkid=2169931

Event[9]
  Log Name: System
  Source: EventLog
  Date: 2025-07-08T15:12:38.0080000Z
  Event ID: 6008
  Task: None
  Level: Error
  Opcode: N/A
  Keyword: Classic,
  User: N/A
  User Name: N/A
  Computer: ASCENDI-TO54V57
  Description:
The previous system shutdown at 3:11:06 PM on ‎7/‎8/‎2025 was unexpected.

Event[10]
  Log Name: System
  Source: Microsoft-Windows-Kernel-Power
  Date: 2025-07-08T15:12:25.9310000Z
  Event ID: 41
  Task: N/A
  Level: Critical
  Opcode: Info
  Keyword: N/A
  User: S-1-5-18
  User Name: NT AUTHORITY\SYSTEM
  Computer: ASCENDI-TO54V57
  Description:
The system has rebooted without cleanly shutting down first. This error could be caused if the system stopped responding
, crashed, or lost power unexpectedly.

Event[11]
  Log Name: System
  Source: Microsoft-Windows-TPM-WMI
  Date: 2025-07-08T15:12:50.9490000Z
  Event ID: 1795
  Task: N/A
  Level: Error
  Opcode: Info
  Keyword: N/A
  User: S-1-5-18
  User Name: NT AUTHORITY\SYSTEM
  Computer: ASCENDI-TO54V57
  Description:
The system firmware returned an error Access is denied. when attempting to update a Secure Boot variable. For more infor
mation, please see https://go.microsoft.com/fwlink/?linkid=2169931

Event[12]
  Log Name: System
  Source: Microsoft-Windows-TPM-WMI
  Date: 2025-07-08T15:30:19.6240000Z
  Event ID: 1795
  Task: N/A
  Level: Error
  Opcode: Info
  Keyword: N/A
  User: S-1-5-18
  User Name: NT AUTHORITY\SYSTEM
  Computer: ASCENDI-TO54V57
  Description:
The system firmware returned an error Access is denied. when attempting to update a Secure Boot variable. For more infor
mation, please see https://go.microsoft.com/fwlink/?linkid=2169931

Event[13]
  Log Name: System
  Source: Microsoft-Windows-TPM-WMI
  Date: 2025-07-08T15:37:17.9290000Z
  Event ID: 1795
  Task: N/A
  Level: Error
  Opcode: Info
  Keyword: N/A
  User: S-1-5-18
  User Name: NT AUTHORITY\SYSTEM
  Computer: ASCENDI-TO54V57
  Description:
The system firmware returned an error Access is denied. when attempting to update a Secure Boot variable. For more infor
mation, please see https://go.microsoft.com/fwlink/?linkid=2169931

Event[14]
  Log Name: System
  Source: Microsoft-Windows-TPM-WMI
  Date: 2025-07-08T16:42:55.9010000Z
  Event ID: 1795
  Task: N/A
  Level: Error
  Opcode: Info
  Keyword: N/A
  User: S-1-5-18
  User Name: NT AUTHORITY\SYSTEM
  Computer: ASCENDI-TO54V57
  Description:
The system firmware returned an error Access is denied. when attempting to update a Secure Boot variable. For more infor
mation, please see https://go.microsoft.com/fwlink/?linkid=2169931

Event[15]
  Log Name: System
  Source: EventLog
  Date: 2025-07-09T09:34:31.9830000Z
  Event ID: 6008
  Task: None
  Level: Error
  Opcode: N/A
  Keyword: Classic,
  User: N/A
  User Name: N/A
  Computer: ASCENDI-TO54V57
  Description:
The previous system shutdown at 9:04:35 AM on ‎7/‎9/‎2025 was unexpected.

Event[16]
  Log Name: System
  Source: Microsoft-Windows-Kernel-Power
  Date: 2025-07-09T09:34:01.5840000Z
  Event ID: 41
  Task: N/A
  Level: Critical
  Opcode: Info
  Keyword: N/A
  User: S-1-5-18
  User Name: NT AUTHORITY\SYSTEM
  Computer: ASCENDI-TO54V57
  Description:
The system has rebooted without cleanly shutting down first. This error could be caused if the system stopped responding
, crashed, or lost power unexpectedly.

Event[17]
  Log Name: System
  Source: Microsoft-Windows-TPM-WMI
  Date: 2025-07-09T09:34:58.1060000Z
  Event ID: 1795
  Task: N/A
  Level: Error
  Opcode: Info
  Keyword: N/A
  User: S-1-5-18
  User Name: NT AUTHORITY\SYSTEM
  Computer: ASCENDI-TO54V57
  Description:
The system firmware returned an error Access is denied. when attempting to update a Secure Boot variable. For more infor
mation, please see https://go.microsoft.com/fwlink/?linkid=2169931

Event[18]
  Log Name: System
  Source: Microsoft-Windows-DistributedCOM
  Date: 2025-07-09T09:39:20.3440000Z
  Event ID: 10010
  Task: N/A
  Level: Error
  Opcode: Info
  Keyword: Classic,
  User: S-1-5-21-2030683021-3698505619-1924254093-1000
  User Name: ASCENDI-TO54V57\Ascendion
  Computer: ASCENDI-TO54V57
  Description:
The server {8CFC164F-4BE5-4FDD-94E9-E2AF73ED4A19} did not register with DCOM within the required timeout.

Event[19]
  Log Name: System
  Source: Microsoft-Windows-DistributedCOM
  Date: 2025-07-09T10:34:49.3230000Z
  Event ID: 10005
  Task: N/A
  Level: Error
  Opcode: Info
  Keyword: Classic,
  User: S-1-5-18
  User Name: NT AUTHORITY\SYSTEM
  Computer: ASCENDI-TO54V57
  Description:
DCOM got error "1115" attempting to start the service wuauserv with arguments "Unavailable" in order to run the server:
{E60687F7-01A1-40AA-86AC-DB1CBF673334}

Event[20]
  Log Name: System
  Source: Microsoft-Windows-DistributedCOM
  Date: 2025-07-09T10:34:49.4080000Z
  Event ID: 10005
  Task: N/A
  Level: Error
  Opcode: Info
  Keyword: Classic,
  User: S-1-5-18
  User Name: NT AUTHORITY\SYSTEM
  Computer: ASCENDI-TO54V57
  Description:
DCOM got error "1115" attempting to start the service wuauserv with arguments "Unavailable" in order to run the server:
{E60687F7-01A1-40AA-86AC-DB1CBF673334}

Event[21]
  Log Name: System
  Source: Microsoft-Windows-TPM-WMI
  Date: 2025-07-09T11:06:45.3730000Z
  Event ID: 1795
  Task: N/A
  Level: Error
  Opcode: Info
  Keyword: N/A
  User: S-1-5-18
  User Name: NT AUTHORITY\SYSTEM
  Computer: ASCENDI-TO54V57
  Description:
The system firmware returned an error Access is denied. when attempting to update a Secure Boot variable. For more infor
mation, please see https://go.microsoft.com/fwlink/?linkid=2169931

Event[22]
  Log Name: System
  Source: Microsoft-Windows-DistributedCOM
  Date: 2025-07-09T11:10:27.1720000Z
  Event ID: 10010
  Task: N/A
  Level: Error
  Opcode: Info
  Keyword: Classic,
  User: S-1-5-21-2030683021-3698505619-1924254093-1000
  User Name: ASCENDI-TO54V57\Ascendion
  Computer: ASCENDI-TO54V57
  Description:
The server {8CFC164F-4BE5-4FDD-94E9-E2AF73ED4A19} did not register with DCOM within the required timeout.

Event[23]
  Log Name: System
  Source: Microsoft-Windows-TPM-WMI
  Date: 2025-07-09T12:16:08.9870000Z
  Event ID: 1795
  Task: N/A
  Level: Error
  Opcode: Info
  Keyword: N/A
  User: S-1-5-18
  User Name: NT AUTHORITY\SYSTEM
  Computer: ASCENDI-TO54V57
  Description:
The system firmware returned an error Access is denied. when attempting to update a Secure Boot variable. For more infor
mation, please see https://go.microsoft.com/fwlink/?linkid=2169931

Event[24]
  Log Name: System
  Source: Microsoft-Windows-TPM-WMI
  Date: 2025-07-09T13:17:59.2210000Z
  Event ID: 1795
  Task: N/A
  Level: Error
  Opcode: Info
  Keyword: N/A
  User: S-1-5-18
  User Name: NT AUTHORITY\SYSTEM
  Computer: ASCENDI-TO54V57
  Description:
The system firmware returned an error Access is denied. when attempting to update a Secure Boot variable. For more infor
mation, please see https://go.microsoft.com/fwlink/?linkid=2169931

Event[25]
  Log Name: System
  Source: Microsoft-Windows-DistributedCOM
  Date: 2025-07-09T13:21:41.2980000Z
  Event ID: 10010
  Task: N/A
  Level: Error
  Opcode: Info
  Keyword: Classic,
  User: S-1-5-21-2030683021-3698505619-1924254093-1000
  User Name: ASCENDI-TO54V57\Ascendion
  Computer: ASCENDI-TO54V57
  Description:
The server {8CFC164F-4BE5-4FDD-94E9-E2AF73ED4A19} did not register with DCOM within the required timeout.

Event[26]
  Log Name: System
  Source: Microsoft-Windows-TPM-WMI
  Date: 2025-07-09T14:51:07.3690000Z
  Event ID: 1795
  Task: N/A
  Level: Error
  Opcode: Info
  Keyword: N/A
  User: S-1-5-18
  User Name: NT AUTHORITY\SYSTEM
  Computer: ASCENDI-TO54V57
  Description:
The system firmware returned an error Access is denied. when attempting to update a Secure Boot variable. For more infor
mation, please see https://go.microsoft.com/fwlink/?linkid=2169931

Event[27]
  Log Name: System
  Source: EventLog
  Date: 2025-07-09T14:53:09.1330000Z
  Event ID: 6008
  Task: None
  Level: Error
  Opcode: N/A
  Keyword: Classic,
  User: N/A
  User Name: N/A
  Computer: ASCENDI-TO54V57
  Description:
The previous system shutdown at 2:50:48 PM on ‎7/‎9/‎2025 was unexpected.

Event[28]
  Log Name: System
  Source: Microsoft-Windows-Kernel-Power
  Date: 2025-07-09T14:52:56.4460000Z
  Event ID: 41
  Task: N/A
  Level: Critical
  Opcode: Info
  Keyword: N/A
  User: S-1-5-18
  User Name: NT AUTHORITY\SYSTEM
  Computer: ASCENDI-TO54V57
  Description:
The system has rebooted without cleanly shutting down first. This error could be caused if the system stopped responding
, crashed, or lost power unexpectedly.

Event[29]
  Log Name: System
  Source: Microsoft-Windows-TPM-WMI
  Date: 2025-07-09T14:53:23.6190000Z
  Event ID: 1795
  Task: N/A
  Level: Error
  Opcode: Info
  Keyword: N/A
  User: S-1-5-18
  User Name: NT AUTHORITY\SYSTEM
  Computer: ASCENDI-TO54V57
  Description:
The system firmware returned an error Access is denied. when attempting to update a Secure Boot variable. For more infor
mation, please see https://go.microsoft.com/fwlink/?linkid=2169931

Event[30]
  Log Name: System
  Source: EventLog
  Date: 2025-07-09T14:56:53.5200000Z
  Event ID: 6008
  Task: None
  Level: Error
  Opcode: N/A
  Keyword: Classic,
  User: N/A
  User Name: N/A
  Computer: ASCENDI-TO54V57
  Description:
The previous system shutdown at 2:53:09 PM on ‎7/‎9/‎2025 was unexpected.

Event[31]
  Log Name: System
  Source: Microsoft-Windows-Kernel-Power
  Date: 2025-07-09T14:56:39.8620000Z
  Event ID: 41
  Task: N/A
  Level: Critical
  Opcode: Info
  Keyword: N/A
  User: S-1-5-18
  User Name: NT AUTHORITY\SYSTEM
  Computer: ASCENDI-TO54V57
  Description:
The system has rebooted without cleanly shutting down first. This error could be caused if the system stopped responding
, crashed, or lost power unexpectedly.

Event[32]
  Log Name: System
  Source: Microsoft-Windows-TPM-WMI
  Date: 2025-07-09T14:57:08.5340000Z
  Event ID: 1795
  Task: N/A
  Level: Error
  Opcode: Info
  Keyword: N/A
  User: S-1-5-18
  User Name: NT AUTHORITY\SYSTEM
  Computer: ASCENDI-TO54V57
  Description:
The system firmware returned an error Access is denied. when attempting to update a Secure Boot variable. For more infor
mation, please see https://go.microsoft.com/fwlink/?linkid=2169931

Event[33]
  Log Name: System
  Source: Microsoft-Windows-DistributedCOM
  Date: 2025-07-09T15:01:35.8950000Z
  Event ID: 10010
  Task: N/A
  Level: Error
  Opcode: Info
  Keyword: Classic,
  User: S-1-5-21-2030683021-3698505619-1924254093-1000
  User Name: ASCENDI-TO54V57\Ascendion
  Computer: ASCENDI-TO54V57
  Description:
The server {8CFC164F-4BE5-4FDD-94E9-E2AF73ED4A19} did not register with DCOM within the required timeout.

Event[34]
  Log Name: System
  Source: Microsoft-Windows-WindowsUpdateClient
  Date: 2025-07-09T16:19:52.0570000Z
  Event ID: 20
  Task: Windows Update Agent
  Level: Error
  Opcode: Installation
  Keyword: Installation,Failure,
  User: S-1-5-18
  User Name: NT AUTHORITY\SYSTEM
  Computer: ASCENDI-TO54V57
  Description:
Installation Failure: Windows failed to install the following update with error 0x80073D02: 9MSSGKG348SP-MicrosoftWindow
s.Client.WebExperience.

Event[35]
  Log Name: System
  Source: Microsoft-Windows-WindowsUpdateClient
  Date: 2025-07-09T16:27:55.8080000Z
  Event ID: 20
  Task: Windows Update Agent
  Level: Error
  Opcode: Installation
  Keyword: Installation,Failure,
  User: S-1-5-18
  User Name: NT AUTHORITY\SYSTEM
  Computer: ASCENDI-TO54V57
  Description:
Installation Failure: Windows failed to install the following update with error 0x80073D02: 9NMPJ99VJBWV-Microsoft.YourP
hone.

Event[36]
  Log Name: System
  Source: Service Control Manager
  Date: 2025-07-09T16:48:52.0320000Z
  Event ID: 7009
  Task: N/A
  Level: Error
  Opcode: N/A
  Keyword: Classic,
  User: N/A
  User Name: N/A
  Computer: ASCENDI-TO54V57
  Description:
A timeout was reached (30000 milliseconds) while waiting for the Visual Studio Standard Collector Service 150 service to
 connect.

Event[37]
  Log Name: System
  Source: Microsoft-Windows-DistributedCOM
  Date: 2025-07-09T16:48:52.0320000Z
  Event ID: 10005
  Task: N/A
  Level: Error
  Opcode: Info
  Keyword: Classic,
  User: S-1-5-21-2030683021-3698505619-1924254093-1000
  User Name: ASCENDI-TO54V57\Ascendion
  Computer: ASCENDI-TO54V57
  Description:
DCOM got error "1053" attempting to start the service VSStandardCollectorService150 with arguments "Unavailable" in orde
r to run the server:
{F2DC0F57-0B99-49E3-BE80-936DBAA54EE0}

Event[38]
  Log Name: System
  Source: Microsoft-Windows-DistributedCOM
  Date: 2025-07-09T18:15:00.9360000Z
  Event ID: 10010
  Task: N/A
  Level: Error
  Opcode: Info
  Keyword: Classic,
  User: S-1-5-21-2030683021-3698505619-1924254093-1000
  User Name: ASCENDI-TO54V57\Ascendion
  Computer: ASCENDI-TO54V57
  Description:
The server MicrosoftWindows.Client.CBS_1000.26100.18.0_x64__cw5n1h2txyewy!Global.IrisService.AppXwwah2tbqj7j749pkqvs0hna
8en4npvp8.mca did not register with DCOM within the required timeout.

Event[39]
  Log Name: System
  Source: Service Control Manager
  Date: 2025-07-10T01:12:09.9820000Z
  Event ID: 7031
  Task: N/A
  Level: Error
  Opcode: N/A
  Keyword: Classic,
  User: N/A
  User Name: N/A
  Computer: ASCENDI-TO54V57
  Description:
The Microsoft Defender Antivirus Service service terminated unexpectedly.  It has done this 1 time(s).  The following co
rrective action will be taken in 1000 milliseconds: Restart the service.

Event[40]
  Log Name: System
  Source: Microsoft-Windows-WindowsUpdateClient
  Date: 2025-07-10T15:25:30.4150000Z
  Event ID: 20
  Task: Windows Update Agent
  Level: Error
  Opcode: Installation
  Keyword: Installation,Failure,
  User: S-1-5-18
  User Name: NT AUTHORITY\SYSTEM
  Computer: ASCENDI-TO54V57
  Description:
Installation Failure: Windows failed to install the following update with error 0x80073D02: 9NMPJ99VJBWV-Microsoft.YourP
hone.

Event[41]
  Log Name: System
  Source: Service Control Manager
  Date: 2025-07-10T21:09:01.9670000Z
  Event ID: 7011
  Task: N/A
  Level: Error
  Opcode: N/A
  Keyword: Classic,
  User: N/A
  User Name: N/A
  Computer: ASCENDI-TO54V57
  Description:
A timeout (30000 milliseconds) was reached while waiting for a transaction response from the sppsvc service.

Event[42]
  Log Name: System
  Source: Service Control Manager
  Date: 2025-07-10T21:09:01.9670000Z
  Event ID: 7000
  Task: N/A
  Level: Error
  Opcode: N/A
  Keyword: Classic,
  User: N/A
  User Name: N/A
  Computer: ASCENDI-TO54V57
  Description:
The Software Protection service failed to start due to the following error:
The service did not respond to the start or control request in a timely fashion.

Event[43]
  Log Name: System
  Source: Service Control Manager
  Date: 2025-07-10T23:53:52.2880000Z
  Event ID: 7009
  Task: N/A
  Level: Error
  Opcode: N/A
  Keyword: Classic,
  User: N/A
  User Name: N/A
  Computer: ASCENDI-TO54V57
  Description:
A timeout was reached (30000 milliseconds) while waiting for the AppX Deployment Service (AppXSVC) service to connect.

Event[44]
  Log Name: System
  Source: Service Control Manager
  Date: 2025-07-10T23:53:52.2880000Z
  Event ID: 7000
  Task: N/A
  Level: Error
  Opcode: N/A
  Keyword: Classic,
  User: N/A
  User Name: N/A
  Computer: ASCENDI-TO54V57
  Description:
The AppX Deployment Service (AppXSVC) service failed to start due to the following error:
The service did not respond to the start or control request in a timely fashion.

Event[45]
  Log Name: System
  Source: Microsoft-Windows-WindowsUpdateClient
  Date: 2025-07-11T09:29:26.4900000Z
  Event ID: 20
  Task: Windows Update Agent
  Level: Error
  Opcode: Installation
  Keyword: Installation,Failure,
  User: S-1-5-18
  User Name: NT AUTHORITY\SYSTEM
  Computer: ASCENDI-TO54V57
  Description:
Installation Failure: Windows failed to install the following update with error 0x80073D02: 9NMPJ99VJBWV-Microsoft.YourP
hone.

Event[46]
  Log Name: System
  Source: Service Control Manager
  Date: 2025-07-11T14:06:05.3980000Z
  Event ID: 7011
  Task: N/A
  Level: Error
  Opcode: N/A
  Keyword: Classic,
  User: N/A
  User Name: N/A
  Computer: ASCENDI-TO54V57
  Description:
A timeout (30000 milliseconds) was reached while waiting for a transaction response from the Dnscache service.

Event[47]
  Log Name: System
  Source: Service Control Manager
  Date: 2025-07-11T14:06:05.7500000Z
  Event ID: 7009
  Task: N/A
  Level: Error
  Opcode: N/A
  Keyword: Classic,
  User: N/A
  User Name: N/A
  Computer: ASCENDI-TO54V57
  Description:
A timeout was reached (30000 milliseconds) while waiting for the Software Protection service to connect.

Event[48]
  Log Name: System
  Source: Service Control Manager
  Date: 2025-07-11T14:06:05.7520000Z
  Event ID: 7000
  Task: N/A
  Level: Error
  Opcode: N/A
  Keyword: Classic,
  User: N/A
  User Name: N/A
  Computer: ASCENDI-TO54V57
  Description:
The Software Protection service failed to start due to the following error:
The service did not respond to the start or control request in a timely fashion.

Event[49]
  Log Name: System
  Source: Service Control Manager
  Date: 2025-07-11T15:30:03.4140000Z
  Event ID: 7009
  Task: N/A
  Level: Error
  Opcode: N/A
  Keyword: Classic,
  User: N/A
  User Name: N/A
  Computer: ASCENDI-TO54V57
  Description:
A timeout was reached (30000 milliseconds) while waiting for the Microsoft Account Sign-in Assistant service to connect.

--- Exporting all System Error logs to CSV ---
Exported to C:\Monitoring\system_errors.csv

==================================================
Executing Commands from Pages 4 & 5: IIS & .NET
==================================================

--- Listing all stopped services ---

Status      : Stopped
Name        : AarSvc_525bd
DisplayName : Agent Activation Runtime_525bd


Status      : Stopped
Name        : ADPSvc
DisplayName : ADPSvc


Status      : Stopped
Name        : ALG
DisplayName : Application Layer Gateway Service


Status      : Stopped
Name        : AppIDSvc
DisplayName : Application Identity


Status      : Stopped
Name        : AppMgmt
DisplayName : Application Management


Status      : Stopped
Name        : AppReadiness
DisplayName : App Readiness


Status      : Stopped
Name        : AppVClient
DisplayName : Microsoft App-V Client


Status      : Stopped
Name        : AppXSvc
DisplayName : AppX Deployment Service (AppXSVC)


Status      : Stopped
Name        : ApxSvc
DisplayName : Windows Virtual Audio Device Proxy Service


Status      : Stopped
Name        : AssignedAccessManagerSvc
DisplayName : AssignedAccessManager Service


Status      : Stopped
Name        : autotimesvc
DisplayName : Cellular Time


Status      : Stopped
Name        : AxInstSV
DisplayName : ActiveX Installer (AxInstSV)


Status      : Stopped
Name        : BcastDVRUserService_525bd
DisplayName : GameDVR and Broadcast User Service_525bd


Status      : Stopped
Name        : BITS
DisplayName : Background Intelligent Transfer Service


Status      : Stopped
Name        : BluetoothUserService_525bd
DisplayName : Bluetooth User Support Service_525bd


Status      : Stopped
Name        : BTAGService
DisplayName : Bluetooth Audio Gateway Service


Status      : Stopped
Name        : BthAvctpSvc
DisplayName : AVCTP service


Status      : Stopped
Name        : bthserv
DisplayName : Bluetooth Support Service


Status      : Stopped
Name        : CaptureService_525bd
DisplayName : CaptureService_525bd


Status      : Stopped
Name        : CertPropSvc
DisplayName : Certificate Propagation


Status      : Stopped
Name        : ClipSVC
DisplayName : Client License Service (ClipSVC)


Status      : Stopped
Name        : CloudBackupRestoreSvc_525bd
DisplayName : Cloud Backup and Restore Service_525bd


Status      : Stopped
Name        : cloudidsvc
DisplayName : Microsoft Cloud Identity Service


Status      : Stopped
Name        : COMSysApp
DisplayName : COM+ System Application


Status      : Stopped
Name        : ConsentUxUserSvc_525bd
DisplayName : ConsentUX User Service_525bd


Status      : Stopped
Name        : CredentialEnrollmentManagerUserSvc_525bd
DisplayName : CredentialEnrollmentManagerUserSvc_525bd


Status      : Stopped
Name        : CscService
DisplayName : Offline Files


Status      : Stopped
Name        : dcsvc
DisplayName : Declared Configuration(DC) service


Status      : Stopped
Name        : defragsvc
DisplayName : Optimize drives


Status      : Stopped
Name        : DeviceAssociationBrokerSvc_525bd
DisplayName : DeviceAssociationBroker_525bd


Status      : Stopped
Name        : DeviceAssociationService
DisplayName : Device Association Service


Status      : Stopped
Name        : DeviceInstall
DisplayName : Device Install Service


Status      : Stopped
Name        : DevicePickerUserSvc_525bd
DisplayName : DevicePicker_525bd


Status      : Stopped
Name        : DevicesFlowUserSvc_525bd
DisplayName : DevicesFlow_525bd


Status      : Stopped
Name        : diagsvc
DisplayName : Diagnostic Execution Service


Status      : Stopped
Name        : DialogBlockingService
DisplayName : DialogBlockingService


Status      : Stopped
Name        : DmEnrollmentSvc
DisplayName : Device Management Enrollment Service


Status      : Stopped
Name        : dmwappushservice
DisplayName : Device Management Wireless Application Protocol (WAP) Push message Routing Service


Status      : Stopped
Name        : dot3svc
DisplayName : Wired AutoConfig


Status      : Stopped
Name        : DsmSvc
DisplayName : Device Setup Manager


Status      : Stopped
Name        : EapHost
DisplayName : Extensible Authentication Protocol


Status      : Stopped
Name        : edgeupdate
DisplayName : Microsoft Edge Update Service (edgeupdate)


Status      : Stopped
Name        : edgeupdatem
DisplayName : Microsoft Edge Update Service (edgeupdatem)


Status      : Stopped
Name        : EFS
DisplayName : Encrypting File System (EFS)


Status      : Stopped
Name        : embeddedmode
DisplayName : Embedded Mode


Status      : Stopped
Name        : EntAppSvc
DisplayName : Enterprise App Management Service


Status      : Stopped
Name        : fdPHost
DisplayName : Function Discovery Provider Host


Status      : Stopped
Name        : FDResPub
DisplayName : Function Discovery Resource Publication


Status      : Stopped
Name        : fhsvc
DisplayName : File History Service


Status      : Stopped
Name        : FrameServer
DisplayName : Windows Camera Frame Server


Status      : Stopped
Name        : FrameServerMonitor
DisplayName : Windows Camera Frame Server Monitor


Status      : Stopped
Name        : GameInputSvc
DisplayName : GameInput Service


Status      : Stopped
Name        : GoogleChromeElevationService
DisplayName : Google Chrome Elevation Service (GoogleChromeElevationService)


Status      : Stopped
Name        : GoogleUpdaterInternalService141.0.7352.0
DisplayName : Google Updater Internal Service (GoogleUpdaterInternalService141.0.7352.0)


Status      : Stopped
Name        : GoogleUpdaterService141.0.7352.0
DisplayName : Google Updater Service (GoogleUpdaterService141.0.7352.0)


Status      : Stopped
Name        : GraphicsPerfSvc
DisplayName : GraphicsPerfSvc


Status      : Stopped
Name        : hidserv
DisplayName : Human Interface Device Service


Status      : Stopped
Name        : hpatchmon
DisplayName : Hotpatch Monitoring Service


Status      : Stopped
Name        : HvHost
DisplayName : HV Host Service


Status      : Stopped
Name        : icssvc
DisplayName : Windows Mobile Hotspot Service


Status      : Stopped
Name        : IKEEXT
DisplayName : IKE and AuthIP IPsec Keying Modules


Status      : Stopped
Name        : InventorySvc
DisplayName : Inventory and Compatibility Appraisal service


Status      : Stopped
Name        : IpxlatCfgSvc
DisplayName : IP Translation Configuration Service


Status      : Stopped
Name        : KtmRm
DisplayName : KtmRm for Distributed Transaction Coordinator


Status      : Stopped
Name        : lltdsvc
DisplayName : Link-Layer Topology Discovery Mapper


Status      : Stopped
Name        : LocalKdc
DisplayName : Kerberos Local Key Distribution Center


Status      : Stopped
Name        : LxpSvc
DisplayName : Language Experience Service


Status      : Stopped
Name        : MapsBroker
DisplayName : Downloaded Maps Manager


Status      : Stopped
Name        : McmSvc
DisplayName : This service provides profile management for mobile connectivity modules


Status      : Stopped
Name        : McpManagementService
DisplayName : McpManagementService


Status      : Stopped
Name        : MessagingService_525bd
DisplayName : MessagingService_525bd


Status      : Stopped
Name        : MicrosoftEdgeElevationService
DisplayName : Microsoft Edge Elevation Service (MicrosoftEdgeElevationService)


Status      : Stopped
Name        : MozillaMaintenance
DisplayName : Mozilla Maintenance Service


Status      : Stopped
Name        : MSDTC
DisplayName : Distributed Transaction Coordinator


Status      : Stopped
Name        : MSiSCSI
DisplayName : Microsoft iSCSI Initiator Service


Status      : Stopped
Name        : msiserver
DisplayName : Windows Installer


Status      : Stopped
Name        : MsKeyboardFilter
DisplayName : Microsoft Keyboard Filter


Status      : Stopped
Name        : NaturalAuthentication
DisplayName : Natural Authentication


Status      : Stopped
Name        : NcaSvc
DisplayName : Network Connectivity Assistant


Status      : Stopped
Name        : NcdAutoSetup
DisplayName : Network Connected Devices Auto-Setup


Status      : Stopped
Name        : Netlogon
DisplayName : Netlogon


Status      : Stopped
Name        : Netman
DisplayName : Network Connections


Status      : Stopped
Name        : NetSetupSvc
DisplayName : Network Setup Service


Status      : Stopped
Name        : NetTcpPortSharing
DisplayName : Net.Tcp Port Sharing Service


Status      : Stopped
Name        : NgcCtnrSvc
DisplayName : Microsoft Passport Container


Status      : Stopped
Name        : NgcSvc
DisplayName : Microsoft Passport


Status      : Stopped
Name        : NlaSvc
DisplayName : Network Location Awareness


Status      : Stopped
Name        : NPSMSvc_525bd
DisplayName : Now Playing Session Manager Service_525bd


Status      : Stopped
Name        : P9RdrService_525bd
DisplayName : P9RdrService_525bd


Status      : Stopped
Name        : PeerDistSvc
DisplayName : BranchCache


Status      : Stopped
Name        : PenService_525bd
DisplayName : PenService_525bd


Status      : Stopped
Name        : perceptionsimulation
DisplayName : Windows Perception Simulation Service


Status      : Stopped
Name        : PerfHost
DisplayName : Performance Counter DLL Host


Status      : Stopped
Name        : PhoneSvc
DisplayName : Phone Service


Status      : Stopped
Name        : PimIndexMaintenanceSvc_525bd
DisplayName : Contact Data_525bd


Status      : Stopped
Name        : PrintDeviceConfigurationService
DisplayName : Print Device Configuration Service


Status      : Stopped
Name        : PrintNotify
DisplayName : Printer Extensions and Notifications


Status      : Stopped
Name        : PrintScanBrokerService
DisplayName : PrintScanBrokerService


Status      : Stopped
Name        : PrintWorkflowUserSvc_525bd
DisplayName : PrintWorkflow_525bd


Status      : Stopped
Name        : PushToInstall
DisplayName : Windows PushToInstall Service


Status      : Stopped
Name        : QWAVE
DisplayName : Quality Windows Audio Video Experience


Status      : Stopped
Name        : RasAuto
DisplayName : Remote Access Auto Connection Manager


Status      : Stopped
Name        : refsdedupsvc
DisplayName : ReFS Dedup Service


Status      : Stopped
Name        : RemoteAccess
DisplayName : Routing and Remote Access


Status      : Stopped
Name        : RemoteRegistry
DisplayName : Remote Registry


Status      : Stopped
Name        : RetailDemo
DisplayName : Retail Demo Service


Status      : Stopped
Name        : RpcLocator
DisplayName : Remote Procedure Call (RPC) Locator


Status      : Stopped
Name        : SCardSvr
DisplayName : Smart Card


Status      : Stopped
Name        : ScDeviceEnum
DisplayName : Smart Card Device Enumeration Service


Status      : Stopped
Name        : SCPolicySvc
DisplayName : Smart Card Removal Policy


Status      : Stopped
Name        : SDRSVC
DisplayName : Windows Backup


Status      : Stopped
Name        : seclogon
DisplayName : Secondary Logon


Status      : Stopped
Name        : SEMgrSvc
DisplayName : Payments and NFC/SE Manager


Status      : Stopped
Name        : Sense
DisplayName : Windows Defender Advanced Threat Protection Service


Status      : Stopped
Name        : SensorDataService
DisplayName : Sensor Data Service


Status      : Stopped
Name        : SensorService
DisplayName : Sensor Service


Status      : Stopped
Name        : SensrSvc
DisplayName : Sensor Monitoring Service


Status      : Stopped
Name        : SessionEnv
DisplayName : Remote Desktop Configuration


Status      : Stopped
Name        : SharedAccess
DisplayName : Internet Connection Sharing (ICS)


Status      : Stopped
Name        : shpamsvc
DisplayName : Shared PC Account Manager


Status      : Stopped
Name        : smphost
DisplayName : Microsoft Storage Spaces SMP


Status      : Stopped
Name        : SmsRouter
DisplayName : Microsoft Windows SMS Router Service.


Status      : Stopped
Name        : SNMPTrap
DisplayName : SNMP Trap


Status      : Stopped
Name        : sppsvc
DisplayName : Software Protection


Status      : Stopped
Name        : ssh-agent
DisplayName : OpenSSH Authentication Agent


Status      : Stopped
Name        : StiSvc
DisplayName : Windows Image Acquisition (WIA)


Status      : Stopped
Name        : svsvc
DisplayName : Spot Verifier


Status      : Stopped
Name        : swprv
DisplayName : Microsoft Software Shadow Copy Provider


Status      : Stopped
Name        : TapiSrv
DisplayName : Telephony


Status      : Stopped
Name        : TermService
DisplayName : Remote Desktop Services


Status      : Stopped
Name        : TieringEngineService
DisplayName : Storage Tiers Management


Status      : Stopped
Name        : TroubleshootingSvc
DisplayName : Recommended Troubleshooting Service


Status      : Stopped
Name        : TrustedInstaller
DisplayName : Windows Modules Installer


Status      : Stopped
Name        : tzautoupdate
DisplayName : Auto Time Zone Updater


Status      : Stopped
Name        : UevAgentService
DisplayName : User Experience Virtualization Service


Status      : Stopped
Name        : UmRdpService
DisplayName : Remote Desktop Services UserMode Port Redirector


Status      : Stopped
Name        : UnistoreSvc_525bd
DisplayName : User Data Storage_525bd


Status      : Stopped
Name        : upnphost
DisplayName : UPnP Device Host


Status      : Stopped
Name        : UserDataSvc_525bd
DisplayName : User Data Access_525bd


Status      : Stopped
Name        : vds
DisplayName : Virtual Disk


Status      : Stopped
Name        : vmicguestinterface
DisplayName : Hyper-V Guest Service Interface


Status      : Stopped
Name        : vmicheartbeat
DisplayName : Hyper-V Heartbeat Service


Status      : Stopped
Name        : vmickvpexchange
DisplayName : Hyper-V Data Exchange Service


Status      : Stopped
Name        : vmicrdv
DisplayName : Hyper-V Remote Desktop Virtualization Service


Status      : Stopped
Name        : vmicshutdown
DisplayName : Hyper-V Guest Shutdown Service


Status      : Stopped
Name        : vmictimesync
DisplayName : Hyper-V Time Synchronization Service


Status      : Stopped
Name        : vmicvmsession
DisplayName : Hyper-V PowerShell Direct Service


Status      : Stopped
Name        : vmicvss
DisplayName : Hyper-V Volume Shadow Copy Requestor


Status      : Stopped
Name        : VSInstallerElevationService
DisplayName : Visual Studio Installer Elevation Service


Status      : Stopped
Name        : VSS
DisplayName : Volume Shadow Copy


Status      : Stopped
Name        : VSStandardCollectorService150
DisplayName : Visual Studio Standard Collector Service 150


Status      : Stopped
Name        : WaaSMedicSvc
DisplayName : WaaSMedicSvc


Status      : Stopped
Name        : WalletService
DisplayName : WalletService


Status      : Stopped
Name        : WarpJITSvc
DisplayName : Warp JIT Service


Status      : Stopped
Name        : wbengine
DisplayName : Block Level Backup Engine Service


Status      : Stopped
Name        : WbioSrvc
DisplayName : Windows Biometric Service


Status      : Stopped
Name        : wcncsvc
DisplayName : Windows Connect Now - Config Registrar


Status      : Stopped
Name        : WdiServiceHost
DisplayName : Diagnostic Service Host


Status      : Stopped
Name        : WdiSystemHost
DisplayName : Diagnostic System Host


Status      : Stopped
Name        : WebClient
DisplayName : WebClient


Status      : Stopped
Name        : Wecsvc
DisplayName : Windows Event Collector


Status      : Stopped
Name        : WEPHOSTSVC
DisplayName : Windows Encryption Provider Host Service


Status      : Stopped
Name        : wercplsupport
DisplayName : Problem Reports Control Panel Support


Status      : Stopped
Name        : WerSvc
DisplayName : Windows Error Reporting Service


Status      : Stopped
Name        : WFDSConMgrSvc
DisplayName : Wi-Fi Direct Services Connection Manager Service


Status      : Stopped
Name        : WiaRpc
DisplayName : Still Image Acquisition Events


Status      : Stopped
Name        : WinRM
DisplayName : Windows Remote Management (WS-Management)


Status      : Stopped
Name        : WlanSvc
DisplayName : WLAN AutoConfig


Status      : Stopped
Name        : wlidsvc
DisplayName : Microsoft Account Sign-in Assistant


Status      : Stopped
Name        : wlpasvc
DisplayName : Local Profile Assistant Service


Status      : Stopped
Name        : WManSvc
DisplayName : Windows Management Service


Status      : Stopped
Name        : wmiApSrv
DisplayName : WMI Performance Adapter


Status      : Stopped
Name        : WMPNetworkSvc
DisplayName : Windows Media Player Network Sharing Service


Status      : Stopped
Name        : workfolderssvc
DisplayName : Work Folders


Status      : Stopped
Name        : WpcMonSvc
DisplayName : Parental Controls


Status      : Stopped
Name        : WPDBusEnum
DisplayName : Portable Device Enumerator Service


Status      : Stopped
Name        : wuauserv
DisplayName : Windows Update


Status      : Stopped
Name        : WwanSvc
DisplayName : WWAN AutoConfig


Status      : Stopped
Name        : XblAuthManager
DisplayName : Xbox Live Auth Manager


Status      : Stopped
Name        : XblGameSave
DisplayName : Xbox Live Game Save


Status      : Stopped
Name        : XboxGipSvc
DisplayName : Xbox Accessory Management Service


Status      : Stopped
Name        : XboxNetApiSvc
DisplayName : Xbox Live Networking Service


Status      : Stopped
Name        : ZTHELPER
DisplayName : ZTDNS Helper service


--- Listing all established network connections ---
  TCP    10.0.2.15:62253        4.213.25.242:443       ESTABLISHED
  TCP    10.0.2.15:62257        140.82.114.25:443      ESTABLISHED
  TCP    10.0.2.15:62305        13.107.246.58:443      ESTABLISHED
  TCP    10.0.2.15:62306        13.107.246.58:443      ESTABLISHED
  TCP    10.0.2.15:62307        23.223.47.144:443      ESTABLISHED
  TCP    127.0.0.1:27017        127.0.0.1:52481        ESTABLISHED
  TCP    127.0.0.1:27017        127.0.0.1:55899        ESTABLISHED
  TCP    127.0.0.1:27017        127.0.0.1:62258        ESTABLISHED
  TCP    127.0.0.1:49672        127.0.0.1:49673        ESTABLISHED
  TCP    127.0.0.1:49673        127.0.0.1:49672        ESTABLISHED
  TCP    127.0.0.1:49674        127.0.0.1:49675        ESTABLISHED
  TCP    127.0.0.1:49675        127.0.0.1:49674        ESTABLISHED
  TCP    127.0.0.1:52481        127.0.0.1:27017        ESTABLISHED
  TCP    127.0.0.1:53193        127.0.0.1:53197        ESTABLISHED
  TCP    127.0.0.1:53193        127.0.0.1:53198        ESTABLISHED
  TCP    127.0.0.1:53193        127.0.0.1:53200        ESTABLISHED
  TCP    127.0.0.1:53197        127.0.0.1:53193        ESTABLISHED
  TCP    127.0.0.1:53198        127.0.0.1:53193        ESTABLISHED
  TCP    127.0.0.1:53200        127.0.0.1:53193        ESTABLISHED
  TCP    127.0.0.1:55899        127.0.0.1:27017        ESTABLISHED
  TCP    127.0.0.1:62258        127.0.0.1:27017        ESTABLISHED
WARNING: IIS (WebAdministration Module) not found. Skipping IIS-specific commands.

==================================================
Executing Script from Page 6: Custom Monitoring
==================================================

--- Running the custom monitoring script for 1 minute ---
Starting monitoring... Output: C:\Monitoring\performance_20250826_122810.log
Duration: 1 minutes, Interval: 5 seconds
2025-08-26 12:28:10, CPU:10.8%, Memory:4459 MB, DiskQueue:0
2025-08-26 12:28:18, CPU:24.87%, Memory:4461 MB, DiskQueue:0
2025-08-26 12:28:25, CPU:4.57%, Memory:4458 MB, DiskQueue:0
2025-08-26 12:28:32, CPU:3.49%, Memory:4458 MB, DiskQueue:0
2025-08-26 12:28:38, CPU:6.88%, Memory:4458 MB, DiskQueue:0
2025-08-26 12:28:45, CPU:15.33%, Memory:4458 MB, DiskQueue:0
2025-08-26 12:28:52, CPU:12.35%, Memory:4458 MB, DiskQueue:0
2025-08-26 12:29:00, CPU:15.77%, Memory:4457 MB, DiskQueue:0
2025-08-26 12:29:09, CPU:23.96%, Memory:4457 MB, DiskQueue:0
Monitoring completed. Log saved to: C:\Monitoring\performance_20250826_122810.log

==================================================
All commands have been executed.
==================================================
**********************
Windows PowerShell transcript end
End time: 20250826122919
**********************
