**********************
Windows PowerShell transcript start
Start time: 20250826123626
Username: ASCENDI-8530I37\Ascendion
RunAs User: ASCENDI-8530I37\Ascendion
Configuration Name: 
Machine: ASCENDI-8530I37 (Microsoft Windows NT 10.0.26100.0)
Host Application: C:\Windows\System32\WindowsPowerShell\v1.0\powershell.exe
Process ID: 6560
PSVersion: 5.1.26100.4768
PSEdition: Desktop
PSCompatibleVersions: 1.0, 2.0, 3.0, 4.0, 5.0, 5.1.26100.4768
BuildVersion: 10.0.26100.4768
CLRVersion: 4.0.30319.42000
WSManStackVersion: 3.0
PSRemotingProtocolVersion: 2.3
SerializationVersion: 1.1.0.1
**********************
Transcript started, output file is C:\Users\Ascendion\Downloads\Week-09\WIndows_Performance.txt
PS C:\WINDOWS\system32> Write-Host "=================================================="
Write-Host "Executing Commands from Pages 1 & 2: PerfMon/Logman"
Write-Host "=================================================="

# Note: 'perfmon' opens a GUI and will not produce text output here.
Write-Host "Opening Performance Monitor (perfmon)..."
Start-Process perfmon
Start-Sleep -Seconds 2 # Give it a moment to open

Write-Host "`n--- Running typeperf to collect CPU usage for 1 minute ---"
typeperf "\Processor(_Total)\% Processor Time" -o "C:\Monitoring\cpu_usage.csv" -f CSV -si 5 -sc 12

Write-Host "`n--- Creating, running, and stopping a Logman Data Collector Set ---"
# Remove the counter set if it already exists to prevent errors
logman delete "WebServer Monitoring" -y | Out-Null
logman create counter "WebServer Monitoring" -c "\Web Service(_Total)\Bytes Total/sec" "\Web Service Cache\File Cache Hits %" -o "C:\Monitoring\web_monitoring.csv" -f csv
logman start "WebServer Monitoring"
Write-Host "Data collection started... waiting 15 seconds."
Start-Sleep -Seconds 15
logman stop "WebServer Monitoring"
Write-Host "Data collection stopped."

Write-Host "`n=================================================="
Write-Host "Executing Commands from Page 3: Resmon & Event Viewer"
Write-Host "=================================================="

# Note: 'resmon' opens a GUI and will not produce text output here.
Write-Host "Opening Resource Monitor (resmon)..."
Start-Process resmon
Start-Sleep -Seconds 2

Write-Host "`n--- Top 10 processes by CPU (PowerShell) ---"
Get-Process | Sort-Object CPU -Descending | Select-Object -First 10

Write-Host "`n--- Getting 50 most recent System Error logs (PowerShell) ---"
Get-EventLog -LogName System -EntryType Error -Newest 50

Write-Host "`n--- Getting 50 most recent Critical/Error logs (wevtutil) ---"
wevtutil qe System /c:50 /f:text /q:"*[System[(Level=1 or Level=2)]]"

Write-Host "`n--- Exporting all System Error logs to CSV ---"
Get-WinEvent -LogName System | Where-Object {$_.LevelDisplayName -eq "Error"} | Export-Csv -Path "C:\Monitoring\system_errors.csv" -NoTypeInformation
Write-Host "Exported to C:\Monitoring\system_errors.csv"

Write-Host "`n=================================================="
Write-Host "Executing Commands from Pages 4 & 5: IIS & .NET"
Write-Host "=================================================="

Write-Host "`n--- Listing all stopped services ---"
Get-Service | Where-Object {$_.Status -eq "Stopped"}

Write-Host "`n--- Listing all established network connections ---"
netstat -an | findstr ESTABLISHED

# IIS commands can fail if IIS is not installed.
if (Get-Module -ListAvailable -Name WebAdministration) {
    Write-Host "`n--- Importing IIS WebAdministration Module ---"
    Import-Module WebAdministration

    Write-Host "`n--- Enabling IIS Logging ---"
    # This command enables logging at the server level for default sites.
    Set-WebConfigurationProperty -Filter "system.applicationHost/sites/siteDefaults/logFile" -Name enabled -Value $true

    Write-Host "`n--- Monitoring Key IIS Performance Counters for 1 minute ---"
    $IISCounters = @(
        "\Web Service(_Total)\Bytes Sent/sec",
        "\Web Service(_Total)\Current Connections",
        "\ASP.NET\Requests Queued"
    )
    Get-Counter -Counter $IISCounters -SampleInterval 5 -MaxSamples 12

    Write-Host "`n--- Listing IIS Application Pools ---"
    Get-IISAppPool | Select-Object Name, State

    Write-Host "`n--- Monitoring .NET CLR Performance Counters ---"
    $DotNetCounters = @(
        "\.NET CLR Memory(Global)\% Time in GC",
        "\.NET CLR Exceptions(Global)\# of Exceps Thrown / sec"
    )
    Get-Counter -Counter $DotNetCounters -MaxSamples 3
} else {
    Write-Warning "IIS (WebAdministration Module) not found. Skipping IIS-specific commands."
}

Write-Host "`n=================================================="
Write-Host "Executing Script from Page 6: Custom Monitoring"
Write-Host "=================================================="

# Create the PowerShell script file from the document content
$MonitoringScript = @'
param(
    [int]$IntervalSeconds = 5,
    [int]$DurationMinutes = 1,
    [string]$OutputPath = "C:\Monitoring"
)
# Ensure output directory exists
if (!(Test-Path $OutputPath)) {
    New-Item -ItemType Directory -Path $OutputPath -Force
}
$EndTime = (Get-Date).AddMinutes($DurationMinutes)
$LogFile = Join-Path $OutputPath "performance_$(Get-Date -Format 'yyyyMMdd_HHmmss').log"
Write-Host "Starting monitoring... Output: $LogFile"
Write-Host "Duration: $DurationMinutes minutes, Interval: $IntervalSeconds seconds"
while ((Get-Date) -lt $EndTime) {
    $timestamp = Get-Date -Format "yyyy-MM-dd HH:mm:ss"
    # System metrics
    $cpu = (Get-Counter "\Processor(_Total)\% Processor Time").CounterSamples.CookedValue
    $memory = (Get-Counter "\Memory\Available MBytes").CounterSamples.CookedValue
    $diskQueue = (Get-Counter "\PhysicalDisk(_Total)\Current Disk Queue Length").CounterSamples.CookedValue
    
    $logEntry = "$timestamp, CPU:$([math]::Round($cpu, 2))%, Memory:$([math]::Round($memory, 2)) MB, DiskQueue:$([math]::Round($diskQueue, 2))"
    Add-Content -Path $LogFile -Value $logEntry
    Write-Host $logEntry
    Start-Sleep -Seconds $IntervalSeconds
}
Write-Host "Monitoring completed. Log saved to: $LogFile"
'@

$MonitoringScript | Out-File -FilePath "C:\Monitoring\CustomMonitoring.ps1" -Encoding UTF8 -Force

Write-Host "`n--- Running the custom monitoring script for 1 minute ---"
# Execute the newly created script
& "C:\Monitoring\CustomMonitoring.ps1" -DurationMinutes 1 -IntervalSeconds 5

Write-Host "`n=================================================="
Write-Host "All commands have been executed."
Write-Host "=================================================="

# Stop the transcript
Stop-Transcript

Write-Host "`nTranscript file saved to: C:\Monitoring\Monitoring_Session_Transcript.txt"
Write-Host "Additional output files (CSV, LOG) are also in C:\Monitoring"
==================================================
Executing Commands from Pages 1 & 2: PerfMon/Logman
==================================================
Opening Performance Monitor (perfmon)...

--- Running typeperf to collect CPU usage for 1 minute ---


The command completed successfully.

--- Creating, running, and stopping a Logman Data Collector Set ---
The command completed successfully.
The command completed successfully.
Data collection started... waiting 15 seconds.
The command completed successfully.
Data collection stopped.

==================================================
Executing Commands from Page 3: Resmon & Event Viewer
==================================================
Opening Resource Monitor (resmon)...

--- Top 10 processes by CPU (PowerShell) ---

Handles  NPM(K)    PM(K)      WS(K)     CPU(s)     Id  SI ProcessName
-------  ------    -----      -----     ------     --  -- -----------
    425      62    57872      66672   1,848.81   7684   1 perfmon
    425      62    66152      68708   1,705.06  10872   1 perfmon
    425      62    58424      66356   1,145.66  11292   1 perfmon
   3902       0       44        168   1,127.72      4   0 System
    425      63    50088      62824   1,037.61   2680   1 perfmon
    425      63    64524      71652   1,027.66  11340   1 perfmon
   2584     305   165188     310344     658.30   8580   1 msedge
   1372      92   126260     197760     553.31   1124   1 dwm
    552      49    27808     105356     502.59   8824   1 msedge
    414      61   355748     418012     358.83   9516   1 msedge

--- Getting 50 most recent System Error logs (PowerShell) ---

MachineName        : ASCENDI-8530I37
Data               : {}
Index              : 10379
Category           : (1)
CategoryNumber     : 1
EventID            : 20
EntryType          : Error
Message            : Installation Failure: Windows failed to install the following update with error 0x80073d02:
                     9NMPJ99VJBWV-Microsoft.YourPhone.
Source             : Microsoft-Windows-WindowsUpdateClient
ReplacementStrings : {0x80073d02, 9NMPJ99VJBWV-Microsoft.YourPhone, {d12f612d-c5ea-4c5d-843b-10b6248e6648}, 1...}
InstanceId         : 20
TimeGenerated      : 8/26/2025 9:52:54 AM
TimeWritten        : 8/26/2025 9:52:54 AM
UserName           : NT AUTHORITY\SYSTEM
Site               :
Container          :


MachineName        : ASCENDI-8530I37
Data               : {}
Index              : 10376
Category           : (1)
CategoryNumber     : 1
EventID            : 20
EntryType          : Error
Message            : Installation Failure: Windows failed to install the following update with error 0x80073d02:
                     9NTXGKQ8P7N0-MicrosoftWindows.CrossDevice.
Source             : Microsoft-Windows-WindowsUpdateClient
ReplacementStrings : {0x80073d02, 9NTXGKQ8P7N0-MicrosoftWindows.CrossDevice, {a2b23f3b-f9c8-442f-a0e7-1eb491f7998f},
                     1...}
InstanceId         : 20
TimeGenerated      : 8/26/2025 9:52:49 AM
TimeWritten        : 8/26/2025 9:52:49 AM
UserName           : NT AUTHORITY\SYSTEM
Site               :
Container          :


MachineName        : ASCENDI-8530I37
Data               : {}
Index              : 10355
Category           : (0)
CategoryNumber     : 0
EventID            : 1795
EntryType          : Error
Message            : The system firmware returned an error -2147467259 when attempting to update a Secure Boot
                     variable. For more information, please see https://go.microsoft.com/fwlink/?linkid=2169931
Source             : Microsoft-Windows-TPM-WMI
ReplacementStrings : {-2147467259}
InstanceId         : 1795
TimeGenerated      : 8/26/2025 9:29:29 AM
TimeWritten        : 8/26/2025 9:29:29 AM
UserName           : NT AUTHORITY\SYSTEM
Site               :
Container          :


MachineName        : ASCENDI-8530I37
Data               : {233, 7, 8, 0...}
Index              : 10269
Category           : (0)
CategoryNumber     : 0
EventID            : 6008
EntryType          : Error
Message            : The previous system shutdown at 10:43:21 PM on ‎8/‎25/‎2025 was unexpected.
Source             : EventLog
ReplacementStrings : {10:43:21 PM, ‎8/‎25/‎2025, , ...}
InstanceId         : 2147489656
TimeGenerated      : 8/26/2025 9:24:30 AM
TimeWritten        : 8/26/2025 9:24:30 AM
UserName           :
Site               :
Container          :


MachineName        : ASCENDI-8530I37
Data               : {87, 0, 105, 0...}
Index              : 10255
Category           : (0)
CategoryNumber     : 0
EventID            : 7031
EntryType          : Error
Message            : The Microsoft Defender Antivirus Service service terminated unexpectedly.  It has done this 1
                     time(s).  The following corrective action will be taken in 1000 milliseconds: Restart the service.
Source             : Service Control Manager
ReplacementStrings : {Microsoft Defender Antivirus Service, 1, 1000, 1...}
InstanceId         : 3221232503
TimeGenerated      : 8/25/2025 9:54:16 PM
TimeWritten        : 8/25/2025 9:54:16 PM
UserName           :
Site               :
Container          :


MachineName        : ASCENDI-8530I37
Data               : {}
Index              : 10248
Category           : (0)
CategoryNumber     : 0
EventID            : 10010
EntryType          : Error
Message            : The description for Event ID '10010' in Source 'DCOM' cannot be found.  The local computer may
                     not have the necessary registry information or message DLL files to display the message, or you
                     may not have permission to access them.  The following information is part of the event:'Microsoft
                     .YourPhone_1.25072.63.0_x64__8wekyb3d8bbwe!App.AppXn958k7nsj8mxxmsepqdam8xk948t30sc.mca'
Source             : DCOM
ReplacementStrings : {Microsoft.YourPhone_1.25072.63.0_x64__8wekyb3d8bbwe!App.AppXn958k7nsj8mxxmsepqdam8xk948t30sc.mca}
InstanceId         : 10010
TimeGenerated      : 8/25/2025 8:04:19 PM
TimeWritten        : 8/25/2025 8:04:19 PM
UserName           : ASCENDI-8530I37\Ascendion
Site               :
Container          :


MachineName        : ASCENDI-8530I37
Data               : {}
Index              : 10228
Category           : (0)
CategoryNumber     : 0
EventID            : 1795
EntryType          : Error
Message            : The system firmware returned an error -2147467259 when attempting to update a Secure Boot
                     variable. For more information, please see https://go.microsoft.com/fwlink/?linkid=2169931
Source             : Microsoft-Windows-TPM-WMI
ReplacementStrings : {-2147467259}
InstanceId         : 1795
TimeGenerated      : 8/25/2025 7:26:31 PM
TimeWritten        : 8/25/2025 7:26:31 PM
UserName           : NT AUTHORITY\SYSTEM
Site               :
Container          :


MachineName        : ASCENDI-8530I37
Data               : {233, 7, 8, 0...}
Index              : 10140
Category           : (0)
CategoryNumber     : 0
EventID            : 6008
EntryType          : Error
Message            : The previous system shutdown at 4:50:27 PM on ‎8/‎25/‎2025 was unexpected.
Source             : EventLog
ReplacementStrings : {4:50:27 PM, ‎8/‎25/‎2025, , ...}
InstanceId         : 2147489656
TimeGenerated      : 8/25/2025 7:19:39 PM
TimeWritten        : 8/25/2025 7:19:39 PM
UserName           :
Site               :
Container          :


MachineName        : ASCENDI-8530I37
Data               : {}
Index              : 10127
Category           : (0)
CategoryNumber     : 0
EventID            : 1795
EntryType          : Error
Message            : The system firmware returned an error -2147467259 when attempting to update a Secure Boot
                     variable. For more information, please see https://go.microsoft.com/fwlink/?linkid=2169931
Source             : Microsoft-Windows-TPM-WMI
ReplacementStrings : {-2147467259}
InstanceId         : 1795
TimeGenerated      : 8/25/2025 2:50:25 PM
TimeWritten        : 8/25/2025 2:50:25 PM
UserName           : NT AUTHORITY\SYSTEM
Site               :
Container          :


MachineName        : ASCENDI-8530I37
Data               : {233, 7, 8, 0...}
Index              : 10043
Category           : (0)
CategoryNumber     : 0
EventID            : 6008
EntryType          : Error
Message            : The previous system shutdown at 11:55:09 PM on ‎8/‎24/‎2025 was unexpected.
Source             : EventLog
ReplacementStrings : {11:55:09 PM, ‎8/‎24/‎2025, , ...}
InstanceId         : 2147489656
TimeGenerated      : 8/25/2025 2:45:24 PM
TimeWritten        : 8/25/2025 2:45:24 PM
UserName           :
Site               :
Container          :


MachineName        : ASCENDI-8530I37
Data               : {}
Index              : 10019
Category           : (0)
CategoryNumber     : 0
EventID            : 1795
EntryType          : Error
Message            : The system firmware returned an error -2147467259 when attempting to update a Secure Boot
                     variable. For more information, please see https://go.microsoft.com/fwlink/?linkid=2169931
Source             : Microsoft-Windows-TPM-WMI
ReplacementStrings : {-2147467259}
InstanceId         : 1795
TimeGenerated      : 8/24/2025 10:13:02 PM
TimeWritten        : 8/24/2025 10:13:02 PM
UserName           : NT AUTHORITY\SYSTEM
Site               :
Container          :


MachineName        : ASCENDI-8530I37
Data               : {233, 7, 8, 0...}
Index              : 9932
Category           : (0)
CategoryNumber     : 0
EventID            : 6008
EntryType          : Error
Message            : The previous system shutdown at 7:29:14 PM on ‎8/‎24/‎2025 was unexpected.
Source             : EventLog
ReplacementStrings : {7:29:14 PM, ‎8/‎24/‎2025, , ...}
InstanceId         : 2147489656
TimeGenerated      : 8/24/2025 10:07:07 PM
TimeWritten        : 8/24/2025 10:07:07 PM
UserName           :
Site               :
Container          :


MachineName        : ASCENDI-8530I37
Data               : {}
Index              : 9916
Category           : (0)
CategoryNumber     : 0
EventID            : 1795
EntryType          : Error
Message            : The system firmware returned an error -2147467259 when attempting to update a Secure Boot
                     variable. For more information, please see https://go.microsoft.com/fwlink/?linkid=2169931
Source             : Microsoft-Windows-TPM-WMI
ReplacementStrings : {-2147467259}
InstanceId         : 1795
TimeGenerated      : 8/24/2025 1:35:13 PM
TimeWritten        : 8/24/2025 1:35:13 PM
UserName           : NT AUTHORITY\SYSTEM
Site               :
Container          :


MachineName        : ASCENDI-8530I37
Data               : {233, 7, 8, 0...}
Index              : 9828
Category           : (0)
CategoryNumber     : 0
EventID            : 6008
EntryType          : Error
Message            : The previous system shutdown at 12:40:56 AM on ‎8/‎24/‎2025 was unexpected.
Source             : EventLog
ReplacementStrings : {12:40:56 AM, ‎8/‎24/‎2025, , ...}
InstanceId         : 2147489656
TimeGenerated      : 8/24/2025 1:30:11 PM
TimeWritten        : 8/24/2025 1:30:11 PM
UserName           :
Site               :
Container          :


MachineName        : ASCENDI-8530I37
Data               : {119, 0, 108, 0...}
Index              : 9802
Category           : (0)
CategoryNumber     : 0
EventID            : 7000
EntryType          : Error
Message            : The Microsoft Account Sign-in Assistant service failed to start due to the following error:
                     %%1053
Source             : Service Control Manager
ReplacementStrings : {Microsoft Account Sign-in Assistant, %%1053}
InstanceId         : 3221232472
TimeGenerated      : 8/23/2025 9:52:13 PM
TimeWritten        : 8/23/2025 9:52:13 PM
UserName           :
Site               :
Container          :


MachineName        : ASCENDI-8530I37
Data               : {115, 0, 112, 0...}
Index              : 9801
Category           : (0)
CategoryNumber     : 0
EventID            : 7000
EntryType          : Error
Message            : The Software Protection service failed to start due to the following error:
                     %%1053
Source             : Service Control Manager
ReplacementStrings : {Software Protection, %%1053}
InstanceId         : 3221232472
TimeGenerated      : 8/23/2025 9:52:13 PM
TimeWritten        : 8/23/2025 9:52:13 PM
UserName           :
Site               :
Container          :


MachineName        : ASCENDI-8530I37
Data               : {119, 0, 108, 0...}
Index              : 9800
Category           : (0)
CategoryNumber     : 0
EventID            : 7009
EntryType          : Error
Message            : A timeout was reached (30000 milliseconds) while waiting for the Microsoft Account Sign-in
                     Assistant service to connect.
Source             : Service Control Manager
ReplacementStrings : {30000, Microsoft Account Sign-in Assistant}
InstanceId         : 3221232481
TimeGenerated      : 8/23/2025 9:52:13 PM
TimeWritten        : 8/23/2025 9:52:13 PM
UserName           :
Site               :
Container          :


MachineName        : ASCENDI-8530I37
Data               : {}
Index              : 9799
Category           : (0)
CategoryNumber     : 0
EventID            : 7011
EntryType          : Error
Message            : A timeout (30000 milliseconds) was reached while waiting for a transaction response from the
                     sppsvc service.
Source             : Service Control Manager
ReplacementStrings : {30000, sppsvc}
InstanceId         : 3221232483
TimeGenerated      : 8/23/2025 9:52:13 PM
TimeWritten        : 8/23/2025 9:52:13 PM
UserName           :
Site               :
Container          :


MachineName        : ASCENDI-8530I37
Data               : {87, 0, 105, 0...}
Index              : 9782
Category           : (0)
CategoryNumber     : 0
EventID            : 7031
EntryType          : Error
Message            : The Microsoft Defender Antivirus Service service terminated unexpectedly.  It has done this 1
                     time(s).  The following corrective action will be taken in 1000 milliseconds: Restart the service.
Source             : Service Control Manager
ReplacementStrings : {Microsoft Defender Antivirus Service, 1, 1000, 1...}
InstanceId         : 3221232503
TimeGenerated      : 8/23/2025 7:13:09 PM
TimeWritten        : 8/23/2025 7:13:09 PM
UserName           :
Site               :
Container          :


MachineName        : ASCENDI-8530I37
Data               : {}
Index              : 9772
Category           : (0)
CategoryNumber     : 0
EventID            : 10005
EntryType          : Error
Message            : The description for Event ID '10005' in Source 'DCOM' cannot be found.  The local computer may
                     not have the necessary registry information or message DLL files to display the message, or you
                     may not have permission to access them.  The following information is part of the event:'1053',
                     'BITS', 'Unavailable', '{4991D34B-80A1-4291-83B6-3328366B9097}'
Source             : DCOM
ReplacementStrings : {1053, BITS, Unavailable, {4991D34B-80A1-4291-83B6-3328366B9097}}
InstanceId         : 10005
TimeGenerated      : 8/23/2025 8:41:32 PM
TimeWritten        : 8/23/2025 8:41:32 PM
UserName           : NT AUTHORITY\LOCAL SERVICE
Site               :
Container          :


MachineName        : ASCENDI-8530I37
Data               : {66, 0, 73, 0...}
Index              : 9771
Category           : (0)
CategoryNumber     : 0
EventID            : 7000
EntryType          : Error
Message            : The Background Intelligent Transfer Service service failed to start due to the following error:
                     %%1053
Source             : Service Control Manager
ReplacementStrings : {Background Intelligent Transfer Service, %%1053}
InstanceId         : 3221232472
TimeGenerated      : 8/23/2025 8:41:31 PM
TimeWritten        : 8/23/2025 8:41:31 PM
UserName           :
Site               :
Container          :


MachineName        : ASCENDI-8530I37
Data               : {115, 0, 112, 0...}
Index              : 9770
Category           : (0)
CategoryNumber     : 0
EventID            : 7000
EntryType          : Error
Message            : The Software Protection service failed to start due to the following error:
                     %%1053
Source             : Service Control Manager
ReplacementStrings : {Software Protection, %%1053}
InstanceId         : 3221232472
TimeGenerated      : 8/23/2025 8:41:31 PM
TimeWritten        : 8/23/2025 8:41:31 PM
UserName           :
Site               :
Container          :


MachineName        : ASCENDI-8530I37
Data               : {66, 0, 73, 0...}
Index              : 9769
Category           : (0)
CategoryNumber     : 0
EventID            : 7009
EntryType          : Error
Message            : A timeout was reached (30000 milliseconds) while waiting for the Background Intelligent Transfer
                     Service service to connect.
Source             : Service Control Manager
ReplacementStrings : {30000, Background Intelligent Transfer Service}
InstanceId         : 3221232481
TimeGenerated      : 8/23/2025 8:41:31 PM
TimeWritten        : 8/23/2025 8:41:31 PM
UserName           :
Site               :
Container          :


MachineName        : ASCENDI-8530I37
Data               : {115, 0, 112, 0...}
Index              : 9768
Category           : (0)
CategoryNumber     : 0
EventID            : 7009
EntryType          : Error
Message            : A timeout was reached (30000 milliseconds) while waiting for the Software Protection service to
                     connect.
Source             : Service Control Manager
ReplacementStrings : {30000, Software Protection}
InstanceId         : 3221232481
TimeGenerated      : 8/23/2025 8:41:31 PM
TimeWritten        : 8/23/2025 8:41:31 PM
UserName           :
Site               :
Container          :


MachineName        : ASCENDI-8530I37
Data               : {}
Index              : 9767
Category           : (0)
CategoryNumber     : 0
EventID            : 7011
EntryType          : Error
Message            : A timeout (30000 milliseconds) was reached while waiting for a transaction response from the
                     SecurityHealthService service.
Source             : Service Control Manager
ReplacementStrings : {30000, SecurityHealthService}
InstanceId         : 3221232483
TimeGenerated      : 8/23/2025 8:41:31 PM
TimeWritten        : 8/23/2025 8:41:31 PM
UserName           :
Site               :
Container          :


MachineName        : ASCENDI-8530I37
Data               : {}
Index              : 9766
Category           : (0)
CategoryNumber     : 0
EventID            : 7011
EntryType          : Error
Message            : A timeout (30000 milliseconds) was reached while waiting for a transaction response from the
                     SysMain service.
Source             : Service Control Manager
ReplacementStrings : {30000, SysMain}
InstanceId         : 3221232483
TimeGenerated      : 8/23/2025 8:41:31 PM
TimeWritten        : 8/23/2025 8:41:31 PM
UserName           :
Site               :
Container          :


MachineName        : ASCENDI-8530I37
Data               : {}
Index              : 9757
Category           : (0)
CategoryNumber     : 0
EventID            : 10005
EntryType          : Error
Message            : The description for Event ID '10005' in Source 'DCOM' cannot be found.  The local computer may
                     not have the necessary registry information or message DLL files to display the message, or you
                     may not have permission to access them.  The following information is part of the event:'1053',
                     'TrustedInstaller', 'Unavailable', '{752073A1-23F2-4396-85F0-8FDB879ED0ED}'
Source             : DCOM
ReplacementStrings : {1053, TrustedInstaller, Unavailable, {752073A1-23F2-4396-85F0-8FDB879ED0ED}}
InstanceId         : 10005
TimeGenerated      : 8/23/2025 2:37:13 PM
TimeWritten        : 8/23/2025 2:37:13 PM
UserName           : NT AUTHORITY\SYSTEM
Site               :
Container          :


MachineName        : ASCENDI-8530I37
Data               : {84, 0, 114, 0...}
Index              : 9756
Category           : (0)
CategoryNumber     : 0
EventID            : 7000
EntryType          : Error
Message            : The Windows Modules Installer service failed to start due to the following error:
                     %%1053
Source             : Service Control Manager
ReplacementStrings : {Windows Modules Installer, %%1053}
InstanceId         : 3221232472
TimeGenerated      : 8/23/2025 2:37:12 PM
TimeWritten        : 8/23/2025 2:37:12 PM
UserName           :
Site               :
Container          :


MachineName        : ASCENDI-8530I37
Data               : {84, 0, 114, 0...}
Index              : 9755
Category           : (0)
CategoryNumber     : 0
EventID            : 7009
EntryType          : Error
Message            : A timeout was reached (30000 milliseconds) while waiting for the Windows Modules Installer
                     service to connect.
Source             : Service Control Manager
ReplacementStrings : {30000, Windows Modules Installer}
InstanceId         : 3221232481
TimeGenerated      : 8/23/2025 2:37:12 PM
TimeWritten        : 8/23/2025 2:37:12 PM
UserName           :
Site               :
Container          :


MachineName        : ASCENDI-8530I37
Data               : {}
Index              : 9738
Category           : (0)
CategoryNumber     : 0
EventID            : 1795
EntryType          : Error
Message            : The system firmware returned an error -2147467259 when attempting to update a Secure Boot
                     variable. For more information, please see https://go.microsoft.com/fwlink/?linkid=2169931
Source             : Microsoft-Windows-TPM-WMI
ReplacementStrings : {-2147467259}
InstanceId         : 1795
TimeGenerated      : 8/23/2025 1:02:39 PM
TimeWritten        : 8/23/2025 1:02:39 PM
UserName           : NT AUTHORITY\SYSTEM
Site               :
Container          :


MachineName        : ASCENDI-8530I37
Data               : {233, 7, 8, 0...}
Index              : 9628
Category           : (0)
CategoryNumber     : 0
EventID            : 6008
EntryType          : Error
Message            : The previous system shutdown at 4:48:13 PM on ‎8/‎22/‎2025 was unexpected.
Source             : EventLog
ReplacementStrings : {4:48:13 PM, ‎8/‎22/‎2025, , ...}
InstanceId         : 2147489656
TimeGenerated      : 8/23/2025 12:57:39 PM
TimeWritten        : 8/23/2025 12:57:39 PM
UserName           :
Site               :
Container          :


MachineName        : ASCENDI-8530I37
Data               : {115, 0, 112, 0...}
Index              : 9571
Category           : (0)
CategoryNumber     : 0
EventID            : 7000
EntryType          : Error
Message            : The Software Protection service failed to start due to the following error:
                     %%1053
Source             : Service Control Manager
ReplacementStrings : {Software Protection, %%1053}
InstanceId         : 3221232472
TimeGenerated      : 8/22/2025 10:43:16 AM
TimeWritten        : 8/22/2025 10:43:16 AM
UserName           :
Site               :
Container          :


MachineName        : ASCENDI-8530I37
Data               : {115, 0, 112, 0...}
Index              : 9570
Category           : (0)
CategoryNumber     : 0
EventID            : 7009
EntryType          : Error
Message            : A timeout was reached (30000 milliseconds) while waiting for the Software Protection service to
                     connect.
Source             : Service Control Manager
ReplacementStrings : {30000, Software Protection}
InstanceId         : 3221232481
TimeGenerated      : 8/22/2025 10:43:16 AM
TimeWritten        : 8/22/2025 10:43:16 AM
UserName           :
Site               :
Container          :


MachineName        : ASCENDI-8530I37
Data               : {}
Index              : 9559
Category           : (0)
CategoryNumber     : 0
EventID            : 1795
EntryType          : Error
Message            : The system firmware returned an error -2147467259 when attempting to update a Secure Boot
                     variable. For more information, please see https://go.microsoft.com/fwlink/?linkid=2169931
Source             : Microsoft-Windows-TPM-WMI
ReplacementStrings : {-2147467259}
InstanceId         : 1795
TimeGenerated      : 8/22/2025 10:13:45 AM
TimeWritten        : 8/22/2025 10:13:45 AM
UserName           : NT AUTHORITY\SYSTEM
Site               :
Container          :


MachineName        : ASCENDI-8530I37
Data               : {233, 7, 8, 0...}
Index              : 9464
Category           : (0)
CategoryNumber     : 0
EventID            : 6008
EntryType          : Error
Message            : The previous system shutdown at 10:58:58 PM on ‎8/‎21/‎2025 was unexpected.
Source             : EventLog
ReplacementStrings : {10:58:58 PM, ‎8/‎21/‎2025, , ...}
InstanceId         : 2147489656
TimeGenerated      : 8/22/2025 10:04:41 AM
TimeWritten        : 8/22/2025 10:04:41 AM
UserName           :
Site               :
Container          :


MachineName        : ASCENDI-8530I37
Data               : {}
Index              : 9431
Category           : (0)
CategoryNumber     : 0
EventID            : 1795
EntryType          : Error
Message            : The system firmware returned an error -2147467259 when attempting to update a Secure Boot
                     variable. For more information, please see https://go.microsoft.com/fwlink/?linkid=2169931
Source             : Microsoft-Windows-TPM-WMI
ReplacementStrings : {-2147467259}
InstanceId         : 1795
TimeGenerated      : 8/21/2025 7:45:05 PM
TimeWritten        : 8/21/2025 7:45:05 PM
UserName           : NT AUTHORITY\SYSTEM
Site               :
Container          :


MachineName        : ASCENDI-8530I37
Data               : {233, 7, 8, 0...}
Index              : 9348
Category           : (0)
CategoryNumber     : 0
EventID            : 6008
EntryType          : Error
Message            : The previous system shutdown at 4:36:11 PM on ‎8/‎21/‎2025 was unexpected.
Source             : EventLog
ReplacementStrings : {4:36:11 PM, ‎8/‎21/‎2025, , ...}
InstanceId         : 2147489656
TimeGenerated      : 8/21/2025 7:36:02 PM
TimeWritten        : 8/21/2025 7:36:02 PM
UserName           :
Site               :
Container          :


MachineName        : ASCENDI-8530I37
Data               : {65, 0, 112, 0...}
Index              : 9333
Category           : (0)
CategoryNumber     : 0
EventID            : 7000
EntryType          : Error
Message            : The AppX Deployment Service (AppXSVC) service failed to start due to the following error:
                     %%1053
Source             : Service Control Manager
ReplacementStrings : {AppX Deployment Service (AppXSVC), %%1053}
InstanceId         : 3221232472
TimeGenerated      : 8/21/2025 4:20:04 PM
TimeWritten        : 8/21/2025 4:20:04 PM
UserName           :
Site               :
Container          :


MachineName        : ASCENDI-8530I37
Data               : {65, 0, 112, 0...}
Index              : 9332
Category           : (0)
CategoryNumber     : 0
EventID            : 7009
EntryType          : Error
Message            : A timeout was reached (30000 milliseconds) while waiting for the AppX Deployment Service
                     (AppXSVC) service to connect.
Source             : Service Control Manager
ReplacementStrings : {30000, AppX Deployment Service (AppXSVC)}
InstanceId         : 3221232481
TimeGenerated      : 8/21/2025 4:20:04 PM
TimeWritten        : 8/21/2025 4:20:04 PM
UserName           :
Site               :
Container          :


MachineName        : ASCENDI-8530I37
Data               : {115, 0, 112, 0...}
Index              : 9331
Category           : (0)
CategoryNumber     : 0
EventID            : 7000
EntryType          : Error
Message            : The Software Protection service failed to start due to the following error:
                     %%1053
Source             : Service Control Manager
ReplacementStrings : {Software Protection, %%1053}
InstanceId         : 3221232472
TimeGenerated      : 8/21/2025 4:20:04 PM
TimeWritten        : 8/21/2025 4:20:04 PM
UserName           :
Site               :
Container          :


MachineName        : ASCENDI-8530I37
Data               : {115, 0, 112, 0...}
Index              : 9330
Category           : (0)
CategoryNumber     : 0
EventID            : 7009
EntryType          : Error
Message            : A timeout was reached (30000 milliseconds) while waiting for the Software Protection service to
                     connect.
Source             : Service Control Manager
ReplacementStrings : {30000, Software Protection}
InstanceId         : 3221232481
TimeGenerated      : 8/21/2025 4:20:04 PM
TimeWritten        : 8/21/2025 4:20:04 PM
UserName           :
Site               :
Container          :


MachineName        : ASCENDI-8530I37
Data               : {}
Index              : 9306
Category           : (0)
CategoryNumber     : 0
EventID            : 10010
EntryType          : Error
Message            : The description for Event ID '10010' in Source 'DCOM' cannot be found.  The local computer may
                     not have the necessary registry information or message DLL files to display the message, or you
                     may not have permission to access them.  The following information is part of the event:'Microsoft
                     .WindowsStore_22506.1401.10.0_x64__8wekyb3d8bbwe!App.AppXmr37eay91n1zzgqzqj9y7h4f8rjs7zyz.mca'
Source             : DCOM
ReplacementStrings : {Microsoft.WindowsStore_22506.1401.10.0_x64__8wekyb3d8bbwe!App.AppXmr37eay91n1zzgqzqj9y7h4f8rjs7zy
                     z.mca}
InstanceId         : 10010
TimeGenerated      : 8/21/2025 11:57:54 AM
TimeWritten        : 8/21/2025 11:57:54 AM
UserName           : ASCENDI-8530I37\Ascendion
Site               :
Container          :


MachineName        : ASCENDI-8530I37
Data               : {}
Index              : 9266
Category           : (0)
CategoryNumber     : 0
EventID            : 1795
EntryType          : Error
Message            : The system firmware returned an error -2147467259 when attempting to update a Secure Boot
                     variable. For more information, please see https://go.microsoft.com/fwlink/?linkid=2169931
Source             : Microsoft-Windows-TPM-WMI
ReplacementStrings : {-2147467259}
InstanceId         : 1795
TimeGenerated      : 8/21/2025 9:31:13 AM
TimeWritten        : 8/21/2025 9:31:13 AM
UserName           : NT AUTHORITY\SYSTEM
Site               :
Container          :


MachineName        : ASCENDI-8530I37
Data               : {233, 7, 8, 0...}
Index              : 9177
Category           : (0)
CategoryNumber     : 0
EventID            : 6008
EntryType          : Error
Message            : The previous system shutdown at 9:10:00 PM on ‎8/‎20/‎2025 was unexpected.
Source             : EventLog
ReplacementStrings : {9:10:00 PM, ‎8/‎20/‎2025, , ...}
InstanceId         : 2147489656
TimeGenerated      : 8/21/2025 9:25:54 AM
TimeWritten        : 8/21/2025 9:25:54 AM
UserName           :
Site               :
Container          :


MachineName        : ASCENDI-8530I37
Data               : {}
Index              : 9145
Category           : (0)
CategoryNumber     : 0
EventID            : 1795
EntryType          : Error
Message            : The system firmware returned an error -2147467259 when attempting to update a Secure Boot
                     variable. For more information, please see https://go.microsoft.com/fwlink/?linkid=2169931
Source             : Microsoft-Windows-TPM-WMI
ReplacementStrings : {-2147467259}
InstanceId         : 1795
TimeGenerated      : 8/20/2025 7:11:38 PM
TimeWritten        : 8/20/2025 7:11:38 PM
UserName           : NT AUTHORITY\SYSTEM
Site               :
Container          :


MachineName        : ASCENDI-8530I37
Data               : {233, 7, 8, 0...}
Index              : 8964
Category           : (0)
CategoryNumber     : 0
EventID            : 6008
EntryType          : Error
Message            : The previous system shutdown at 4:54:46 PM on ‎8/‎20/‎2025 was unexpected.
Source             : EventLog
ReplacementStrings : {4:54:46 PM, ‎8/‎20/‎2025, , ...}
InstanceId         : 2147489656
TimeGenerated      : 8/20/2025 6:51:09 PM
TimeWritten        : 8/20/2025 6:51:09 PM
UserName           :
Site               :
Container          :


MachineName        : ASCENDI-8530I37
Data               : {}
Index              : 8830
Category           : (0)
CategoryNumber     : 0
EventID            : 1795
EntryType          : Error
Message            : The system firmware returned an error -2147467259 when attempting to update a Secure Boot
                     variable. For more information, please see https://go.microsoft.com/fwlink/?linkid=2169931
Source             : Microsoft-Windows-TPM-WMI
ReplacementStrings : {-2147467259}
InstanceId         : 1795
TimeGenerated      : 8/20/2025 9:22:10 AM
TimeWritten        : 8/20/2025 9:22:10 AM
UserName           : NT AUTHORITY\SYSTEM
Site               :
Container          :


MachineName        : ASCENDI-8530I37
Data               : {233, 7, 8, 0...}
Index              : 8742
Category           : (0)
CategoryNumber     : 0
EventID            : 6008
EntryType          : Error
Message            : The previous system shutdown at 10:47:57 PM on ‎8/‎19/‎2025 was unexpected.
Source             : EventLog
ReplacementStrings : {10:47:57 PM, ‎8/‎19/‎2025, , ...}
InstanceId         : 2147489656
TimeGenerated      : 8/20/2025 9:17:11 AM
TimeWritten        : 8/20/2025 9:17:11 AM
UserName           :
Site               :
Container          :


MachineName        : ASCENDI-8530I37
Data               : {}
Index              : 8739
Category           : (1)
CategoryNumber     : 1
EventID            : 20
EntryType          : Error
Message            : Installation Failure: Windows failed to install the following update with error 0x80073d02:
                     9NMPJ99VJBWV-Microsoft.YourPhone.
Source             : Microsoft-Windows-WindowsUpdateClient
ReplacementStrings : {0x80073d02, 9NMPJ99VJBWV-Microsoft.YourPhone, {83e4e998-882c-4c30-8795-d97b47c7bad7}, 1...}
InstanceId         : 20
TimeGenerated      : 8/19/2025 11:05:29 PM
TimeWritten        : 8/19/2025 11:05:29 PM
UserName           : NT AUTHORITY\SYSTEM
Site               :
Container          :


MachineName        : ASCENDI-8530I37
Data               : {}
Index              : 8725
Category           : (0)
CategoryNumber     : 0
EventID            : 1795
EntryType          : Error
Message            : The system firmware returned an error -2147467259 when attempting to update a Secure Boot
                     variable. For more information, please see https://go.microsoft.com/fwlink/?linkid=2169931
Source             : Microsoft-Windows-TPM-WMI
ReplacementStrings : {-2147467259}
InstanceId         : 1795
TimeGenerated      : 8/19/2025 10:52:55 PM
TimeWritten        : 8/19/2025 10:52:55 PM
UserName           : NT AUTHORITY\SYSTEM
Site               :
Container          :


--- Getting 50 most recent Critical/Error logs (wevtutil) ---
Event[0]
  Log Name: System
  Source: Service Control Manager
  Date: 2025-07-10T01:15:30.4830000Z
  Event ID: 7023
  Task: N/A
  Level: Error
  Opcode: N/A
  Keyword: Classic,
  User: N/A
  User Name: N/A
  Computer: ASCENDI-8530I37
  Description:
The netprofm service terminated with the following error:
The device is not ready.

Event[1]
  Log Name: System
  Source: Microsoft-Windows-DistributedCOM
  Date: 2025-07-10T01:17:30.4720000Z
  Event ID: 10010
  Task: N/A
  Level: Error
  Opcode: Info
  Keyword: Classic,
  User: S-1-5-18
  User Name: NT AUTHORITY\SYSTEM
  Computer: ASCENDI-8530I37
  Description:
The server {A47979D2-C419-11D9-A5B4-001185AD2B89} did not register with DCOM within the required timeout.

Event[2]
  Log Name: System
  Source: Service Control Manager
  Date: 2025-07-10T01:17:30.5690000Z
  Event ID: 7023
  Task: N/A
  Level: Error
  Opcode: N/A
  Keyword: Classic,
  User: N/A
  User Name: N/A
  Computer: ASCENDI-8530I37
  Description:
The Network List Service service terminated with the following error:
The device is not ready.

Event[3]
  Log Name: System
  Source: Service Control Manager
  Date: 2025-07-10T01:17:40.5160000Z
  Event ID: 7030
  Task: N/A
  Level: Error
  Opcode: N/A
  Keyword: Classic,
  User: N/A
  User Name: N/A
  Computer: ASCENDI-8530I37
  Description:
The Printer Extensions and Notifications service is marked as an interactive service.  However, the system is configured
 to not allow interactive services.  This service may not function properly.

Event[4]
  Log Name: System
  Source: Microsoft-Windows-DistributedCOM
  Date: 2025-07-10T01:19:30.5990000Z
  Event ID: 10010
  Task: N/A
  Level: Error
  Opcode: Info
  Keyword: Classic,
  User: S-1-5-18
  User Name: NT AUTHORITY\SYSTEM
  Computer: ASCENDI-8530I37
  Description:
The server {A47979D2-C419-11D9-A5B4-001185AD2B89} did not register with DCOM within the required timeout.

Event[5]
  Log Name: System
  Source: Service Control Manager
  Date: 2025-07-10T01:19:30.7180000Z
  Event ID: 7023
  Task: N/A
  Level: Error
  Opcode: N/A
  Keyword: Classic,
  User: N/A
  User Name: N/A
  Computer: ASCENDI-8530I37
  Description:
The Network List Service service terminated with the following error:
The device is not ready.

Event[6]
  Log Name: System
  Source: Service Control Manager
  Date: 2025-07-10T01:20:52.0760000Z
  Event ID: 7022
  Task: N/A
  Level: Error
  Opcode: N/A
  Keyword: Classic,
  User: N/A
  User Name: N/A
  Computer: ASCENDI-8530I37
  Description:
The Connected Devices Platform Service service hung on starting.

Event[7]
  Log Name: System
  Source: Microsoft-Windows-DistributedCOM
  Date: 2025-07-10T01:21:30.7460000Z
  Event ID: 10010
  Task: N/A
  Level: Error
  Opcode: Info
  Keyword: Classic,
  User: S-1-5-18
  User Name: NT AUTHORITY\SYSTEM
  Computer: ASCENDI-8530I37
  Description:
The server {A47979D2-C419-11D9-A5B4-001185AD2B89} did not register with DCOM within the required timeout.

Event[8]
  Log Name: System
  Source: Service Control Manager
  Date: 2025-07-10T01:21:30.8720000Z
  Event ID: 7023
  Task: N/A
  Level: Error
  Opcode: N/A
  Keyword: Classic,
  User: N/A
  User Name: N/A
  Computer: ASCENDI-8530I37
  Description:
The Network List Service service terminated with the following error:
The device is not ready.

Event[9]
  Log Name: System
  Source: Microsoft-Windows-DistributedCOM
  Date: 2025-07-10T01:23:30.9010000Z
  Event ID: 10010
  Task: N/A
  Level: Error
  Opcode: Info
  Keyword: Classic,
  User: S-1-5-18
  User Name: NT AUTHORITY\SYSTEM
  Computer: ASCENDI-8530I37
  Description:
The server {A47979D2-C419-11D9-A5B4-001185AD2B89} did not register with DCOM within the required timeout.

Event[10]
  Log Name: System
  Source: Service Control Manager
  Date: 2025-07-10T01:23:31.5080000Z
  Event ID: 7023
  Task: N/A
  Level: Error
  Opcode: N/A
  Keyword: Classic,
  User: N/A
  User Name: N/A
  Computer: ASCENDI-8530I37
  Description:
The Network List Service service terminated with the following error:
The device is not ready.

Event[11]
  Log Name: System
  Source: Service Control Manager
  Date: 2025-07-09T12:55:54.2080000Z
  Event ID: 7043
  Task: N/A
  Level: Error
  Opcode: N/A
  Keyword: Classic,
  User: N/A
  User Name: N/A
  Computer: ASCENDI-8530I37
  Description:
The Windows Update service did not shut down properly after receiving a preshutdown control.

Event[12]
  Log Name: System
  Source: Microsoft-Windows-TPM-WMI
  Date: 2025-07-09T13:00:16.3330000Z
  Event ID: 1795
  Task: N/A
  Level: Error
  Opcode: Info
  Keyword: N/A
  User: S-1-5-18
  User Name: NT AUTHORITY\SYSTEM
  Computer: ASCENDI-8530I37
  Description:
The system firmware returned an error Access is denied. when attempting to update a Secure Boot variable. For more infor
mation, please see https://go.microsoft.com/fwlink/?linkid=2169931

Event[13]
  Log Name: System
  Source: EventLog
  Date: 2025-07-09T13:16:45.8620000Z
  Event ID: 6008
  Task: None
  Level: Error
  Opcode: N/A
  Keyword: Classic,
  User: N/A
  User Name: N/A
  Computer: ASCENDI-8530I37
  Description:
The previous system shutdown at 1:02:58 PM on ‎7/‎9/‎2025 was unexpected.

Event[14]
  Log Name: System
  Source: Microsoft-Windows-Kernel-Power
  Date: 2025-07-09T13:16:26.5680000Z
  Event ID: 41
  Task: N/A
  Level: Critical
  Opcode: Info
  Keyword: N/A
  User: S-1-5-18
  User Name: NT AUTHORITY\SYSTEM
  Computer: ASCENDI-8530I37
  Description:
The system has rebooted without cleanly shutting down first. This error could be caused if the system stopped responding
, crashed, or lost power unexpectedly.

Event[15]
  Log Name: System
  Source: Microsoft-Windows-TPM-WMI
  Date: 2025-07-09T13:16:40.6640000Z
  Event ID: 1795
  Task: N/A
  Level: Error
  Opcode: Info
  Keyword: N/A
  User: S-1-5-18
  User Name: NT AUTHORITY\SYSTEM
  Computer: ASCENDI-8530I37
  Description:
The system firmware returned an error Access is denied. when attempting to update a Secure Boot variable. For more infor
mation, please see https://go.microsoft.com/fwlink/?linkid=2169931

Event[16]
  Log Name: System
  Source: EventLog
  Date: 2025-07-09T13:20:04.8110000Z
  Event ID: 6008
  Task: None
  Level: Error
  Opcode: N/A
  Keyword: Classic,
  User: N/A
  User Name: N/A
  Computer: ASCENDI-8530I37
  Description:
The previous system shutdown at 1:16:45 PM on ‎7/‎9/‎2025 was unexpected.

Event[17]
  Log Name: System
  Source: Microsoft-Windows-Kernel-Power
  Date: 2025-07-09T13:19:51.3100000Z
  Event ID: 41
  Task: N/A
  Level: Critical
  Opcode: Info
  Keyword: N/A
  User: S-1-5-18
  User Name: NT AUTHORITY\SYSTEM
  Computer: ASCENDI-8530I37
  Description:
The system has rebooted without cleanly shutting down first. This error could be caused if the system stopped responding
, crashed, or lost power unexpectedly.

