Event[18]
  Log Name: System
  Source: Microsoft-Windows-TPM-WMI
  Date: 2025-07-09T13:20:15.2000000Z
  Event ID: 1795
  Task: N/A
  Level: Error
  Opcode: Info
  Keyword: N/A
  User: S-1-5-18
  User Name: NT AUTHORITY\SYSTEM
  Computer: ASCENDI-8530I37
  Description:
The system firmware returned an error Access is denied. when attempting to update a Secure Boot variable. For more infor
mation, please see https://go.microsoft.com/fwlink/?linkid=2169931

Event[19]
  Log Name: System
  Source: Microsoft-Windows-DistributedCOM
  Date: 2025-07-09T13:23:06.4720000Z
  Event ID: 10010
  Task: N/A
  Level: Error
  Opcode: Info
  Keyword: Classic,
  User: S-1-5-21-3041920060-277755917-1759895295-1000
  User Name: ASCENDI-8530I37\Ascendion
  Computer: ASCENDI-8530I37
  Description:
The server {8CFC164F-4BE5-4FDD-94E9-E2AF73ED4A19} did not register with DCOM within the required timeout.

Event[20]
  Log Name: System
  Source: EventLog
  Date: 2025-07-09T13:57:04.7460000Z
  Event ID: 6008
  Task: None
  Level: Error
  Opcode: N/A
  Keyword: Classic,
  User: N/A
  User Name: N/A
  Computer: ASCENDI-8530I37
  Description:
The previous system shutdown at 1:20:04 PM on ‎7/‎9/‎2025 was unexpected.

Event[21]
  Log Name: System
  Source: Microsoft-Windows-Kernel-Power
  Date: 2025-07-09T13:56:21.6460000Z
  Event ID: 41
  Task: N/A
  Level: Critical
  Opcode: Info
  Keyword: N/A
  User: S-1-5-18
  User Name: NT AUTHORITY\SYSTEM
  Computer: ASCENDI-8530I37
  Description:
The system has rebooted without cleanly shutting down first. This error could be caused if the system stopped responding
, crashed, or lost power unexpectedly.

Event[22]
  Log Name: System
  Source: Microsoft-Windows-TPM-WMI
  Date: 2025-07-09T13:57:15.2520000Z
  Event ID: 1795
  Task: N/A
  Level: Error
  Opcode: Info
  Keyword: N/A
  User: S-1-5-18
  User Name: NT AUTHORITY\SYSTEM
  Computer: ASCENDI-8530I37
  Description:
The system firmware returned an error Access is denied. when attempting to update a Secure Boot variable. For more infor
mation, please see https://go.microsoft.com/fwlink/?linkid=2169931

Event[23]
  Log Name: System
  Source: Microsoft-Windows-DistributedCOM
  Date: 2025-07-09T14:00:03.0280000Z
  Event ID: 10010
  Task: N/A
  Level: Error
  Opcode: Info
  Keyword: Classic,
  User: S-1-5-21-3041920060-277755917-1759895295-1000
  User Name: ASCENDI-8530I37\Ascendion
  Computer: ASCENDI-8530I37
  Description:
The server {8CFC164F-4BE5-4FDD-94E9-E2AF73ED4A19} did not register with DCOM within the required timeout.

Event[24]
  Log Name: System
  Source: Service Control Manager
  Date: 2025-07-09T14:21:00.4440000Z
  Event ID: 7009
  Task: N/A
  Level: Error
  Opcode: N/A
  Keyword: Classic,
  User: N/A
  User Name: N/A
  Computer: ASCENDI-8530I37
  Description:
A timeout was reached (30000 milliseconds) while waiting for the Visual Studio Standard Collector Service 150 service to
 connect.

Event[25]
  Log Name: System
  Source: Microsoft-Windows-DistributedCOM
  Date: 2025-07-09T14:21:00.4440000Z
  Event ID: 10005
  Task: N/A
  Level: Error
  Opcode: Info
  Keyword: Classic,
  User: S-1-5-21-3041920060-277755917-1759895295-1000
  User Name: ASCENDI-8530I37\Ascendion
  Computer: ASCENDI-8530I37
  Description:
DCOM got error "1053" attempting to start the service VSStandardCollectorService150 with arguments "Unavailable" in orde
r to run the server:
{F2DC0F57-0B99-49E3-BE80-936DBAA54EE0}

Event[26]
  Log Name: System
  Source: EventLog
  Date: 2025-07-09T18:40:08.0370000Z
  Event ID: 6008
  Task: None
  Level: Error
  Opcode: N/A
  Keyword: Classic,
  User: N/A
  User Name: N/A
  Computer: ASCENDI-8530I37
  Description:
The previous system shutdown at 4:43:28 PM on ‎7/‎9/‎2025 was unexpected.

Event[27]
  Log Name: System
  Source: Microsoft-Windows-Kernel-Power
  Date: 2025-07-09T18:39:54.3990000Z
  Event ID: 41
  Task: N/A
  Level: Critical
  Opcode: Info
  Keyword: N/A
  User: S-1-5-18
  User Name: NT AUTHORITY\SYSTEM
  Computer: ASCENDI-8530I37
  Description:
The system has rebooted without cleanly shutting down first. This error could be caused if the system stopped responding
, crashed, or lost power unexpectedly.

Event[28]
  Log Name: System
  Source: Microsoft-Windows-TPM-WMI
  Date: 2025-07-09T18:40:23.9640000Z
  Event ID: 1795
  Task: N/A
  Level: Error
  Opcode: Info
  Keyword: N/A
  User: S-1-5-18
  User Name: NT AUTHORITY\SYSTEM
  Computer: ASCENDI-8530I37
  Description:
The system firmware returned an error Access is denied. when attempting to update a Secure Boot variable. For more infor
mation, please see https://go.microsoft.com/fwlink/?linkid=2169931

Event[29]
  Log Name: System
  Source: Microsoft-Windows-DistributedCOM
  Date: 2025-07-09T18:45:25.6430000Z
  Event ID: 10010
  Task: N/A
  Level: Error
  Opcode: Info
  Keyword: Classic,
  User: S-1-5-21-3041920060-277755917-1759895295-1000
  User Name: ASCENDI-8530I37\Ascendion
  Computer: ASCENDI-8530I37
  Description:
The server {8CFC164F-4BE5-4FDD-94E9-E2AF73ED4A19} did not register with DCOM within the required timeout.

Event[30]
  Log Name: System
  Source: EventLog
  Date: 2025-07-14T10:06:51.6140000Z
  Event ID: 6008
  Task: None
  Level: Error
  Opcode: N/A
  Keyword: Classic,
  User: N/A
  User Name: N/A
  Computer: ASCENDI-8530I37
  Description:
The previous system shutdown at 10:16:57 PM on ‎7/‎9/‎2025 was unexpected.

Event[31]
  Log Name: System
  Source: Microsoft-Windows-Kernel-Power
  Date: 2025-07-14T10:06:35.8680000Z
  Event ID: 41
  Task: N/A
  Level: Critical
  Opcode: Info
  Keyword: N/A
  User: S-1-5-18
  User Name: NT AUTHORITY\SYSTEM
  Computer: ASCENDI-8530I37
  Description:
The system has rebooted without cleanly shutting down first. This error could be caused if the system stopped responding
, crashed, or lost power unexpectedly.

Event[32]
  Log Name: System
  Source: Microsoft-Windows-TPM-WMI
  Date: 2025-07-14T10:07:03.9090000Z
  Event ID: 1795
  Task: N/A
  Level: Error
  Opcode: Info
  Keyword: N/A
  User: S-1-5-18
  User Name: NT AUTHORITY\SYSTEM
  Computer: ASCENDI-8530I37
  Description:
The system firmware returned an error Access is denied. when attempting to update a Secure Boot variable. For more infor
mation, please see https://go.microsoft.com/fwlink/?linkid=2169931

Event[33]
  Log Name: System
  Source: Microsoft-Windows-WindowsUpdateClient
  Date: 2025-07-14T10:21:13.4420000Z
  Event ID: 20
  Task: Windows Update Agent
  Level: Error
  Opcode: Installation
  Keyword: Installation,Failure,
  User: S-1-5-18
  User Name: NT AUTHORITY\SYSTEM
  Computer: ASCENDI-8530I37
  Description:
Installation Failure: Windows failed to install the following update with error 0x80073D02: 9MSSGKG348SP-MicrosoftWindow
s.Client.WebExperience.

Event[34]
  Log Name: System
  Source: EventLog
  Date: 2025-07-15T09:51:33.3960000Z
  Event ID: 6008
  Task: None
  Level: Error
  Opcode: N/A
  Keyword: Classic,
  User: N/A
  User Name: N/A
  Computer: ASCENDI-8530I37
  Description:
The previous system shutdown at 5:03:24 PM on ‎7/‎14/‎2025 was unexpected.

Event[35]
  Log Name: System
  Source: Microsoft-Windows-Kernel-Power
  Date: 2025-07-15T09:37:51.3080000Z
  Event ID: 41
  Task: N/A
  Level: Critical
  Opcode: Info
  Keyword: N/A
  User: S-1-5-18
  User Name: NT AUTHORITY\SYSTEM
  Computer: ASCENDI-8530I37
  Description:
The system has rebooted without cleanly shutting down first. This error could be caused if the system stopped responding
, crashed, or lost power unexpectedly.

Event[36]
  Log Name: System
  Source: Service Control Manager
  Date: 2025-07-15T09:51:35.6260000Z
  Event ID: 7000
  Task: N/A
  Level: Error
  Opcode: N/A
  Keyword: Classic,
  User: N/A
  User Name: N/A
  Computer: ASCENDI-8530I37
  Description:
The mrxsmb service failed to start due to the following error:
The specified procedure could not be found.

Event[37]
  Log Name: System
  Source: Service Control Manager
  Date: 2025-07-15T09:51:35.6260000Z
  Event ID: 7001
  Task: N/A
  Level: Error
  Opcode: N/A
  Keyword: Classic,
  User: N/A
  User Name: N/A
  Computer: ASCENDI-8530I37
  Description:
The mrxsmb20 service depends on the mrxsmb service which failed to start because of the following error:
The specified procedure could not be found.

Event[38]
  Log Name: System
  Source: Service Control Manager
  Date: 2025-07-15T09:51:35.6260000Z
  Event ID: 7001
  Task: N/A
  Level: Error
  Opcode: N/A
  Keyword: Classic,
  User: N/A
  User Name: N/A
  Computer: ASCENDI-8530I37
  Description:
The LanmanWorkstation service depends on the mrxsmb20 service which failed to start because of the following error:
The dependency service or group failed to start.

Event[39]
  Log Name: System
  Source: Service Control Manager
  Date: 2025-07-15T09:51:39.3930000Z
  Event ID: 7000
  Task: N/A
  Level: Error
  Opcode: N/A
  Keyword: Classic,
  User: N/A
  User Name: N/A
  Computer: ASCENDI-8530I37
  Description:
The Ndu service failed to start due to the following error:
The call must be made from within an explicit transaction.

Event[40]
  Log Name: System
  Source: Service Control Manager
  Date: 2025-07-15T09:51:43.7040000Z
  Event ID: 7023
  Task: N/A
  Level: Error
  Opcode: N/A
  Keyword: Classic,
  User: N/A
  User Name: N/A
  Computer: ASCENDI-8530I37
  Description:
The SysMain service terminated with the following error:
The authentication service is unknown.

Event[41]
  Log Name: System
  Source: Microsoft-Windows-DistributedCOM
  Date: 2025-07-15T09:52:07.9830000Z
  Event ID: 10010
  Task: N/A
  Level: Error
  Opcode: Info
  Keyword: Classic,
  User: S-1-5-19
  User Name: NT AUTHORITY\LOCAL SERVICE
  Computer: ASCENDI-8530I37
  Description:
The server Windows.Internal.StateRepository.ApplicationExtension did not register with DCOM within the required timeout.


Event[42]
  Log Name: System
  Source: Service Control Manager
  Date: 2025-07-15T09:52:13.2990000Z
  Event ID: 7011
  Task: N/A
  Level: Error
  Opcode: N/A
  Keyword: Classic,
  User: N/A
  User Name: N/A
  Computer: ASCENDI-8530I37
  Description:
A timeout (30000 milliseconds) was reached while waiting for a transaction response from the sppsvc service.

Event[43]
  Log Name: System
  Source: Microsoft-Windows-Windows Firewall With Advanced Security
  Date: 2025-07-15T09:52:21.4000000Z
  Event ID: 2042
  Task: N/A
  Level: Error
  Opcode: Info
  Keyword: N/A
  User: S-1-5-19
  User Name: NT AUTHORITY\LOCAL SERVICE
  Computer: ASCENDI-8530I37
  Description:
Config Read Failed

Config: 18
Error:  More data is available.

Event[44]
  Log Name: System
  Source: Service Control Manager
  Date: 2025-07-15T09:52:45.0320000Z
  Event ID: 7023
  Task: N/A
  Level: Error
  Opcode: N/A
  Keyword: Classic,
  User: N/A
  User Name: N/A
  Computer: ASCENDI-8530I37
  Description:
The Server service terminated with the following error:
A system shutdown is in progress.

Event[45]
  Log Name: System
  Source: Microsoft-Windows-TPM-WMI
  Date: 2025-07-15T10:08:41.6250000Z
  Event ID: 1795
  Task: N/A
  Level: Error
  Opcode: Info
  Keyword: N/A
  User: S-1-5-18
  User Name: NT AUTHORITY\SYSTEM
  Computer: ASCENDI-8530I37
  Description:
The system firmware returned an error Unspecified error when attempting to update a Secure Boot variable. For more infor
mation, please see https://go.microsoft.com/fwlink/?linkid=2169931

Event[46]
  Log Name: System
  Source: Microsoft-Windows-Windows Firewall With Advanced Security
  Date: 2025-07-15T10:08:48.4640000Z
  Event ID: 2042
  Task: N/A
  Level: Error
  Opcode: Info
  Keyword: N/A
  User: S-1-5-19
  User Name: NT AUTHORITY\LOCAL SERVICE
  Computer: ASCENDI-8530I37
  Description:
Config Read Failed

Config: 18
Error:  More data is available.

Event[47]
  Log Name: System
  Source: Service Control Manager
  Date: 2025-07-15T10:10:36.9400000Z
  Event ID: 7023
  Task: N/A
  Level: Error
  Opcode: N/A
  Keyword: Classic,
  User: N/A
  User Name: N/A
  Computer: ASCENDI-8530I37
  Description:
The Update Orchestrator Service service terminated with the following error:
%%2149884192

Event[48]
  Log Name: System
  Source: Service Control Manager
  Date: 2025-07-15T10:11:25.7610000Z
  Event ID: 7023
  Task: N/A
  Level: Error
  Opcode: N/A
  Keyword: Classic,
  User: N/A
  User Name: N/A
  Computer: ASCENDI-8530I37
  Description:
The Update Orchestrator Service service terminated with the following error:
%%2149884192

Event[49]
  Log Name: System
  Source: Microsoft-Windows-DistributedCOM
  Date: 2025-07-15T10:12:34.6120000Z
  Event ID: 10010
  Task: N/A
  Level: Error
  Opcode: Info
  Keyword: Classic,
  User: S-1-5-18
  User Name: NT AUTHORITY\SYSTEM
  Computer: ASCENDI-8530I37
  Description:
The server {46687F54-2097-4FC1-9173-3863021DC370} did not register with DCOM within the required timeout.

--- Exporting all System Error logs to CSV ---
Exported to C:\Monitoring\system_errors.csv

==================================================
Executing Commands from Pages 4 & 5: IIS & .NET
==================================================

--- Listing all stopped services ---

Status      : Stopped
Name        : AarSvc_518f2
DisplayName : Agent Activation Runtime_518f2


Status      : Stopped
Name        : ADPSvc
DisplayName : ADPSvc


Status      : Stopped
Name        : ALG
DisplayName : Application Layer Gateway Service


Status      : Stopped
Name        : AppIDSvc
DisplayName : Application Identity


Status      : Stopped
Name        : AppMgmt
DisplayName : Application Management


Status      : Stopped
Name        : AppReadiness
DisplayName : App Readiness


Status      : Stopped
Name        : AppVClient
DisplayName : Microsoft App-V Client


Status      : Stopped
Name        : AppXSvc
DisplayName : AppX Deployment Service (AppXSVC)


Status      : Stopped
Name        : ApxSvc
DisplayName : Windows Virtual Audio Device Proxy Service


Status      : Stopped
Name        : AssignedAccessManagerSvc
DisplayName : AssignedAccessManager Service


Status      : Stopped
Name        : autotimesvc
DisplayName : Cellular Time


Status      : Stopped
Name        : AxInstSV
DisplayName : ActiveX Installer (AxInstSV)


Status      : Stopped
Name        : BcastDVRUserService_518f2
DisplayName : GameDVR and Broadcast User Service_518f2


Status      : Stopped
Name        : BITS
DisplayName : Background Intelligent Transfer Service


Status      : Stopped
Name        : BluetoothUserService_518f2
DisplayName : Bluetooth User Support Service_518f2


Status      : Stopped
Name        : BTAGService
DisplayName : Bluetooth Audio Gateway Service


Status      : Stopped
Name        : BthAvctpSvc
DisplayName : AVCTP service


Status      : Stopped
Name        : bthserv
DisplayName : Bluetooth Support Service


Status      : Stopped
Name        : CaptureService_518f2
DisplayName : CaptureService_518f2


Status      : Stopped
Name        : CertPropSvc
DisplayName : Certificate Propagation


Status      : Stopped
Name        : ClipSVC
DisplayName : Client License Service (ClipSVC)


Status      : Stopped
Name        : CloudBackupRestoreSvc_518f2
DisplayName : Cloud Backup and Restore Service_518f2


Status      : Stopped
Name        : cloudidsvc
DisplayName : Microsoft Cloud Identity Service


Status      : Stopped
Name        : COMSysApp
DisplayName : COM+ System Application


Status      : Stopped
Name        : ConsentUxUserSvc_518f2
DisplayName : ConsentUX User Service_518f2


Status      : Stopped
Name        : CredentialEnrollmentManagerUserSvc_518f2
DisplayName : CredentialEnrollmentManagerUserSvc_518f2


Status      : Stopped
Name        : CscService
DisplayName : Offline Files


Status      : Stopped
Name        : dcsvc
DisplayName : Declared Configuration(DC) service


Status      : Stopped
Name        : defragsvc
DisplayName : Optimize drives


Status      : Stopped
Name        : DeviceAssociationBrokerSvc_518f2
DisplayName : DeviceAssociationBroker_518f2


Status      : Stopped
Name        : DeviceAssociationService
DisplayName : Device Association Service


Status      : Stopped
Name        : DeviceInstall
DisplayName : Device Install Service


Status      : Stopped
Name        : DevicePickerUserSvc_518f2
DisplayName : DevicePicker_518f2


Status      : Stopped
Name        : DevicesFlowUserSvc_518f2
DisplayName : DevicesFlow_518f2


Status      : Stopped
Name        : diagsvc
DisplayName : Diagnostic Execution Service


Status      : Stopped
Name        : DialogBlockingService
DisplayName : DialogBlockingService


Status      : Stopped
Name        : DmEnrollmentSvc
DisplayName : Device Management Enrollment Service


Status      : Stopped
Name        : dmwappushservice
DisplayName : Device Management Wireless Application Protocol (WAP) Push message Routing Service


Status      : Stopped
Name        : DoSvc
DisplayName : Delivery Optimization


Status      : Stopped
Name        : dot3svc
DisplayName : Wired AutoConfig


Status      : Stopped
Name        : DsmSvc
DisplayName : Device Setup Manager


Status      : Stopped
Name        : EapHost
DisplayName : Extensible Authentication Protocol


Status      : Stopped
Name        : edgeupdate
DisplayName : Microsoft Edge Update Service (edgeupdate)


Status      : Stopped
Name        : edgeupdatem
DisplayName : Microsoft Edge Update Service (edgeupdatem)


Status      : Stopped
Name        : EFS
DisplayName : Encrypting File System (EFS)


Status      : Stopped
Name        : embeddedmode
DisplayName : Embedded Mode


Status      : Stopped
Name        : EntAppSvc
DisplayName : Enterprise App Management Service


Status      : Stopped
Name        : fdPHost
DisplayName : Function Discovery Provider Host


Status      : Stopped
Name        : FDResPub
DisplayName : Function Discovery Resource Publication


Status      : Stopped
Name        : fhsvc
DisplayName : File History Service


Status      : Stopped
Name        : FrameServer
DisplayName : Windows Camera Frame Server


Status      : Stopped
Name        : FrameServerMonitor
DisplayName : Windows Camera Frame Server Monitor


Status      : Stopped
Name        : GameInputSvc
DisplayName : GameInput Service


Status      : Stopped
Name        : gpsvc
DisplayName : Group Policy Client


Status      : Stopped
Name        : GraphicsPerfSvc
DisplayName : GraphicsPerfSvc


Status      : Stopped
Name        : hidserv
DisplayName : Human Interface Device Service


Status      : Stopped
Name        : hpatchmon
DisplayName : Hotpatch Monitoring Service


Status      : Stopped
Name        : HvHost
DisplayName : HV Host Service


Status      : Stopped
Name        : icssvc
DisplayName : Windows Mobile Hotspot Service


Status      : Stopped
Name        : IKEEXT
DisplayName : IKE and AuthIP IPsec Keying Modules


Status      : Stopped
Name        : IpxlatCfgSvc
DisplayName : IP Translation Configuration Service


Status      : Stopped
Name        : KtmRm
DisplayName : KtmRm for Distributed Transaction Coordinator


Status      : Stopped
Name        : lltdsvc
DisplayName : Link-Layer Topology Discovery Mapper


Status      : Stopped
Name        : LocalKdc
DisplayName : Kerberos Local Key Distribution Center


Status      : Stopped
Name        : LxpSvc
DisplayName : Language Experience Service


Status      : Stopped
Name        : MapsBroker
DisplayName : Downloaded Maps Manager


Status      : Stopped
Name        : McmSvc
DisplayName : This service provides profile management for mobile connectivity modules


Status      : Stopped
Name        : McpManagementService
DisplayName : McpManagementService


Status      : Stopped
Name        : MessagingService_518f2
DisplayName : MessagingService_518f2


Status      : Stopped
Name        : MicrosoftEdgeElevationService
DisplayName : Microsoft Edge Elevation Service (MicrosoftEdgeElevationService)


Status      : Stopped
Name        : MSDTC
DisplayName : Distributed Transaction Coordinator


Status      : Stopped
Name        : MSiSCSI
DisplayName : Microsoft iSCSI Initiator Service


Status      : Stopped
Name        : msiserver
DisplayName : Windows Installer


Status      : Stopped
Name        : MsKeyboardFilter
DisplayName : Microsoft Keyboard Filter


Status      : Stopped
Name        : NaturalAuthentication
DisplayName : Natural Authentication


Status      : Stopped
Name        : NcaSvc
DisplayName : Network Connectivity Assistant


Status      : Stopped
Name        : NcdAutoSetup
DisplayName : Network Connected Devices Auto-Setup


Status      : Stopped
Name        : Netlogon
DisplayName : Netlogon


Status      : Stopped
Name        : Netman
DisplayName : Network Connections


Status      : Stopped
Name        : NetSetupSvc
DisplayName : Network Setup Service


Status      : Stopped
Name        : NetTcpPortSharing
DisplayName : Net.Tcp Port Sharing Service


Status      : Stopped
Name        : NgcCtnrSvc
DisplayName : Microsoft Passport Container


Status      : Stopped
Name        : NgcSvc
DisplayName : Microsoft Passport


Status      : Stopped
Name        : NlaSvc
DisplayName : Network Location Awareness


Status      : Stopped
Name        : NPSMSvc_518f2
DisplayName : Now Playing Session Manager Service_518f2


Status      : Stopped
Name        : OneDrive Updater Service
DisplayName : OneDrive Updater Service


Status      : Stopped
Name        : P9RdrService_518f2
DisplayName : P9RdrService_518f2


Status      : Stopped
Name        : PeerDistSvc
DisplayName : BranchCache


Status      : Stopped
Name        : PenService_518f2
DisplayName : PenService_518f2


Status      : Stopped
Name        : perceptionsimulation
DisplayName : Windows Perception Simulation Service


Status      : Stopped
Name        : PerfHost
DisplayName : Performance Counter DLL Host


Status      : Stopped
Name        : PhoneSvc
DisplayName : Phone Service


Status      : Stopped
Name        : PimIndexMaintenanceSvc_518f2
DisplayName : Contact Data_518f2


Status      : Stopped
Name        : PrintDeviceConfigurationService
DisplayName : Print Device Configuration Service


Status      : Stopped
Name        : PrintNotify
DisplayName : Printer Extensions and Notifications


Status      : Stopped
Name        : PrintScanBrokerService
DisplayName : PrintScanBrokerService


Status      : Stopped
Name        : PrintWorkflowUserSvc_518f2
DisplayName : PrintWorkflow_518f2


Status      : Stopped
Name        : PushToInstall
DisplayName : Windows PushToInstall Service


Status      : Stopped
Name        : QWAVE
DisplayName : Quality Windows Audio Video Experience


Status      : Stopped
Name        : RasAuto
DisplayName : Remote Access Auto Connection Manager


Status      : Stopped
Name        : refsdedupsvc
DisplayName : ReFS Dedup Service


Status      : Stopped
Name        : RemoteAccess
DisplayName : Routing and Remote Access


Status      : Stopped
Name        : RemoteRegistry
DisplayName : Remote Registry


Status      : Stopped
Name        : RetailDemo
DisplayName : Retail Demo Service


Status      : Stopped
Name        : RpcLocator
DisplayName : Remote Procedure Call (RPC) Locator


Status      : Stopped
Name        : SCardSvr
DisplayName : Smart Card


Status      : Stopped
Name        : ScDeviceEnum
DisplayName : Smart Card Device Enumeration Service


Status      : Stopped
Name        : SCPolicySvc
DisplayName : Smart Card Removal Policy


Status      : Stopped
Name        : SDRSVC
DisplayName : Windows Backup


Status      : Stopped
Name        : seclogon
DisplayName : Secondary Logon


Status      : Stopped
Name        : SEMgrSvc
DisplayName : Payments and NFC/SE Manager


Status      : Stopped
Name        : Sense
DisplayName : Windows Defender Advanced Threat Protection Service


Status      : Stopped
Name        : SensorDataService
DisplayName : Sensor Data Service


Status      : Stopped
Name        : SensorService
DisplayName : Sensor Service


Status      : Stopped
Name        : SensrSvc
DisplayName : Sensor Monitoring Service


Status      : Stopped
Name        : SessionEnv
DisplayName : Remote Desktop Configuration


Status      : Stopped
Name        : SharedAccess
DisplayName : Internet Connection Sharing (ICS)


Status      : Stopped
Name        : shpamsvc
DisplayName : Shared PC Account Manager


Status      : Stopped
Name        : smphost
DisplayName : Microsoft Storage Spaces SMP


Status      : Stopped
Name        : SmsRouter
DisplayName : Microsoft Windows SMS Router Service.


Status      : Stopped
Name        : SNMPTrap
DisplayName : SNMP Trap


Status      : Stopped
Name        : sppsvc
DisplayName : Software Protection


Status      : Stopped
Name        : ssh-agent
DisplayName : OpenSSH Authentication Agent


Status      : Stopped
Name        : StiSvc
DisplayName : Windows Image Acquisition (WIA)


Status      : Stopped
Name        : svsvc
DisplayName : Spot Verifier


Status      : Stopped
Name        : swprv
DisplayName : Microsoft Software Shadow Copy Provider


Status      : Stopped
Name        : TapiSrv
DisplayName : Telephony


Status      : Stopped
Name        : TermService
DisplayName : Remote Desktop Services


Status      : Stopped
Name        : TieringEngineService
DisplayName : Storage Tiers Management


Status      : Stopped
Name        : TroubleshootingSvc
DisplayName : Recommended Troubleshooting Service


Status      : Stopped
Name        : TrustedInstaller
DisplayName : Windows Modules Installer


Status      : Stopped
Name        : tzautoupdate
DisplayName : Auto Time Zone Updater


Status      : Stopped
Name        : UevAgentService
DisplayName : User Experience Virtualization Service


Status      : Stopped
Name        : UmRdpService
DisplayName : Remote Desktop Services UserMode Port Redirector


Status      : Stopped
Name        : UnistoreSvc_518f2
DisplayName : User Data Storage_518f2


Status      : Stopped
Name        : upnphost
DisplayName : UPnP Device Host


Status      : Stopped
Name        : UserDataSvc_518f2
DisplayName : User Data Access_518f2


Status      : Stopped
Name        : vds
DisplayName : Virtual Disk


Status      : Stopped
Name        : vmicguestinterface
DisplayName : Hyper-V Guest Service Interface


Status      : Stopped
Name        : vmicheartbeat
DisplayName : Hyper-V Heartbeat Service


Status      : Stopped
Name        : vmickvpexchange
DisplayName : Hyper-V Data Exchange Service


Status      : Stopped
Name        : vmicrdv
DisplayName : Hyper-V Remote Desktop Virtualization Service


Status      : Stopped
Name        : vmicshutdown
DisplayName : Hyper-V Guest Shutdown Service


Status      : Stopped
Name        : vmictimesync
DisplayName : Hyper-V Time Synchronization Service


Status      : Stopped
Name        : vmicvmsession
DisplayName : Hyper-V PowerShell Direct Service


Status      : Stopped
Name        : vmicvss
DisplayName : Hyper-V Volume Shadow Copy Requestor


Status      : Stopped
Name        : VSInstallerElevationService
DisplayName : Visual Studio Installer Elevation Service


Status      : Stopped
Name        : VSS
DisplayName : Volume Shadow Copy


Status      : Stopped
Name        : VSStandardCollectorService150
DisplayName : Visual Studio Standard Collector Service 150


Status      : Stopped
Name        : WaaSMedicSvc
DisplayName : WaaSMedicSvc


Status      : Stopped
Name        : WalletService
DisplayName : WalletService


Status      : Stopped
Name        : WarpJITSvc
DisplayName : Warp JIT Service


Status      : Stopped
Name        : wbengine
DisplayName : Block Level Backup Engine Service


Status      : Stopped
Name        : WbioSrvc
DisplayName : Windows Biometric Service


Status      : Stopped
Name        : wcncsvc
DisplayName : Windows Connect Now - Config Registrar


Status      : Stopped
Name        : WdiServiceHost
DisplayName : Diagnostic Service Host


Status      : Stopped
Name        : WdiSystemHost
DisplayName : Diagnostic System Host


Status      : Stopped
Name        : WebClient
DisplayName : WebClient


Status      : Stopped
Name        : Wecsvc
DisplayName : Windows Event Collector


Status      : Stopped
Name        : WEPHOSTSVC
DisplayName : Windows Encryption Provider Host Service


Status      : Stopped
Name        : wercplsupport
DisplayName : Problem Reports Control Panel Support


Status      : Stopped
Name        : WerSvc
DisplayName : Windows Error Reporting Service


Status      : Stopped
Name        : WFDSConMgrSvc
DisplayName : Wi-Fi Direct Services Connection Manager Service


Status      : Stopped
Name        : WiaRpc
DisplayName : Still Image Acquisition Events


Status      : Stopped
Name        : WinRM
DisplayName : Windows Remote Management (WS-Management)


Status      : Stopped
Name        : wisvc
DisplayName : Windows Insider Service


Status      : Stopped
Name        : WlanSvc
DisplayName : WLAN AutoConfig


Status      : Stopped
Name        : wlidsvc
DisplayName : Microsoft Account Sign-in Assistant


Status      : Stopped
Name        : wlpasvc
DisplayName : Local Profile Assistant Service


Status      : Stopped
Name        : WManSvc
DisplayName : Windows Management Service


Status      : Stopped
Name        : wmiApSrv
DisplayName : WMI Performance Adapter


Status      : Stopped
Name        : WMPNetworkSvc
DisplayName : Windows Media Player Network Sharing Service


Status      : Stopped
Name        : workfolderssvc
DisplayName : Work Folders


Status      : Stopped
Name        : WpcMonSvc
DisplayName : Parental Controls


Status      : Stopped
Name        : WPDBusEnum
DisplayName : Portable Device Enumerator Service


Status      : Stopped
Name        : wuauserv
DisplayName : Windows Update


Status      : Stopped
Name        : WwanSvc
DisplayName : WWAN AutoConfig


Status      : Stopped
Name        : XblAuthManager
DisplayName : Xbox Live Auth Manager


Status      : Stopped
Name        : XblGameSave
DisplayName : Xbox Live Game Save


Status      : Stopped
Name        : XboxGipSvc
DisplayName : Xbox Accessory Management Service


Status      : Stopped
Name        : XboxNetApiSvc
DisplayName : Xbox Live Networking Service


Status      : Stopped
Name        : ZTHELPER
DisplayName : ZTDNS Helper service


--- Listing all established network connections ---
  TCP    10.0.2.15:49695        52.109.56.128:443      ESTABLISHED
  TCP    10.0.2.15:62390        184.51.195.202:443     ESTABLISHED
  TCP    10.0.2.15:62396        4.213.25.242:443       ESTABLISHED
  TCP    10.0.2.15:62400        157.240.23.53:5222     ESTABLISHED
  TCP    10.0.2.15:62404        35.174.210.7:443       ESTABLISHED
  TCP    10.0.2.15:62405        3.212.81.64:443        ESTABLISHED
  TCP    10.0.2.15:62408        104.18.39.21:443       ESTABLISHED
  TCP    10.0.2.15:62410        4.190.204.124:443      ESTABLISHED
  TCP    10.0.2.15:62418        4.213.25.242:443       ESTABLISHED
  TCP    10.0.2.15:62421        52.187.79.109:443      ESTABLISHED
  TCP    10.0.2.15:62448        20.189.173.17:443      ESTABLISHED
  TCP    10.0.2.15:62543        23.96.124.68:443       ESTABLISHED
  TCP    10.0.2.15:62544        13.107.139.11:443      ESTABLISHED
  TCP    10.0.2.15:62545        51.116.246.104:443     ESTABLISHED
  TCP    127.0.0.1:49672        127.0.0.1:49673        ESTABLISHED
  TCP    127.0.0.1:49673        127.0.0.1:49672        ESTABLISHED
  TCP    127.0.0.1:49674        127.0.0.1:49675        ESTABLISHED
  TCP    127.0.0.1:49675        127.0.0.1:49674        ESTABLISHED
WARNING: IIS (WebAdministration Module) not found. Skipping IIS-specific commands.

==================================================
Executing Script from Page 6: Custom Monitoring
==================================================

--- Running the custom monitoring script for 1 minute ---
Starting monitoring... Output: C:\Monitoring\performance_20250826_123941.log
Duration: 1 minutes, Interval: 5 seconds
2025-08-26 12:39:41, CPU:43.45%, Memory:3128 MB, DiskQueue:0
2025-08-26 12:39:52, CPU:47.15%, Memory:3143 MB, DiskQueue:0
2025-08-26 12:40:01, CPU:43.6%, Memory:3149 MB, DiskQueue:0
2025-08-26 12:40:10, CPU:35.12%, Memory:3158 MB, DiskQueue:0
2025-08-26 12:40:18, CPU:32.69%, Memory:3152 MB, DiskQueue:0
2025-08-26 12:40:26, CPU:26.33%, Memory:3152 MB, DiskQueue:0
2025-08-26 12:40:33, CPU:44.32%, Memory:3276 MB, DiskQueue:0
2025-08-26 12:40:39, CPU:8.87%, Memory:3280 MB, DiskQueue:0
Monitoring completed. Log saved to: C:\Monitoring\performance_20250826_123941.log

==================================================
All commands have been executed.
==================================================
**********************
Windows PowerShell transcript end
End time: 20250826124045
**********************
