"Message","Id","Version","Qualifiers","Level","Task","Opcode","Keywords","RecordId","ProviderName","ProviderId","LogName","ProcessId","ThreadId","MachineName","UserId","TimeCreated","ActivityId","RelatedActivityId","ContainerLog","MatchedQueryIds","Bookmark","LevelDisplayName","OpcodeDisplayName","TaskDisplayName","KeywordsDisplayNames","Properties"
"The server MicrosoftWindows.Client.CBS_1000.26100.197.0_x64__cw5n1h2txyewy!Global.Accounts.AppX8yrfnvrjgqksgeea7rrq1yev91j1g7b8.mca did not register with DCOM within the required timeout.","10010","0","0","2","0","0","-9187343239835811840","8124","Microsoft-Windows-DistributedCOM","1b562e86-b7aa-4131-badc-b6f3a001407e","System","848","9812","ASCENDI-5KUKA0U","S-1-5-21-693582964-3246078928-4005434760-1000","25-08-2025 17:00:47","d72b1698-1598-0000-2223-2bd79815dc01",,"System","System.UInt32[]","System.Diagnostics.Eventing.Reader.EventBookmark","Error","Info",,"System.Collections.ObjectModel.ReadOnlyCollection`1[System.String]","System.Collections.Generic.List`1[System.Diagnostics.Eventing.Reader.EventProperty]"
"The server Microsoft.Windows.ContentDeliveryManager_10.0.26100.1_neutral_neutral_cw5n1h2txyewy!App.AppXx4zfy1ffv3wctgdz2vypnybzjkh27jhw.mca did not register with DCOM within the required timeout.","10010","0","0","2","0","0","-9187343239835811840","8123","Microsoft-Windows-DistributedCOM","1b562e86-b7aa-4131-badc-b6f3a001407e","System","848","11012","ASCENDI-5KUKA0U","S-1-5-21-693582964-3246078928-4005434760-1000","25-08-2025 17:00:47","d72b1698-1598-0000-2223-2bd79815dc01",,"System","System.UInt32[]","System.Diagnostics.Eventing.Reader.EventBookmark","Error","Info",,"System.Collections.ObjectModel.ReadOnlyCollection`1[System.String]","System.Collections.Generic.List`1[System.Diagnostics.Eventing.Reader.EventProperty]"
"The server {8CFC164F-4BE5-4FDD-94E9-E2AF73ED4A19} did not register with DCOM within the required timeout.","10010","0","0","2","0","0","-9187343239835811840","8093","Microsoft-Windows-DistributedCOM","1b562e86-b7aa-4131-badc-b6f3a001407e","System","848","1160","ASCENDI-5KUKA0U","S-1-5-21-693582964-3246078928-4005434760-1000","25-08-2025 13:58:27","d72b1698-1598-0001-8252-2cd79815dc01",,"System","System.UInt32[]","System.Diagnostics.Eventing.Reader.EventBookmark","Error","Info",,"System.Collections.ObjectModel.ReadOnlyCollection`1[System.String]","System.Collections.Generic.List`1[System.Diagnostics.Eventing.Reader.EventProperty]"
"The system firmware returned an error Unspecified error when attempting to update a Secure Boot variable. For more information, please see https://go.microsoft.com/fwlink/?linkid=2169931","1795","0",,"2","0","0","-9223372036854775808","8087","Microsoft-Windows-TPM-WMI","7d5387b0-cbe0-11da-a94d-0800200c9a66","System","4296","6652","ASCENDI-5KUKA0U","S-1-5-18","25-08-2025 13:56:58",,,"System","System.UInt32[]","System.Diagnostics.Eventing.Reader.EventBookmark","Error","Info",,"System.Collections.ObjectModel.ReadOnlyCollection`1[System.String]","System.Collections.Generic.List`1[System.Diagnostics.Eventing.Reader.EventProperty]"
"The server {4991D34B-80A1-4291-83B6-3328366B9097} did not register with DCOM within the required timeout.","10010","0","0","2","0","0","-9187343239835811840","8065","Microsoft-Windows-DistributedCOM","1b562e86-b7aa-4131-badc-b6f3a001407e","System","848","1448","ASCENDI-5KUKA0U","S-1-5-19","25-08-2025 13:52:32","d72b1698-1598-0000-cf19-2bd79815dc01",,"System","System.UInt32[]","System.Diagnostics.Eventing.Reader.EventBookmark","Error","Info",,"System.Collections.ObjectModel.ReadOnlyCollection`1[System.String]","System.Collections.Generic.List`1[System.Diagnostics.Eventing.Reader.EventProperty]"
"The server Windows.Internal.StateRepository.User did not register with DCOM within the required timeout.","10010","0","0","2","0","0","-9187343239835811840","8064","Microsoft-Windows-DistributedCOM","1b562e86-b7aa-4131-badc-b6f3a001407e","System","848","872","ASCENDI-5KUKA0U","S-1-5-18","25-08-2025 13:52:19","f480791e-5c1e-4f75-b431-189da6cd0000",,"System","System.UInt32[]","System.Diagnostics.Eventing.Reader.EventBookmark","Error","Info",,"System.Collections.ObjectModel.ReadOnlyCollection`1[System.String]","System.Collections.Generic.List`1[System.Diagnostics.Eventing.Reader.EventProperty]"
"The system firmware returned an error Unspecified error when attempting to update a Secure Boot variable. For more information, please see https://go.microsoft.com/fwlink/?linkid=2169931","1795","0",,"2","0","0","-9223372036854775808","7947","Microsoft-Windows-TPM-WMI","7d5387b0-cbe0-11da-a94d-0800200c9a66","System","13932","8352","ASCENDI-5KUKA0U","S-1-5-18","24-08-2025 22:39:34",,,"System","System.UInt32[]","System.Diagnostics.Eventing.Reader.EventBookmark","Error","Info",,"System.Collections.ObjectModel.ReadOnlyCollection`1[System.String]","System.Collections.Generic.List`1[System.Diagnostics.Eventing.Reader.EventProperty]"
"The Connected User Experiences and Telemetry service terminated unexpectedly.  It has done this 1 time(s).  The following corrective action will be taken in 30000 milliseconds: Restart the service.","7031","0","49152","2","0","0","-9187343239835811840","7943","Service Control Manager","555908d1-a6d7-4695-8e1e-26931d2012f4","System","900","17640","ASCENDI-5KUKA0U",,"24-08-2025 21:06:56",,,"System","System.UInt32[]","System.Diagnostics.Eventing.Reader.EventBookmark","Error",,,"System.Collections.ObjectModel.ReadOnlyCollection`1[System.String]","System.Collections.Generic.List`1[System.Diagnostics.Eventing.Reader.EventProperty]"
"The Group Policy Client service failed to start due to the following error: 
The service did not respond to the start or control request in a timely fashion.","7000","0","49152","2","0","0","-9187343239835811840","7942","Service Control Manager","555908d1-a6d7-4695-8e1e-26931d2012f4","System","900","12568","ASCENDI-5KUKA0U",,"24-08-2025 21:06:06",,,"System","System.UInt32[]","System.Diagnostics.Eventing.Reader.EventBookmark","Error",,,"System.Collections.ObjectModel.ReadOnlyCollection`1[System.String]","System.Collections.Generic.List`1[System.Diagnostics.Eventing.Reader.EventProperty]"
"A timeout was reached (30000 milliseconds) while waiting for the Group Policy Client service to connect.","7009","0","49152","2","0","0","-9187343239835811840","7941","Service Control Manager","555908d1-a6d7-4695-8e1e-26931d2012f4","System","900","12568","ASCENDI-5KUKA0U",,"24-08-2025 21:06:06",,,"System","System.UInt32[]","System.Diagnostics.Eventing.Reader.EventBookmark","Error",,,"System.Collections.ObjectModel.ReadOnlyCollection`1[System.String]","System.Collections.Generic.List`1[System.Diagnostics.Eventing.Reader.EventProperty]"
"The AppX Deployment Service (AppXSVC) service failed to start due to the following error: 
The service did not respond to the start or control request in a timely fashion.","7000","0","49152","2","0","0","-9187343239835811840","7940","Service Control Manager","555908d1-a6d7-4695-8e1e-26931d2012f4","System","900","17640","ASCENDI-5KUKA0U",,"24-08-2025 21:06:06",,,"System","System.UInt32[]","System.Diagnostics.Eventing.Reader.EventBookmark","Error",,,"System.Collections.ObjectModel.ReadOnlyCollection`1[System.String]","System.Collections.Generic.List`1[System.Diagnostics.Eventing.Reader.EventProperty]"
"A timeout was reached (30000 milliseconds) while waiting for the AppX Deployment Service (AppXSVC) service to connect.","7009","0","49152","2","0","0","-9187343239835811840","7939","Service Control Manager","555908d1-a6d7-4695-8e1e-26931d2012f4","System","900","17640","ASCENDI-5KUKA0U",,"24-08-2025 21:06:06",,,"System","System.UInt32[]","System.Diagnostics.Eventing.Reader.EventBookmark","Error",,,"System.Collections.ObjectModel.ReadOnlyCollection`1[System.String]","System.Collections.Generic.List`1[System.Diagnostics.Eventing.Reader.EventProperty]"
"The AppX Deployment Service (AppXSVC) service failed to start due to the following error: 
The service did not respond to the start or control request in a timely fashion.","7000","0","49152","2","0","0","-9187343239835811840","7934","Service Control Manager","555908d1-a6d7-4695-8e1e-26931d2012f4","System","900","17640","ASCENDI-5KUKA0U",,"24-08-2025 20:05:31",,,"System","System.UInt32[]","System.Diagnostics.Eventing.Reader.EventBookmark","Error",,,"System.Collections.ObjectModel.ReadOnlyCollection`1[System.String]","System.Collections.Generic.List`1[System.Diagnostics.Eventing.Reader.EventProperty]"
"A timeout (30000 milliseconds) was reached while waiting for a transaction response from the SecurityHealthService service.","7011","0","49152","2","0","0","-9187343239835811840","7933","Service Control Manager","555908d1-a6d7-4695-8e1e-26931d2012f4","System","900","10544","ASCENDI-5KUKA0U",,"24-08-2025 20:05:31",,,"System","System.UInt32[]","System.Diagnostics.Eventing.Reader.EventBookmark","Error",,,"System.Collections.ObjectModel.ReadOnlyCollection`1[System.String]","System.Collections.Generic.List`1[System.Diagnostics.Eventing.Reader.EventProperty]"
"A timeout was reached (30000 milliseconds) while waiting for the AppX Deployment Service (AppXSVC) service to connect.","7009","0","49152","2","0","0","-9187343239835811840","7932","Service Control Manager","555908d1-a6d7-4695-8e1e-26931d2012f4","System","900","17640","ASCENDI-5KUKA0U",,"24-08-2025 20:05:31",,,"System","System.UInt32[]","System.Diagnostics.Eventing.Reader.EventBookmark","Error",,,"System.Collections.ObjectModel.ReadOnlyCollection`1[System.String]","System.Collections.Generic.List`1[System.Diagnostics.Eventing.Reader.EventProperty]"
"A timeout (30000 milliseconds) was reached while waiting for a transaction response from the iphlpsvc service.","7011","0","49152","2","0","0","-9187343239835811840","7931","Service Control Manager","555908d1-a6d7-4695-8e1e-26931d2012f4","System","900","17204","ASCENDI-5KUKA0U",,"24-08-2025 20:05:31",,,"System","System.UInt32[]","System.Diagnostics.Eventing.Reader.EventBookmark","Error",,,"System.Collections.ObjectModel.ReadOnlyCollection`1[System.String]","System.Collections.Generic.List`1[System.Diagnostics.Eventing.Reader.EventProperty]"
"The Software Protection service failed to start due to the following error: 
The service did not respond to the start or control request in a timely fashion.","7000","0","49152","2","0","0","-9187343239835811840","7930","Service Control Manager","555908d1-a6d7-4695-8e1e-26931d2012f4","System","900","12568","ASCENDI-5KUKA0U",,"24-08-2025 20:05:31",,,"System","System.UInt32[]","System.Diagnostics.Eventing.Reader.EventBookmark","Error",,,"System.Collections.ObjectModel.ReadOnlyCollection`1[System.String]","System.Collections.Generic.List`1[System.Diagnostics.Eventing.Reader.EventProperty]"
"The Group Policy Client service failed to start due to the following error: 
The service did not respond to the start or control request in a timely fashion.","7000","0","49152","2","0","0","-9187343239835811840","7929","Service Control Manager","555908d1-a6d7-4695-8e1e-26931d2012f4","System","900","10332","ASCENDI-5KUKA0U",,"24-08-2025 20:05:31",,,"System","System.UInt32[]","System.Diagnostics.Eventing.Reader.EventBookmark","Error",,,"System.Collections.ObjectModel.ReadOnlyCollection`1[System.String]","System.Collections.Generic.List`1[System.Diagnostics.Eventing.Reader.EventProperty]"
"A timeout (30000 milliseconds) was reached while waiting for a transaction response from the sppsvc service.","7011","0","49152","2","0","0","-9187343239835811840","7928","Service Control Manager","555908d1-a6d7-4695-8e1e-26931d2012f4","System","900","12568","ASCENDI-5KUKA0U",,"24-08-2025 20:05:31",,,"System","System.UInt32[]","System.Diagnostics.Eventing.Reader.EventBookmark","Error",,,"System.Collections.ObjectModel.ReadOnlyCollection`1[System.String]","System.Collections.Generic.List`1[System.Diagnostics.Eventing.Reader.EventProperty]"
"A timeout (30000 milliseconds) was reached while waiting for a transaction response from the gpsvc service.","7011","0","49152","2","0","0","-9187343239835811840","7927","Service Control Manager","555908d1-a6d7-4695-8e1e-26931d2012f4","System","900","10332","ASCENDI-5KUKA0U",,"24-08-2025 20:05:31",,,"System","System.UInt32[]","System.Diagnostics.Eventing.Reader.EventBookmark","Error",,,"System.Collections.ObjectModel.ReadOnlyCollection`1[System.String]","System.Collections.Generic.List`1[System.Diagnostics.Eventing.Reader.EventProperty]"
"The system firmware returned an error Unspecified error when attempting to update a Secure Boot variable. For more information, please see https://go.microsoft.com/fwlink/?linkid=2169931","1795","0",,"2","0","0","-9223372036854775808","7870","Microsoft-Windows-TPM-WMI","7d5387b0-cbe0-11da-a94d-0800200c9a66","System","8620","8676","ASCENDI-5KUKA0U","S-1-5-18","24-08-2025 10:37:29",,,"System","System.UInt32[]","System.Diagnostics.Eventing.Reader.EventBookmark","Error","Info",,"System.Collections.ObjectModel.ReadOnlyCollection`1[System.String]","System.Collections.Generic.List`1[System.Diagnostics.Eventing.Reader.EventProperty]"
"The SysMain service terminated with the following error: 
The handle is invalid.","7023","0","49152","2","0","0","-9187343239835811840","7774","Service Control Manager","555908d1-a6d7-4695-8e1e-26931d2012f4","System","892","2236","ASCENDI-5KUKA0U",,"24-08-2025 10:31:23",,,"System","System.UInt32[]","System.Diagnostics.Eventing.Reader.EventBookmark","Error",,,"System.Collections.ObjectModel.ReadOnlyCollection`1[System.String]","System.Collections.Generic.List`1[System.Diagnostics.Eventing.Reader.EventProperty]"
"The previous system shutdown at 8:47:46 PM on ?8/?23/?2025 was unexpected.","6008","0","32768","2","0","0","36028797018963968","7700","EventLog",,"System","1776","1872","ASCENDI-5KUKA0U",,"24-08-2025 10:30:32",,,"System","System.UInt32[]","System.Diagnostics.Eventing.Reader.EventBookmark","Error",,"None","System.Collections.ObjectModel.ReadOnlyCollection`1[System.String]","System.Collections.Generic.List`1[System.Diagnostics.Eventing.Reader.EventProperty]"
"A timeout (30000 milliseconds) was reached while waiting for a transaction response from the WSearch service.","7011","0","49152","2","0","0","-9187343239835811840","7678","Service Control Manager","555908d1-a6d7-4695-8e1e-26931d2012f4","System","904","17044","ASCENDI-5KUKA0U",,"23-08-2025 20:55:22",,,"System","System.UInt32[]","System.Diagnostics.Eventing.Reader.EventBookmark","Error",,,"System.Collections.ObjectModel.ReadOnlyCollection`1[System.String]","System.Collections.Generic.List`1[System.Diagnostics.Eventing.Reader.EventProperty]"
"The server Microsoft.AAD.BrokerPlugin_1000.19580.1000.2_neutral_neutral_cw5n1h2txyewy!Windows.Security.Authentication.Web.Core.BackgroundGetTokenTask.ClassId.WebAccountProvider did not register with DCOM within the required timeout.","10010","0","0","2","0","0","-9187343239835811840","7669","Microsoft-Windows-DistributedCOM","1b562e86-b7aa-4131-badc-b6f3a001407e","System","840","1272","ASCENDI-5KUKA0U","S-1-5-21-693582964-3246078928-4005434760-1000","22-08-2025 21:23:53","ce617678-0ff7-0000-5604-d9cef70fdc01",,"System","System.UInt32[]","System.Diagnostics.Eventing.Reader.EventBookmark","Error","Info",,"System.Collections.ObjectModel.ReadOnlyCollection`1[System.String]","System.Collections.Generic.List`1[System.Diagnostics.Eventing.Reader.EventProperty]"
"Installation Failure: Windows failed to install the following update with error 0x80073D02: 9NHT9RB2F4HD-Microsoft.Copilot.","20","1",,"2","1","13","-9223372036854775768","7608","Microsoft-Windows-WindowsUpdateClient","945a8954-c147-4acd-923f-40c45405a658","System","12140","17024","ASCENDI-5KUKA0U","S-1-5-18","22-08-2025 10:16:41","ce617678-0ff7-0001-ba01-a6cef70fdc01",,"System","System.UInt32[]","System.Diagnostics.Eventing.Reader.EventBookmark","Error","Installation","Windows Update Agent","System.Collections.ObjectModel.ReadOnlyCollection`1[System.String]","System.Collections.Generic.List`1[System.Diagnostics.Eventing.Reader.EventProperty]"
"The system firmware returned an error Unspecified error when attempting to update a Secure Boot variable. For more information, please see https://go.microsoft.com/fwlink/?linkid=2169931","1795","0",,"2","0","0","-9223372036854775808","7602","Microsoft-Windows-TPM-WMI","7d5387b0-cbe0-11da-a94d-0800200c9a66","System","20116","5668","ASCENDI-5KUKA0U","S-1-5-18","22-08-2025 10:10:15",,,"System","System.UInt32[]","System.Diagnostics.Eventing.Reader.EventBookmark","Error","Info",,"System.Collections.ObjectModel.ReadOnlyCollection`1[System.String]","System.Collections.Generic.List`1[System.Diagnostics.Eventing.Reader.EventProperty]"
"The server Microsoft.Windows.ContentDeliveryManager_10.0.26100.1_neutral_neutral_cw5n1h2txyewy!App.AppXx4zfy1ffv3wctgdz2vypnybzjkh27jhw.mca did not register with DCOM within the required timeout.","10010","0","0","2","0","0","-9187343239835811840","7598","Microsoft-Windows-DistributedCOM","1b562e86-b7aa-4131-badc-b6f3a001407e","System","840","9108","ASCENDI-5KUKA0U","S-1-5-21-693582964-3246078928-4005434760-1000","21-08-2025 23:25:52","ce617678-0ff7-0001-35ee-a4cef70fdc01",,"System","System.UInt32[]","System.Diagnostics.Eventing.Reader.EventBookmark","Error","Info",,"System.Collections.ObjectModel.ReadOnlyCollection`1[System.String]","System.Collections.Generic.List`1[System.Diagnostics.Eventing.Reader.EventProperty]"
"The system firmware returned an error Unspecified error when attempting to update a Secure Boot variable. For more information, please see https://go.microsoft.com/fwlink/?linkid=2169931","1795","0",,"2","0","0","-9223372036854775808","7573","Microsoft-Windows-TPM-WMI","7d5387b0-cbe0-11da-a94d-0800200c9a66","System","6948","5004","ASCENDI-5KUKA0U","S-1-5-18","21-08-2025 21:59:21",,,"System","System.UInt32[]","System.Diagnostics.Eventing.Reader.EventBookmark","Error","Info",,"System.Collections.ObjectModel.ReadOnlyCollection`1[System.String]","System.Collections.Generic.List`1[System.Diagnostics.Eventing.Reader.EventProperty]"
"The Software Protection service failed to start due to the following error: 
The service did not respond to the start or control request in a timely fashion.","7000","0","49152","2","0","0","-9187343239835811840","7562","Service Control Manager","555908d1-a6d7-4695-8e1e-26931d2012f4","System","904","4332","ASCENDI-5KUKA0U",,"21-08-2025 17:17:55",,,"System","System.UInt32[]","System.Diagnostics.Eventing.Reader.EventBookmark","Error",,,"System.Collections.ObjectModel.ReadOnlyCollection`1[System.String]","System.Collections.Generic.List`1[System.Diagnostics.Eventing.Reader.EventProperty]"
"A timeout was reached (30000 milliseconds) while waiting for the Software Protection service to connect.","7009","0","49152","2","0","0","-9187343239835811840","7561","Service Control Manager","555908d1-a6d7-4695-8e1e-26931d2012f4","System","904","4332","ASCENDI-5KUKA0U",,"21-08-2025 17:17:55",,,"System","System.UInt32[]","System.Diagnostics.Eventing.Reader.EventBookmark","Error",,,"System.Collections.ObjectModel.ReadOnlyCollection`1[System.String]","System.Collections.Generic.List`1[System.Diagnostics.Eventing.Reader.EventProperty]"
"The AppX Deployment Service (AppXSVC) service failed to start due to the following error: 
The service did not respond to the start or control request in a timely fashion.","7000","0","49152","2","0","0","-9187343239835811840","7557","Service Control Manager","555908d1-a6d7-4695-8e1e-26931d2012f4","System","904","492","ASCENDI-5KUKA0U",,"21-08-2025 16:27:45",,,"System","System.UInt32[]","System.Diagnostics.Eventing.Reader.EventBookmark","Error",,,"System.Collections.ObjectModel.ReadOnlyCollection`1[System.String]","System.Collections.Generic.List`1[System.Diagnostics.Eventing.Reader.EventProperty]"
"A timeout was reached (30000 milliseconds) while waiting for the AppX Deployment Service (AppXSVC) service to connect.","7009","0","49152","2","0","0","-9187343239835811840","7556","Service Control Manager","555908d1-a6d7-4695-8e1e-26931d2012f4","System","904","492","ASCENDI-5KUKA0U",,"21-08-2025 16:27:45",,,"System","System.UInt32[]","System.Diagnostics.Eventing.Reader.EventBookmark","Error",,,"System.Collections.ObjectModel.ReadOnlyCollection`1[System.String]","System.Collections.Generic.List`1[System.Diagnostics.Eventing.Reader.EventProperty]"
"The Software Protection service failed to start due to the following error: 
The service did not respond to the start or control request in a timely fashion.","7000","0","49152","2","0","0","-9187343239835811840","7555","Service Control Manager","555908d1-a6d7-4695-8e1e-26931d2012f4","System","904","5376","ASCENDI-5KUKA0U",,"21-08-2025 16:27:45",,,"System","System.UInt32[]","System.Diagnostics.Eventing.Reader.EventBookmark","Error",,,"System.Collections.ObjectModel.ReadOnlyCollection`1[System.String]","System.Collections.Generic.List`1[System.Diagnostics.Eventing.Reader.EventProperty]"
"A timeout was reached (30000 milliseconds) while waiting for the Software Protection service to connect.","7009","0","49152","2","0","0","-9187343239835811840","7554","Service Control Manager","555908d1-a6d7-4695-8e1e-26931d2012f4","System","904","5376","ASCENDI-5KUKA0U",,"21-08-2025 16:27:45",,,"System","System.UInt32[]","System.Diagnostics.Eventing.Reader.EventBookmark","Error",,,"System.Collections.ObjectModel.ReadOnlyCollection`1[System.String]","System.Collections.Generic.List`1[System.Diagnostics.Eventing.Reader.EventProperty]"
"The Software Protection service failed to start due to the following error: 
The service did not respond to the start or control request in a timely fashion.","7000","0","49152","2","0","0","-9187343239835811840","7516","Service Control Manager","555908d1-a6d7-4695-8e1e-26931d2012f4","System","904","7896","ASCENDI-5KUKA0U",,"21-08-2025 13:54:12",,,"System","System.UInt32[]","System.Diagnostics.Eventing.Reader.EventBookmark","Error",,,"System.Collections.ObjectModel.ReadOnlyCollection`1[System.String]","System.Collections.Generic.List`1[System.Diagnostics.Eventing.Reader.EventProperty]"
"A timeout was reached (30000 milliseconds) while waiting for the Software Protection service to connect.","7009","0","49152","2","0","0","-9187343239835811840","7515","Service Control Manager","555908d1-a6d7-4695-8e1e-26931d2012f4","System","904","7896","ASCENDI-5KUKA0U",,"21-08-2025 13:54:12",,,"System","System.UInt32[]","System.Diagnostics.Eventing.Reader.EventBookmark","Error",,,"System.Collections.ObjectModel.ReadOnlyCollection`1[System.String]","System.Collections.Generic.List`1[System.Diagnostics.Eventing.Reader.EventProperty]"
"A timeout (30000 milliseconds) was reached while waiting for a transaction response from the gpsvc service.","7011","0","49152","2","0","0","-9187343239835811840","7509","Service Control Manager","555908d1-a6d7-4695-8e1e-26931d2012f4","System","904","17092","ASCENDI-5KUKA0U",,"21-08-2025 12:43:28",,,"System","System.UInt32[]","System.Diagnostics.Eventing.Reader.EventBookmark","Error",,,"System.Collections.ObjectModel.ReadOnlyCollection`1[System.String]","System.Collections.Generic.List`1[System.Diagnostics.Eventing.Reader.EventProperty]"
"The Software Protection service failed to start due to the following error: 
The service did not respond to the start or control request in a timely fashion.","7000","0","49152","2","0","0","-9187343239835811840","7508","Service Control Manager","555908d1-a6d7-4695-8e1e-26931d2012f4","System","904","17960","ASCENDI-5KUKA0U",,"21-08-2025 12:43:28",,,"System","System.UInt32[]","System.Diagnostics.Eventing.Reader.EventBookmark","Error",,,"System.Collections.ObjectModel.ReadOnlyCollection`1[System.String]","System.Collections.Generic.List`1[System.Diagnostics.Eventing.Reader.EventProperty]"
"A timeout (30000 milliseconds) was reached while waiting for a transaction response from the sppsvc service.","7011","0","49152","2","0","0","-9187343239835811840","7507","Service Control Manager","555908d1-a6d7-4695-8e1e-26931d2012f4","System","904","17960","ASCENDI-5KUKA0U",,"21-08-2025 12:43:28",,,"System","System.UInt32[]","System.Diagnostics.Eventing.Reader.EventBookmark","Error",,,"System.Collections.ObjectModel.ReadOnlyCollection`1[System.String]","System.Collections.Generic.List`1[System.Diagnostics.Eventing.Reader.EventProperty]"
"A timeout (30000 milliseconds) was reached while waiting for a transaction response from the Audiosrv service.","7011","0","49152","2","0","0","-9187343239835811840","7506","Service Control Manager","555908d1-a6d7-4695-8e1e-26931d2012f4","System","904","16604","ASCENDI-5KUKA0U",,"21-08-2025 12:43:28",,,"System","System.UInt32[]","System.Diagnostics.Eventing.Reader.EventBookmark","Error",,,"System.Collections.ObjectModel.ReadOnlyCollection`1[System.String]","System.Collections.Generic.List`1[System.Diagnostics.Eventing.Reader.EventProperty]"
"The system firmware returned an error Unspecified error when attempting to update a Secure Boot variable. For more information, please see https://go.microsoft.com/fwlink/?linkid=2169931","1795","0",,"2","0","0","-9223372036854775808","7476","Microsoft-Windows-TPM-WMI","7d5387b0-cbe0-11da-a94d-0800200c9a66","System","3036","2668","ASCENDI-5KUKA0U","S-1-5-18","21-08-2025 09:59:22",,,"System","System.UInt32[]","System.Diagnostics.Eventing.Reader.EventBookmark","Error","Info",,"System.Collections.ObjectModel.ReadOnlyCollection`1[System.String]","System.Collections.Generic.List`1[System.Diagnostics.Eventing.Reader.EventProperty]"
"The system firmware returned an error Unspecified error when attempting to update a Secure Boot variable. For more information, please see https://go.microsoft.com/fwlink/?linkid=2169931","1795","0",,"2","0","0","-9223372036854775808","7463","Microsoft-Windows-TPM-WMI","7d5387b0-cbe0-11da-a94d-0800200c9a66","System","18664","576","ASCENDI-5KUKA0U","S-1-5-18","20-08-2025 22:45:46",,,"System","System.UInt32[]","System.Diagnostics.Eventing.Reader.EventBookmark","Error","Info",,"System.Collections.ObjectModel.ReadOnlyCollection`1[System.String]","System.Collections.Generic.List`1[System.Diagnostics.Eventing.Reader.EventProperty]"
"The server Microsoft.Windows.ContentDeliveryManager_10.0.26100.1_neutral_neutral_cw5n1h2txyewy!App.AppXx4zfy1ffv3wctgdz2vypnybzjkh27jhw.mca did not register with DCOM within the required timeout.","10010","0","0","2","0","0","-9187343239835811840","7445","Microsoft-Windows-DistributedCOM","1b562e86-b7aa-4131-badc-b6f3a001407e","System","840","13644","ASCENDI-5KUKA0U","S-1-5-21-693582964-3246078928-4005434760-1000","20-08-2025 13:10:40","ce617678-0ff7-0001-a988-61cef70fdc01",,"System","System.UInt32[]","System.Diagnostics.Eventing.Reader.EventBookmark","Error","Info",,"System.Collections.ObjectModel.ReadOnlyCollection`1[System.String]","System.Collections.Generic.List`1[System.Diagnostics.Eventing.Reader.EventProperty]"
"The Windows Camera Frame Server Monitor service failed to start due to the following error: 
The service did not respond to the start or control request in a timely fashion.","7000","0","49152","2","0","0","-9187343239835811840","7443","Service Control Manager","555908d1-a6d7-4695-8e1e-26931d2012f4","System","904","16448","ASCENDI-5KUKA0U",,"20-08-2025 13:10:39",,,"System","System.UInt32[]","System.Diagnostics.Eventing.Reader.EventBookmark","Error",,,"System.Collections.ObjectModel.ReadOnlyCollection`1[System.String]","System.Collections.Generic.List`1[System.Diagnostics.Eventing.Reader.EventProperty]"
"A timeout was reached (30000 milliseconds) while waiting for the Windows Camera Frame Server Monitor service to connect.","7009","0","49152","2","0","0","-9187343239835811840","7442","Service Control Manager","555908d1-a6d7-4695-8e1e-26931d2012f4","System","904","16448","ASCENDI-5KUKA0U",,"20-08-2025 13:10:39",,,"System","System.UInt32[]","System.Diagnostics.Eventing.Reader.EventBookmark","Error",,,"System.Collections.ObjectModel.ReadOnlyCollection`1[System.String]","System.Collections.Generic.List`1[System.Diagnostics.Eventing.Reader.EventProperty]"
"The AppX Deployment Service (AppXSVC) service failed to start due to the following error: 
The service did not respond to the start or control request in a timely fashion.","7000","0","49152","2","0","0","-9187343239835811840","7441","Service Control Manager","555908d1-a6d7-4695-8e1e-26931d2012f4","System","904","6148","ASCENDI-5KUKA0U",,"20-08-2025 13:10:39",,,"System","System.UInt32[]","System.Diagnostics.Eventing.Reader.EventBookmark","Error",,,"System.Collections.ObjectModel.ReadOnlyCollection`1[System.String]","System.Collections.Generic.List`1[System.Diagnostics.Eventing.Reader.EventProperty]"
"A timeout was reached (30000 milliseconds) while waiting for the AppX Deployment Service (AppXSVC) service to connect.","7009","0","49152","2","0","0","-9187343239835811840","7440","Service Control Manager","555908d1-a6d7-4695-8e1e-26931d2012f4","System","904","6148","ASCENDI-5KUKA0U",,"20-08-2025 13:10:39",,,"System","System.UInt32[]","System.Diagnostics.Eventing.Reader.EventBookmark","Error",,,"System.Collections.ObjectModel.ReadOnlyCollection`1[System.String]","System.Collections.Generic.List`1[System.Diagnostics.Eventing.Reader.EventProperty]"
"The system firmware returned an error Unspecified error when attempting to update a Secure Boot variable. For more information, please see https://go.microsoft.com/fwlink/?linkid=2169931","1795","0",,"2","0","0","-9223372036854775808","7397","Microsoft-Windows-TPM-WMI","7d5387b0-cbe0-11da-a94d-0800200c9a66","System","8620","8236","ASCENDI-5KUKA0U","S-1-5-18","20-08-2025 09:59:23",,,"System","System.UInt32[]","System.Diagnostics.Eventing.Reader.EventBookmark","Error","Info",,"System.Collections.ObjectModel.ReadOnlyCollection`1[System.String]","System.Collections.Generic.List`1[System.Diagnostics.Eventing.Reader.EventProperty]"
"The server Microsoft.WindowsStore_22506.1401.10.0_x64__8wekyb3d8bbwe!App.AppX19ds9cm7f9evc4x8ayz8h1c2dprymvye.mca did not register with DCOM within the required timeout.","10010","0","0","2","0","0","-9187343239835811840","7387","Microsoft-Windows-DistributedCOM","1b562e86-b7aa-4131-badc-b6f3a001407e","System","840","14736","ASCENDI-5KUKA0U","S-1-5-21-693582964-3246078928-4005434760-1000","19-08-2025 22:57:55","ce617678-0ff7-0000-88c2-a0cef70fdc01",,"System","System.UInt32[]","System.Diagnostics.Eventing.Reader.EventBookmark","Error","Info",,"System.Collections.ObjectModel.ReadOnlyCollection`1[System.String]","System.Collections.Generic.List`1[System.Diagnostics.Eventing.Reader.EventProperty]"
"The system firmware returned an error Unspecified error when attempting to update a Secure Boot variable. For more information, please see https://go.microsoft.com/fwlink/?linkid=2169931","1795","0",,"2","0","0","-9223372036854775808","7378","Microsoft-Windows-TPM-WMI","7d5387b0-cbe0-11da-a94d-0800200c9a66","System","15960","12428","ASCENDI-5KUKA0U","S-1-5-18","19-08-2025 21:59:29",,,"System","System.UInt32[]","System.Diagnostics.Eventing.Reader.EventBookmark","Error","Info",,"System.Collections.ObjectModel.ReadOnlyCollection`1[System.String]","System.Collections.Generic.List`1[System.Diagnostics.Eventing.Reader.EventProperty]"
"The server Microsoft.Windows.ContentDeliveryManager_10.0.26100.1_neutral_neutral_cw5n1h2txyewy!App.AppXx4zfy1ffv3wctgdz2vypnybzjkh27jhw.mca did not register with DCOM within the required timeout.","10010","0","0","2","0","0","-9187343239835811840","7366","Microsoft-Windows-DistributedCOM","1b562e86-b7aa-4131-badc-b6f3a001407e","System","840","9828","ASCENDI-5KUKA0U","S-1-5-21-693582964-3246078928-4005434760-1000","19-08-2025 16:58:54","ce617678-0ff7-0001-a988-61cef70fdc01",,"System","System.UInt32[]","System.Diagnostics.Eventing.Reader.EventBookmark","Error","Info",,"System.Collections.ObjectModel.ReadOnlyCollection`1[System.String]","System.Collections.Generic.List`1[System.Diagnostics.Eventing.Reader.EventProperty]"
"The system firmware returned an error Unspecified error when attempting to update a Secure Boot variable. For more information, please see https://go.microsoft.com/fwlink/?linkid=2169931","1795","0",,"2","0","0","-9223372036854775808","7316","Microsoft-Windows-TPM-WMI","7d5387b0-cbe0-11da-a94d-0800200c9a66","System","16488","9584","ASCENDI-5KUKA0U","S-1-5-18","19-08-2025 10:08:20",,,"System","System.UInt32[]","System.Diagnostics.Eventing.Reader.EventBookmark","Error","Info",,"System.Collections.ObjectModel.ReadOnlyCollection`1[System.String]","System.Collections.Generic.List`1[System.Diagnostics.Eventing.Reader.EventProperty]"
"The server Microsoft.Windows.ContentDeliveryManager_10.0.26100.1_neutral_neutral_cw5n1h2txyewy!App.AppXx4zfy1ffv3wctgdz2vypnybzjkh27jhw.mca did not register with DCOM within the required timeout.","10010","0","0","2","0","0","-9187343239835811840","7292","Microsoft-Windows-DistributedCOM","1b562e86-b7aa-4131-badc-b6f3a001407e","System","840","4468","ASCENDI-5KUKA0U","S-1-5-21-693582964-3246078928-4005434760-1000","18-08-2025 23:39:01","ce617678-0ff7-0001-a988-61cef70fdc01",,"System","System.UInt32[]","System.Diagnostics.Eventing.Reader.EventBookmark","Error","Info",,"System.Collections.ObjectModel.ReadOnlyCollection`1[System.String]","System.Collections.Generic.List`1[System.Diagnostics.Eventing.Reader.EventProperty]"
"The system firmware returned an error Unspecified error when attempting to update a Secure Boot variable. For more information, please see https://go.microsoft.com/fwlink/?linkid=2169931","1795","0",,"2","0","0","-9223372036854775808","7281","Microsoft-Windows-TPM-WMI","7d5387b0-cbe0-11da-a94d-0800200c9a66","System","14396","12008","ASCENDI-5KUKA0U","S-1-5-18","18-08-2025 22:01:33",,,"System","System.UInt32[]","System.Diagnostics.Eventing.Reader.EventBookmark","Error","Info",,"System.Collections.ObjectModel.ReadOnlyCollection`1[System.String]","System.Collections.Generic.List`1[System.Diagnostics.Eventing.Reader.EventProperty]"
"The server MicrosoftWindows.Client.CBS_1000.26100.197.0_x64__cw5n1h2txyewy!Global.Accounts.AppX8yrfnvrjgqksgeea7rrq1yev91j1g7b8.mca did not register with DCOM within the required timeout.","10010","0","0","2","0","0","-9187343239835811840","7254","Microsoft-Windows-DistributedCOM","1b562e86-b7aa-4131-badc-b6f3a001407e","System","840","10016","ASCENDI-5KUKA0U","S-1-5-21-693582964-3246078928-4005434760-1000","18-08-2025 15:37:14","ce617678-0ff7-0001-2626-6dcef70fdc01",,"System","System.UInt32[]","System.Diagnostics.Eventing.Reader.EventBookmark","Error","Info",,"System.Collections.ObjectModel.ReadOnlyCollection`1[System.String]","System.Collections.Generic.List`1[System.Diagnostics.Eventing.Reader.EventProperty]"
"The server MicrosoftWindows.Client.CBS_1000.26100.197.0_x64__cw5n1h2txyewy!Global.DesktopSpotlight.AppXsbcwqry9q2amq0yycaave244ba1n1r0w.mca did not register with DCOM within the required timeout.","10010","0","0","2","0","0","-9187343239835811840","7229","Microsoft-Windows-DistributedCOM","1b562e86-b7aa-4131-badc-b6f3a001407e","System","840","4600","ASCENDI-5KUKA0U","S-1-5-21-693582964-3246078928-4005434760-1000","18-08-2025 12:10:11","ce617678-0ff7-0001-14ea-6bcef70fdc01",,"System","System.UInt32[]","System.Diagnostics.Eventing.Reader.EventBookmark","Error","Info",,"System.Collections.ObjectModel.ReadOnlyCollection`1[System.String]","System.Collections.Generic.List`1[System.Diagnostics.Eventing.Reader.EventProperty]"
"The system firmware returned an error Unspecified error when attempting to update a Secure Boot variable. For more information, please see https://go.microsoft.com/fwlink/?linkid=2169931","1795","0",,"2","0","0","-9223372036854775808","7206","Microsoft-Windows-TPM-WMI","7d5387b0-cbe0-11da-a94d-0800200c9a66","System","2496","9948","ASCENDI-5KUKA0U","S-1-5-18","18-08-2025 10:01:30",,,"System","System.UInt32[]","System.Diagnostics.Eventing.Reader.EventBookmark","Error","Info",,"System.Collections.ObjectModel.ReadOnlyCollection`1[System.String]","System.Collections.Generic.List`1[System.Diagnostics.Eventing.Reader.EventProperty]"
"The Update Orchestrator Service service terminated with the following error: 
%%2149884192","7023","0","49152","2","0","0","-9187343239835811840","7094","Service Control Manager","555908d1-a6d7-4695-8e1e-26931d2012f4","System","900","4468","ASCENDI-5KUKA0U",,"17-08-2025 23:15:09",,,"System","System.UInt32[]","System.Diagnostics.Eventing.Reader.EventBookmark","Error",,,"System.Collections.ObjectModel.ReadOnlyCollection`1[System.String]","System.Collections.Generic.List`1[System.Diagnostics.Eventing.Reader.EventProperty]"
"The server {B91D5831-B1BD-4608-8198-D72E155020F7} did not register with DCOM within the required timeout.","10010","0","0","2","0","0","-9187343239835811840","7093","Microsoft-Windows-DistributedCOM","1b562e86-b7aa-4131-badc-b6f3a001407e","System","836","876","ASCENDI-5KUKA0U","S-1-5-18","17-08-2025 23:14:57","8cab94d9-0f8e-0001-809f-ab8c8e0fdc01",,"System","System.UInt32[]","System.Diagnostics.Eventing.Reader.EventBookmark","Error","Info",,"System.Collections.ObjectModel.ReadOnlyCollection`1[System.String]","System.Collections.Generic.List`1[System.Diagnostics.Eventing.Reader.EventProperty]"
"The Update Orchestrator Service service terminated with the following error: 
%%2149884192","7023","0","49152","2","0","0","-9187343239835811840","7089","Service Control Manager","555908d1-a6d7-4695-8e1e-26931d2012f4","System","900","3568","ASCENDI-5KUKA0U",,"17-08-2025 23:14:40",,,"System","System.UInt32[]","System.Diagnostics.Eventing.Reader.EventBookmark","Error",,,"System.Collections.ObjectModel.ReadOnlyCollection`1[System.String]","System.Collections.Generic.List`1[System.Diagnostics.Eventing.Reader.EventProperty]"
"The Update Orchestrator Service service terminated with the following error: 
%%2149884192","7023","0","49152","2","0","0","-9187343239835811840","7063","Service Control Manager","555908d1-a6d7-4695-8e1e-26931d2012f4","System","900","4468","ASCENDI-5KUKA0U",,"17-08-2025 23:12:59",,,"System","System.UInt32[]","System.Diagnostics.Eventing.Reader.EventBookmark","Error",,,"System.Collections.ObjectModel.ReadOnlyCollection`1[System.String]","System.Collections.Generic.List`1[System.Diagnostics.Eventing.Reader.EventProperty]"
"The server {2593F8B9-4EAF-457C-B68A-50F6B8EA6B54} did not register with DCOM within the required timeout.","10010","0","0","2","0","0","-9187343239835811840","6950","Microsoft-Windows-DistributedCOM","1b562e86-b7aa-4131-badc-b6f3a001407e","System","896","15268","ASCENDI-5KUKA0U","S-1-5-21-693582964-3246078928-4005434760-1000","17-08-2025 23:05:52","132b7a6f-0e84-0000-4cfd-3813840edc01",,"System","System.UInt32[]","System.Diagnostics.Eventing.Reader.EventBookmark","Error","Info",,"System.Collections.ObjectModel.ReadOnlyCollection`1[System.String]","System.Collections.Generic.List`1[System.Diagnostics.Eventing.Reader.EventProperty]"
"The server MicrosoftWindows.Client.CBS_1000.26100.128.0_x64__cw5n1h2txyewy!Global.IrisService.AppXwwah2tbqj7j749pkqvs0hna8en4npvp8.mca did not register with DCOM within the required timeout.","10010","0","0","2","0","0","-9187343239835811840","6929","Microsoft-Windows-DistributedCOM","1b562e86-b7aa-4131-badc-b6f3a001407e","System","896","1052","ASCENDI-5KUKA0U","S-1-5-21-693582964-3246078928-4005434760-1000","17-08-2025 21:53:25","132b7a6f-0e84-0001-52e6-2b13840edc01",,"System","System.UInt32[]","System.Diagnostics.Eventing.Reader.EventBookmark","Error","Info",,"System.Collections.ObjectModel.ReadOnlyCollection`1[System.String]","System.Collections.Generic.List`1[System.Diagnostics.Eventing.Reader.EventProperty]"
"DCOM got error ""1053"" attempting to start the service BITS with arguments ""Unavailable"" in order to run the server:
{4991D34B-80A1-4291-83B6-3328366B9097}","10005","0","0","2","0","0","-9187343239835811840","6928","Microsoft-Windows-DistributedCOM","1b562e86-b7aa-4131-badc-b6f3a001407e","System","532","16272","ASCENDI-5KUKA0U","S-1-5-21-693582964-3246078928-4005434760-1000","17-08-2025 21:47:21","132b7a6f-0e84-0000-f031-3713840edc01",,"System","System.UInt32[]","System.Diagnostics.Eventing.Reader.EventBookmark","Error","Info",,"System.Collections.ObjectModel.ReadOnlyCollection`1[System.String]","System.Collections.Generic.List`1[System.Diagnostics.Eventing.Reader.EventProperty]"
"The Background Intelligent Transfer Service service failed to start due to the following error: 
The service did not respond to the start or control request in a timely fashion.","7000","0","49152","2","0","0","-9187343239835811840","6927","Service Control Manager","555908d1-a6d7-4695-8e1e-26931d2012f4","System","904","4280","ASCENDI-5KUKA0U",,"17-08-2025 21:47:21",,,"System","System.UInt32[]","System.Diagnostics.Eventing.Reader.EventBookmark","Error",,,"System.Collections.ObjectModel.ReadOnlyCollection`1[System.String]","System.Collections.Generic.List`1[System.Diagnostics.Eventing.Reader.EventProperty]"
"A timeout was reached (30000 milliseconds) while waiting for the Background Intelligent Transfer Service service to connect.","7009","0","49152","2","0","0","-9187343239835811840","6926","Service Control Manager","555908d1-a6d7-4695-8e1e-26931d2012f4","System","904","4280","ASCENDI-5KUKA0U",,"17-08-2025 21:47:21",,,"System","System.UInt32[]","System.Diagnostics.Eventing.Reader.EventBookmark","Error",,,"System.Collections.ObjectModel.ReadOnlyCollection`1[System.String]","System.Collections.Generic.List`1[System.Diagnostics.Eventing.Reader.EventProperty]"
"A timeout (30000 milliseconds) was reached while waiting for a transaction response from the WinDefend service.","7011","0","49152","2","0","0","-9187343239835811840","6915","Service Control Manager","555908d1-a6d7-4695-8e1e-26931d2012f4","System","904","10452","ASCENDI-5KUKA0U",,"17-08-2025 21:09:51",,,"System","System.UInt32[]","System.Diagnostics.Eventing.Reader.EventBookmark","Error",,,"System.Collections.ObjectModel.ReadOnlyCollection`1[System.String]","System.Collections.Generic.List`1[System.Diagnostics.Eventing.Reader.EventProperty]"
"A timeout (30000 milliseconds) was reached while waiting for a transaction response from the SysMain service.","7011","0","49152","2","0","0","-9187343239835811840","6914","Service Control Manager","555908d1-a6d7-4695-8e1e-26931d2012f4","System","904","3420","ASCENDI-5KUKA0U",,"17-08-2025 21:09:51",,,"System","System.UInt32[]","System.Diagnostics.Eventing.Reader.EventBookmark","Error",,,"System.Collections.ObjectModel.ReadOnlyCollection`1[System.String]","System.Collections.Generic.List`1[System.Diagnostics.Eventing.Reader.EventProperty]"
"The server {A463FCB9-6B1C-4E0D-A80B-A2CA7999E25D} did not register with DCOM within the required timeout.","10010","0","0","2","0","0","-9187343239835811840","6913","Microsoft-Windows-DistributedCOM","1b562e86-b7aa-4131-badc-b6f3a001407e","System","896","12212","ASCENDI-5KUKA0U","S-1-5-21-693582964-3246078928-4005434760-1000","17-08-2025 21:09:51","132b7a6f-0e84-0001-594d-3613840edc01",,"System","System.UInt32[]","System.Diagnostics.Eventing.Reader.EventBookmark","Error","Info",,"System.Collections.ObjectModel.ReadOnlyCollection`1[System.String]","System.Collections.Generic.List`1[System.Diagnostics.Eventing.Reader.EventProperty]"
"The server Microsoft.AAD.BrokerPlugin_1000.19580.1000.2_neutral_neutral_cw5n1h2txyewy!Windows.Security.Authentication.Web.Core.BackgroundGetTokenTask.ClassId.WebAccountProvider did not register with DCOM within the required timeout.","10010","0","0","2","0","0","-9187343239835811840","6886","Microsoft-Windows-DistributedCOM","1b562e86-b7aa-4131-badc-b6f3a001407e","System","896","16368","ASCENDI-5KUKA0U","S-1-5-21-693582964-3246078928-4005434760-1000","17-08-2025 19:35:40","132b7a6f-0e84-0001-a942-3513840edc01",,"System","System.UInt32[]","System.Diagnostics.Eventing.Reader.EventBookmark","Error","Info",,"System.Collections.ObjectModel.ReadOnlyCollection`1[System.String]","System.Collections.Generic.List`1[System.Diagnostics.Eventing.Reader.EventProperty]"
"Installation Failure: Windows failed to install the following update with error 0x80073D02: 9WZDNCRFJBMP-MICROSOFT.WINDOWSSTORE.","20","1",,"2","1","13","-9223372036854775768","6849","Microsoft-Windows-WindowsUpdateClient","945a8954-c147-4acd-923f-40c45405a658","System","1616","6740","ASCENDI-5KUKA0U","S-1-5-18","17-08-2025 18:07:25","132b7a6f-0e84-0001-f7b6-2f13840edc01",,"System","System.UInt32[]","System.Diagnostics.Eventing.Reader.EventBookmark","Error","Installation","Windows Update Agent","System.Collections.ObjectModel.ReadOnlyCollection`1[System.String]","System.Collections.Generic.List`1[System.Diagnostics.Eventing.Reader.EventProperty]"
"Installation Failure: Windows failed to install the following update with error 0x80073D02: 9WZDNCRFJBMP-MICROSOFT.WINDOWSSTORE.","20","1",,"2","1","13","-9223372036854775768","6837","Microsoft-Windows-WindowsUpdateClient","945a8954-c147-4acd-923f-40c45405a658","System","1616","13272","ASCENDI-5KUKA0U","S-1-5-18","17-08-2025 18:05:21","132b7a6f-0e84-0000-ed79-2f13840edc01",,"System","System.UInt32[]","System.Diagnostics.Eventing.Reader.EventBookmark","Error","Installation","Windows Update Agent","System.Collections.ObjectModel.ReadOnlyCollection`1[System.String]","System.Collections.Generic.List`1[System.Diagnostics.Eventing.Reader.EventProperty]"
"The Connected User Experiences and Telemetry service terminated unexpectedly.  It has done this 1 time(s).  The following corrective action will be taken in 30000 milliseconds: Restart the service.","7031","0","49152","2","0","0","-9187343239835811840","6828","Service Control Manager","555908d1-a6d7-4695-8e1e-26931d2012f4","System","904","1736","ASCENDI-5KUKA0U",,"17-08-2025 18:00:13",,,"System","System.UInt32[]","System.Diagnostics.Eventing.Reader.EventBookmark","Error",,,"System.Collections.ObjectModel.ReadOnlyCollection`1[System.String]","System.Collections.Generic.List`1[System.Diagnostics.Eventing.Reader.EventProperty]"
"The server Microsoft.YourPhone_1.25071.54.0_x64__8wekyb3d8bbwe!App.AppXn958k7nsj8mxxmsepqdam8xk948t30sc.mca did not register with DCOM within the required timeout.","10010","0","0","2","0","0","-9187343239835811840","6821","Microsoft-Windows-DistributedCOM","1b562e86-b7aa-4131-badc-b6f3a001407e","System","896","8868","ASCENDI-5KUKA0U","S-1-5-21-693582964-3246078928-4005434760-1000","16-08-2025 17:37:20","132b7a6f-0e84-0000-bfa2-2e13840edc01",,"System","System.UInt32[]","System.Diagnostics.Eventing.Reader.EventBookmark","Error","Info",,"System.Collections.ObjectModel.ReadOnlyCollection`1[System.String]","System.Collections.Generic.List`1[System.Diagnostics.Eventing.Reader.EventProperty]"
"The server MicrosoftWindows.Client.CBS_1000.26100.128.0_x64__cw5n1h2txyewy!Global.IrisService.AppXwwah2tbqj7j749pkqvs0hna8en4npvp8.mca did not register with DCOM within the required timeout.","10010","0","0","2","0","0","-9187343239835811840","6820","Microsoft-Windows-DistributedCOM","1b562e86-b7aa-4131-badc-b6f3a001407e","System","896","708","ASCENDI-5KUKA0U","S-1-5-21-693582964-3246078928-4005434760-1000","16-08-2025 17:37:20","132b7a6f-0e84-0001-52e6-2b13840edc01",,"System","System.UInt32[]","System.Diagnostics.Eventing.Reader.EventBookmark","Error","Info",,"System.Collections.ObjectModel.ReadOnlyCollection`1[System.String]","System.Collections.Generic.List`1[System.Diagnostics.Eventing.Reader.EventProperty]"
