Config:	18
Error:	More data is available.","2042","0",,"2","0","0","144115188075855872","1796","Microsoft-Windows-Windows Firewall With Advanced Security","d1bc9aff-2abf-4d71-9146-ecb2a986eb85","System","1668","2424","ASCENDI-5KUKA0U","S-1-5-19","14-07-2025 10:15:16",,,"System","System.UInt32[]","System.Diagnostics.Eventing.Reader.EventBookmark","Error","Info",,"System.Collections.ObjectModel.ReadOnlyCollection`1[System.String]","System.Collections.Generic.List`1[System.Diagnostics.Eventing.Reader.EventProperty]"
"The tcpipreg service failed to start due to the following error: 
The media is write protected.","7000","0","49152","2","0","0","-9187343239835811840","1744","Service Control Manager","555908d1-a6d7-4695-8e1e-26931d2012f4","System","900","1188","ASCENDI-5KUKA0U",,"13-07-2025 19:23:30",,,"System","System.UInt32[]","System.Diagnostics.Eventing.Reader.EventBookmark","Error",,,"System.Collections.ObjectModel.ReadOnlyCollection`1[System.String]","System.Collections.Generic.List`1[System.Diagnostics.Eventing.Reader.EventProperty]"
"The wtd service depends on the BFE service which failed to start because of the following error: 
The media is write protected.","7001","0","49152","2","0","0","-9187343239835811840","1743","Service Control Manager","555908d1-a6d7-4695-8e1e-26931d2012f4","System","900","1516","ASCENDI-5KUKA0U",,"13-07-2025 19:23:30",,,"System","System.UInt32[]","System.Diagnostics.Eventing.Reader.EventBookmark","Error",,,"System.Collections.ObjectModel.ReadOnlyCollection`1[System.String]","System.Collections.Generic.List`1[System.Diagnostics.Eventing.Reader.EventProperty]"
"The WpnService service failed to start due to the following error: 
The media is write protected.","7000","0","49152","2","0","0","-9187343239835811840","1742","Service Control Manager","555908d1-a6d7-4695-8e1e-26931d2012f4","System","900","1120","ASCENDI-5KUKA0U",,"13-07-2025 19:23:30",,,"System","System.UInt32[]","System.Diagnostics.Eventing.Reader.EventBookmark","Error",,,"System.Collections.ObjectModel.ReadOnlyCollection`1[System.String]","System.Collections.Generic.List`1[System.Diagnostics.Eventing.Reader.EventProperty]"
"The WLMS service failed to start due to the following error: 
The media is write protected.","7000","0","49152","2","0","0","-9187343239835811840","1741","Service Control Manager","555908d1-a6d7-4695-8e1e-26931d2012f4","System","900","1548","ASCENDI-5KUKA0U",,"13-07-2025 19:23:30",,,"System","System.UInt32[]","System.Diagnostics.Eventing.Reader.EventBookmark","Error",,,"System.Collections.ObjectModel.ReadOnlyCollection`1[System.String]","System.Collections.Generic.List`1[System.Diagnostics.Eventing.Reader.EventProperty]"
"The WinDefend service failed to start due to the following error: 
The media is write protected.","7000","0","49152","2","0","0","-9187343239835811840","1740","Service Control Manager","555908d1-a6d7-4695-8e1e-26931d2012f4","System","900","1548","ASCENDI-5KUKA0U",,"13-07-2025 19:23:30",,,"System","System.UInt32[]","System.Diagnostics.Eventing.Reader.EventBookmark","Error",,,"System.Collections.ObjectModel.ReadOnlyCollection`1[System.String]","System.Collections.Generic.List`1[System.Diagnostics.Eventing.Reader.EventProperty]"
"The TrkWks service failed to start due to the following error: 
The media is write protected.","7000","0","49152","2","0","0","-9187343239835811840","1739","Service Control Manager","555908d1-a6d7-4695-8e1e-26931d2012f4","System","900","1548","ASCENDI-5KUKA0U",,"13-07-2025 19:23:30",,,"System","System.UInt32[]","System.Diagnostics.Eventing.Reader.EventBookmark","Error",,,"System.Collections.ObjectModel.ReadOnlyCollection`1[System.String]","System.Collections.Generic.List`1[System.Diagnostics.Eventing.Reader.EventProperty]"
"The StateRepository service failed to start due to the following error: 
The media is write protected.","7000","0","49152","2","0","0","-9187343239835811840","1738","Service Control Manager","555908d1-a6d7-4695-8e1e-26931d2012f4","System","900","1188","ASCENDI-5KUKA0U",,"13-07-2025 19:23:30",,,"System","System.UInt32[]","System.Diagnostics.Eventing.Reader.EventBookmark","Error",,,"System.Collections.ObjectModel.ReadOnlyCollection`1[System.String]","System.Collections.Generic.List`1[System.Diagnostics.Eventing.Reader.EventProperty]"
"The SQLWriter service failed to start due to the following error: 
The media is write protected.","7000","0","49152","2","0","0","-9187343239835811840","1737","Service Control Manager","555908d1-a6d7-4695-8e1e-26931d2012f4","System","900","1188","ASCENDI-5KUKA0U",,"13-07-2025 19:23:30",,,"System","System.UInt32[]","System.Diagnostics.Eventing.Reader.EventBookmark","Error",,,"System.Collections.ObjectModel.ReadOnlyCollection`1[System.String]","System.Collections.Generic.List`1[System.Diagnostics.Eventing.Reader.EventProperty]"
"The PEAUTH service failed to start due to the following error: 
The media is write protected.","7000","0","49152","2","0","0","-9187343239835811840","1736","Service Control Manager","555908d1-a6d7-4695-8e1e-26931d2012f4","System","900","1188","ASCENDI-5KUKA0U",,"13-07-2025 19:23:30",,,"System","System.UInt32[]","System.Diagnostics.Eventing.Reader.EventBookmark","Error",,,"System.Collections.ObjectModel.ReadOnlyCollection`1[System.String]","System.Collections.Generic.List`1[System.Diagnostics.Eventing.Reader.EventProperty]"
"The Ndu service failed to start due to the following error: 
The media is write protected.","7000","0","49152","2","0","0","-9187343239835811840","1735","Service Control Manager","555908d1-a6d7-4695-8e1e-26931d2012f4","System","900","1188","ASCENDI-5KUKA0U",,"13-07-2025 19:23:30",,,"System","System.UInt32[]","System.Diagnostics.Eventing.Reader.EventBookmark","Error",,,"System.Collections.ObjectModel.ReadOnlyCollection`1[System.String]","System.Collections.Generic.List`1[System.Diagnostics.Eventing.Reader.EventProperty]"
"The MMCSS service failed to start due to the following error: 
The media is write protected.","7000","0","49152","2","0","0","-9187343239835811840","1734","Service Control Manager","555908d1-a6d7-4695-8e1e-26931d2012f4","System","900","1188","ASCENDI-5KUKA0U",,"13-07-2025 19:23:30",,,"System","System.UInt32[]","System.Diagnostics.Eventing.Reader.EventBookmark","Error",,,"System.Collections.ObjectModel.ReadOnlyCollection`1[System.String]","System.Collections.Generic.List`1[System.Diagnostics.Eventing.Reader.EventProperty]"
"The LanmanServer service depends on the srv2 service which failed to start because of the following error: 
The dependency service or group failed to start.","7001","0","49152","2","0","0","-9187343239835811840","1733","Service Control Manager","555908d1-a6d7-4695-8e1e-26931d2012f4","System","900","1188","ASCENDI-5KUKA0U",,"13-07-2025 19:23:30",,,"System","System.UInt32[]","System.Diagnostics.Eventing.Reader.EventBookmark","Error",,,"System.Collections.ObjectModel.ReadOnlyCollection`1[System.String]","System.Collections.Generic.List`1[System.Diagnostics.Eventing.Reader.EventProperty]"
"The srv2 service depends on the srvnet service which failed to start because of the following error: 
The media is write protected.","7001","0","49152","2","0","0","-9187343239835811840","1732","Service Control Manager","555908d1-a6d7-4695-8e1e-26931d2012f4","System","900","1188","ASCENDI-5KUKA0U",,"13-07-2025 19:23:30",,,"System","System.UInt32[]","System.Diagnostics.Eventing.Reader.EventBookmark","Error",,,"System.Collections.ObjectModel.ReadOnlyCollection`1[System.String]","System.Collections.Generic.List`1[System.Diagnostics.Eventing.Reader.EventProperty]"
"The srvnet service failed to start due to the following error: 
The media is write protected.","7000","0","49152","2","0","0","-9187343239835811840","1731","Service Control Manager","555908d1-a6d7-4695-8e1e-26931d2012f4","System","900","1188","ASCENDI-5KUKA0U",,"13-07-2025 19:23:30",,,"System","System.UInt32[]","System.Diagnostics.Eventing.Reader.EventBookmark","Error",,,"System.Collections.ObjectModel.ReadOnlyCollection`1[System.String]","System.Collections.Generic.List`1[System.Diagnostics.Eventing.Reader.EventProperty]"
"The iphlpsvc service depends on the WinHttpAutoProxySvc service which failed to start because of the following error: 
The dependency service or group failed to start.","7001","0","49152","2","0","0","-9187343239835811840","1730","Service Control Manager","555908d1-a6d7-4695-8e1e-26931d2012f4","System","900","1188","ASCENDI-5KUKA0U",,"13-07-2025 19:23:30",,,"System","System.UInt32[]","System.Diagnostics.Eventing.Reader.EventBookmark","Error",,,"System.Collections.ObjectModel.ReadOnlyCollection`1[System.String]","System.Collections.Generic.List`1[System.Diagnostics.Eventing.Reader.EventProperty]"
"The DPS service failed to start due to the following error: 
The media is write protected.","7000","0","49152","2","0","0","-9187343239835811840","1729","Service Control Manager","555908d1-a6d7-4695-8e1e-26931d2012f4","System","900","1188","ASCENDI-5KUKA0U",,"13-07-2025 19:23:30",,,"System","System.UInt32[]","System.Diagnostics.Eventing.Reader.EventBookmark","Error",,,"System.Collections.ObjectModel.ReadOnlyCollection`1[System.String]","System.Collections.Generic.List`1[System.Diagnostics.Eventing.Reader.EventProperty]"
"The DiagTrack service failed to start due to the following error: 
The media is write protected.","7000","0","49152","2","0","0","-9187343239835811840","1728","Service Control Manager","555908d1-a6d7-4695-8e1e-26931d2012f4","System","900","1188","ASCENDI-5KUKA0U",,"13-07-2025 19:23:30",,,"System","System.UInt32[]","System.Diagnostics.Eventing.Reader.EventBookmark","Error",,,"System.Collections.ObjectModel.ReadOnlyCollection`1[System.String]","System.Collections.Generic.List`1[System.Diagnostics.Eventing.Reader.EventProperty]"
"The CryptSvc service failed to start due to the following error: 
The media is write protected.","7000","0","49152","2","0","0","-9187343239835811840","1727","Service Control Manager","555908d1-a6d7-4695-8e1e-26931d2012f4","System","900","1188","ASCENDI-5KUKA0U",,"13-07-2025 19:23:30",,,"System","System.UInt32[]","System.Diagnostics.Eventing.Reader.EventBookmark","Error",,,"System.Collections.ObjectModel.ReadOnlyCollection`1[System.String]","System.Collections.Generic.List`1[System.Diagnostics.Eventing.Reader.EventProperty]"
"The mpsdrv service failed to start due to the following error: 
The media is write protected.","7000","0","49152","2","0","0","-9187343239835811840","1726","Service Control Manager","555908d1-a6d7-4695-8e1e-26931d2012f4","System","900","1188","ASCENDI-5KUKA0U",,"13-07-2025 19:23:30",,,"System","System.UInt32[]","System.Diagnostics.Eventing.Reader.EventBookmark","Error",,,"System.Collections.ObjectModel.ReadOnlyCollection`1[System.String]","System.Collections.Generic.List`1[System.Diagnostics.Eventing.Reader.EventProperty]"
"The mpssvc service depends on the nsi service which failed to start because of the following error: 
The media is write protected.","7001","0","49152","2","0","0","-9187343239835811840","1725","Service Control Manager","555908d1-a6d7-4695-8e1e-26931d2012f4","System","900","1188","ASCENDI-5KUKA0U",,"13-07-2025 19:23:30",,,"System","System.UInt32[]","System.Diagnostics.Eventing.Reader.EventBookmark","Error",,,"System.Collections.ObjectModel.ReadOnlyCollection`1[System.String]","System.Collections.Generic.List`1[System.Diagnostics.Eventing.Reader.EventProperty]"
"The mrxsmb20 service depends on the mrxsmb service which failed to start because of the following error: 
The media is write protected.","7001","0","49152","2","0","0","-9187343239835811840","1724","Service Control Manager","555908d1-a6d7-4695-8e1e-26931d2012f4","System","900","1188","ASCENDI-5KUKA0U",,"13-07-2025 19:23:30",,,"System","System.UInt32[]","System.Diagnostics.Eventing.Reader.EventBookmark","Error",,,"System.Collections.ObjectModel.ReadOnlyCollection`1[System.String]","System.Collections.Generic.List`1[System.Diagnostics.Eventing.Reader.EventProperty]"
"The mrxsmb service failed to start due to the following error: 
The media is write protected.","7000","0","49152","2","0","0","-9187343239835811840","1723","Service Control Manager","555908d1-a6d7-4695-8e1e-26931d2012f4","System","900","1188","ASCENDI-5KUKA0U",,"13-07-2025 19:23:30",,,"System","System.UInt32[]","System.Diagnostics.Eventing.Reader.EventBookmark","Error",,,"System.Collections.ObjectModel.ReadOnlyCollection`1[System.String]","System.Collections.Generic.List`1[System.Diagnostics.Eventing.Reader.EventProperty]"
"The bowser service failed to start due to the following error: 
The media is write protected.","7000","0","49152","2","0","0","-9187343239835811840","1722","Service Control Manager","555908d1-a6d7-4695-8e1e-26931d2012f4","System","900","1188","ASCENDI-5KUKA0U",,"13-07-2025 19:23:30",,,"System","System.UInt32[]","System.Diagnostics.Eventing.Reader.EventBookmark","Error",,,"System.Collections.ObjectModel.ReadOnlyCollection`1[System.String]","System.Collections.Generic.List`1[System.Diagnostics.Eventing.Reader.EventProperty]"
"The LanmanWorkstation service depends on the nsi service which failed to start because of the following error: 
The media is write protected.","7001","0","49152","2","0","0","-9187343239835811840","1721","Service Control Manager","555908d1-a6d7-4695-8e1e-26931d2012f4","System","900","1188","ASCENDI-5KUKA0U",,"13-07-2025 19:23:30",,,"System","System.UInt32[]","System.Diagnostics.Eventing.Reader.EventBookmark","Error",,,"System.Collections.ObjectModel.ReadOnlyCollection`1[System.String]","System.Collections.Generic.List`1[System.Diagnostics.Eventing.Reader.EventProperty]"
"The BFE service failed to start due to the following error: 
The media is write protected.","7000","0","49152","2","0","0","-9187343239835811840","1720","Service Control Manager","555908d1-a6d7-4695-8e1e-26931d2012f4","System","900","1188","ASCENDI-5KUKA0U",,"13-07-2025 19:23:30",,,"System","System.UInt32[]","System.Diagnostics.Eventing.Reader.EventBookmark","Error",,,"System.Collections.ObjectModel.ReadOnlyCollection`1[System.String]","System.Collections.Generic.List`1[System.Diagnostics.Eventing.Reader.EventProperty]"
"The Spooler service depends on the HTTP service which failed to start because of the following error: 
The media is write protected.","7001","0","49152","2","0","0","-9187343239835811840","1719","Service Control Manager","555908d1-a6d7-4695-8e1e-26931d2012f4","System","900","1188","ASCENDI-5KUKA0U",,"13-07-2025 19:23:30",,,"System","System.UInt32[]","System.Diagnostics.Eventing.Reader.EventBookmark","Error",,,"System.Collections.ObjectModel.ReadOnlyCollection`1[System.String]","System.Collections.Generic.List`1[System.Diagnostics.Eventing.Reader.EventProperty]"
"The HTTP service failed to start due to the following error: 
The media is write protected.","7000","0","49152","2","0","0","-9187343239835811840","1718","Service Control Manager","555908d1-a6d7-4695-8e1e-26931d2012f4","System","900","1188","ASCENDI-5KUKA0U",,"13-07-2025 19:23:30",,,"System","System.UInt32[]","System.Diagnostics.Eventing.Reader.EventBookmark","Error",,,"System.Collections.ObjectModel.ReadOnlyCollection`1[System.String]","System.Collections.Generic.List`1[System.Diagnostics.Eventing.Reader.EventProperty]"
"The Schedule service failed to start due to the following error: 
The media is write protected.","7000","0","49152","2","0","0","-9187343239835811840","1717","Service Control Manager","555908d1-a6d7-4695-8e1e-26931d2012f4","System","900","1188","ASCENDI-5KUKA0U",,"13-07-2025 19:23:30",,,"System","System.UInt32[]","System.Diagnostics.Eventing.Reader.EventBookmark","Error",,,"System.Collections.ObjectModel.ReadOnlyCollection`1[System.String]","System.Collections.Generic.List`1[System.Diagnostics.Eventing.Reader.EventProperty]"
"The WinHttpAutoProxySvc service depends on the Dnscache service which failed to start because of the following error: 
The dependency service or group failed to start.","7001","0","49152","2","0","0","-9187343239835811840","1716","Service Control Manager","555908d1-a6d7-4695-8e1e-26931d2012f4","System","900","1188","ASCENDI-5KUKA0U",,"13-07-2025 19:23:30",,,"System","System.UInt32[]","System.Diagnostics.Eventing.Reader.EventBookmark","Error",,,"System.Collections.ObjectModel.ReadOnlyCollection`1[System.String]","System.Collections.Generic.List`1[System.Diagnostics.Eventing.Reader.EventProperty]"
"The Wcmsvc service depends on the nsi service which failed to start because of the following error: 
The media is write protected.","7001","0","49152","2","0","0","-9187343239835811840","1715","Service Control Manager","555908d1-a6d7-4695-8e1e-26931d2012f4","System","900","1188","ASCENDI-5KUKA0U",,"13-07-2025 19:23:30",,,"System","System.UInt32[]","System.Diagnostics.Eventing.Reader.EventBookmark","Error",,,"System.Collections.ObjectModel.ReadOnlyCollection`1[System.String]","System.Collections.Generic.List`1[System.Diagnostics.Eventing.Reader.EventProperty]"
"The DusmSvc service failed to start due to the following error: 
The media is write protected.","7000","0","49152","2","0","0","-9187343239835811840","1714","Service Control Manager","555908d1-a6d7-4695-8e1e-26931d2012f4","System","900","1188","ASCENDI-5KUKA0U",,"13-07-2025 19:23:30",,,"System","System.UInt32[]","System.Diagnostics.Eventing.Reader.EventBookmark","Error",,,"System.Collections.ObjectModel.ReadOnlyCollection`1[System.String]","System.Collections.Generic.List`1[System.Diagnostics.Eventing.Reader.EventProperty]"
"The Dnscache service depends on the nsi service which failed to start because of the following error: 
The media is write protected.","7001","0","49152","2","0","0","-9187343239835811840","1713","Service Control Manager","555908d1-a6d7-4695-8e1e-26931d2012f4","System","900","1188","ASCENDI-5KUKA0U",,"13-07-2025 19:23:30",,,"System","System.UInt32[]","System.Diagnostics.Eventing.Reader.EventBookmark","Error",,,"System.Collections.ObjectModel.ReadOnlyCollection`1[System.String]","System.Collections.Generic.List`1[System.Diagnostics.Eventing.Reader.EventProperty]"
"The Dhcp service depends on the nsi service which failed to start because of the following error: 
The media is write protected.","7001","0","49152","2","0","0","-9187343239835811840","1712","Service Control Manager","555908d1-a6d7-4695-8e1e-26931d2012f4","System","900","1188","ASCENDI-5KUKA0U",,"13-07-2025 19:23:30",,,"System","System.UInt32[]","System.Diagnostics.Eventing.Reader.EventBookmark","Error",,,"System.Collections.ObjectModel.ReadOnlyCollection`1[System.String]","System.Collections.Generic.List`1[System.Diagnostics.Eventing.Reader.EventProperty]"
"The nsi service failed to start due to the following error: 
The media is write protected.","7000","0","49152","2","0","0","-9187343239835811840","1711","Service Control Manager","555908d1-a6d7-4695-8e1e-26931d2012f4","System","900","1188","ASCENDI-5KUKA0U",,"13-07-2025 19:23:30",,,"System","System.UInt32[]","System.Diagnostics.Eventing.Reader.EventBookmark","Error",,,"System.Collections.ObjectModel.ReadOnlyCollection`1[System.String]","System.Collections.Generic.List`1[System.Diagnostics.Eventing.Reader.EventProperty]"
"The MsLldp service failed to start due to the following error: 
The media is write protected.","7000","0","49152","2","0","0","-9187343239835811840","1710","Service Control Manager","555908d1-a6d7-4695-8e1e-26931d2012f4","System","900","1188","ASCENDI-5KUKA0U",,"13-07-2025 19:23:30",,,"System","System.UInt32[]","System.Diagnostics.Eventing.Reader.EventBookmark","Error",,,"System.Collections.ObjectModel.ReadOnlyCollection`1[System.String]","System.Collections.Generic.List`1[System.Diagnostics.Eventing.Reader.EventProperty]"
"The rspndr service failed to start due to the following error: 
The media is write protected.","7000","0","49152","2","0","0","-9187343239835811840","1709","Service Control Manager","555908d1-a6d7-4695-8e1e-26931d2012f4","System","900","1516","ASCENDI-5KUKA0U",,"13-07-2025 19:23:30",,,"System","System.UInt32[]","System.Diagnostics.Eventing.Reader.EventBookmark","Error",,,"System.Collections.ObjectModel.ReadOnlyCollection`1[System.String]","System.Collections.Generic.List`1[System.Diagnostics.Eventing.Reader.EventProperty]"
"The lltdio service failed to start due to the following error: 
The media is write protected.","7000","0","49152","2","0","0","-9187343239835811840","1708","Service Control Manager","555908d1-a6d7-4695-8e1e-26931d2012f4","System","900","1188","ASCENDI-5KUKA0U",,"13-07-2025 19:23:30",,,"System","System.UInt32[]","System.Diagnostics.Eventing.Reader.EventBookmark","Error",,,"System.Collections.ObjectModel.ReadOnlyCollection`1[System.String]","System.Collections.Generic.List`1[System.Diagnostics.Eventing.Reader.EventProperty]"
"The TextInputManagementService service failed to start due to the following error: 
The media is write protected.","7000","0","49152","2","0","0","-9187343239835811840","1707","Service Control Manager","555908d1-a6d7-4695-8e1e-26931d2012f4","System","900","1188","ASCENDI-5KUKA0U",,"13-07-2025 19:23:30",,,"System","System.UInt32[]","System.Diagnostics.Eventing.Reader.EventBookmark","Error",,,"System.Collections.ObjectModel.ReadOnlyCollection`1[System.String]","System.Collections.Generic.List`1[System.Diagnostics.Eventing.Reader.EventProperty]"
"The SamSs service failed to start due to the following error: 
The media is write protected.","7000","0","49152","2","0","0","-9187343239835811840","1706","Service Control Manager","555908d1-a6d7-4695-8e1e-26931d2012f4","System","900","1188","ASCENDI-5KUKA0U",,"13-07-2025 19:23:30",,,"System","System.UInt32[]","System.Diagnostics.Eventing.Reader.EventBookmark","Error",,,"System.Collections.ObjectModel.ReadOnlyCollection`1[System.String]","System.Collections.Generic.List`1[System.Diagnostics.Eventing.Reader.EventProperty]"
"The Audiosrv service depends on the AudioEndpointBuilder service which failed to start because of the following error: 
The media is write protected.","7001","0","49152","2","0","0","-9187343239835811840","1705","Service Control Manager","555908d1-a6d7-4695-8e1e-26931d2012f4","System","900","1188","ASCENDI-5KUKA0U",,"13-07-2025 19:23:30",,,"System","System.UInt32[]","System.Diagnostics.Eventing.Reader.EventBookmark","Error",,,"System.Collections.ObjectModel.ReadOnlyCollection`1[System.String]","System.Collections.Generic.List`1[System.Diagnostics.Eventing.Reader.EventProperty]"
"The AudioEndpointBuilder service failed to start due to the following error: 
The media is write protected.","7000","0","49152","2","0","0","-9187343239835811840","1704","Service Control Manager","555908d1-a6d7-4695-8e1e-26931d2012f4","System","900","1188","ASCENDI-5KUKA0U",,"13-07-2025 19:23:30",,,"System","System.UInt32[]","System.Diagnostics.Eventing.Reader.EventBookmark","Error",,,"System.Collections.ObjectModel.ReadOnlyCollection`1[System.String]","System.Collections.Generic.List`1[System.Diagnostics.Eventing.Reader.EventProperty]"
"The Themes service failed to start due to the following error: 
The media is write protected.","7000","0","49152","2","0","0","-9187343239835811840","1703","Service Control Manager","555908d1-a6d7-4695-8e1e-26931d2012f4","System","900","1188","ASCENDI-5KUKA0U",,"13-07-2025 19:23:30",,,"System","System.UInt32[]","System.Diagnostics.Eventing.Reader.EventBookmark","Error",,,"System.Collections.ObjectModel.ReadOnlyCollection`1[System.String]","System.Collections.Generic.List`1[System.Diagnostics.Eventing.Reader.EventProperty]"
"The SENS service depends on the EventSystem service which failed to start because of the following error: 
The media is write protected.","7001","0","49152","2","0","0","-9187343239835811840","1702","Service Control Manager","555908d1-a6d7-4695-8e1e-26931d2012f4","System","900","1188","ASCENDI-5KUKA0U",,"13-07-2025 19:23:30",,,"System","System.UInt32[]","System.Diagnostics.Eventing.Reader.EventBookmark","Error",,,"System.Collections.ObjectModel.ReadOnlyCollection`1[System.String]","System.Collections.Generic.List`1[System.Diagnostics.Eventing.Reader.EventProperty]"
"The EventSystem service failed to start due to the following error: 
The media is write protected.","7000","0","49152","2","0","0","-9187343239835811840","1701","Service Control Manager","555908d1-a6d7-4695-8e1e-26931d2012f4","System","900","1188","ASCENDI-5KUKA0U",,"13-07-2025 19:23:30",,,"System","System.UInt32[]","System.Diagnostics.Eventing.Reader.EventBookmark","Error",,,"System.Collections.ObjectModel.ReadOnlyCollection`1[System.String]","System.Collections.Generic.List`1[System.Diagnostics.Eventing.Reader.EventProperty]"
"The gpsvc service failed to start due to the following error: 
The media is write protected.","7000","0","49152","2","0","0","-9187343239835811840","1700","Service Control Manager","555908d1-a6d7-4695-8e1e-26931d2012f4","System","900","1188","ASCENDI-5KUKA0U",,"13-07-2025 19:23:30",,,"System","System.UInt32[]","System.Diagnostics.Eventing.Reader.EventBookmark","Error",,,"System.Collections.ObjectModel.ReadOnlyCollection`1[System.String]","System.Collections.Generic.List`1[System.Diagnostics.Eventing.Reader.EventProperty]"
"The EventLog service failed to start due to the following error: 
The media is write protected.","7000","0","49152","2","0","0","-9187343239835811840","1699","Service Control Manager","555908d1-a6d7-4695-8e1e-26931d2012f4","System","900","1188","ASCENDI-5KUKA0U",,"13-07-2025 19:23:30",,,"System","System.UInt32[]","System.Diagnostics.Eventing.Reader.EventBookmark","Error",,,"System.Collections.ObjectModel.ReadOnlyCollection`1[System.String]","System.Collections.Generic.List`1[System.Diagnostics.Eventing.Reader.EventProperty]"
"The VBoxService service failed to start due to the following error: 
The media is write protected.","7000","0","49152","2","0","0","-9187343239835811840","1698","Service Control Manager","555908d1-a6d7-4695-8e1e-26931d2012f4","System","900","1188","ASCENDI-5KUKA0U",,"13-07-2025 19:23:30",,,"System","System.UInt32[]","System.Diagnostics.Eventing.Reader.EventBookmark","Error",,,"System.Collections.ObjectModel.ReadOnlyCollection`1[System.String]","System.Collections.Generic.List`1[System.Diagnostics.Eventing.Reader.EventProperty]"
"The bindflt service failed to start due to the following error: 
The media is write protected.","7000","0","49152","2","0","0","-9187343239835811840","1697","Service Control Manager","555908d1-a6d7-4695-8e1e-26931d2012f4","System","900","1188","ASCENDI-5KUKA0U",,"13-07-2025 19:23:30",,,"System","System.UInt32[]","System.Diagnostics.Eventing.Reader.EventBookmark","Error",,,"System.Collections.ObjectModel.ReadOnlyCollection`1[System.String]","System.Collections.Generic.List`1[System.Diagnostics.Eventing.Reader.EventProperty]"
"The storqosflt service failed to start due to the following error: 
The media is write protected.","7000","0","49152","2","0","0","-9187343239835811840","1696","Service Control Manager","555908d1-a6d7-4695-8e1e-26931d2012f4","System","900","1188","ASCENDI-5KUKA0U",,"13-07-2025 19:23:30",,,"System","System.UInt32[]","System.Diagnostics.Eventing.Reader.EventBookmark","Error",,,"System.Collections.ObjectModel.ReadOnlyCollection`1[System.String]","System.Collections.Generic.List`1[System.Diagnostics.Eventing.Reader.EventProperty]"
"The UnionFS service failed to start due to the following error: 
The media is write protected.","7000","0","49152","2","0","0","-9187343239835811840","1695","Service Control Manager","555908d1-a6d7-4695-8e1e-26931d2012f4","System","900","1188","ASCENDI-5KUKA0U",,"13-07-2025 19:23:30",,,"System","System.UInt32[]","System.Diagnostics.Eventing.Reader.EventBookmark","Error",,,"System.Collections.ObjectModel.ReadOnlyCollection`1[System.String]","System.Collections.Generic.List`1[System.Diagnostics.Eventing.Reader.EventProperty]"
"The CldFlt service failed to start due to the following error: 
The media is write protected.","7000","0","49152","2","0","0","-9187343239835811840","1694","Service Control Manager","555908d1-a6d7-4695-8e1e-26931d2012f4","System","900","1516","ASCENDI-5KUKA0U",,"13-07-2025 19:23:30",,,"System","System.UInt32[]","System.Diagnostics.Eventing.Reader.EventBookmark","Error",,,"System.Collections.ObjectModel.ReadOnlyCollection`1[System.String]","System.Collections.Generic.List`1[System.Diagnostics.Eventing.Reader.EventProperty]"
"DCOM got error ""1069"" attempting to start the service BITS with arguments ""Unavailable"" in order to run the server:
{4991D34B-80A1-4291-83B6-3328366B9097}","10005","0","0","2","0","0","-9187343239835811840","1685","Microsoft-Windows-DistributedCOM","1b562e86-b7aa-4131-badc-b6f3a001407e","System","400","540","ASCENDI-5KUKA0U","S-1-5-19","13-07-2025 19:59:51","2ad00ee3-f3fc-0001-4b10-d02afcf3db01",,"System","System.UInt32[]","System.Diagnostics.Eventing.Reader.EventBookmark","Error","Info",,"System.Collections.ObjectModel.ReadOnlyCollection`1[System.String]","System.Collections.Generic.List`1[System.Diagnostics.Eventing.Reader.EventProperty]"
"DCOM got error ""1068"" attempting to start the service UserManager with arguments ""Unavailable"" in order to run the server:
Windows.System.Internal.UserManager","10005","0","0","2","0","0","-9187343239835811840","1684","Microsoft-Windows-DistributedCOM","1b562e86-b7aa-4131-badc-b6f3a001407e","System","400","632","ASCENDI-5KUKA0U","S-1-5-90-0-1","13-07-2025 19:59:51",,,"System","System.UInt32[]","System.Diagnostics.Eventing.Reader.EventBookmark","Error","Info",,"System.Collections.ObjectModel.ReadOnlyCollection`1[System.String]","System.Collections.Generic.List`1[System.Diagnostics.Eventing.Reader.EventProperty]"
"The BITS service failed to start due to the following error: 
The service did not start due to a logon failure.","7000","0","49152","2","0","0","-9187343239835811840","1683","Service Control Manager","555908d1-a6d7-4695-8e1e-26931d2012f4","System","900","1020","ASCENDI-5KUKA0U",,"13-07-2025 19:59:51",,,"System","System.UInt32[]","System.Diagnostics.Eventing.Reader.EventBookmark","Error",,,"System.Collections.ObjectModel.ReadOnlyCollection`1[System.String]","System.Collections.Generic.List`1[System.Diagnostics.Eventing.Reader.EventProperty]"
"The BITS service was unable to log on as NT AUTHORITY\SYSTEM with the currently configured password due to the following error: 
The request is not supported.

To ensure that the service is configured properly, use the Services snap-in in Microsoft Management Console (MMC).","7038","0","49152","2","0","0","-9187343239835811840","1682","Service Control Manager","555908d1-a6d7-4695-8e1e-26931d2012f4","System","900","1020","ASCENDI-5KUKA0U",,"13-07-2025 19:59:51",,,"System","System.UInt32[]","System.Diagnostics.Eventing.Reader.EventBookmark","Error",,,"System.Collections.ObjectModel.ReadOnlyCollection`1[System.String]","System.Collections.Generic.List`1[System.Diagnostics.Eventing.Reader.EventProperty]"
"The UserManager service depends on the ProfSvc service which failed to start because of the following error: 
The service did not start due to a logon failure.","7001","0","49152","2","0","0","-9187343239835811840","1681","Service Control Manager","555908d1-a6d7-4695-8e1e-26931d2012f4","System","900","996","ASCENDI-5KUKA0U",,"13-07-2025 19:59:51",,,"System","System.UInt32[]","System.Diagnostics.Eventing.Reader.EventBookmark","Error",,,"System.Collections.ObjectModel.ReadOnlyCollection`1[System.String]","System.Collections.Generic.List`1[System.Diagnostics.Eventing.Reader.EventProperty]"
"The ProfSvc service failed to start due to the following error: 
The service did not start due to a logon failure.","7000","0","49152","2","0","0","-9187343239835811840","1680","Service Control Manager","555908d1-a6d7-4695-8e1e-26931d2012f4","System","900","996","ASCENDI-5KUKA0U",,"13-07-2025 19:59:51",,,"System","System.UInt32[]","System.Diagnostics.Eventing.Reader.EventBookmark","Error",,,"System.Collections.ObjectModel.ReadOnlyCollection`1[System.String]","System.Collections.Generic.List`1[System.Diagnostics.Eventing.Reader.EventProperty]"
"The ProfSvc service was unable to log on as NT AUTHORITY\SYSTEM with the currently configured password due to the following error: 
The request is not supported.

To ensure that the service is configured properly, use the Services snap-in in Microsoft Management Console (MMC).","7038","0","49152","2","0","0","-9187343239835811840","1679","Service Control Manager","555908d1-a6d7-4695-8e1e-26931d2012f4","System","900","996","ASCENDI-5KUKA0U",,"13-07-2025 19:59:51",,,"System","System.UInt32[]","System.Diagnostics.Eventing.Reader.EventBookmark","Error",,,"System.Collections.ObjectModel.ReadOnlyCollection`1[System.String]","System.Collections.Generic.List`1[System.Diagnostics.Eventing.Reader.EventProperty]"
"The previous system shutdown at 5:59:57 PM on ?7/?9/?2025 was unexpected.","6008","0","32768","2","0","0","36028797018963968","1641","EventLog",,"System","2628","2608","ASCENDI-5KUKA0U",,"14-07-2025 10:15:56",,,"System","System.UInt32[]","System.Diagnostics.Eventing.Reader.EventBookmark","Error",,"None","System.Collections.ObjectModel.ReadOnlyCollection`1[System.String]","System.Collections.Generic.List`1[System.Diagnostics.Eventing.Reader.EventProperty]"
"The Connected User Experiences and Telemetry service terminated unexpectedly.  It has done this 2 time(s).  The following corrective action will be taken in 30000 milliseconds: Restart the service.","7031","0","49152","2","0","0","-9187343239835811840","1628","Service Control Manager","555908d1-a6d7-4695-8e1e-26931d2012f4","System","896","13768","ASCENDI-5KUKA0U",,"10-07-2025 10:04:48",,,"System","System.UInt32[]","System.Diagnostics.Eventing.Reader.EventBookmark","Error",,,"System.Collections.ObjectModel.ReadOnlyCollection`1[System.String]","System.Collections.Generic.List`1[System.Diagnostics.Eventing.Reader.EventProperty]"
"The server MicrosoftWindows.Client.CBS_1000.26100.18.0_x64__cw5n1h2txyewy!Global.Accounts.AppX8yrfnvrjgqksgeea7rrq1yev91j1g7b8.mca did not register with DCOM within the required timeout.","10010","0","0","2","0","0","-9187343239835811840","1609","Microsoft-Windows-DistributedCOM","1b562e86-b7aa-4131-badc-b6f3a001407e","System","892","11680","ASCENDI-5KUKA0U","S-1-5-21-693582964-3246078928-4005434760-1000","09-07-2025 15:13:30","9a4bd57c-f085-0000-bfa8-529a85f0db01",,"System","System.UInt32[]","System.Diagnostics.Eventing.Reader.EventBookmark","Error","Info",,"System.Collections.ObjectModel.ReadOnlyCollection`1[System.String]","System.Collections.Generic.List`1[System.Diagnostics.Eventing.Reader.EventProperty]"
"The Connected User Experiences and Telemetry service terminated unexpectedly.  It has done this 1 time(s).  The following corrective action will be taken in 30000 milliseconds: Restart the service.","7031","0","49152","2","0","0","-9187343239835811840","1608","Service Control Manager","555908d1-a6d7-4695-8e1e-26931d2012f4","System","896","8892","ASCENDI-5KUKA0U",,"09-07-2025 15:12:35",,,"System","System.UInt32[]","System.Diagnostics.Eventing.Reader.EventBookmark","Error",,,"System.Collections.ObjectModel.ReadOnlyCollection`1[System.String]","System.Collections.Generic.List`1[System.Diagnostics.Eventing.Reader.EventProperty]"
"The AppX Deployment Service (AppXSVC) service failed to start due to the following error: 
The service did not respond to the start or control request in a timely fashion.","7000","0","49152","2","0","0","-9187343239835811840","1605","Service Control Manager","555908d1-a6d7-4695-8e1e-26931d2012f4","System","896","10660","ASCENDI-5KUKA0U",,"09-07-2025 15:12:02",,,"System","System.UInt32[]","System.Diagnostics.Eventing.Reader.EventBookmark","Error",,,"System.Collections.ObjectModel.ReadOnlyCollection`1[System.String]","System.Collections.Generic.List`1[System.Diagnostics.Eventing.Reader.EventProperty]"
"A timeout was reached (30000 milliseconds) while waiting for the AppX Deployment Service (AppXSVC) service to connect.","7009","0","49152","2","0","0","-9187343239835811840","1604","Service Control Manager","555908d1-a6d7-4695-8e1e-26931d2012f4","System","896","10660","ASCENDI-5KUKA0U",,"09-07-2025 15:12:02",,,"System","System.UInt32[]","System.Diagnostics.Eventing.Reader.EventBookmark","Error",,,"System.Collections.ObjectModel.ReadOnlyCollection`1[System.String]","System.Collections.Generic.List`1[System.Diagnostics.Eventing.Reader.EventProperty]"
"The AppX Deployment Service (AppXSVC) service failed to start due to the following error: 
The service did not respond to the start or control request in a timely fashion.","7000","0","49152","2","0","0","-9187343239835811840","1603","Service Control Manager","555908d1-a6d7-4695-8e1e-26931d2012f4","System","896","8732","ASCENDI-5KUKA0U",,"09-07-2025 14:47:58",,,"System","System.UInt32[]","System.Diagnostics.Eventing.Reader.EventBookmark","Error",,,"System.Collections.ObjectModel.ReadOnlyCollection`1[System.String]","System.Collections.Generic.List`1[System.Diagnostics.Eventing.Reader.EventProperty]"
"A timeout (30000 milliseconds) was reached while waiting for a transaction response from the AppXSvc service.","7011","0","49152","2","0","0","-9187343239835811840","1602","Service Control Manager","555908d1-a6d7-4695-8e1e-26931d2012f4","System","896","8732","ASCENDI-5KUKA0U",,"09-07-2025 14:47:58",,,"System","System.UInt32[]","System.Diagnostics.Eventing.Reader.EventBookmark","Error",,,"System.Collections.ObjectModel.ReadOnlyCollection`1[System.String]","System.Collections.Generic.List`1[System.Diagnostics.Eventing.Reader.EventProperty]"
"The system firmware returned an error Access is denied. when attempting to update a Secure Boot variable. For more information, please see https://go.microsoft.com/fwlink/?linkid=2169931","1795","0",,"2","0","0","-9223372036854775808","1429","Microsoft-Windows-TPM-WMI","7d5387b0-cbe0-11da-a94d-0800200c9a66","System","2044","2704","ASCENDI-5KUKA0U","S-1-5-18","09-07-2025 09:28:23",,,"System","System.UInt32[]","System.Diagnostics.Eventing.Reader.EventBookmark","Error","Info",,"System.Collections.ObjectModel.ReadOnlyCollection`1[System.String]","System.Collections.Generic.List`1[System.Diagnostics.Eventing.Reader.EventProperty]"
"The previous system shutdown at 11:33:46 PM on ?7/?8/?2025 was unexpected.","6008","0","32768","2","0","0","36028797018963968","1352","EventLog",,"System","2020","1720","ASCENDI-5KUKA0U",,"09-07-2025 09:28:03",,,"System","System.UInt32[]","System.Diagnostics.Eventing.Reader.EventBookmark","Error",,"None","System.Collections.ObjectModel.ReadOnlyCollection`1[System.String]","System.Collections.Generic.List`1[System.Diagnostics.Eventing.Reader.EventProperty]"
"Installation Failure: Windows failed to install the following update with error 0x80073D02: 9MSSGKG348SP-MicrosoftWindows.Client.WebExperience.","20","1",,"2","1","13","-9223372036854775768","1292","Microsoft-Windows-WindowsUpdateClient","945a8954-c147-4acd-923f-40c45405a658","System","3368","11432","ASCENDI-5KUKA0U","S-1-5-18","08-07-2025 23:05:24","a956f3e8-efc5-0001-098b-5fa9c5efdb01",,"System","System.UInt32[]","System.Diagnostics.Eventing.Reader.EventBookmark","Error","Installation","Windows Update Agent","System.Collections.ObjectModel.ReadOnlyCollection`1[System.String]","System.Collections.Generic.List`1[System.Diagnostics.Eventing.Reader.EventProperty]"
"Installation Failure: Windows failed to install the following update with error 0x80073D02: 9WZDNCRFJBMP-MICROSOFT.WINDOWSSTORE.","20","1",,"2","1","13","-9223372036854775768","1269","Microsoft-Windows-WindowsUpdateClient","945a8954-c147-4acd-923f-40c45405a658","System","3368","10872","ASCENDI-5KUKA0U","S-1-5-18","08-07-2025 23:00:59","a956f3e8-efc5-0000-df13-60a9c5efdb01",,"System","System.UInt32[]","System.Diagnostics.Eventing.Reader.EventBookmark","Error","Installation","Windows Update Agent","System.Collections.ObjectModel.ReadOnlyCollection`1[System.String]","System.Collections.Generic.List`1[System.Diagnostics.Eventing.Reader.EventProperty]"
"Installation Failure: Windows failed to install the following update with error 0x80073D02: 9NBLGGH4NNS1-Microsoft.DesktopAppInstaller.","20","1",,"2","1","13","-9223372036854775768","1217","Microsoft-Windows-WindowsUpdateClient","945a8954-c147-4acd-923f-40c45405a658","System","3368","8488","ASCENDI-5KUKA0U","S-1-5-18","08-07-2025 22:54:47","a956f3e8-efc5-0001-8f5d-5ea9c5efdb01",,"System","System.UInt32[]","System.Diagnostics.Eventing.Reader.EventBookmark","Error","Installation","Windows Update Agent","System.Collections.ObjectModel.ReadOnlyCollection`1[System.String]","System.Collections.Generic.List`1[System.Diagnostics.Eventing.Reader.EventProperty]"
"The system firmware returned an error Access is denied. when attempting to update a Secure Boot variable. For more information, please see https://go.microsoft.com/fwlink/?linkid=2169931","1795","0",,"2","0","0","-9223372036854775808","661","Microsoft-Windows-TPM-WMI","7d5387b0-cbe0-11da-a94d-0800200c9a66","System","1972","6328","ASCENDI-5KUKA0U","S-1-5-18","08-07-2025 10:34:13",,,"System","System.UInt32[]","System.Diagnostics.Eventing.Reader.EventBookmark","Error","Info",,"System.Collections.ObjectModel.ReadOnlyCollection`1[System.String]","System.Collections.Generic.List`1[System.Diagnostics.Eventing.Reader.EventProperty]"
"The system firmware returned an error Access is denied. when attempting to update a Secure Boot variable. For more information, please see https://go.microsoft.com/fwlink/?linkid=2169931","1795","0",,"2","0","0","-9223372036854775808","538","Microsoft-Windows-TPM-WMI","7d5387b0-cbe0-11da-a94d-0800200c9a66","System","2012","2592","ASCENDI-5KUKA0U","S-1-5-18","08-07-2025 10:28:29",,,"System","System.UInt32[]","System.Diagnostics.Eventing.Reader.EventBookmark","Error","Info",,"System.Collections.ObjectModel.ReadOnlyCollection`1[System.String]","System.Collections.Generic.List`1[System.Diagnostics.Eventing.Reader.EventProperty]"
"The system firmware returned an error Access is denied. when attempting to update a Secure Boot variable. For more information, please see https://go.microsoft.com/fwlink/?linkid=2169931","1795","0",,"2","0","0","-9223372036854775808","424","Microsoft-Windows-TPM-WMI","7d5387b0-cbe0-11da-a94d-0800200c9a66","System","2004","2392","ASCENDI-5KUKA0U","S-1-5-18","08-07-2025 10:24:20",,,"System","System.UInt32[]","System.Diagnostics.Eventing.Reader.EventBookmark","Error","Info",,"System.Collections.ObjectModel.ReadOnlyCollection`1[System.String]","System.Collections.Generic.List`1[System.Diagnostics.Eventing.Reader.EventProperty]"
"The server {C53A4F16-787E-42A4-B304-29EFFB4BF597} did not register with DCOM within the required timeout.","10010","0","0","2","0","0","-9187343239835811840","363","Microsoft-Windows-DistributedCOM","1b562e86-b7aa-4131-badc-b6f3a001407e","System","512","6516","ASCENDI-5KUKA0U","S-1-5-21-693582964-3246078928-4005434760-1000","08-07-2025 10:19:47","76f1f261-efc2-0001-df25-f476c2efdb01",,"System","System.UInt32[]","System.Diagnostics.Eventing.Reader.EventBookmark","Error","Info",,"System.Collections.ObjectModel.ReadOnlyCollection`1[System.String]","System.Collections.Generic.List`1[System.Diagnostics.Eventing.Reader.EventProperty]"
"The system firmware returned an error Access is denied. when attempting to update a Secure Boot variable. For more information, please see https://go.microsoft.com/fwlink/?linkid=2169931","1795","0",,"2","0","0","-9223372036854775808","307","Microsoft-Windows-TPM-WMI","7d5387b0-cbe0-11da-a94d-0800200c9a66","System","2540","936","ASCENDI-5KUKA0U","S-1-5-18","08-07-2025 10:11:02",,,"System","System.UInt32[]","System.Diagnostics.Eventing.Reader.EventBookmark","Error","Info",,"System.Collections.ObjectModel.ReadOnlyCollection`1[System.String]","System.Collections.Generic.List`1[System.Diagnostics.Eventing.Reader.EventProperty]"
"The Printer Extensions and Notifications service is marked as an interactive service.  However, the system is configured to not allow interactive services.  This service may not function properly.","7030","0","49152","2","0","0","-9187343239835811840","196","Service Control Manager","555908d1-a6d7-4695-8e1e-26931d2012f4","System","788","3544","ASCENDI-5KUKA0U",,"08-07-2025 10:09:24",,,"System","System.UInt32[]","System.Diagnostics.Eventing.Reader.EventBookmark","Error",,,"System.Collections.ObjectModel.ReadOnlyCollection`1[System.String]","System.Collections.Generic.List`1[System.Diagnostics.Eventing.Reader.EventProperty]"
"The server {A47979D2-C419-11D9-A5B4-001185AD2B89} did not register with DCOM within the required timeout.","10010","0","0","2","0","0","-9187343239835811840","179","Microsoft-Windows-DistributedCOM","1b562e86-b7aa-4131-badc-b6f3a001407e","System","404","528","ASCENDI-5KUKA0U","S-1-5-18","08-07-2025 22:39:15","b21d547a-f02a-0000-c776-1db22af0db01",,"System","System.UInt32[]","System.Diagnostics.Eventing.Reader.EventBookmark","Error","Info",,"System.Collections.ObjectModel.ReadOnlyCollection`1[System.String]","System.Collections.Generic.List`1[System.Diagnostics.Eventing.Reader.EventProperty]"
"The netprofm service terminated with the following error: 
The device is not ready.","7023","0","49152","2","0","0","-9187343239835811840","50","Service Control Manager","555908d1-a6d7-4695-8e1e-26931d2012f4","System","788","876","ASCENDI-5KUKA0U",,"08-07-2025 22:37:15",,,"System","System.UInt32[]","System.Diagnostics.Eventing.Reader.EventBookmark","Error",,,"System.Collections.ObjectModel.ReadOnlyCollection`1[System.String]","System.Collections.Generic.List`1[System.Diagnostics.Eventing.Reader.EventProperty]"
