"The system firmware returned an error Unspecified error when attempting to update a Secure Boot variable. For more information, please see https://go.microsoft.com/fwlink/?linkid=2169931","1795","0",,"2","0","0","-9223372036854775808","8957","Microsoft-Windows-TPM-WMI","7d5387b0-cbe0-11da-a94d-0800200c9a66","System","1720","4192","ASCENDI-HTMOH1J","S-1-5-18","8/18/2025 12:03:33 PM",,,"System","System.UInt32[]","System.Diagnostics.Eventing.Reader.EventBookmark","Error","Info",,"System.Collections.ObjectModel.ReadOnlyCollection`1[System.String]","System.Collections.Generic.List`1[System.Diagnostics.Eventing.Reader.EventProperty]"
"The previous system shutdown at 11:29:46 AM on ?8/?18/?2025 was unexpected.","6008","0","32768","2","0","0","36028797018963968","8876","EventLog",,"System","1404","2056","ASCENDI-HTMOH1J",,"8/18/2025 11:46:57 AM",,,"System","System.UInt32[]","System.Diagnostics.Eventing.Reader.EventBookmark","Error",,"None","System.Collections.ObjectModel.ReadOnlyCollection`1[System.String]","System.Collections.Generic.List`1[System.Diagnostics.Eventing.Reader.EventProperty]"
"The system firmware returned an error Unspecified error when attempting to update a Secure Boot variable. For more information, please see https://go.microsoft.com/fwlink/?linkid=2169931","1795","0",,"2","0","0","-9223372036854775808","8852","Microsoft-Windows-TPM-WMI","7d5387b0-cbe0-11da-a94d-0800200c9a66","System","11024","9784","ASCENDI-HTMOH1J","S-1-5-18","8/18/2025 9:09:30 AM",,,"System","System.UInt32[]","System.Diagnostics.Eventing.Reader.EventBookmark","Error","Info",,"System.Collections.ObjectModel.ReadOnlyCollection`1[System.String]","System.Collections.Generic.List`1[System.Diagnostics.Eventing.Reader.EventProperty]"
"The previous system shutdown at 11:19:30 PM on ?8/?17/?2025 was unexpected.","6008","0","32768","2","0","0","36028797018963968","8761","EventLog",,"System","1956","2020","ASCENDI-HTMOH1J",,"8/18/2025 8:54:24 AM",,,"System","System.UInt32[]","System.Diagnostics.Eventing.Reader.EventBookmark","Error",,"None","System.Collections.ObjectModel.ReadOnlyCollection`1[System.String]","System.Collections.Generic.List`1[System.Diagnostics.Eventing.Reader.EventProperty]"
"The system firmware returned an error Unspecified error when attempting to update a Secure Boot variable. For more information, please see https://go.microsoft.com/fwlink/?linkid=2169931","1795","0",,"2","0","0","-9223372036854775808","8754","Microsoft-Windows-TPM-WMI","7d5387b0-cbe0-11da-a94d-0800200c9a66","System","1360","15244","ASCENDI-HTMOH1J","S-1-5-18","8/17/2025 11:19:23 PM",,,"System","System.UInt32[]","System.Diagnostics.Eventing.Reader.EventBookmark","Error","Info",,"System.Collections.ObjectModel.ReadOnlyCollection`1[System.String]","System.Collections.Generic.List`1[System.Diagnostics.Eventing.Reader.EventProperty]"
"The server Microsoft.StorePurchaseApp_22506.1401.4.0_x64__8wekyb3d8bbwe!App.AppXh68f74x901gdx01kwdh3szc5yp7bnmah.mca did not register with DCOM within the required timeout.","10010","0","0","2","0","0","-9187343239835811840","8747","Microsoft-Windows-DistributedCOM","1b562e86-b7aa-4131-badc-b6f3a001407e","System","868","12096","ASCENDI-HTMOH1J","S-1-5-21-1649049209-2824995486-182282566-1000","8/17/2025 9:42:25 PM","e10acbe3-0f39-0000-669c-0be1390fdc01",,"System","System.UInt32[]","System.Diagnostics.Eventing.Reader.EventBookmark","Error","Info",,"System.Collections.ObjectModel.ReadOnlyCollection`1[System.String]","System.Collections.Generic.List`1[System.Diagnostics.Eventing.Reader.EventProperty]"
"The server Microsoft.Windows.ContentDeliveryManager_10.0.26100.1_neutral_neutral_cw5n1h2txyewy!App.AppXx4zfy1ffv3wctgdz2vypnybzjkh27jhw.mca did not register with DCOM within the required timeout.","10010","0","0","2","0","0","-9187343239835811840","8714","Microsoft-Windows-DistributedCOM","1b562e86-b7aa-4131-badc-b6f3a001407e","System","868","7016","ASCENDI-HTMOH1J","S-1-5-21-1649049209-2824995486-182282566-1000","8/17/2025 4:47:10 PM","e10acbe3-0f39-0000-669c-0be1390fdc01",,"System","System.UInt32[]","System.Diagnostics.Eventing.Reader.EventBookmark","Error","Info",,"System.Collections.ObjectModel.ReadOnlyCollection`1[System.String]","System.Collections.Generic.List`1[System.Diagnostics.Eventing.Reader.EventProperty]"
"A timeout (30000 milliseconds) was reached while waiting for a transaction response from the defragsvc service.","7011","0","49152","2","0","0","-9187343239835811840","8707","Service Control Manager","555908d1-a6d7-4695-8e1e-26931d2012f4","System","912","11880","ASCENDI-HTMOH1J",,"8/17/2025 2:59:59 PM",,,"System","System.UInt32[]","System.Diagnostics.Eventing.Reader.EventBookmark","Error",,,"System.Collections.ObjectModel.ReadOnlyCollection`1[System.String]","System.Collections.Generic.List`1[System.Diagnostics.Eventing.Reader.EventProperty]"
"The server {8CFC164F-4BE5-4FDD-94E9-E2AF73ED4A19} did not register with DCOM within the required timeout.","10010","0","0","2","0","0","-9187343239835811840","8669","Microsoft-Windows-DistributedCOM","1b562e86-b7aa-4131-badc-b6f3a001407e","System","868","3688","ASCENDI-HTMOH1J","S-1-5-21-1649049209-2824995486-182282566-1000","8/17/2025 11:43:38 AM","e10acbe3-0f39-0000-60b8-0ce1390fdc01",,"System","System.UInt32[]","System.Diagnostics.Eventing.Reader.EventBookmark","Error","Info",,"System.Collections.ObjectModel.ReadOnlyCollection`1[System.String]","System.Collections.Generic.List`1[System.Diagnostics.Eventing.Reader.EventProperty]"
"The server {B91D5831-B1BD-4608-8198-D72E155020F7} did not register with DCOM within the required timeout.","10010","0","0","2","0","0","-9187343239835811840","8638","Microsoft-Windows-DistributedCOM","1b562e86-b7aa-4131-badc-b6f3a001407e","System","868","548","ASCENDI-HTMOH1J","S-1-5-18","8/17/2025 11:22:25 AM","e10acbe3-0f39-0000-3929-0be1390fdc01",,"System","System.UInt32[]","System.Diagnostics.Eventing.Reader.EventBookmark","Error","Info",,"System.Collections.ObjectModel.ReadOnlyCollection`1[System.String]","System.Collections.Generic.List`1[System.Diagnostics.Eventing.Reader.EventProperty]"
"The system firmware returned an error Unspecified error when attempting to update a Secure Boot variable. For more information, please see https://go.microsoft.com/fwlink/?linkid=2169931","1795","0",,"2","0","0","-9223372036854775808","8633","Microsoft-Windows-TPM-WMI","7d5387b0-cbe0-11da-a94d-0800200c9a66","System","4224","5776","ASCENDI-HTMOH1J","S-1-5-18","8/17/2025 11:19:30 AM",,,"System","System.UInt32[]","System.Diagnostics.Eventing.Reader.EventBookmark","Error","Info",,"System.Collections.ObjectModel.ReadOnlyCollection`1[System.String]","System.Collections.Generic.List`1[System.Diagnostics.Eventing.Reader.EventProperty]"
"The Update Orchestrator Service service terminated with the following error: 
%%2149884192","7023","0","49152","2","0","0","-9187343239835811840","8630","Service Control Manager","555908d1-a6d7-4695-8e1e-26931d2012f4","System","912","996","ASCENDI-HTMOH1J",,"8/17/2025 11:18:48 AM",,,"System","System.UInt32[]","System.Diagnostics.Eventing.Reader.EventBookmark","Error",,,"System.Collections.ObjectModel.ReadOnlyCollection`1[System.String]","System.Collections.Generic.List`1[System.Diagnostics.Eventing.Reader.EventProperty]"
"The Update Orchestrator Service service terminated with the following error: 
%%2149884192","7023","0","49152","2","0","0","-9187343239835811840","8628","Service Control Manager","555908d1-a6d7-4695-8e1e-26931d2012f4","System","912","880","ASCENDI-HTMOH1J",,"8/17/2025 11:18:36 AM",,,"System","System.UInt32[]","System.Diagnostics.Eventing.Reader.EventBookmark","Error",,,"System.Collections.ObjectModel.ReadOnlyCollection`1[System.String]","System.Collections.Generic.List`1[System.Diagnostics.Eventing.Reader.EventProperty]"
"The SysMain service terminated with the following error: 
The authentication service is unknown.","7023","0","49152","2","0","0","-9187343239835811840","8519","Service Control Manager","555908d1-a6d7-4695-8e1e-26931d2012f4","System","888","972","ASCENDI-HTMOH1J",,"8/17/2025 11:14:22 AM",,,"System","System.UInt32[]","System.Diagnostics.Eventing.Reader.EventBookmark","Error",,,"System.Collections.ObjectModel.ReadOnlyCollection`1[System.String]","System.Collections.Generic.List`1[System.Diagnostics.Eventing.Reader.EventProperty]"
"The LanmanServer service failed to start due to the following error: 
The service did not start due to a logon failure.","7000","0","49152","2","0","0","-9187343239835811840","8510","Service Control Manager","555908d1-a6d7-4695-8e1e-26931d2012f4","System","888","2252","ASCENDI-HTMOH1J",,"8/17/2025 11:14:18 AM",,,"System","System.UInt32[]","System.Diagnostics.Eventing.Reader.EventBookmark","Error",,,"System.Collections.ObjectModel.ReadOnlyCollection`1[System.String]","System.Collections.Generic.List`1[System.Diagnostics.Eventing.Reader.EventProperty]"
"The LanmanServer service was unable to log on as NT AUTHORITY\SYSTEM with the currently configured password due to the following error: 
The request is not supported.

To ensure that the service is configured properly, use the Services snap-in in Microsoft Management Console (MMC).","7038","0","49152","2","0","0","-9187343239835811840","8509","Service Control Manager","555908d1-a6d7-4695-8e1e-26931d2012f4","System","888","2252","ASCENDI-HTMOH1J",,"8/17/2025 11:14:18 AM",,,"System","System.UInt32[]","System.Diagnostics.Eventing.Reader.EventBookmark","Error",,,"System.Collections.ObjectModel.ReadOnlyCollection`1[System.String]","System.Collections.Generic.List`1[System.Diagnostics.Eventing.Reader.EventProperty]"
"The wtd service depends on the BFE service which failed to start because of the following error: 
A system shutdown is in progress.","7001","0","49152","2","0","0","-9187343239835811840","8508","Service Control Manager","555908d1-a6d7-4695-8e1e-26931d2012f4","System","888","3776","ASCENDI-HTMOH1J",,"8/17/2025 11:14:18 AM",,,"System","System.UInt32[]","System.Diagnostics.Eventing.Reader.EventBookmark","Error",,,"System.Collections.ObjectModel.ReadOnlyCollection`1[System.String]","System.Collections.Generic.List`1[System.Diagnostics.Eventing.Reader.EventProperty]"
"The WSAIFabricSvc service failed to start due to the following error: 
The service did not start due to a logon failure.","7000","0","49152","2","0","0","-9187343239835811840","8507","Service Control Manager","555908d1-a6d7-4695-8e1e-26931d2012f4","System","888","3776","ASCENDI-HTMOH1J",,"8/17/2025 11:14:18 AM",,,"System","System.UInt32[]","System.Diagnostics.Eventing.Reader.EventBookmark","Error",,,"System.Collections.ObjectModel.ReadOnlyCollection`1[System.String]","System.Collections.Generic.List`1[System.Diagnostics.Eventing.Reader.EventProperty]"
"The WSAIFabricSvc service was unable to log on as NT AUTHORITY\LocalService with the currently configured password due to the following error: 
The request is not supported.

To ensure that the service is configured properly, use the Services snap-in in Microsoft Management Console (MMC).","7038","0","49152","2","0","0","-9187343239835811840","8506","Service Control Manager","555908d1-a6d7-4695-8e1e-26931d2012f4","System","888","3776","ASCENDI-HTMOH1J",,"8/17/2025 11:14:18 AM",,,"System","System.UInt32[]","System.Diagnostics.Eventing.Reader.EventBookmark","Error",,,"System.Collections.ObjectModel.ReadOnlyCollection`1[System.String]","System.Collections.Generic.List`1[System.Diagnostics.Eventing.Reader.EventProperty]"
"The WpnService service failed to start due to the following error: 
The service did not start due to a logon failure.","7000","0","49152","2","0","0","-9187343239835811840","8505","Service Control Manager","555908d1-a6d7-4695-8e1e-26931d2012f4","System","888","3776","ASCENDI-HTMOH1J",,"8/17/2025 11:14:18 AM",,,"System","System.UInt32[]","System.Diagnostics.Eventing.Reader.EventBookmark","Error",,,"System.Collections.ObjectModel.ReadOnlyCollection`1[System.String]","System.Collections.Generic.List`1[System.Diagnostics.Eventing.Reader.EventProperty]"
"The WpnService service was unable to log on as NT AUTHORITY\SYSTEM with the currently configured password due to the following error: 
The request is not supported.

To ensure that the service is configured properly, use the Services snap-in in Microsoft Management Console (MMC).","7038","0","49152","2","0","0","-9187343239835811840","8504","Service Control Manager","555908d1-a6d7-4695-8e1e-26931d2012f4","System","888","3776","ASCENDI-HTMOH1J",,"8/17/2025 11:14:18 AM",,,"System","System.UInt32[]","System.Diagnostics.Eventing.Reader.EventBookmark","Error",,,"System.Collections.ObjectModel.ReadOnlyCollection`1[System.String]","System.Collections.Generic.List`1[System.Diagnostics.Eventing.Reader.EventProperty]"
"The WLMS service failed to start due to the following error: 
The service did not start due to a logon failure.","7000","0","49152","2","0","0","-9187343239835811840","8503","Service Control Manager","555908d1-a6d7-4695-8e1e-26931d2012f4","System","888","3776","ASCENDI-HTMOH1J",,"8/17/2025 11:14:18 AM",,,"System","System.UInt32[]","System.Diagnostics.Eventing.Reader.EventBookmark","Error",,,"System.Collections.ObjectModel.ReadOnlyCollection`1[System.String]","System.Collections.Generic.List`1[System.Diagnostics.Eventing.Reader.EventProperty]"
"The WLMS service was unable to log on as NT AUTHORITY\SYSTEM with the currently configured password due to the following error: 
The request is not supported.

To ensure that the service is configured properly, use the Services snap-in in Microsoft Management Console (MMC).","7038","0","49152","2","0","0","-9187343239835811840","8502","Service Control Manager","555908d1-a6d7-4695-8e1e-26931d2012f4","System","888","3776","ASCENDI-HTMOH1J",,"8/17/2025 11:14:18 AM",,,"System","System.UInt32[]","System.Diagnostics.Eventing.Reader.EventBookmark","Error",,,"System.Collections.ObjectModel.ReadOnlyCollection`1[System.String]","System.Collections.Generic.List`1[System.Diagnostics.Eventing.Reader.EventProperty]"
"The Winmgmt service was unable to log on as NT AUTHORITY\SYSTEM with the currently configured password due to the following error: 
The request is not supported.

To ensure that the service is configured properly, use the Services snap-in in Microsoft Management Console (MMC).","7038","0","49152","2","0","0","-9187343239835811840","8501","Service Control Manager","555908d1-a6d7-4695-8e1e-26931d2012f4","System","888","3776","ASCENDI-HTMOH1J",,"8/17/2025 11:14:18 AM",,,"System","System.UInt32[]","System.Diagnostics.Eventing.Reader.EventBookmark","Error",,,"System.Collections.ObjectModel.ReadOnlyCollection`1[System.String]","System.Collections.Generic.List`1[System.Diagnostics.Eventing.Reader.EventProperty]"
"The WinDefend service failed to start due to the following error: 
The service did not start due to a logon failure.","7000","0","49152","2","0","0","-9187343239835811840","8500","Service Control Manager","555908d1-a6d7-4695-8e1e-26931d2012f4","System","888","3776","ASCENDI-HTMOH1J",,"8/17/2025 11:14:18 AM",,,"System","System.UInt32[]","System.Diagnostics.Eventing.Reader.EventBookmark","Error",,,"System.Collections.ObjectModel.ReadOnlyCollection`1[System.String]","System.Collections.Generic.List`1[System.Diagnostics.Eventing.Reader.EventProperty]"
"The WinDefend service was unable to log on as NT AUTHORITY\SYSTEM with the currently configured password due to the following error: 
The request is not supported.

To ensure that the service is configured properly, use the Services snap-in in Microsoft Management Console (MMC).","7038","0","49152","2","0","0","-9187343239835811840","8499","Service Control Manager","555908d1-a6d7-4695-8e1e-26931d2012f4","System","888","3776","ASCENDI-HTMOH1J",,"8/17/2025 11:14:18 AM",,,"System","System.UInt32[]","System.Diagnostics.Eventing.Reader.EventBookmark","Error",,,"System.Collections.ObjectModel.ReadOnlyCollection`1[System.String]","System.Collections.Generic.List`1[System.Diagnostics.Eventing.Reader.EventProperty]"
"The TrkWks service failed to start due to the following error: 
The service did not start due to a logon failure.","7000","0","49152","2","0","0","-9187343239835811840","8498","Service Control Manager","555908d1-a6d7-4695-8e1e-26931d2012f4","System","888","3776","ASCENDI-HTMOH1J",,"8/17/2025 11:14:18 AM",,,"System","System.UInt32[]","System.Diagnostics.Eventing.Reader.EventBookmark","Error",,,"System.Collections.ObjectModel.ReadOnlyCollection`1[System.String]","System.Collections.Generic.List`1[System.Diagnostics.Eventing.Reader.EventProperty]"
"The TrkWks service was unable to log on as NT AUTHORITY\SYSTEM with the currently configured password due to the following error: 
The request is not supported.

To ensure that the service is configured properly, use the Services snap-in in Microsoft Management Console (MMC).","7038","0","49152","2","0","0","-9187343239835811840","8497","Service Control Manager","555908d1-a6d7-4695-8e1e-26931d2012f4","System","888","3776","ASCENDI-HTMOH1J",,"8/17/2025 11:14:18 AM",,,"System","System.UInt32[]","System.Diagnostics.Eventing.Reader.EventBookmark","Error",,,"System.Collections.ObjectModel.ReadOnlyCollection`1[System.String]","System.Collections.Generic.List`1[System.Diagnostics.Eventing.Reader.EventProperty]"
"The iphlpsvc service failed to start due to the following error: 
The service did not start due to a logon failure.","7000","0","49152","2","0","0","-9187343239835811840","8496","Service Control Manager","555908d1-a6d7-4695-8e1e-26931d2012f4","System","888","1484","ASCENDI-HTMOH1J",,"8/17/2025 11:14:18 AM",,,"System","System.UInt32[]","System.Diagnostics.Eventing.Reader.EventBookmark","Error",,,"System.Collections.ObjectModel.ReadOnlyCollection`1[System.String]","System.Collections.Generic.List`1[System.Diagnostics.Eventing.Reader.EventProperty]"
"The iphlpsvc service was unable to log on as NT AUTHORITY\SYSTEM with the currently configured password due to the following error: 
The request is not supported.

To ensure that the service is configured properly, use the Services snap-in in Microsoft Management Console (MMC).","7038","0","49152","2","0","0","-9187343239835811840","8495","Service Control Manager","555908d1-a6d7-4695-8e1e-26931d2012f4","System","888","1484","ASCENDI-HTMOH1J",,"8/17/2025 11:14:18 AM",,,"System","System.UInt32[]","System.Diagnostics.Eventing.Reader.EventBookmark","Error",,,"System.Collections.ObjectModel.ReadOnlyCollection`1[System.String]","System.Collections.Generic.List`1[System.Diagnostics.Eventing.Reader.EventProperty]"
"The MySQL80 service failed to start due to the following error: 
The service did not start due to a logon failure.","7000","0","49152","2","0","0","-9187343239835811840","8494","Service Control Manager","555908d1-a6d7-4695-8e1e-26931d2012f4","System","888","928","ASCENDI-HTMOH1J",,"8/17/2025 11:14:18 AM",,,"System","System.UInt32[]","System.Diagnostics.Eventing.Reader.EventBookmark","Error",,,"System.Collections.ObjectModel.ReadOnlyCollection`1[System.String]","System.Collections.Generic.List`1[System.Diagnostics.Eventing.Reader.EventProperty]"
"The MySQL80 service was unable to log on as NT AUTHORITY\NetworkService with the currently configured password due to the following error: 
The request is not supported.

To ensure that the service is configured properly, use the Services snap-in in Microsoft Management Console (MMC).","7038","0","49152","2","0","0","-9187343239835811840","8493","Service Control Manager","555908d1-a6d7-4695-8e1e-26931d2012f4","System","888","928","ASCENDI-HTMOH1J",,"8/17/2025 11:14:18 AM",,,"System","System.UInt32[]","System.Diagnostics.Eventing.Reader.EventBookmark","Error",,,"System.Collections.ObjectModel.ReadOnlyCollection`1[System.String]","System.Collections.Generic.List`1[System.Diagnostics.Eventing.Reader.EventProperty]"
"The MDCoreSvc service failed to start due to the following error: 
The service did not start due to a logon failure.","7000","0","49152","2","0","0","-9187343239835811840","8492","Service Control Manager","555908d1-a6d7-4695-8e1e-26931d2012f4","System","888","928","ASCENDI-HTMOH1J",,"8/17/2025 11:14:18 AM",,,"System","System.UInt32[]","System.Diagnostics.Eventing.Reader.EventBookmark","Error",,,"System.Collections.ObjectModel.ReadOnlyCollection`1[System.String]","System.Collections.Generic.List`1[System.Diagnostics.Eventing.Reader.EventProperty]"
"The MDCoreSvc service was unable to log on as NT AUTHORITY\SYSTEM with the currently configured password due to the following error: 
The request is not supported.

To ensure that the service is configured properly, use the Services snap-in in Microsoft Management Console (MMC).","7038","0","49152","2","0","0","-9187343239835811840","8491","Service Control Manager","555908d1-a6d7-4695-8e1e-26931d2012f4","System","888","928","ASCENDI-HTMOH1J",,"8/17/2025 11:14:18 AM",,,"System","System.UInt32[]","System.Diagnostics.Eventing.Reader.EventBookmark","Error",,,"System.Collections.ObjectModel.ReadOnlyCollection`1[System.String]","System.Collections.Generic.List`1[System.Diagnostics.Eventing.Reader.EventProperty]"
"The MariaDB service failed to start due to the following error: 
The service did not start due to a logon failure.","7000","0","49152","2","0","0","-9187343239835811840","8490","Service Control Manager","555908d1-a6d7-4695-8e1e-26931d2012f4","System","888","928","ASCENDI-HTMOH1J",,"8/17/2025 11:14:18 AM",,,"System","System.UInt32[]","System.Diagnostics.Eventing.Reader.EventBookmark","Error",,,"System.Collections.ObjectModel.ReadOnlyCollection`1[System.String]","System.Collections.Generic.List`1[System.Diagnostics.Eventing.Reader.EventProperty]"
"The MariaDB service was unable to log on as NT SERVICE\MariaDB with the currently configured password due to the following error: 
The request is not supported.

To ensure that the service is configured properly, use the Services snap-in in Microsoft Management Console (MMC).","7038","0","49152","2","0","0","-9187343239835811840","8489","Service Control Manager","555908d1-a6d7-4695-8e1e-26931d2012f4","System","888","928","ASCENDI-HTMOH1J",,"8/17/2025 11:14:18 AM",,,"System","System.UInt32[]","System.Diagnostics.Eventing.Reader.EventBookmark","Error",,,"System.Collections.ObjectModel.ReadOnlyCollection`1[System.String]","System.Collections.Generic.List`1[System.Diagnostics.Eventing.Reader.EventProperty]"
"The DPS service failed to start due to the following error: 
The service did not start due to a logon failure.","7000","0","49152","2","0","0","-9187343239835811840","8488","Service Control Manager","555908d1-a6d7-4695-8e1e-26931d2012f4","System","888","1484","ASCENDI-HTMOH1J",,"8/17/2025 11:14:18 AM",,,"System","System.UInt32[]","System.Diagnostics.Eventing.Reader.EventBookmark","Error",,,"System.Collections.ObjectModel.ReadOnlyCollection`1[System.String]","System.Collections.Generic.List`1[System.Diagnostics.Eventing.Reader.EventProperty]"
"The DPS service was unable to log on as NT AUTHORITY\LocalService with the currently configured password due to the following error: 
The request is not supported.

To ensure that the service is configured properly, use the Services snap-in in Microsoft Management Console (MMC).","7038","0","49152","2","0","0","-9187343239835811840","8487","Service Control Manager","555908d1-a6d7-4695-8e1e-26931d2012f4","System","888","1484","ASCENDI-HTMOH1J",,"8/17/2025 11:14:18 AM",,,"System","System.UInt32[]","System.Diagnostics.Eventing.Reader.EventBookmark","Error",,,"System.Collections.ObjectModel.ReadOnlyCollection`1[System.String]","System.Collections.Generic.List`1[System.Diagnostics.Eventing.Reader.EventProperty]"
"The DiagTrack service failed to start due to the following error: 
The service did not start due to a logon failure.","7000","0","49152","2","0","0","-9187343239835811840","8486","Service Control Manager","555908d1-a6d7-4695-8e1e-26931d2012f4","System","888","1484","ASCENDI-HTMOH1J",,"8/17/2025 11:14:18 AM",,,"System","System.UInt32[]","System.Diagnostics.Eventing.Reader.EventBookmark","Error",,,"System.Collections.ObjectModel.ReadOnlyCollection`1[System.String]","System.Collections.Generic.List`1[System.Diagnostics.Eventing.Reader.EventProperty]"
"The DiagTrack service was unable to log on as NT AUTHORITY\SYSTEM with the currently configured password due to the following error: 
The request is not supported.

To ensure that the service is configured properly, use the Services snap-in in Microsoft Management Console (MMC).","7038","0","49152","2","0","0","-9187343239835811840","8485","Service Control Manager","555908d1-a6d7-4695-8e1e-26931d2012f4","System","888","1484","ASCENDI-HTMOH1J",,"8/17/2025 11:14:18 AM",,,"System","System.UInt32[]","System.Diagnostics.Eventing.Reader.EventBookmark","Error",,,"System.Collections.ObjectModel.ReadOnlyCollection`1[System.String]","System.Collections.Generic.List`1[System.Diagnostics.Eventing.Reader.EventProperty]"
"The mpssvc service depends on the BFE service which failed to start because of the following error: 
A system shutdown is in progress.","7001","0","49152","2","0","0","-9187343239835811840","8484","Service Control Manager","555908d1-a6d7-4695-8e1e-26931d2012f4","System","888","2252","ASCENDI-HTMOH1J",,"8/17/2025 11:14:18 AM",,,"System","System.UInt32[]","System.Diagnostics.Eventing.Reader.EventBookmark","Error",,,"System.Collections.ObjectModel.ReadOnlyCollection`1[System.String]","System.Collections.Generic.List`1[System.Diagnostics.Eventing.Reader.EventProperty]"
"The BFE service terminated with the following error: 
A system shutdown is in progress.","7023","0","49152","2","0","0","-9187343239835811840","8483","Service Control Manager","555908d1-a6d7-4695-8e1e-26931d2012f4","System","888","972","ASCENDI-HTMOH1J",,"8/17/2025 11:14:18 AM",,,"System","System.UInt32[]","System.Diagnostics.Eventing.Reader.EventBookmark","Error",,,"System.Collections.ObjectModel.ReadOnlyCollection`1[System.String]","System.Collections.Generic.List`1[System.Diagnostics.Eventing.Reader.EventProperty]"
"The previous system shutdown at 3:58:27 PM on ?8/?14/?2025 was unexpected.","6008","0","32768","2","0","0","36028797018963968","8394","EventLog",,"System","2132","2240","ASCENDI-HTMOH1J",,"8/17/2025 11:14:12 AM",,,"System","System.UInt32[]","System.Diagnostics.Eventing.Reader.EventBookmark","Error",,"None","System.Collections.ObjectModel.ReadOnlyCollection`1[System.String]","System.Collections.Generic.List`1[System.Diagnostics.Eventing.Reader.EventProperty]"
"The system firmware returned an error Unspecified error when attempting to update a Secure Boot variable. For more information, please see https://go.microsoft.com/fwlink/?linkid=2169931","1795","0",,"2","0","0","-9223372036854775808","8299","Microsoft-Windows-TPM-WMI","7d5387b0-cbe0-11da-a94d-0800200c9a66","System","3144","10020","ASCENDI-HTMOH1J","S-1-5-18","8/14/2025 9:28:00 AM",,,"System","System.UInt32[]","System.Diagnostics.Eventing.Reader.EventBookmark","Error","Info",,"System.Collections.ObjectModel.ReadOnlyCollection`1[System.String]","System.Collections.Generic.List`1[System.Diagnostics.Eventing.Reader.EventProperty]"
"Config Read Failed

Config:	18
Error:	More data is available.","2042","0",,"2","0","0","144115188075855872","8292","Microsoft-Windows-Windows Firewall With Advanced Security","d1bc9aff-2abf-4d71-9146-ecb2a986eb85","System","2924","2436","ASCENDI-HTMOH1J","S-1-5-19","8/14/2025 8:55:59 AM",,,"System","System.UInt32[]","System.Diagnostics.Eventing.Reader.EventBookmark","Error","Info",,"System.Collections.ObjectModel.ReadOnlyCollection`1[System.String]","System.Collections.Generic.List`1[System.Diagnostics.Eventing.Reader.EventProperty]"
"The previous system shutdown at 2:44:40 PM on ?8/?13/?2025 was unexpected.","6008","0","32768","2","0","0","36028797018963968","8217","EventLog",,"System","1928","2032","ASCENDI-HTMOH1J",,"8/14/2025 8:55:35 AM",,,"System","System.UInt32[]","System.Diagnostics.Eventing.Reader.EventBookmark","Error",,"None","System.Collections.ObjectModel.ReadOnlyCollection`1[System.String]","System.Collections.Generic.List`1[System.Diagnostics.Eventing.Reader.EventProperty]"
"The server MicrosoftWindows.Client.CBS_1000.26100.128.0_x64__cw5n1h2txyewy!Global.RulesEngine.AppX5z5kfs8055rf6ttb3wq8ztd1bbgncvdy.mca did not register with DCOM within the required timeout.","10010","0","0","2","0","0","-9187343239835811840","8205","Microsoft-Windows-DistributedCOM","1b562e86-b7aa-4131-badc-b6f3a001407e","System","480","7300","ASCENDI-HTMOH1J","S-1-5-21-1649049209-2824995486-182282566-1000","8/13/2025 2:45:46 PM","c7de2431-0c08-0000-dc37-e2c7080cdc01",,"System","System.UInt32[]","System.Diagnostics.Eventing.Reader.EventBookmark","Error","Info",,"System.Collections.ObjectModel.ReadOnlyCollection`1[System.String]","System.Collections.Generic.List`1[System.Diagnostics.Eventing.Reader.EventProperty]"
"The server Microsoft.YourPhone_1.25071.54.0_x64__8wekyb3d8bbwe!App.AppXn958k7nsj8mxxmsepqdam8xk948t30sc.mca did not register with DCOM within the required timeout.","10010","0","0","2","0","0","-9187343239835811840","8202","Microsoft-Windows-DistributedCOM","1b562e86-b7aa-4131-badc-b6f3a001407e","System","480","6404","ASCENDI-HTMOH1J","S-1-5-21-1649049209-2824995486-182282566-1000","8/13/2025 1:20:57 PM","c7de2431-0c08-0001-5a2d-dec7080cdc01",,"System","System.UInt32[]","System.Diagnostics.Eventing.Reader.EventBookmark","Error","Info",,"System.Collections.ObjectModel.ReadOnlyCollection`1[System.String]","System.Collections.Generic.List`1[System.Diagnostics.Eventing.Reader.EventProperty]"
"The system firmware returned an error Unspecified error when attempting to update a Secure Boot variable. For more information, please see https://go.microsoft.com/fwlink/?linkid=2169931","1795","0",,"2","0","0","-9223372036854775808","8192","Microsoft-Windows-TPM-WMI","7d5387b0-cbe0-11da-a94d-0800200c9a66","System","2592","2528","ASCENDI-HTMOH1J","S-1-5-18","8/13/2025 9:50:47 AM",,,"System","System.UInt32[]","System.Diagnostics.Eventing.Reader.EventBookmark","Error","Info",,"System.Collections.ObjectModel.ReadOnlyCollection`1[System.String]","System.Collections.Generic.List`1[System.Diagnostics.Eventing.Reader.EventProperty]"
"Config Read Failed

Config:	18
Error:	More data is available.","2042","0",,"2","0","0","144115188075855872","8178","Microsoft-Windows-Windows Firewall With Advanced Security","d1bc9aff-2abf-4d71-9146-ecb2a986eb85","System","3000","3092","ASCENDI-HTMOH1J","S-1-5-19","8/13/2025 9:45:26 AM",,,"System","System.UInt32[]","System.Diagnostics.Eventing.Reader.EventBookmark","Error","Info",,"System.Collections.ObjectModel.ReadOnlyCollection`1[System.String]","System.Collections.Generic.List`1[System.Diagnostics.Eventing.Reader.EventProperty]"
"The previous system shutdown at 7:43:55 AM on ?8/?13/?2025 was unexpected.","6008","0","32768","2","0","0","36028797018963968","8101","EventLog",,"System","2000","1568","ASCENDI-HTMOH1J",,"8/13/2025 9:45:06 AM",,,"System","System.UInt32[]","System.Diagnostics.Eventing.Reader.EventBookmark","Error",,"None","System.Collections.ObjectModel.ReadOnlyCollection`1[System.String]","System.Collections.Generic.List`1[System.Diagnostics.Eventing.Reader.EventProperty]"
"The previous system shutdown at 4:47:12 PM on ?8/?12/?2025 was unexpected.","6008","0","32768","2","0","0","36028797018963968","8024","EventLog",,"System","1264","2052","ASCENDI-HTMOH1J",,"8/13/2025 7:43:54 AM",,,"System","System.UInt32[]","System.Diagnostics.Eventing.Reader.EventBookmark","Error",,"None","System.Collections.ObjectModel.ReadOnlyCollection`1[System.String]","System.Collections.Generic.List`1[System.Diagnostics.Eventing.Reader.EventProperty]"
"The certificate received from the remote server was issued by an untrusted certificate authority. Because of this, none of the data contained in the certificate can be validated. The TLS connection request has failed. The attached data contains the server certificate.
 The SSPI client process is svchost[WpnService] (PID: 3260).","36882","0",,"2","0","0","-9223372036854775808","8008","Schannel","1f678132-5938-4686-9fdc-c8ff68f15c85","System","920","14812","ASCENDI-HTMOH1J","S-1-5-18","8/12/2025 2:59:28 PM","a8ebdea5-0b3d-0000-04e0-eba83d0bdc01",,"System","System.UInt32[]","System.Diagnostics.Eventing.Reader.EventBookmark","Error","Info",,"System.Collections.ObjectModel.ReadOnlyCollection`1[System.String]","System.Collections.Generic.List`1[System.Diagnostics.Eventing.Reader.EventProperty]"
"The certificate received from the remote server was issued by an untrusted certificate authority. Because of this, none of the data contained in the certificate can be validated. The TLS connection request has failed. The attached data contains the server certificate.
 The SSPI client process is svchost[WpnService] (PID: 3260).","36882","0",,"2","0","0","-9223372036854775808","8007","Schannel","1f678132-5938-4686-9fdc-c8ff68f15c85","System","920","14812","ASCENDI-HTMOH1J","S-1-5-18","8/12/2025 2:59:27 PM","a8ebdea5-0b3d-0000-04e0-eba83d0bdc01",,"System","System.UInt32[]","System.Diagnostics.Eventing.Reader.EventBookmark","Error","Info",,"System.Collections.ObjectModel.ReadOnlyCollection`1[System.String]","System.Collections.Generic.List`1[System.Diagnostics.Eventing.Reader.EventProperty]"
"The system firmware returned an error Unspecified error when attempting to update a Secure Boot variable. For more information, please see https://go.microsoft.com/fwlink/?linkid=2169931","1795","0",,"2","0","0","-9223372036854775808","7941","Microsoft-Windows-TPM-WMI","7d5387b0-cbe0-11da-a94d-0800200c9a66","System","7400","6060","ASCENDI-HTMOH1J","S-1-5-18","8/12/2025 9:38:14 AM",,,"System","System.UInt32[]","System.Diagnostics.Eventing.Reader.EventBookmark","Error","Info",,"System.Collections.ObjectModel.ReadOnlyCollection`1[System.String]","System.Collections.Generic.List`1[System.Diagnostics.Eventing.Reader.EventProperty]"
"Config Read Failed

Config:	18
Error:	More data is available.","2042","0",,"2","0","0","144115188075855872","7932","Microsoft-Windows-Windows Firewall With Advanced Security","d1bc9aff-2abf-4d71-9146-ecb2a986eb85","System","2972","3084","ASCENDI-HTMOH1J","S-1-5-19","8/12/2025 9:32:22 AM",,,"System","System.UInt32[]","System.Diagnostics.Eventing.Reader.EventBookmark","Error","Info",,"System.Collections.ObjectModel.ReadOnlyCollection`1[System.String]","System.Collections.Generic.List`1[System.Diagnostics.Eventing.Reader.EventProperty]"
"The previous system shutdown at 10:08:25 PM on ?8/?11/?2025 was unexpected.","6008","0","32768","2","0","0","36028797018963968","7858","EventLog",,"System","1980","2044","ASCENDI-HTMOH1J",,"8/12/2025 9:32:13 AM",,,"System","System.UInt32[]","System.Diagnostics.Eventing.Reader.EventBookmark","Error",,"None","System.Collections.ObjectModel.ReadOnlyCollection`1[System.String]","System.Collections.Generic.List`1[System.Diagnostics.Eventing.Reader.EventProperty]"
"DCOM got error ""1053"" attempting to start the service WaaSMedicSvc with arguments ""Unavailable"" in order to run the server:
{72566E27-1ABB-4EB3-B4F0-EB431CB1CB32}","10005","0","0","2","0","0","-9187343239835811840","7840","Microsoft-Windows-DistributedCOM","1b562e86-b7aa-4131-badc-b6f3a001407e","System","532","9732","ASCENDI-HTMOH1J","S-1-5-18","8/11/2025 9:30:41 PM","cf1c2aa8-0ace-0001-799a-1dcfce0adc01",,"System","System.UInt32[]","System.Diagnostics.Eventing.Reader.EventBookmark","Error","Info",,"System.Collections.ObjectModel.ReadOnlyCollection`1[System.String]","System.Collections.Generic.List`1[System.Diagnostics.Eventing.Reader.EventProperty]"
"The WaaSMedicSvc service failed to start due to the following error: 
The service did not respond to the start or control request in a timely fashion.","7000","0","49152","2","0","0","-9187343239835811840","7839","Service Control Manager","555908d1-a6d7-4695-8e1e-26931d2012f4","System","900","1624","ASCENDI-HTMOH1J",,"8/11/2025 9:30:40 PM",,,"System","System.UInt32[]","System.Diagnostics.Eventing.Reader.EventBookmark","Error",,,"System.Collections.ObjectModel.ReadOnlyCollection`1[System.String]","System.Collections.Generic.List`1[System.Diagnostics.Eventing.Reader.EventProperty]"
"A timeout was reached (30000 milliseconds) while waiting for the WaaSMedicSvc service to connect.","7009","0","49152","2","0","0","-9187343239835811840","7838","Service Control Manager","555908d1-a6d7-4695-8e1e-26931d2012f4","System","900","1624","ASCENDI-HTMOH1J",,"8/11/2025 9:30:40 PM",,,"System","System.UInt32[]","System.Diagnostics.Eventing.Reader.EventBookmark","Error",,,"System.Collections.ObjectModel.ReadOnlyCollection`1[System.String]","System.Collections.Generic.List`1[System.Diagnostics.Eventing.Reader.EventProperty]"
"The system firmware returned an error Unspecified error when attempting to update a Secure Boot variable. For more information, please see https://go.microsoft.com/fwlink/?linkid=2169931","1795","0",,"2","0","0","-9223372036854775808","7825","Microsoft-Windows-TPM-WMI","7d5387b0-cbe0-11da-a94d-0800200c9a66","System","8876","10744","ASCENDI-HTMOH1J","S-1-5-18","8/11/2025 8:29:21 PM",,,"System","System.UInt32[]","System.Diagnostics.Eventing.Reader.EventBookmark","Error","Info",,"System.Collections.ObjectModel.ReadOnlyCollection`1[System.String]","System.Collections.Generic.List`1[System.Diagnostics.Eventing.Reader.EventProperty]"
"Config Read Failed

Config:	18
Error:	More data is available.","2042","0",,"2","0","0","144115188075855872","7814","Microsoft-Windows-Windows Firewall With Advanced Security","d1bc9aff-2abf-4d71-9146-ecb2a986eb85","System","2968","3088","ASCENDI-HTMOH1J","S-1-5-19","8/11/2025 8:18:21 PM",,,"System","System.UInt32[]","System.Diagnostics.Eventing.Reader.EventBookmark","Error","Info",,"System.Collections.ObjectModel.ReadOnlyCollection`1[System.String]","System.Collections.Generic.List`1[System.Diagnostics.Eventing.Reader.EventProperty]"
"The previous system shutdown at 4:43:25 PM on ?8/?11/?2025 was unexpected.","6008","0","32768","2","0","0","36028797018963968","7736","EventLog",,"System","2024","1540","ASCENDI-HTMOH1J",,"8/11/2025 8:18:10 PM",,,"System","System.UInt32[]","System.Diagnostics.Eventing.Reader.EventBookmark","Error",,"None","System.Collections.ObjectModel.ReadOnlyCollection`1[System.String]","System.Collections.Generic.List`1[System.Diagnostics.Eventing.Reader.EventProperty]"
"The system firmware returned an error Unspecified error when attempting to update a Secure Boot variable. For more information, please see https://go.microsoft.com/fwlink/?linkid=2169931","1795","0",,"2","0","0","-9223372036854775808","7685","Microsoft-Windows-TPM-WMI","7d5387b0-cbe0-11da-a94d-0800200c9a66","System","9860","8936","ASCENDI-HTMOH1J","S-1-5-18","8/11/2025 9:40:25 AM",,,"System","System.UInt32[]","System.Diagnostics.Eventing.Reader.EventBookmark","Error","Info",,"System.Collections.ObjectModel.ReadOnlyCollection`1[System.String]","System.Collections.Generic.List`1[System.Diagnostics.Eventing.Reader.EventProperty]"
"Config Read Failed

Config:	18
Error:	More data is available.","2042","0",,"2","0","0","144115188075855872","7675","Microsoft-Windows-Windows Firewall With Advanced Security","d1bc9aff-2abf-4d71-9146-ecb2a986eb85","System","3064","3156","ASCENDI-HTMOH1J","S-1-5-19","8/11/2025 9:35:35 AM",,,"System","System.UInt32[]","System.Diagnostics.Eventing.Reader.EventBookmark","Error","Info",,"System.Collections.ObjectModel.ReadOnlyCollection`1[System.String]","System.Collections.Generic.List`1[System.Diagnostics.Eventing.Reader.EventProperty]"
"The previous system shutdown at 11:31:26 PM on ?8/?9/?2025 was unexpected.","6008","0","32768","2","0","0","36028797018963968","7600","EventLog",,"System","2044","1744","ASCENDI-HTMOH1J",,"8/11/2025 9:35:26 AM",,,"System","System.UInt32[]","System.Diagnostics.Eventing.Reader.EventBookmark","Error",,"None","System.Collections.ObjectModel.ReadOnlyCollection`1[System.String]","System.Collections.Generic.List`1[System.Diagnostics.Eventing.Reader.EventProperty]"
"Installation Failure: Windows failed to install the following update with error 0x80073D02: 9MSSGKG348SP-MicrosoftWindows.Client.WebExperience.","20","1",,"2","1","13","-9223372036854775768","7599","Microsoft-Windows-WindowsUpdateClient","945a8954-c147-4acd-923f-40c45405a658","System","7492","5192","ASCENDI-HTMOH1J","S-1-5-18","8/9/2025 11:33:44 PM","0907d43e-0954-0001-cc25-0a095409dc01",,"System","System.UInt32[]","System.Diagnostics.Eventing.Reader.EventBookmark","Error","Installation","Windows Update Agent","System.Collections.ObjectModel.ReadOnlyCollection`1[System.String]","System.Collections.Generic.List`1[System.Diagnostics.Eventing.Reader.EventProperty]"
"The system firmware returned an error Unspecified error when attempting to update a Secure Boot variable. For more information, please see https://go.microsoft.com/fwlink/?linkid=2169931","1795","0",,"2","0","0","-9223372036854775808","7586","Microsoft-Windows-TPM-WMI","7d5387b0-cbe0-11da-a94d-0800200c9a66","System","7936","10304","ASCENDI-HTMOH1J","S-1-5-18","8/9/2025 11:21:37 PM",,,"System","System.UInt32[]","System.Diagnostics.Eventing.Reader.EventBookmark","Error","Info",,"System.Collections.ObjectModel.ReadOnlyCollection`1[System.String]","System.Collections.Generic.List`1[System.Diagnostics.Eventing.Reader.EventProperty]"
"Config Read Failed

Config:	18
Error:	More data is available.","2042","0",,"2","0","0","144115188075855872","7577","Microsoft-Windows-Windows Firewall With Advanced Security","d1bc9aff-2abf-4d71-9146-ecb2a986eb85","System","1764","3156","ASCENDI-HTMOH1J","S-1-5-19","8/9/2025 11:06:39 PM",,,"System","System.UInt32[]","System.Diagnostics.Eventing.Reader.EventBookmark","Error","Info",,"System.Collections.ObjectModel.ReadOnlyCollection`1[System.String]","System.Collections.Generic.List`1[System.Diagnostics.Eventing.Reader.EventProperty]"
"The previous system shutdown at 12:19:32 AM on ?8/?9/?2025 was unexpected.","6008","0","32768","2","0","0","36028797018963968","7510","EventLog",,"System","2036","1896","ASCENDI-HTMOH1J",,"8/9/2025 11:06:26 PM",,,"System","System.UInt32[]","System.Diagnostics.Eventing.Reader.EventBookmark","Error",,"None","System.Collections.ObjectModel.ReadOnlyCollection`1[System.String]","System.Collections.Generic.List`1[System.Diagnostics.Eventing.Reader.EventProperty]"
"Config Read Failed

Config:	18
Error:	More data is available.","2042","0",,"2","0","0","144115188075855872","7481","Microsoft-Windows-Windows Firewall With Advanced Security","d1bc9aff-2abf-4d71-9146-ecb2a986eb85","System","2932","2992","ASCENDI-HTMOH1J","S-1-5-19","8/8/2025 11:04:58 PM",,,"System","System.UInt32[]","System.Diagnostics.Eventing.Reader.EventBookmark","Error","Info",,"System.Collections.ObjectModel.ReadOnlyCollection`1[System.String]","System.Collections.Generic.List`1[System.Diagnostics.Eventing.Reader.EventProperty]"
"The previous system shutdown at 4:08:29 PM on ?8/?8/?2025 was unexpected.","6008","0","32768","2","0","0","36028797018963968","7405","EventLog",,"System","2004","1404","ASCENDI-HTMOH1J",,"8/8/2025 11:04:37 PM",,,"System","System.UInt32[]","System.Diagnostics.Eventing.Reader.EventBookmark","Error",,"None","System.Collections.ObjectModel.ReadOnlyCollection`1[System.String]","System.Collections.Generic.List`1[System.Diagnostics.Eventing.Reader.EventProperty]"
"The Software Protection service failed to start due to the following error: 
The service did not respond to the start or control request in a timely fashion.","7000","0","49152","2","0","0","-9187343239835811840","7383","Service Control Manager","555908d1-a6d7-4695-8e1e-26931d2012f4","System","896","1100","ASCENDI-HTMOH1J",,"8/8/2025 1:38:47 PM",,,"System","System.UInt32[]","System.Diagnostics.Eventing.Reader.EventBookmark","Error",,,"System.Collections.ObjectModel.ReadOnlyCollection`1[System.String]","System.Collections.Generic.List`1[System.Diagnostics.Eventing.Reader.EventProperty]"
"A timeout (30000 milliseconds) was reached while waiting for a transaction response from the sppsvc service.","7011","0","49152","2","0","0","-9187343239835811840","7382","Service Control Manager","555908d1-a6d7-4695-8e1e-26931d2012f4","System","896","1100","ASCENDI-HTMOH1J",,"8/8/2025 1:38:47 PM",,,"System","System.UInt32[]","System.Diagnostics.Eventing.Reader.EventBookmark","Error",,,"System.Collections.ObjectModel.ReadOnlyCollection`1[System.String]","System.Collections.Generic.List`1[System.Diagnostics.Eventing.Reader.EventProperty]"
"Installation Failure: Windows failed to install the following update with error 0x80073D02: 9NMPJ99VJBWV-Microsoft.YourPhone.","20","1",,"2","1","13","-9223372036854775768","7363","Microsoft-Windows-WindowsUpdateClient","945a8954-c147-4acd-923f-40c45405a658","System","2508","3624","ASCENDI-HTMOH1J","S-1-5-18","8/8/2025 11:39:44 AM","742492a7-0817-0001-a1c8-27741708dc01",,"System","System.UInt32[]","System.Diagnostics.Eventing.Reader.EventBookmark","Error","Installation","Windows Update Agent","System.Collections.ObjectModel.ReadOnlyCollection`1[System.String]","System.Collections.Generic.List`1[System.Diagnostics.Eventing.Reader.EventProperty]"
"The system firmware returned an error Unspecified error when attempting to update a Secure Boot variable. For more information, please see https://go.microsoft.com/fwlink/?linkid=2169931","1795","0",,"2","0","0","-9223372036854775808","7333","Microsoft-Windows-TPM-WMI","7d5387b0-cbe0-11da-a94d-0800200c9a66","System","4288","1632","ASCENDI-HTMOH1J","S-1-5-18","8/8/2025 9:25:11 AM",,,"System","System.UInt32[]","System.Diagnostics.Eventing.Reader.EventBookmark","Error","Info",,"System.Collections.ObjectModel.ReadOnlyCollection`1[System.String]","System.Collections.Generic.List`1[System.Diagnostics.Eventing.Reader.EventProperty]"
"Config Read Failed

Config:	18
Error:	More data is available.","2042","0",,"2","0","0","144115188075855872","7317","Microsoft-Windows-Windows Firewall With Advanced Security","d1bc9aff-2abf-4d71-9146-ecb2a986eb85","System","2912","2080","ASCENDI-HTMOH1J","S-1-5-19","8/8/2025 9:20:07 AM",,,"System","System.UInt32[]","System.Diagnostics.Eventing.Reader.EventBookmark","Error","Info",,"System.Collections.ObjectModel.ReadOnlyCollection`1[System.String]","System.Collections.Generic.List`1[System.Diagnostics.Eventing.Reader.EventProperty]"
"The previous system shutdown at 11:32:17 PM on ?8/?7/?2025 was unexpected.","6008","0","32768","2","0","0","36028797018963968","7230","EventLog",,"System","1984","1076","ASCENDI-HTMOH1J",,"8/8/2025 9:20:03 AM",,,"System","System.UInt32[]","System.Diagnostics.Eventing.Reader.EventBookmark","Error",,"None","System.Collections.ObjectModel.ReadOnlyCollection`1[System.String]","System.Collections.Generic.List`1[System.Diagnostics.Eventing.Reader.EventProperty]"
"The server {8CFC164F-4BE5-4FDD-94E9-E2AF73ED4A19} did not register with DCOM within the required timeout.","10010","0","0","2","0","0","-9187343239835811840","7214","Microsoft-Windows-DistributedCOM","1b562e86-b7aa-4131-badc-b6f3a001407e","System","856","7268","ASCENDI-HTMOH1J","S-1-5-21-1649049209-2824995486-182282566-1000","8/7/2025 11:04:09 PM","bb0d458b-07a1-0000-dc31-11bba107dc01",,"System","System.UInt32[]","System.Diagnostics.Eventing.Reader.EventBookmark","Error","Info",,"System.Collections.ObjectModel.ReadOnlyCollection`1[System.String]","System.Collections.Generic.List`1[System.Diagnostics.Eventing.Reader.EventProperty]"
"The system firmware returned an error Unspecified error when attempting to update a Secure Boot variable. For more information, please see https://go.microsoft.com/fwlink/?linkid=2169931","1795","0",,"2","0","0","-9223372036854775808","7191","Microsoft-Windows-TPM-WMI","7d5387b0-cbe0-11da-a94d-0800200c9a66","System","8072","6124","ASCENDI-HTMOH1J","S-1-5-18","8/7/2025 7:22:58 PM",,,"System","System.UInt32[]","System.Diagnostics.Eventing.Reader.EventBookmark","Error","Info",,"System.Collections.ObjectModel.ReadOnlyCollection`1[System.String]","System.Collections.Generic.List`1[System.Diagnostics.Eventing.Reader.EventProperty]"
"Config Read Failed

